0.15346
0.22132
0.23300
0.08951
0.03910
0.18765
0.03917
0.12308
0.19207
0.09727
0.11780
0.19486
0.22717
0.14610
0.21800
0.19616
0.08481
0.54545
0.04008
0.11026
0.08263
0.18627
0.12549
0.18977
0.03610
0.19379
0.19697
0.10207
0.08564
0.10370
0.11634
0.22452
0.76979
0.15110
0.72649
0.03843
0.07591
0.75156
0.18276
0.20029
0.26380
0.78515
0.03873
0.16881
0.04006
0.08541
0.10021
0.10810
0.08335
0.13091
0.20209
0.11655
0.22521
0.03866
0.18448
0.08059
0.08739
0.16127
0.03892
0.08777
0.15346
0.22390
0.30951
0.06858
0.09732
0.12339
0.19232
0.05469
0.75151
0.09158
0.19748
0.18901
0.08375
0.06242
0.09893
0.10362
0.18938
0.06175
0.19202
0.07591
0.08346
0.18863
0.71645
0.16937
0.65385
0.08817
0.23455
0.21021
0.03610
0.08688
0.15346
0.22132
0.23300
0.08951
0.03910
0.18765
0.03917
0.12308
0.19207
0.09727
0.11780
0.19486
0.22717
0.14610
0.21800
0.19616
0.08481
0.54545
0.04008
0.11026
0.08263
0.18627
0.12549
0.18977
0.03610
0.19379
0.19697
0.10207
0.08564
0.10370
0.11634
0.22452
0.76979
0.15110
0.72649
0.03843
0.07591
0.75156
0.18276
0.20029
0.26380
0.78515
0.03873
0.16881
0.04006
0.08541
0.10021
0.10810
0.08335
0.13091
0.20209
0.11655
0.22521
0.03866
0.18448
0.08059
0.08739
0.16127
0.03892
0.08777
0.15346
0.22390
0.30951
0.06858
0.09732
0.12339
0.19232
0.05469
0.75151
0.09158
0.19748
0.18901
0.08375
0.06242
0.09893
0.10362
0.18938
0.06175
0.19202
0.07591
0.08346
0.18863
0.71645
0.16937
0.65385
0.08817
0.23455
0.21021
0.03610
0.08688
0.15346
0.22132
0.23300
0.08951
0.03910
0.18765
0.03917
0.12308
0.19207
0.09727
0.11780
0.19486
0.22717
0.14610
0.21800
0.19616
0.08481
0.54545
0.04008
0.11026
0.08263
0.18627
0.12549
0.18977
0.03610
0.19379
0.19697
0.10207
0.08564
0.10370
0.11634
0.22452
0.76979
0.15110
0.72649
0.03843
0.07591
0.75156
0.18276
0.20029
0.26380
0.78515
0.03873
0.16881
0.04006
0.08541
0.10021
0.10810
0.08335
0.13091
0.20209
0.11655
0.22521
0.03866
0.18448
0.08059
0.08739
0.16127
0.03892
0.08777
0.15346
0.22390
0.30951
0.06858
0.09732
0.12339
0.19232
0.05469
0.75151
0.09158
0.19748
0.18901
0.08375
0.06242
0.09893
0.10362
0.18938
0.06175
0.19202
0.07591
0.08346
0.18863
0.71645
0.16937
0.65385
0.08817
0.23455
0.21021
0.03610
0.08688
0.15346
0.22132
0.23300
0.08951
0.03910
0.18765
0.03917
0.12308
0.19207
0.09727
0.11780
0.19486
0.22717
0.14610
0.21800
0.19616
0.08481
0.54545
0.04008
0.11026
0.08263
0.18627
0.12549
0.18977
0.03610
0.19379
0.19697
0.10207
0.08564
0.10370
0.11634
0.22452
0.76979
0.15110
0.72649
0.03843
0.07591
0.75156
0.18276
0.20029
0.26380
0.78515
0.03873
0.16881
0.04006
0.08541
0.10021
0.10810
0.08335
0.13091
0.20209
0.11655
0.22521
0.03866
0.18448
0.08059
0.08739
0.16127
0.03892
0.08777
0.15346
0.22390
0.30951
0.06858
0.09732
0.12339
0.19232
0.05469
0.75151
0.09158
0.19748
0.18901
0.08375
0.06242
0.09893
0.10362
0.18938
0.06175
0.19202
0.07591
0.08346
0.18863
0.71645
0.16937
0.65385
0.08817
0.23455
0.21021
0.03610
0.08688
0.15346
0.22132
0.23300
0.08951
0.03910
0.18765
0.03917
0.12308
0.19207
0.09727
0.11780
0.19486
0.22717
0.14610
0.21800
0.19616
0.08481
0.54545
0.04008
0.11026
0.08263
0.18627
0.12549
0.18977
0.03610
0.19379
0.19697
0.10207
0.08564
0.10370
0.11634
0.22452
0.76979
0.15110
0.72649
0.03843
0.07591
0.75156
0.18276
0.20029
0.26380
0.78515
0.03873
0.16881
0.04006
0.08541
0.10021
0.10810
0.08335
0.13091
0.20209
0.11655
0.22521
0.03866
0.18448
0.08059
0.08739
0.16127
0.03892
0.08777
0.15346
0.22390
0.30951
0.06858
0.09732
0.12339
0.19232
0.05469
0.75151
0.09158
0.19748
0.18901
0.08375
0.06242
0.09893
0.10362
0.18938
0.06175
0.19202
0.07591
0.08346
0.18863
0.71645
0.16937
0.65385
0.08817
0.23455
0.21021
0.03610
0.08688
0.15346
0.22132
0.23300
0.08951
0.03910
0.18765
0.03917
0.12308
0.19207
0.09727
0.11780
0.19486
0.22717
0.14610
0.21800
0.19616
0.08481
0.54545
0.04008
0.11026
0.08263
0.18627
0.12549
0.18977
0.03610
0.19379
0.19697
0.10207
0.08564
0.10370
0.11634
0.22452
0.76979
0.15110
0.72649
0.03843
0.07591
0.75156
0.18276
0.20029
0.26380
0.78515
0.03873
0.16881
0.04006
0.08541
0.10021
0.10810
0.08335
0.13091
0.20209
0.11655
0.22521
0.03866
0.18448
0.08059
0.08739
0.16127
0.03892
0.08777
0.15346
0.22390
0.30951
0.06858
0.09732
0.12339
0.19232
0.05469
0.75151
0.09158
0.19748
0.18901
0.08375
0.06242
0.09893
0.10362
0.18938
0.06175
0.19202
0.07591
0.08346
0.18863
0.71645
0.16937
0.65385
0.08817
0.23455
0.21021
0.03610
0.08688
