0.58080
0.64973
0.60295
0.63441
0.53522
0.63441
0.61904
0.51303
0.64962
0.51635
0.57863
0.52392
0.64973
0.64962
0.54030
0.52017
0.58080
0.64973
0.60295
0.63441
0.53522
0.63441
0.61904
0.51303
0.64962
0.51635
0.57863
0.52392
0.64973
0.64962
0.54030
0.52017
0.58080
0.64973
0.60295
0.63441
0.53522
0.63441
0.61904
0.51303
0.64962
0.51635
0.57863
0.52392
0.64973
0.64962
0.54030
0.52017
0.58080
0.64973
0.60295
0.63441
0.53522
0.63441
0.61904
0.51303
0.64962
0.51635
0.57863
0.52392
0.64973
0.64962
0.54030
0.52017
0.58080
0.64973
0.60295
0.63441
0.53522
0.63441
0.61904
0.51303
0.64962
0.51635
0.57863
0.52392
0.64973
0.64962
0.54030
0.52017
0.58080
0.64973
0.60295
0.63441
0.53522
0.63441
0.61904
0.51303
0.64962
0.51635
0.57863
0.52392
0.64973
0.64962
0.54030
0.52017
