0.31525
0.08251
0.33310
0.09425
0.22265
0.34615
0.31338
0.31710
0.11657
0.31710
0.16188
0.31710
0.48030
0.31710
0.25942
0.54371
0.16634
0.09631
0.07580
0.33310
0.33310
0.09906
0.09511
0.33310
0.59291
0.07085
0.55663
0.12056
0.08944
0.12876
0.33310
0.13827
0.11345
0.07517
0.12003
0.09419
0.07453
0.30098
0.19129
0.31710
0.33310
0.14447
0.56519
0.64388
0.33310
0.10872
0.33310
0.11981
0.16072
0.19554
0.11148
0.14013
0.25102
0.08375
0.11319
0.08451
0.15523
0.21422
0.24642
0.30098
0.09361
0.09002
0.63071
0.28735
0.28933
0.30730
0.19146
0.21200
0.21868
0.16827
0.30098
0.20930
0.11747
0.31710
0.11997
0.24515
0.33310
0.08855
0.23027
0.22720
0.20879
0.16824
0.09951
0.21309
0.14372
0.16065
0.33310
0.09903
0.18249
0.21379
0.17722
0.10254
0.31710
0.24161
0.11481
0.20049
0.31710
0.08019
0.11983
0.07875
0.09647
0.65343
0.17776
0.27425
0.22534
0.18991
0.09333
0.15270
0.65987
0.28572
0.30098
0.19503
0.66913
0.67062
0.12148
0.12836
0.17820
0.39927
0.22257
0.17224
0.22645
0.31525
0.16024
0.11644
0.11678
0.12237
0.21704
0.15640
0.21465
0.17432
0.22720
0.09733
0.12528
0.13318
0.15681
0.16832
0.26546
0.17414
0.22991
0.17656
0.08077
0.09727
0.21292
0.40380
0.51921
0.16880
0.09553
0.12455
0.07637
0.22400
0.17384
0.16912
0.11120
0.15723
0.31710
0.60421
0.66093
0.14228
0.18993
0.22372
0.10230
0.17269
0.21515
0.31525
0.11517
0.16782
0.27864
0.31710
0.11930
0.48887
0.28175
0.33310
0.19941
0.21490
0.26005
0.17625
0.13112
0.23848
0.33310
0.21683
0.33310
0.30098
0.33310
0.17150
0.54194
0.13247
0.12772
0.32248
0.30992
0.17046
0.09147
0.10708
0.20558
0.10051
0.18122
0.20219
0.30298
0.31525
0.38865
0.31183
0.30882
0.21031
0.37507
0.21552
0.12141
0.18433
0.13073
0.22480
0.19648
0.12811
0.27832
0.05219
0.12548
0.25571
0.20614
0.37043
0.20104
0.15431
0.06987
0.31710
0.44354
0.09496
0.20258
0.07400
0.60377
0.58841
0.16248
0.11282
0.14012
0.17378
0.35438
0.18027
0.22708
0.11744
0.22897
0.17036
0.16923
0.18052
0.21697
0.24759
0.14433
0.13380
0.19951
0.18211
0.30098
0.14507
0.38496
0.17657
0.05509
0.17233
0.18109
0.12700
0.46566
0.15585
0.09917
0.14928
0.07723
0.26396
0.08144
0.21547
0.31710
0.10571
0.36826
0.63840
0.28916
0.63985
0.17888
0.11037
0.10400
0.28598
0.07509
0.06388
0.09953
0.08111
0.12991
0.18731
0.32654
0.42508
0.33075
0.21721
0.07251
0.19677
0.11023
0.08924
0.20174
0.33310
0.24842
0.09154
0.15234
0.33310
0.30098
0.09638
0.52490
0.09723
0.26901
0.19352
0.10697
0.20516
0.17063
0.30098
0.08333
0.33310
0.33310
0.23192
0.19215
0.10290
0.08551
0.30045
0.12109
0.12505
0.30098
0.10635
0.16978
0.18091
0.18153
0.14499
0.11246
0.33310
0.19214
0.14934
0.41726
0.14586
0.26808
0.25835
0.09075
0.10472
0.23452
0.09546
0.19862
0.14605
0.19205
0.28879
0.13248
0.21411
0.19514
0.27732
0.10416
0.10872
0.19703
0.04767
0.35589
0.11355
0.14097
0.25446
0.13956
0.20836
0.16976
0.31323
0.12776
0.13053
0.12060
0.07367
0.11778
0.33310
0.24237
0.14706
0.12318
0.16774
0.18668
0.05261
0.20776
0.30081
0.14027
0.21695
0.31710
0.18701
0.38606
0.09859
0.19424
0.33310
0.13084
0.11156
0.27912
0.14789
0.18648
0.11793
0.10266
0.16198
0.09434
0.09743
0.10129
0.10186
0.12757
0.26288
0.18965
0.23337
0.30419
0.10061
0.61148
0.08441
0.09309
0.12553
0.18709
0.15280
0.38021
0.14338
0.10477
0.07100
0.10931
0.18367
0.62368
0.15181
0.24783
0.16517
0.15372
0.07731
0.09539
0.14052
0.09880
0.36908
0.04764
0.36721
0.19209
0.27622
0.08028
0.13191
0.10624
0.16234
0.16429
0.07694
0.14793
0.10749
0.09169
0.27441
0.14834
0.12947
0.30067
0.10176
0.15495
0.11279
0.28047
0.29746
0.09968
0.21506
0.65908
0.24547
0.30588
0.07094
0.52734
0.27784
0.12546
0.22083
0.65809
0.26008
0.08637
0.21801
0.33628
0.19894
0.17851
0.08564
0.22083
0.65910
0.52734
0.19668
0.11221
0.10521
0.09403
0.18468
0.14251
0.66015
0.07557
0.09490
0.13259
0.17127
0.09459
0.63369
0.12499
0.08994
0.14241
0.09592
0.10302
0.06977
0.65398
0.29032
0.28194
0.24605
0.35956
0.12056
0.14237
0.11341
0.09824
0.10361
0.15406
0.18118
0.30090
0.10943
0.08730
0.14295
0.27191
0.66415
0.25133
0.17464
0.11118
0.17969
0.65398
0.11826
0.08421
0.17458
0.19223
0.09413
0.13811
0.20668
0.15484
0.09165
0.65570
0.14142
0.07332
0.62330
0.15095
0.12777
0.65570
0.16869
0.65264
0.20019
0.65570
0.17249
0.12901
0.06287
0.20297
0.23219
0.11798
0.52783
0.66166
0.09969
0.65665
0.09531
0.17172
0.10289
0.11869
0.30101
0.18816
0.09022
0.18471
0.66230
0.22509
0.11616
0.38650
0.16032
0.17887
0.13145
0.24574
0.68013
0.07267
0.68351
0.06346
0.47313
0.08508
0.13755
0.19196
0.67968
0.13020
0.19243
0.68057
0.33387
0.08616
0.66840
0.07564
0.66913
0.13418
0.16231
0.11493
0.65808
0.05248
0.18175
0.24601
0.23858
0.11242
0.11933
0.26129
0.66784
0.10877
0.09953
0.66974
0.09620
0.22000
0.59147
0.28420
0.10281
0.21618
0.24149
0.20499
0.21234
0.05440
0.17044
0.67233
0.11357
0.24185
0.18450
0.16750
0.08521
0.45091
0.20512
0.12854
0.09165
0.09342
0.14138
0.06178
0.25383
0.13536
0.09165
0.47538
0.20392
0.52803
0.18760
0.38217
0.10828
0.12132
0.27003
0.09845
0.35469
0.16249
0.28794
0.21558
0.46454
0.12367
0.20294
0.36645
0.55132
0.45935
0.45985
0.45264
0.12938
0.06648
0.12609
0.26532
0.05524
0.08875
0.07196
0.07231
0.28353
0.19669
0.23360
0.56584
0.12184
0.23473
0.09664
0.15141
0.29354
0.18666
0.21356
0.13067
0.44188
0.19180
0.36600
0.22509
0.10686
0.09572
0.09232
0.08504
0.18182
0.47151
0.18618
0.15380
0.16056
0.05851
0.59424
0.36307
0.10121
0.59900
0.12267
0.08104
0.19778
0.26712
0.13783
0.09596
0.59424
0.59424
0.59424
0.18156
0.11638
0.10536
0.24607
0.12415
0.09046
0.28554
0.17231
0.27236
0.14217
0.09354
0.08652
0.10783
0.08853
0.46771
0.09722
0.14060
0.06414
0.56553
0.15727
0.09730
0.16855
0.05833
0.20432
0.14454
0.37401
0.35510
0.12889
0.10501
0.16266
0.11077
0.17067
0.21986
0.09229
0.27750
0.08199
0.11044
0.11204
0.12576
0.56553
0.21943
0.37042
0.22552
0.09492
0.20846
0.35774
0.09960
0.12102
0.16372
0.13660
0.22277
0.20713
0.09838
0.08921
0.13856
0.06737
0.12918
0.13138
0.21663
0.06459
0.10675
0.11869
0.09303
0.08936
0.08621
0.26700
0.08193
0.08927
0.41581
0.12941
0.11353
0.14116
0.10267
0.18684
0.09556
0.12516
0.06886
0.16914
0.19946
0.07408
0.07294
0.14410
0.11105
0.26334
0.07907
0.07593
0.27650
0.11360
0.28296
0.12257
0.26358
0.12111
0.44983
0.08293
0.30157
0.20380
0.09051
0.15440
0.23420
0.18985
0.09039
0.11212
0.10289
0.08196
0.17795
0.11161
0.07944
0.18762
0.29157
0.10991
0.09122
0.08535
0.20230
0.09473
0.09414
0.12737
0.15820
0.18320
0.57158
0.11950
0.42763
0.19469
0.57158
0.15254
0.12371
0.41646
0.19869
0.20170
0.21840
0.57345
0.11443
0.09433
0.15775
0.22342
0.15050
0.10586
0.10847
0.11997
0.13767
0.22726
0.08778
0.23315
0.12137
0.19700
0.58033
0.10482
0.11702
0.10150
0.10711
0.12168
0.19378
0.11244
0.15479
0.05600
0.21490
0.21632
0.10303
0.26344
0.18602
0.14326
0.15179
0.23997
0.11219
0.15026
0.20545
0.20555
0.09850
0.29189
0.10068
0.11302
0.12919
0.58033
0.17331
0.09169
0.16386
0.20255
0.53647
0.08751
0.09932
0.15646
0.57345
0.12886
0.07603
0.07110
0.17265
0.57345
0.27903
0.59900
0.26604
0.08732
0.18857
0.18157
0.33479
0.59900
0.11595
0.13100
0.06843
0.11201
0.10750
0.11269
0.16081
0.13225
0.11896
0.23442
0.10267
0.26805
0.14224
0.21249
0.09838
0.08926
0.15619
0.30671
0.26009
0.21586
0.21514
0.09873
0.59900
0.13189
0.26648
0.22255
0.14382
0.19351
0.13796
0.14158
0.21640
0.23966
0.17208
0.09810
0.29009
0.26285
0.10546
0.21337
0.14059
0.12376
0.17526
0.23431
0.09214
0.06798
0.18711
0.12908
0.12371
0.59900
0.12776
0.13901
0.23379
0.11659
0.17606
0.09528
0.10785
0.10747
0.27656
0.15815
0.10143
0.04588
0.17023
0.21849
0.10475
0.07626
0.19855
0.15020
0.20259
0.17989
0.09255
0.20100
0.09504
0.24605
0.10463
0.08770
0.58048
0.17133
0.05851
0.15440
0.15952
0.16004
0.21876
0.06140
0.09094
0.13050
0.19806
0.05851
0.51214
0.31064
0.14663
0.23922
0.15442
0.27812
0.17231
0.58621
0.45841
0.41785
0.31647
0.12988
0.13084
0.28753
0.07862
0.20891
0.21681
0.24742
0.32017
0.11039
0.20637
0.14052
0.07976
0.11475
0.11951
0.10132
0.28208
0.58621
0.10528
0.10672
0.24605
0.11646
0.12976
0.19023
0.22374
0.23769
0.28147
0.20282
0.24347
0.16930
0.31536
0.35250
0.20811
0.21201
0.20118
0.21143
0.16633
0.56772
0.08261
0.14147
0.30441
0.06034
0.18309
0.23806
0.06068
0.09025
0.35521
0.28831
0.27565
0.21608
0.13114
0.11920
0.25439
0.56772
0.23867
0.11289
0.35700
0.10367
0.18353
0.10190
0.09619
0.10201
0.53374
0.10905
0.09547
0.57050
0.06118
0.07256
0.10544
0.20542
0.07638
0.20910
0.10584
0.26647
0.18447
0.06277
0.28961
0.23386
0.60743
0.17171
0.60743
0.50151
0.12541
0.18938
0.28742
0.19822
0.12432
0.09570
0.08478
0.14050
0.08207
0.16067
0.13074
0.60743
0.17543
0.60079
0.10873
0.12871
0.21615
0.10575
0.18767
0.18248
0.26453
0.28865
0.10365
0.13795
0.60743
0.60079
0.28063
0.09855
0.12308
0.20170
0.21214
0.14441
0.11256
0.58674
0.10944
0.11392
0.05851
0.15783
0.09032
0.24577
0.10693
0.28899
0.23387
0.19609
0.14869
0.29673
0.15558
0.24577
0.11084
0.20301
0.08006
0.18447
0.10277
0.23392
0.13361
0.18063
0.11781
0.08907
0.58674
0.17845
0.04880
0.58674
0.10319
0.28794
0.14275
0.09331
0.31340
0.11678
0.33361
0.08222
0.59009
0.21342
0.26876
0.17715
0.22000
0.59009
0.11828
0.17381
0.13450
0.08253
0.25108
0.27672
0.09085
0.22534
0.19127
0.07421
0.07098
0.25099
0.29807
0.16538
0.28758
0.58204
0.10347
0.21367
0.10727
0.20954
0.09110
0.20547
0.59009
0.42050
0.15093
0.21813
0.26166
0.16059
0.16856
0.16237
0.09274
0.10589
0.08099
0.15111
0.07056
0.45839
0.12192
0.08896
0.61629
0.17363
0.46600
0.09727
0.10913
0.17862
0.13285
0.29100
0.17745
0.11014
0.24167
0.25299
0.14223
0.12365
0.15800
0.11912
0.10386
0.12149
0.15238
0.24638
0.14310
0.12415
0.12549
0.20388
0.18696
0.15088
0.10908
0.08913
0.11195
0.24778
0.28976
0.22293
0.27955
0.11478
0.27512
0.42000
0.25479
0.24605
0.23018
0.16621
0.11347
0.08042
0.15178
0.07012
0.16074
0.13880
0.08378
0.10155
0.27547
0.25797
0.52003
0.20367
0.08304
0.23125
0.22586
0.10707
0.08420
0.09260
0.18416
0.34126
0.35822
0.33403
0.16239
0.20408
0.25839
0.16400
0.07992
0.08459
0.14807
0.13937
0.11443
0.17680
0.15469
0.10674
0.20166
0.29907
0.29142
0.55120
0.17698
0.12630
0.17683
0.17140
0.10579
0.10056
0.08945
0.17797
0.19139
0.17311
0.13332
0.15771
0.15610
0.10278
0.28569
0.09401
0.12518
0.24607
0.25572
0.14500
0.08774
0.13552
0.27138
0.14382
0.15771
0.10502
0.15572
0.25502
0.16572
0.25283
0.23165
0.09658
0.11350
0.11686
0.29616
0.18484
0.12205
0.11956
0.18182
0.16696
0.09478
0.06131
0.14234
0.08789
0.16039
0.22742
0.41245
0.27430
0.10349
0.21522
0.19100
0.10113
0.12355
0.29080
0.05790
0.16998
0.12075
0.05933
0.08219
0.21050
0.20000
0.29149
0.15642
0.38042
0.06140
0.09701
0.21623
0.12948
0.14313
0.28702
0.55300
0.11957
0.10227
0.07761
0.25378
0.09986
0.11098
0.14771
0.09336
0.24394
0.12597
0.08136
0.33293
0.28910
0.11098
0.31992
0.35609
0.13186
0.16660
0.09306
0.29827
0.14842
0.16276
0.11014
0.23018
0.09148
0.13195
0.10587
0.15659
0.50811
0.07579
0.28569
0.28311
0.15853
0.11268
0.27619
0.09396
0.26538
0.06711
0.23415
0.16116
0.09521
0.13026
0.20425
0.20675
0.22622
0.20487
0.21554
0.12577
0.22331
0.39525
0.20862
0.13707
0.12949
0.07064
0.18174
0.09904
0.09173
0.18296
0.17188
0.53924
0.17523
0.17533
0.21968
0.14135
0.08787
0.11111
0.10046
0.06776
0.53849
0.09252
0.09176
0.13689
0.30571
0.23415
0.17308
0.12486
0.09433
0.61330
0.10837
0.20333
0.11443
0.15575
0.09280
0.13765
0.15747
0.10707
0.60729
0.09032
0.12516
0.30614
0.21913
0.27912
0.20162
0.09832
0.27344
0.53375
0.09370
0.10569
0.21905
0.07115
0.11484
0.15086
0.15734
0.07943
0.10339
0.14240
0.22458
0.12678
0.09675
0.18294
0.17282
0.21350
0.27517
0.26644
0.24114
0.12811
0.11251
0.20898
0.18284
0.14256
0.23540
0.41502
0.07412
0.12999
0.10341
0.11060
0.10341
0.21409
0.17381
0.12734
0.08246
0.34591
0.09265
0.31185
0.05569
0.51344
0.13240
0.08550
0.14399
0.19669
0.09142
0.12468
0.13020
0.24203
0.14839
0.17487
0.05851
0.12303
0.40350
0.15458
0.08693
0.28104
0.09548
0.09050
0.09083
0.22680
0.17364
0.10781
0.05770
0.14192
0.11572
0.08050
0.33256
0.21019
0.27033
0.34430
0.09983
0.20567
0.13221
0.21547
0.11420
0.06938
0.28104
0.15415
0.52986
0.54503
0.10491
0.23072
0.20110
0.11858
0.08575
0.21676
0.20744
0.10783
0.30105
0.11895
0.11661
0.12671
0.20737
0.17209
0.18055
0.45115
0.08827
0.31994
0.16597
0.29988
0.10701
0.36582
0.08709
0.10971
0.23342
0.21965
0.17369
0.07500
0.14504
0.10866
0.36104
0.17745
0.17716
0.08855
0.21426
0.41970
0.13453
0.17883
0.50906
0.13920
0.11218
0.22407
0.21698
0.21798
0.30024
0.23555
0.14725
0.16036
0.16325
0.11621
0.08343
0.53192
0.08287
0.14453
0.14849
0.18305
0.20516
0.15324
0.11965
0.07231
0.16761
0.09196
0.18602
0.16883
0.09954
0.10618
0.18918
0.12022
0.17770
0.19590
0.15860
0.21455
0.14654
0.12354
0.14450
0.15985
0.20242
0.24524
0.41989
0.22587
0.19644
0.20605
0.12328
0.12471
0.18452
0.12769
0.20701
0.17595
0.11049
0.15040
0.18847
0.13210
0.06617
0.29126
0.09992
0.11227
0.38779
0.07284
0.08168
0.10701
0.19637
0.50405
0.13235
0.44658
0.15550
0.08482
0.50860
0.28473
0.09493
0.13496
0.21069
0.23232
0.11105
0.20596
0.17518
0.07432
0.12189
0.18392
0.22719
0.14984
0.08396
0.14657
0.25539
0.18687
0.29084
0.10839
0.12159
0.20127
0.21796
0.20992
0.08260
0.13980
0.10143
0.08600
0.38471
0.11580
0.10461
0.10508
0.21115
0.09843
0.33648
0.61577
0.20270
0.11467
0.05851
0.15462
0.08405
0.13315
0.13859
0.14253
0.08192
0.17598
0.26640
0.10137
0.12488
0.09083
0.08358
0.12367
0.14442
0.09979
0.13914
0.16909
0.09472
0.12599
0.09783
0.12243
0.14963
0.17970
0.19090
0.35399
0.14035
0.14152
0.15631
0.14139
0.19380
0.14544
0.10123
0.24352
0.13115
0.12343
0.08631
0.08686
0.09215
0.10977
0.23730
0.18659
0.19131
0.22246
0.12742
0.11131
0.12033
0.25929
0.26606
0.10998
0.08887
0.20853
0.17900
0.10069
0.08600
0.24446
0.11378
0.06433
0.16938
0.19853
0.08632
0.07427
0.08910
0.25259
0.15112
0.22185
0.12445
0.13785
0.19773
0.16196
0.12842
0.26550
0.20590
0.13079
0.22481
0.09948
0.09394
0.10483
0.19750
0.19365
0.11154
0.06426
0.60053
0.22361
0.26528
0.05392
0.09664
0.10745
0.17864
0.30337
0.30104
0.12335
0.10774
0.11473
0.20242
0.26629
0.25682
0.11105
0.09387
0.06722
0.16449
0.22718
0.08327
0.21298
0.07233
0.19444
0.18013
0.21500
0.42701
0.17808
0.27232
0.11046
0.38130
0.20016
0.08558
0.23820
0.15331
0.15138
0.08468
0.14491
0.19057
0.22414
0.48800
0.23329
0.13939
0.13110
0.10828
0.11054
0.08160
0.23819
0.19458
0.09977
0.23598
0.29434
0.14434
0.12318
0.09326
0.08910
0.17363
0.32530
0.12552
0.11139
0.12630
0.22301
0.04802
0.10339
0.30053
0.15645
0.07685
0.10579
0.10406
0.20656
0.17204
0.34342
0.15495
0.23652
0.12661
0.05851
0.14604
0.10275
0.31743
0.17170
0.14015
0.10201
0.15984
0.25613
0.24357
0.08161
0.18033
0.08282
0.10166
0.14083
0.13613
0.08905
0.22376
0.19604
0.27942
0.13173
0.21061
0.09469
0.18765
0.21747
0.07715
0.10028
0.14700
0.22792
0.17999
0.07229
0.26475
0.35076
0.11561
0.20967
0.31593
0.10463
0.16498
0.24553
0.13992
0.28921
0.10677
0.17375
0.18987
0.18905
0.25108
0.34838
0.18330
0.11395
0.40897
0.20622
0.08474
0.13221
0.26791
0.26290
0.28964
0.05727
0.20786
0.16144
0.13858
0.08335
0.08677
0.16002
0.14701
0.10675
0.20054
0.08186
0.25622
0.14763
0.17149
0.09493
0.13080
0.10041
0.15492
0.09570
0.06659
0.12879
0.07297
0.09696
0.11093
0.13664
0.13355
0.31511
0.09603
0.18858
0.30318
0.07228
0.18961
0.11422
0.10634
0.10646
0.09357
0.14696
0.29157
0.13490
0.10055
0.05376
0.10527
0.44278
0.11517
0.25867
0.11975
0.10122
0.10486
0.13332
0.08978
0.08294
0.18968
0.18060
0.11439
0.30600
0.09327
0.14478
0.16452
0.23518
0.18686
0.12252
0.19284
0.11365
0.32350
0.11772
0.21234
0.21366
0.06743
0.15007
0.48654
0.29030
0.20128
0.17259
0.09674
0.22035
0.09314
0.11939
0.11618
0.18413
0.09518
0.06931
0.26891
0.32986
0.39497
0.07894
0.14205
0.09840
0.14354
0.11180
0.11818
0.15230
0.13737
0.18380
0.07189
0.10046
0.14969
0.13044
0.07124
0.08389
0.11925
0.13442
0.24332
0.11162
0.13406
0.09461
0.25993
0.14485
0.10405
0.60509
0.13158
0.22245
0.53969
0.28996
0.17313
0.12355
0.17532
0.14002
0.13722
0.52184
0.32738
0.20916
0.07836
0.24638
0.08596
0.13064
0.20937
0.20196
0.08118
0.04539
0.20059
0.12722
0.11141
0.16107
0.14158
0.09159
0.11002
0.09794
0.20440
0.21281
0.09072
0.42089
0.14155
0.28429
0.53374
0.27182
0.32226
0.11998
0.36759
0.08308
0.20358
0.09778
0.19388
0.08499
0.16542
0.29591
0.11022
0.12879
0.13834
0.27075
0.21316
0.30774
0.14285
0.20343
0.24807
0.39675
0.21708
0.13675
0.51516
0.20785
0.10113
0.16756
0.05417
0.19541
0.31275
0.19458
0.30101
0.12631
0.09901
0.24193
0.07487
0.09366
0.59378
0.10930
0.20612
0.13878
0.09089
0.08136
0.27075
0.20072
0.07876
0.09445
0.07623
0.24237
0.11839
0.22737
0.10162
0.10818
0.22378
0.09403
0.24577
0.15761
0.23352
0.21523
0.17974
0.18553
0.15768
0.20120
0.15323
0.18568
0.14483
0.16482
0.27154
0.13048
0.16027
0.23852
0.05851
0.10764
0.15054
0.32985
0.33067
0.18335
0.32856
0.16565
0.09844
0.19363
0.11655
0.10165
0.16491
0.12179
0.12326
0.14294
0.10702
0.10341
0.21338
0.16424
0.10736
0.51519
0.29410
0.18933
0.10053
0.16451
0.09030
0.14413
0.14881
0.19239
0.06885
0.20977
0.39497
0.12296
0.23237
0.25469
0.10184
0.10781
0.16621
0.08822
0.21417
0.18407
0.13079
0.17939
0.11418
0.16201
0.15195
0.09750
0.19825
0.18966
0.20509
0.19170
0.10701
0.22463
0.15978
0.23948
0.12866
0.27994
0.12041
0.25457
0.10312
0.15965
0.19244
0.11123
0.23797
0.23237
0.19712
0.11209
0.15205
0.07328
0.17520
0.24910
0.08905
0.07254
0.28813
0.56437
0.38147
0.14618
0.14018
0.08537
0.24888
0.31340
0.21379
0.06975
0.28695
0.11320
0.08016
0.10931
0.18313
0.10002
0.16974
0.33762
0.21749
0.20729
0.18549
0.10838
0.20493
0.33712
0.10812
0.09285
0.10774
0.09773
0.11190
0.18902
0.11482
0.07408
0.15749
0.37063
0.21961
0.14807
0.21576
0.22050
0.10578
0.16551
0.08499
0.20972
0.09734
0.06007
0.08537
0.04619
0.11849
0.23825
0.22466
0.17263
0.30197
0.26930
0.24360
0.07954
0.28839
0.21441
0.15010
0.19113
0.19208
0.15488
0.13721
0.12319
0.10429
0.19485
0.23566
0.19291
0.11876
0.27986
0.46006
0.12626
0.23566
0.15229
0.18888
0.10897
0.11534
0.13877
0.09547
0.15488
0.11251
0.25258
0.17834
0.47570
0.09155
0.24115
0.16752
0.08299
0.08725
0.15488
0.28412
0.11936
0.08883
0.13003
0.06140
0.23566
0.10771
0.21655
0.28334
0.09641
0.14483
0.16000
0.15488
0.08368
0.19208
0.14249
0.14292
0.16608
0.11041
0.10710
0.11200
0.32617
0.16752
0.11495
0.05464
0.18944
0.15488
0.28362
0.09930
0.09421
0.20362
0.08640
0.10676
0.06389
0.10311
0.13970
0.11734
0.09317
0.11601
0.31018
0.10384
0.53374
0.19417
0.14900
0.08199
0.11193
0.20655
0.19649
0.08304
0.38406
0.26199
0.13145
0.50886
0.10986
0.17131
0.13085
0.12350
0.07499
0.09549
0.09906
0.09040
0.31647
0.11803
0.09639
0.10154
0.15930
0.21425
0.06605
0.26897
0.18644
0.12663
0.21631
0.10063
0.16087
0.10936
0.12372
0.05604
0.11828
0.20094
0.19910
0.16212
0.13558
0.07078
0.14822
0.08048
0.08369
0.17790
0.17486
0.20029
0.26069
0.12434
0.18785
0.21333
0.31931
0.07492
0.13545
0.28367
0.29584
0.22246
0.20084
0.07234
0.17309
0.12535
0.29118
0.29723
0.16744
0.16740
0.21795
0.23724
0.13463
0.10116
0.24893
0.20606
0.19487
0.12550
0.20023
0.10394
0.21606
0.06336
0.21326
0.20258
0.08846
0.32638
0.27503
0.07426
0.24237
0.11265
0.22906
0.13202
0.20619
0.28237
0.21052
0.09779
0.07082
0.10512
0.24607
0.35870
0.22545
0.15473
0.19483
0.13063
0.19956
0.22530
0.24995
0.22429
0.18937
0.10001
0.08612
0.15329
0.10417
0.13281
0.24710
0.21878
0.23311
0.21198
0.21885
0.06431
0.26606
0.29492
0.27650
0.22346
0.10327
0.06320
0.06885
0.25383
0.33992
0.22655
0.24892
0.35962
0.16299
0.08392
0.16357
0.50176
0.31797
0.07313
0.09434
0.23473
0.10827
0.23743
0.19446
0.20496
0.37582
0.13955
0.36635
0.34165
0.21673
0.12202
0.06499
0.08251
0.22603
0.10515
0.27460
0.32661
0.10072
0.23933
0.35102
0.09658
0.29029
0.38822
0.14186
0.29532
0.17611
0.12320
0.07511
0.09452
0.13830
0.10216
0.07792
0.13309
0.14634
0.16886
0.19032
0.22722
0.21885
0.14752
0.09075
0.05904
0.24936
0.09750
0.08493
0.11677
0.10623
0.07984
0.07545
0.22499
0.23102
0.09493
0.18761
0.10344
0.19875
0.18587
0.14689
0.22214
0.20983
0.13016
0.25397
0.41180
0.18836
0.66834
0.09287
0.15830
0.23335
0.16733
0.13375
0.21037
0.64547
0.10002
0.18143
0.15278
0.50329
0.11552
0.08866
0.19507
0.33720
0.25659
0.43861
0.27319
0.22812
0.54428
0.19087
0.13698
0.14879
0.22584
0.12542
0.18768
0.12647
0.10696
0.24541
0.12321
0.05908
0.09225
0.47032
0.42547
0.11945
0.15324
0.20090
0.23981
0.24190
0.25975
0.06483
0.22827
0.14473
0.10965
0.11681
0.26341
0.07723
0.44371
0.21817
0.35427
0.13002
0.18739
0.16542
0.11678
0.55170
0.27838
0.22010
0.18180
0.18233
0.09658
0.11566
0.67743
0.17124
0.09366
0.15070
0.43866
0.51870
0.19694
0.15036
0.21899
0.16384
0.12576
0.16394
0.13964
0.42547
0.14301
0.10395
0.50830
0.12607
0.30962
0.08783
0.07928
0.13144
0.24577
0.16522
0.16926
0.07229
0.16811
0.10531
0.43848
0.49497
0.17779
0.09317
0.38121
0.10250
0.59498
0.17598
0.08762
0.45972
0.21262
0.18292
0.10682
0.18764
0.06825
0.15996
0.22826
0.19584
0.09915
0.24563
0.20692
0.10185
0.67365
0.10535
0.13949
0.17974
0.10457
0.15316
0.21577
0.20076
0.18578
0.08519
0.19785
0.10035
0.07857
0.11516
0.10579
0.29386
0.25386
0.26125
0.11051
0.53156
0.10265
0.13909
0.32638
0.14351
0.13087
0.24607
0.18128
0.14846
0.35069
0.07758
0.13488
0.10444
0.17716
0.24170
0.21506
0.17942
0.08527
0.12329
0.17966
0.63334
0.22626
0.24577
0.26315
0.18639
0.25154
0.57199
0.08925
0.33077
0.38352
0.18956
0.07500
0.09934
0.18565
0.23138
0.11438
0.53953
0.21750
0.43866
0.28926
0.07017
0.17698
0.15945
0.19588
0.18243
0.10507
0.11559
0.23304
0.22175
0.08965
0.34642
0.26130
0.62293
0.09471
0.20902
0.10879
0.17232
0.14962
0.26908
0.09141
0.22151
0.08134
0.24237
0.16845
0.11501
0.06679
0.18429
0.23024
0.14434
0.18863
0.18452
0.23373
0.23797
0.63247
0.16845
0.09686
0.12153
0.11766
0.31498
0.20363
0.07746
0.20353
0.10584
0.09829
0.16845
0.10637
0.43866
0.19776
0.25226
0.10459
0.09986
0.39191
0.16756
0.10986
0.16341
0.09568
0.09183
0.51720
0.23339
0.09965
0.10668
0.06728
0.23360
0.29910
0.21487
0.10707
0.18918
0.11004
0.09061
0.06140
0.13656
0.15125
0.10884
0.16461
0.30836
0.17500
0.58871
0.21295
0.35454
0.06484
0.27407
0.19916
0.18487
0.18158
0.18581
0.45024
0.11687
0.35620
0.18386
0.10778
0.27632
0.09002
0.51795
0.11753
0.10246
0.24080
0.08669
0.19841
0.10444
0.11796
0.10434
0.38428
0.13289
0.25377
0.11753
0.08322
0.54571
0.47538
0.20704
0.28018
0.10461
0.21815
0.52225
0.11024
0.15211
0.31977
0.10674
0.07755
0.22205
0.31607
0.10440
0.06670
0.17720
0.29323
0.22155
0.09737
0.31166
0.10016
0.25536
0.20056
0.72790
0.25396
0.13706
0.11420
0.28182
0.12917
0.40455
0.12358
0.14184
0.11079
0.41632
0.11471
0.23326
0.52427
0.36104
0.14730
0.11850
0.18313
0.22200
0.30412
0.20639
0.12905
0.20561
0.19072
0.53969
0.38388
0.10973
0.11396
0.07468
0.10411
0.50551
0.24157
0.08561
0.07798
0.29815
0.10877
0.10050
0.27422
0.08631
0.25197
0.17959
0.49658
0.29144
0.23752
0.09361
0.17987
0.08669
0.22492
0.19710
0.20059
0.08733
0.19473
0.29329
0.21448
0.08864
0.17965
0.10707
0.16522
0.19071
0.20052
0.17406
0.20791
0.22906
0.33901
0.21654
0.18294
0.21036
0.10087
0.08330
0.14679
0.14242
0.10690
0.15971
0.06462
0.12176
0.11896
0.15136
0.20520
0.10383
0.32889
0.25247
0.07762
0.75869
0.15455
0.24624
0.22830
0.22493
0.20495
0.07507
0.25007
0.17687
0.32135
0.12343
0.26059
0.25302
0.17414
0.10162
0.17050
0.17319
0.09003
0.27647
0.31221
0.19639
0.14858
0.06767
0.23156
0.17194
0.16191
0.10787
0.16072
0.14538
0.13028
0.38475
0.19405
0.37475
0.23209
0.61459
0.19797
0.39675
0.09882
0.09319
0.27161
0.44366
0.11781
0.11962
0.07278
0.11723
0.09406
0.20606
0.14548
0.10611
0.63463
0.19923
0.18839
0.43910
0.10003
0.12279
0.10821
0.10743
0.63384
0.07926
0.24287
0.23285
0.59939
0.09891
0.15223
0.53015
0.10060
0.23797
0.25421
0.25808
0.49935
0.13290
0.11269
0.44497
0.18030
0.40742
0.06839
0.13349
0.18091
0.09736
0.20227
0.15010
0.16753
0.10483
0.24949
0.18400
0.53964
0.08895
0.13063
0.18345
0.28145
0.07909
0.11864
0.10541
0.10783
0.12524
0.20113
0.21374
0.09969
0.13480
0.21002
0.20446
0.09606
0.26329
0.18355
0.25215
0.08504
0.20209
0.10174
0.17257
0.06510
0.26126
0.35250
0.16545
0.13823
0.20534
0.16240
0.25682
0.07461
0.12914
0.29159
0.08018
0.19011
0.27468
0.28934
0.18823
0.09973
0.40064
0.07428
0.50964
0.16368
0.06742
0.23667
0.18572
0.10096
0.18569
0.06178
0.25034
0.59984
0.05957
0.25733
0.04556
0.16272
0.20007
0.12375
0.21803
0.17122
0.09754
0.19696
0.04881
0.09292
0.06868
0.16485
0.17451
0.12922
0.33437
0.47834
0.09140
0.06852
0.06811
0.21925
0.07073
0.11228
0.36894
0.13426
0.28511
0.26094
0.20926
0.23327
0.45566
0.06706
0.07630
0.05468
0.18376
0.39476
0.20180
0.26888
0.09008
0.08037
0.23821
0.06108
0.26349
0.05161
0.12331
0.19948
0.22958
0.03707
0.15284
0.15508
0.22221
0.06040
0.11186
0.17794
0.19838
0.08809
0.08231
0.11142
0.11788
0.07705
0.22958
0.13469
0.15770
0.04220
0.23693
0.27397
0.15311
0.09034
0.10728
0.17036
0.11159
0.17529
0.05437
0.17478
0.17593
0.14508
0.12768
0.14658
0.18054
0.08379
0.15657
0.07970
0.09924
0.33047
0.18869
0.09962
0.27364
0.17164
0.46125
0.14073
0.29401
0.15866
0.17627
0.12168
0.11224
0.07427
0.17339
0.24857
0.06791
0.04364
0.28529
0.42545
0.14297
0.07191
0.09486
0.07114
0.18922
0.37296
0.05580
0.06298
0.09888
0.09297
0.23797
0.65090
0.10561
0.14555
0.19192
0.15478
0.09773
0.06736
0.08744
0.18727
0.23738
0.27219
0.16145
0.18282
0.24073
0.06323
0.14607
0.05726
0.14778
0.19404
0.12609
0.09975
0.19694
0.06465
0.19174
0.07667
0.22540
0.31081
0.16708
0.71996
0.20280
0.19459
0.09336
0.06530
0.43075
0.10231
0.09222
0.10528
0.05759
0.07921
0.63840
0.16913
0.36227
0.07522
0.13541
0.10398
0.11869
0.09281
0.20445
0.14284
0.18875
0.53527
0.11732
0.38540
0.07983
0.06674
0.07416
0.10581
0.06448
0.11343
0.10079
0.10230
0.24607
0.08152
0.39602
0.31558
0.14319
0.20547
0.51359
0.04215
0.04445
0.17540
0.15492
0.05284
0.09332
0.06800
0.06492
0.08745
0.14961
0.08756
0.38611
0.16325
0.12936
0.32203
0.07132
0.08558
0.07869
0.06985
0.07857
0.05576
0.06379
0.40059
0.06055
0.07854
0.06728
0.19182
0.33792
0.15879
0.25822
0.09832
0.29931
0.10818
0.20501
0.07807
0.19981
0.26999
0.16211
0.27918
0.17812
0.07406
0.07503
0.23430
0.11240
0.17933
0.59691
0.20167
0.24065
0.08499
0.12758
0.15512
0.06198
0.18330
0.24607
0.19021
0.05786
0.15216
0.04417
0.07906
0.21440
0.11477
0.14539
0.13844
0.17940
0.06722
0.12301
0.11528
0.23858
0.05777
0.13654
0.13471
0.05913
0.11935
0.12615
0.14801
0.15596
0.10122
0.19103
0.16368
0.06815
0.19823
0.26331
0.07655
0.19926
0.32589
0.07483
0.20531
0.07502
0.08544
0.25137
0.05982
0.24042
0.10909
0.27618
0.46231
0.20568
0.45796
0.06702
0.08703
0.29591
0.40948
0.07200
0.07730
0.12068
0.12615
0.15346
0.08895
0.20739
0.05965
0.21075
0.07815
0.51916
0.13309
0.08289
0.25195
0.28655
0.13141
0.15478
0.09204
0.07581
0.06207
0.04287
0.09660
0.08126
0.06778
0.08711
0.06784
0.09579
0.44612
0.13985
0.06080
0.18690
0.04662
0.08794
0.15724
0.06825
0.11378
0.33518
0.20352
0.05991
0.04437
0.72626
0.10856
0.16573
0.07886
0.42814
0.18217
0.29774
0.20141
0.18926
0.04470
0.38762
0.07622
0.08412
0.06425
0.18890
0.25635
0.20624
0.21809
0.25270
0.06456
0.19755
0.08034
0.42764
0.10415
0.16244
0.17523
0.05723
0.16187
0.09588
0.19158
0.13991
0.10534
0.06366
0.23029
0.14602
0.14512
0.10377
0.22162
0.21519
0.20862
0.18321
0.20891
0.21365
0.09625
0.19100
0.18155
0.20389
0.20284
0.76356
0.06345
0.12773
0.51623
0.10837
0.17539
0.06176
0.10148
0.09906
0.27608
0.22905
0.23084
0.67636
0.24636
0.53969
0.17919
0.10213
0.11573
0.09011
0.13366
0.28737
0.19532
0.19655
0.21875
0.08662
0.31830
0.20596
0.10010
0.21875
0.28237
0.18781
0.21538
0.15130
0.20352
0.14617
0.30272
0.20981
0.11050
0.43085
0.09595
0.27606
0.29933
0.19098
0.08464
0.09309
0.29516
0.08597
0.21018
0.12225
0.14910
0.21926
0.20898
0.20587
0.51815
0.14913
0.24142
0.10250
0.13321
0.09746
0.21671
0.26112
0.13141
0.11659
0.07693
0.18687
0.30102
0.32926
0.16137
0.19890
0.11765
0.11325
0.10844
0.10061
0.20538
0.31855
0.09224
0.15846
0.17423
0.21333
0.16998
0.32851
0.07840
0.28294
0.16911
0.06219
0.18606
0.59189
0.09393
0.09110
0.13083
0.11960
0.20681
0.17686
0.13208
0.12915
0.46455
0.24334
0.06670
0.21608
0.17363
0.09350
0.22881
0.11961
0.11240
0.13528
0.09372
0.10505
0.11494
0.12760
0.17916
0.20684
0.37528
0.48687
0.11838
0.77405
0.09631
0.17091
0.13326
0.09862
0.13945
0.12482
0.27940
0.21284
0.12376
0.28728
0.19917
0.53683
0.27982
0.17605
0.10103
0.13582
0.35930
0.16160
0.06241
0.20697
0.62300
0.14317
0.13549
0.19297
0.23128
0.19812
0.15420
0.10817
0.23122
0.17576
0.10937
0.11952
0.11901
0.17277
0.19445
0.17839
0.28547
0.19530
0.20797
0.25902
0.19970
0.24796
0.21096
0.12346
0.26643
0.11724
0.27510
0.26980
0.13523
0.09198
0.29541
0.13503
0.24497
0.12576
0.19355
0.13514
0.25700
0.10309
0.23508
0.18680
0.21293
0.23455
0.25199
0.18291
0.20591
0.22267
0.27128
0.28440
0.08873
0.20883
0.24280
0.29827
0.58923
0.19032
0.29641
0.22792
0.76963
0.29318
0.05851
0.31391
0.17839
0.09696
0.21345
0.21256
0.23097
0.16609
0.21408
0.27465
0.05357
0.13260
0.16230
0.18113
0.18924
0.30040
0.28460
0.20003
0.18425
0.22297
0.10249
0.25383
0.10863
0.17440
0.27143
0.28916
0.10618
0.15370
0.13221
0.20253
0.18316
0.28151
0.11405
0.13651
0.40329
0.26778
0.20947
0.25802
0.23034
0.12628
0.17104
0.22442
0.12858
0.25066
0.62231
0.23890
0.19013
0.19965
0.11962
0.26799
0.05036
0.29163
0.18567
0.17065
0.07126
0.10015
0.08175
0.22928
0.06097
0.10142
0.16434
0.31389
0.38658
0.28973
0.18863
0.14154
0.22208
0.10844
0.10916
0.28295
0.20003
0.20657
0.21581
0.29434
0.11537
0.09227
0.15637
0.16451
0.13015
0.11962
0.27288
0.27107
0.17500
0.16439
0.07106
0.19890
0.14839
0.23167
0.17699
0.19515
0.19159
0.11962
0.16270
0.12904
0.09175
0.16528
0.30318
0.10771
0.11505
0.18752
0.45566
0.10849
0.27307
0.20193
0.19058
0.18137
0.09502
0.14180
0.17000
0.16736
0.13103
0.19019
0.24197
0.10641
0.08919
0.32740
0.17768
0.16504
0.17078
0.18179
0.24756
0.40636
0.09938
0.20793
0.41284
0.09383
0.27549
0.18147
0.07338
0.37236
0.26318
0.16437
0.21328
0.08325
0.17905
0.16047
0.14313
0.23589
0.17579
0.37480
0.12327
0.32232
0.21085
0.16070
0.24426
0.23411
0.19616
0.05946
0.14726
0.16916
0.06891
0.49148
0.16954
0.14403
0.30998
0.14176
0.20816
0.07810
0.20166
0.29057
0.22615
0.22168
0.19598
0.12804
0.18852
0.20976
0.12049
0.15886
0.28109
0.22792
0.21271
0.21206
0.29349
0.09676
0.24805
0.21144
0.20351
0.25395
0.35309
0.11357
0.16205
0.63167
0.20163
0.09266
0.07925
0.08902
0.12804
0.16519
0.14200
0.19035
0.07349
0.13087
0.19976
0.05641
0.20879
0.08256
0.19768
0.10839
0.22953
0.18656
0.23732
0.19544
0.25560
0.22631
0.20403
0.26369
0.16277
0.20402
0.18009
0.17289
0.20926
0.09182
0.51120
0.08867
0.17731
0.32221
0.15964
0.41839
0.10992
0.23131
0.06434
0.20640
0.07653
0.21649
0.13686
0.20978
0.19165
0.13200
0.14824
0.25563
0.36892
0.19825
0.12113
0.08230
0.05773
0.11368
0.13015
0.07037
0.09411
0.39496
0.12121
0.06574
0.29502
0.06932
0.12749
0.23181
0.05851
0.14959
0.11660
0.07123
0.14962
0.10116
0.05059
0.22172
0.20624
0.13035
0.07188
0.11540
0.08491
0.09615
0.18261
0.18950
0.14464
0.05298
0.08744
0.05626
0.08523
0.16921
0.05434
0.26019
0.07078
0.06951
0.18592
0.10357
0.11034
0.06294
0.10251
0.06329
0.07454
0.06490
0.06395
0.17851
0.15051
0.22424
0.09274
0.26345
0.10893
0.06760
0.06776
0.37635
0.19137
0.06175
0.14203
0.20003
0.10718
0.11247
0.17922
0.18254
0.10881
0.21547
0.16586
0.08981
0.34590
0.08717
0.09270
0.05929
0.21206
0.29645
0.09560
0.22190
0.25175
0.23718
0.17110
0.20664
0.18296
0.19515
0.20725
0.21191
0.12185
0.10402
0.27879
0.12096
0.28944
0.19816
0.16667
0.28020
0.25827
0.17500
0.13662
0.31672
0.13528
0.31663
0.20895
0.20893
0.13928
0.16965
0.10142
0.23028
0.24351
0.16452
0.19214
0.24085
0.18671
0.19732
0.06872
0.19355
0.37082
0.05945
0.57554
0.21926
0.10323
0.25244
0.20784
0.10839
0.17293
0.17672
0.09266
0.15177
0.29600
0.06806
0.25012
0.22881
0.07103
0.14329
0.18128
0.12679
0.20505
0.22020
0.07826
0.19228
0.15150
0.19325
0.10158
0.19419
0.16094
0.18793
0.16670
0.07233
0.58471
0.20635
0.06699
0.38902
0.14212
0.21612
0.50269
0.24334
0.24895
0.16043
0.18380
0.16156
0.15886
0.14535
0.06588
0.16104
0.36892
0.20243
0.06692
0.31005
0.20555
0.11599
0.09999
0.04435
0.23072
0.14122
0.07388
0.22304
0.28343
0.10178
0.21896
0.19578
0.19645
0.10316
0.06659
0.33781
0.20066
0.16178
0.15757
0.07118
0.25987
0.14183
0.05219
0.25804
0.16694
0.07122
0.06295
0.21980
0.04994
0.22217
0.06374
0.14306
0.17124
0.06503
0.07451
0.12303
0.48203
0.04121
0.11047
0.31416
0.12716
0.55620
0.07741
0.19013
0.14588
0.26318
0.06464
0.16901
0.20190
0.43959
0.04853
0.09876
0.10867
0.18652
0.20638
0.32530
0.10357
0.06635
0.17863
0.09814
0.13846
0.06179
0.31166
0.23549
0.07242
0.15299
0.16267
0.23883
0.38434
0.15701
0.22048
0.14767
0.05851
0.22792
0.14854
0.05860
0.20031
0.10976
0.24656
0.64213
0.45926
0.11561
0.17292
0.07267
0.24970
0.06190
0.07754
0.19879
0.11500
0.11582
0.05952
0.31782
0.19701
0.20774
0.09289
0.10322
0.26653
0.07109
0.14412
0.31957
0.18631
0.10978
0.07498
0.07311
0.08673
0.07944
0.07933
0.26643
0.23421
0.05769
0.15631
0.07290
0.06692
0.17298
0.10381
0.04744
0.13783
0.06343
0.10948
0.10634
0.14562
0.21745
0.31893
0.07737
0.06053
0.18905
0.48571
0.08661
0.05565
0.30029
0.22013
0.46082
0.11874
0.31086
0.14913
0.17635
0.05934
0.35443
0.06878
0.36944
0.19005
0.06169
0.18901
0.57040
0.26663
0.19602
0.25872
0.07280
0.19646
0.18733
0.06742
0.18261
0.14892
0.16802
0.30774
0.05382
0.09148
0.18097
0.29222
0.25507
0.17202
0.33187
0.16266
0.17661
0.17814
0.15834
0.24431
0.14755
0.18817
0.21793
0.06617
0.15526
0.06856
0.16910
0.08303
0.05728
0.08142
0.12504
0.24558
0.18193
0.08290
0.28978
0.05221
0.14151
0.31672
0.18801
0.28104
0.10747
0.13443
0.12880
0.10010
0.14889
0.21593
0.67896
0.28501
0.05038
0.04985
0.21056
0.19213
0.14693
0.10762
0.06063
0.09667
0.04242
0.14636
0.28603
0.10750
0.07992
0.25264
0.12509
0.12681
0.23163
0.31029
0.40588
0.10526
0.22200
0.14704
0.23297
0.20175
0.13487
0.04452
0.27952
0.14000
0.17682
0.06564
0.11829
0.15360
0.19501
0.13820
0.14898
0.10933
0.05448
0.11697
0.26938
0.18709
0.09315
0.14252
0.16774
0.10432
0.09025
0.22595
0.17420
0.16520
0.16588
0.12675
0.11137
0.13699
0.13019
0.19952
0.23609
0.15037
0.46472
0.09210
0.27927
0.26808
0.10802
0.16397
0.13071
0.26312
0.31203
0.08710
0.14610
0.11503
0.18254
0.21753
0.42547
0.31095
0.11991
0.11896
0.10153
0.19192
0.25901
0.18746
0.15654
0.34938
0.20596
0.23132
0.14147
0.10522
0.18831
0.18911
0.07157
0.09971
0.10919
0.53948
0.09025
0.31760
0.23874
0.24619
0.18467
0.21354
0.33618
0.10609
0.17804
0.17315
0.22266
0.14343
0.10689
0.27924
0.16440
0.06180
0.65542
0.20104
0.22062
0.09620
0.24193
0.11074
0.08095
0.18844
0.08153
0.15002
0.40927
0.08602
0.19232
0.22263
0.15839
0.17174
0.24065
0.10732
0.16363
0.15903
0.18263
0.13182
0.15652
0.27818
0.17017
0.15717
0.09069
0.08469
0.29928
0.24202
0.23730
0.21121
0.09533
0.24085
0.45233
0.15078
0.21254
0.13751
0.39724
0.12451
0.26754
0.17098
0.12037
0.19516
0.20596
0.12397
0.23903
0.62700
0.23868
0.28572
0.15346
0.25049
0.08757
0.18495
0.21648
0.18255
0.30949
0.17838
0.59186
0.21711
0.09914
0.64951
0.19701
0.26957
0.13205
0.46944
0.22963
0.24475
0.22989
0.26646
0.15512
0.05854
0.09504
0.20732
0.08254
0.20903
0.19879
0.20059
0.12964
0.09566
0.14460
0.19543
0.19738
0.14162
0.06404
0.10326
0.22134
0.09148
0.13728
0.13313
0.18368
0.32909
0.21392
0.11459
0.16747
0.62498
0.22688
0.67250
0.19015
0.18230
0.25128
0.10554
0.05727
0.08598
0.71605
0.08324
0.16130
0.10086
0.20088
0.05678
0.14200
0.12402
0.23429
0.19449
0.06654
0.26457
0.15041
0.17725
0.17057
0.17105
0.12412
0.26490
0.18035
0.11574
0.27258
0.31010
0.25221
0.17938
0.19380
0.17994
0.19628
0.07542
0.10719
0.18029
0.28578
0.12051
0.24777
0.18381
0.54974
0.19182
0.23139
0.10355
0.22777
0.11188
0.06155
0.15166
0.28857
0.21208
0.13758
0.29592
0.20457
0.05737
0.18063
0.25126
0.28671
0.22983
0.19489
0.20933
0.07341
0.25136
0.18234
0.23267
0.21971
0.19654
0.11295
0.27957
0.07436
0.10379
0.26543
0.08016
0.23092
0.10076
0.18035
0.26703
0.09141
0.20618
0.09710
0.10921
0.59725
0.15817
0.18869
0.20162
0.13710
0.19197
0.12121
0.53570
0.27390
0.15110
0.18159
0.10752
0.13740
0.24535
0.07931
0.20756
0.11347
0.09421
0.09883
0.21660
0.15036
0.36284
0.24027
0.11901
0.73402
0.13851
0.16638
0.20339
0.41427
0.09706
0.13607
0.21090
0.21854
0.23839
0.18569
0.24465
0.10827
0.16990
0.16996
0.19548
0.14869
0.40249
0.18839
0.19165
0.15552
0.16396
0.09115
0.09723
0.07634
0.06736
0.21588
0.14481
0.09016
0.34392
0.35521
0.07772
0.25986
0.31055
0.11935
0.06375
0.08182
0.16426
0.22334
0.24268
0.13220
0.21854
0.22149
0.14230
0.08710
0.07754
0.45817
0.07257
0.07850
0.57755
0.18632
0.08775
0.09492
0.24776
0.51156
0.10153
0.05838
0.13697
0.15159
0.25951
0.24306
0.15028
0.08101
0.39016
0.16346
0.10956
0.14305
0.31629
0.28296
0.22772
0.15732
0.45231
0.18676
0.10579
0.22493
0.24729
0.11016
0.08915
0.08111
0.25867
0.18730
0.19521
0.14719
0.31478
0.26913
0.17758
0.14542
0.25823
0.14531
0.13243
0.20223
0.10992
0.15524
0.11567
0.19893
0.40550
0.14116
0.19847
0.16101
0.26339
0.17834
0.58871
0.45849
0.17613
0.39613
0.12884
0.21238
0.07051
0.26738
0.07680
0.09225
0.33641
0.14472
0.09948
0.32135
0.11184
0.06492
0.10275
0.38450
0.11506
0.12450
0.08253
0.32008
0.06140
0.17091
0.08211
0.13834
0.31272
0.12282
0.42798
0.16581
0.16668
0.61423
0.10135
0.12301
0.12139
0.24342
0.20718
0.09806
0.13740
0.33868
0.42373
0.27155
0.10082
0.54992
0.18822
0.08308
0.16899
0.07288
0.24253
0.18723
0.18035
0.16015
0.42968
0.18500
0.14359
0.23734
0.18882
0.14507
0.15661
0.15508
0.13766
0.33905
0.14628
0.26306
0.08328
0.18260
0.21413
0.17509
0.11078
0.20230
0.25861
0.24905
0.08640
0.07110
0.39231
0.15393
0.13645
0.14696
0.10694
0.20003
0.14004
0.10183
0.23243
0.25578
0.11333
0.33313
0.10920
0.09760
0.07647
0.13537
0.12711
0.13637
0.16340
0.13765
0.14153
0.21146
0.19563
0.46401
0.04961
0.22152
0.20801
0.07652
0.06429
0.20032
0.09576
0.18489
0.19066
0.19060
0.21921
0.22287
0.14263
0.07615
0.08635
0.44858
0.14193
0.24573
0.21946
0.18820
0.13118
0.13912
0.16219
0.05830
0.15068
0.23892
0.16299
0.06675
0.10932
0.12173
0.26585
0.21009
0.14471
0.13940
0.21548
0.11534
0.18694
0.13008
0.15968
0.33409
0.12888
0.17652
0.15832
0.16308
0.11282
0.08222
0.25926
0.32653
0.21026
0.18378
0.19428
0.10522
0.08629
0.07520
0.06682
0.33901
0.21173
0.36892
0.09159
0.14961
0.21488
0.35925
0.13276
0.18970
0.19358
0.19036
0.26104
0.62953
0.15298
0.23168
0.15299
0.18902
0.12113
0.19595
0.13958
0.20431
0.07841
0.17586
0.23370
0.32617
0.10763
0.24197
0.11072
0.27367
0.25045
0.15158
0.21418
0.17382
0.16694
0.24772
0.42837
0.18618
0.09568
0.16649
0.10089
0.05886
0.23533
0.26454
0.13116
0.30632
0.25601
0.18657
0.17682
0.27383
0.11055
0.17510
0.19231
0.27390
0.20912
0.10612
0.24552
0.43095
0.17232
0.09901
0.21520
0.34252
0.19056
0.15109
0.15004
0.18097
0.05983
0.11142
0.32471
0.12384
0.08126
0.16870
0.12209
0.19879
0.34769
0.10347
0.15008
0.17575
0.21775
0.22670
0.06291
0.16194
0.13199
0.08230
0.10247
0.13332
0.13596
0.30403
0.08682
0.11454
0.16126
0.31915
0.14390
0.18205
0.40689
0.05934
0.27502
0.16200
0.12817
0.11090
0.08900
0.07755
0.13286
0.14367
0.26087
0.61297
0.22208
0.10100
0.18583
0.15830
0.13132
0.35602
0.24894
0.19433
0.18730
0.08744
0.36625
0.27965
0.14911
0.10054
0.23856
0.19490
0.07669
0.21502
0.04976
0.11401
0.13460
0.24851
0.15325
0.17181
0.29619
0.07470
0.14308
0.20848
0.29833
0.18261
0.14212
0.14904
0.14604
0.07995
0.08238
0.25929
0.11029
0.23871
0.20481
0.26799
0.22192
0.09530
0.36567
0.14387
0.08721
0.24766
0.38124
0.08389
0.12233
0.21101
0.14921
0.18711
0.10714
0.22937
0.13378
0.07820
0.15775
0.13778
0.21801
0.14984
0.13253
0.16938
0.14185
0.17474
0.18441
0.10033
0.20444
0.17409
0.13051
0.19117
0.18676
0.64668
0.62837
0.30513
0.18259
0.13497
0.08939
0.12253
0.13310
0.18607
0.17087
0.25627
0.07131
0.35295
0.11514
0.50801
0.21056
0.37445
0.31733
0.07272
0.09822
0.09695
0.06272
0.11664
0.07465
0.21106
0.18400
0.10041
0.11934
0.14350
0.17708
0.11987
0.16994
0.17646
0.21707
0.13266
0.09528
0.18577
0.67804
0.11214
0.14267
0.20172
0.13432
0.12604
0.09300
0.07470
0.11857
0.11237
0.21010
0.10606
0.24350
0.20483
0.08124
0.17929
0.14368
0.07752
0.23119
0.32663
0.05410
0.22264
0.21797
0.10173
0.06008
0.29271
0.19778
0.17206
0.08855
0.24743
0.20491
0.12203
0.10327
0.15471
0.16894
0.14373
0.08670
0.34319
0.06323
0.10638
0.19297
0.28698
0.19955
0.16401
0.14553
0.08001
0.12340
0.15343
0.43365
0.22196
0.29173
0.19206
0.14948
0.06880
0.16533
0.30258
0.09162
0.13651
0.18584
0.09294
0.10444
0.09537
0.13905
0.19334
0.12161
0.13455
0.22248
0.08334
0.23145
0.09724
0.25842
0.15230
0.19321
0.19977
0.10010
0.15414
0.29074
0.15515
0.14754
0.24530
0.09478
0.19201
0.17858
0.26536
0.23264
0.18933
0.09399
0.26105
0.25081
0.17386
0.16738
0.24120
0.16083
0.31195
0.11225
0.23511
0.10459
0.28788
0.27925
0.23711
0.13551
0.28474
0.28806
0.14039
0.30173
0.21903
0.19232
0.14659
0.12661
0.06646
0.12616
0.17190
0.19086
0.09098
0.08105
0.25767
0.20323
0.13491
0.10134
0.07512
0.21260
0.35295
0.27620
0.14030
0.17721
0.17448
0.16590
0.28322
0.18173
0.31347
0.10599
0.18836
0.18357
0.22068
0.15160
0.18754
0.09700
0.14005
0.15831
0.25030
0.22575
0.44908
0.11102
0.27816
0.17534
0.13642
0.27795
0.10833
0.10391
0.11287
0.33310
0.19021
0.14790
0.18099
0.54190
0.18576
0.21243
0.14030
0.17919
0.05690
0.10417
0.15710
0.38855
0.38337
0.16322
0.41215
0.26454
0.10611
0.14144
0.18080
0.18610
0.06870
0.08249
0.24446
0.14940
0.08940
0.13239
0.10711
0.15462
0.07650
0.11630
0.15096
0.32197
0.11746
0.17892
0.18858
0.16417
0.06034
0.15521
0.13374
0.10880
0.10170
0.07394
0.20130
0.17214
0.09871
0.11843
0.36866
0.10734
0.10769
0.09349
0.20547
0.17435
0.24512
0.16219
0.15427
0.16798
0.06590
0.27138
0.18217
0.16130
0.20375
0.24190
0.09418
0.11976
0.06140
0.06627
0.18176
0.18509
0.07461
0.08708
0.12434
0.08435
0.40113
0.10248
0.17767
0.11665
0.09971
0.12032
0.16801
0.10566
0.16821
0.19473
0.11002
0.17632
0.09414
0.08840
0.13708
0.19913
0.11302
0.10377
0.14322
0.17008
0.11207
0.16062
0.10976
0.22483
0.08689
0.24870
0.35923
0.18172
0.19396
0.19917
0.09028
0.38101
0.12317
0.09720
0.62953
0.16222
0.51186
0.17287
0.11456
0.05549
0.15543
0.17222
0.16123
0.05761
0.18726
0.14053
0.40223
0.24064
0.21190
0.09621
0.20128
0.23494
0.47744
0.13808
0.10068
0.15313
0.07554
0.08262
0.12201
0.30317
0.08604
0.11447
0.20145
0.18648
0.13292
0.17632
0.08365
0.19237
0.23216
0.09721
0.10632
0.31581
0.12668
0.10350
0.08779
0.19005
0.11455
0.19231
0.08790
0.22033
0.07446
0.12747
0.12157
0.09435
0.29592
0.27042
0.15038
0.18513
0.13703
0.07915
0.16409
0.11818
0.22680
0.24746
0.10875
0.12415
0.20784
0.08784
0.15353
0.19337
0.17784
0.28116
0.36567
0.25948
0.15596
0.10546
0.10238
0.21674
0.24263
0.16874
0.15495
0.27295
0.37058
0.16790
0.10848
0.11296
0.13722
0.09567
0.16067
0.06875
0.20478
0.29610
0.09732
0.13427
0.09825
0.26901
0.07482
0.10278
0.17493
0.26185
0.38501
0.18869
0.07692
0.07080
0.19200
0.09559
0.16380
0.11474
0.10228
0.10831
0.17527
0.09375
0.19090
0.12315
0.07343
0.15385
0.06550
0.17500
0.27289
0.23020
0.09242
0.21779
0.14311
0.24452
0.10407
0.18353
0.36261
0.13941
0.06964
0.35671
0.10441
0.10706
0.10274
0.17510
0.10252
0.15804
0.09333
0.16132
0.15313
0.29731
0.16145
0.06695
0.19772
0.11493
0.09351
0.43227
0.12620
0.13020
0.11779
0.21679
0.11590
0.29961
0.11255
0.27006
0.16047
0.22434
0.38449
0.10768
0.20215
0.06602
0.29862
0.09363
0.19083
0.19920
0.18299
0.05437
0.61330
0.13363
0.11725
0.32104
0.09477
0.12490
0.42321
0.19404
0.10054
0.07387
0.22323
0.10723
0.20146
0.40587
0.26946
0.08341
0.21315
0.22821
0.60432
0.33610
0.11214
0.08199
0.28304
0.42904
0.12694
0.33121
0.15231
0.66744
0.63916
0.18865
0.12102
0.17413
0.17340
0.44598
0.16021
0.26695
0.12707
0.28300
0.48887
0.17596
0.08868
0.20528
0.21999
0.08591
0.17686
0.23702
0.12567
0.25839
0.08464
0.09847
0.27390
0.22680
0.10160
0.17491
0.24793
0.07880
0.10072
0.10193
0.62393
0.21017
0.20414
0.12386
0.07984
0.12863
0.13153
0.28592
0.59106
0.18117
0.26535
0.16319
0.23980
0.12711
0.15576
0.23547
0.26239
0.09056
0.25394
0.20982
0.10900
0.08565
0.26288
0.18498
0.26754
0.16370
0.13124
0.16638
0.12024
0.23240
0.28399
0.10376
0.13567
0.09864
0.12676
0.18471
0.06388
0.19488
0.11910
0.24954
0.11007
0.13302
0.12558
0.16922
0.12470
0.10903
0.10993
0.49764
0.09837
0.12393
0.08849
0.14974
0.39463
0.24025
0.08354
0.23240
0.13749
0.09194
0.36169
0.25073
0.12343
0.07973
0.14515
0.19600
0.32663
0.08610
0.38654
0.27998
0.21551
0.15549
0.21182
0.24758
0.08463
0.19971
0.22280
0.42042
0.10275
0.14503
0.11971
0.15669
0.29390
0.38474
0.20689
0.28255
0.12352
0.08241
0.22003
0.22789
0.08204
0.24323
0.19082
0.54458
0.19403
0.05994
0.15806
0.21068
0.23706
0.25398
0.47400
0.16472
0.31634
0.23609
0.38871
0.57309
0.07594
0.18681
0.10896
0.16227
0.09297
0.38164
0.10289
0.18654
0.24187
0.11161
0.21383
0.09908
0.25138
0.09066
0.28370
0.11174
0.14123
0.21478
0.07829
0.09812
0.28849
0.15451
0.25260
0.07331
0.16981
0.21392
0.17308
0.18023
0.09890
0.19181
0.11852
0.13052
0.44860
0.26157
0.21016
0.10527
0.16223
0.08354
0.12676
0.17446
0.15412
0.22933
0.28261
0.14564
0.10055
0.21535
0.11317
0.15106
0.09369
0.07677
0.24583
0.16162
0.20671
0.16073
0.15930
0.19347
0.09656
0.10878
0.61629
0.12226
0.28334
0.10768
0.24783
0.11298
0.19994
0.12629
0.13910
0.21113
0.17423
0.13389
0.16468
0.15468
0.14330
0.14411
0.22829
0.18394
0.14603
0.38855
0.17913
0.10357
0.28381
0.34033
0.14712
0.06951
0.16599
0.20039
0.23184
0.10899
0.64047
0.64316
0.24726
0.09541
0.06667
0.22889
0.17563
0.23722
0.08661
0.18339
0.23162
0.11671
0.15076
0.22748
0.24498
0.22323
0.25615
0.13720
0.15744
0.21727
0.19250
0.55254
0.20563
0.09305
0.24554
0.11379
0.09607
0.14491
0.21685
0.20316
0.09336
0.12967
0.17611
0.23187
0.22909
0.27013
0.17230
0.20669
0.13175
0.17646
0.55674
0.12760
0.10708
0.33172
0.12273
0.33552
0.20633
0.15657
0.13547
0.21477
0.15369
0.20930
0.20192
0.11193
0.18910
0.15343
0.10822
0.29896
0.17946
0.19751
0.08900
0.09340
0.27212
0.17993
0.18310
0.35019
0.09107
0.17611
0.12200
0.10843
0.20463
0.15762
0.23520
0.72559
0.20772
0.24523
0.26201
0.30743
0.32877
0.14949
0.06228
0.18102
0.14537
0.18540
0.20762
0.23162
0.31361
0.18245
0.38294
0.29299
0.42654
0.12593
0.15683
0.14404
0.27240
0.10373
0.28763
0.20837
0.26165
0.55180
0.14099
0.22848
0.19194
0.14542
0.17695
0.33170
0.21815
0.19442
0.23137
0.15754
0.28201
0.16696
0.18120
0.23280
0.24821
0.46652
0.17475
0.20862
0.15678
0.26046
0.16171
0.22685
0.19035
0.18903
0.11152
0.23050
0.14092
0.13127
0.15761
0.51186
0.21958
0.11551
0.21680
0.17409
0.06187
0.20251
0.12013
0.16378
0.07128
0.22841
0.09542
0.15947
0.13830
0.17905
0.11860
0.24819
0.16383
0.19583
0.19034
0.17758
0.17852
0.22834
0.15739
0.16197
0.18352
0.14090
0.30750
0.20754
0.27080
0.18272
0.28155
0.38409
0.14726
0.11128
0.16995
0.19019
0.21164
0.10367
0.24926
0.19548
0.34127
0.19565
0.20009
0.12390
0.08296
0.14167
0.16505
0.17381
0.09972
0.44567
0.24266
0.17541
0.08064
0.12259
0.08412
0.19387
0.16209
0.17239
0.16331
0.14170
0.07656
0.25273
0.12865
0.15094
0.17512
0.38974
0.14467
0.29973
0.32237
0.43986
0.09583
0.29231
0.06366
0.39204
0.10925
0.19201
0.17690
0.24535
0.15876
0.15127
0.24690
0.13940
0.09055
0.18418
0.28588
0.19004
0.37735
0.25273
0.09066
0.20375
0.11094
0.17624
0.10513
0.11708
0.16074
0.36521
0.19535
0.26140
0.35017
0.17840
0.22348
0.19166
0.08676
0.10870
0.14940
0.24284
0.09889
0.20924
0.19505
0.09948
0.17552
0.25621
0.17330
0.17612
0.15531
0.21104
0.21343
0.12699
0.29796
0.39032
0.13265
0.23526
0.11813
0.09727
0.24673
0.40114
0.25920
0.27506
0.32606
0.11910
0.07087
0.19722
0.12109
0.15517
0.11304
0.28593
0.16561
0.12125
0.23511
0.22028
0.05870
0.16746
0.22301
0.53088
0.24347
0.19751
0.22624
0.18017
0.20922
0.08455
0.16926
0.10927
0.10243
0.14227
0.44224
0.65090
0.44533
0.20217
0.17202
0.23183
0.13020
0.12626
0.17301
0.15155
0.17647
0.16744
0.16850
0.12091
0.11767
0.10361
0.18792
0.19810
0.14098
0.40165
0.36509
0.19754
0.14444
0.14025
0.12452
0.15123
0.09257
0.19495
0.15084
0.11105
0.07087
0.39467
0.32848
0.13937
0.18695
0.13209
0.23830
0.09816
0.11974
0.10718
0.22765
0.09744
0.23465
0.26314
0.12667
0.13775
0.16721
0.14941
0.11266
0.12812
0.14676
0.15023
0.15034
0.15192
0.29973
0.23566
0.08126
0.17110
0.09228
0.10880
0.06673
0.16595
0.23545
0.24060
0.14407
0.26738
0.20636
0.11863
0.18102
0.15948
0.18577
0.11893
0.09410
0.16175
0.29681
0.09885
0.14028
0.20234
0.12996
0.14654
0.11967
0.14077
0.30904
0.10901
0.20866
0.13828
0.16669
0.20717
0.32263
0.14165
0.17616
0.08964
0.34831
0.13267
0.16874
0.18925
0.24272
0.12328
0.34033
0.07101
0.17874
0.18824
0.27046
0.21201
0.25139
0.30550
0.14506
0.19846
0.31622
0.21902
0.20880
0.18358
0.23169
0.12739
0.15594
0.17756
0.07388
0.16917
0.20217
0.25887
0.19536
0.21281
0.21305
0.16874
0.09987
0.31297
0.16819
0.19777
0.18207
0.11076
0.25801
0.07126
0.13669
0.23901
0.25992
0.24719
0.11191
0.22610
0.35829
0.32446
0.25942
0.17352
0.51705
0.05851
0.18407
0.08304
0.12343
0.21278
0.27158
0.20764
0.07819
0.17345
0.13026
0.23881
0.31894
0.14527
0.20206
0.25216
0.15916
0.16742
0.39832
0.14056
0.08063
0.15645
0.30825
0.09853
0.12991
0.59925
0.20359
0.22482
0.33331
0.42728
0.09293
0.10799
0.16882
0.22279
0.30441
0.10505
0.09555
0.28357
0.26099
0.06029
0.06592
0.62953
0.17020
0.25299
0.34593
0.22693
0.13772
0.05582
0.10189
0.18416
0.21156
0.13736
0.34459
0.09727
0.24142
0.12026
0.16069
0.24928
0.07978
0.16700
0.18028
0.22208
0.30221
0.13354
0.66308
0.16121
0.20311
0.14011
0.08524
0.08402
0.18959
0.35246
0.10985
0.36918
0.45246
0.18602
0.09321
0.11102
0.36918
0.45196
0.11613
0.28536
0.09368
0.20090
0.10439
0.18006
0.12126
0.19963
0.14243
0.13008
0.13011
0.15694
0.16431
0.15443
0.08287
0.33877
0.18188
0.19830
0.10125
0.15948
0.24176
0.12590
0.38755
0.18859
0.14960
0.25116
0.19812
0.31829
0.18573
0.10038
0.19371
0.22044
0.17625
0.17448
0.12379
0.11675
0.11949
0.20491
0.10288
0.18301
0.20094
0.19652
0.20020
0.12723
0.12792
0.61900
0.14400
0.11562
0.12951
0.12999
0.12220
0.12734
0.30280
0.08309
0.12578
0.13058
0.15255
0.20994
0.15959
0.08088
0.11556
0.09609
0.21284
0.25543
0.23903
0.15186
0.13731
0.18240
0.61900
0.61900
0.39913
0.15919
0.15711
0.20280
0.15334
0.10064
0.40249
0.18037
0.11232
0.15235
0.15071
0.29385
0.16996
0.15948
0.19548
0.14909
0.14808
0.13128
0.16010
0.13588
0.19138
0.42087
0.19652
0.17397
0.15555
0.13946
0.48022
0.14818
0.13725
0.20776
0.15231
0.16665
0.14477
0.17351
0.22166
0.07426
0.08288
0.13479
0.61900
0.16780
0.12451
0.12153
0.19933
0.16172
0.14526
0.09714
0.10483
0.10581
0.10942
0.15131
0.17997
0.13899
0.18502
0.17247
0.14122
0.15861
0.09767
0.14699
0.15215
0.13261
0.13658
0.09631
0.10853
0.11869
0.12286
0.50305
0.14899
0.15467
0.25695
0.14336
0.11761
0.09966
0.17683
0.17464
0.13364
0.07832
0.13329
0.15896
0.11429
0.18192
0.10389
0.11692
0.11605
0.17775
0.15746
0.08178
0.17446
0.36926
0.20080
0.13261
0.09458
0.37741
0.18159
0.08278
0.11483
0.31605
0.16241
0.15941
0.24570
0.11108
0.12126
0.31189
0.10064
0.13459
0.42868
0.15876
0.22715
0.14367
0.19394
0.10055
0.15087
0.27086
0.13162
0.29809
0.13162
0.23432
0.10347
0.19739
0.13514
0.15130
0.14838
0.10776
0.13945
0.18218
0.12388
0.12337
0.24749
0.13466
0.10187
0.12954
0.27075
0.12103
0.19912
0.15658
0.19297
0.21483
0.12687
0.14933
0.23147
0.28680
0.10866
0.15633
0.19742
0.17372
0.13739
0.19174
0.13269
0.13495
0.15214
0.15567
0.20587
0.31504
0.10313
0.14273
0.22166
0.15590
0.13288
0.18124
0.25635
0.47538
0.21615
0.20442
0.11605
0.27708
0.21209
0.39617
0.18927
0.24780
0.27769
0.09926
0.08962
0.15561
0.18663
0.21744
0.14958
0.06710
0.22210
0.13268
0.13690
0.15405
0.23326
0.16357
0.23578
0.14767
0.22887
0.15448
0.65090
0.05086
0.26388
0.10591
0.11139
0.11638
0.32636
0.11829
0.16996
0.14768
0.28699
0.08421
0.16312
0.26155
0.41853
0.19481
0.10724
0.19776
0.24049
0.26621
0.05831
0.32268
0.15619
0.21103
0.15096
0.36415
0.12863
0.16148
0.09895
0.09683
0.16819
0.17750
0.17376
0.25228
0.12882
0.16537
0.15591
0.13851
0.15818
0.60082
0.22936
0.14969
0.15822
0.20813
0.14069
0.36013
0.11191
0.20797
0.30725
0.14669
0.20608
0.20292
0.19665
0.16813
0.21310
0.35521
0.18663
0.34179
0.07356
0.22751
0.60082
0.16013
0.16382
0.27618
0.14890
0.17967
0.13358
0.14484
0.60082
0.16175
0.18755
0.26389
0.05740
0.29719
0.26345
0.18977
0.23346
0.14849
0.15162
0.11888
0.14933
0.22515
0.09746
0.26295
0.29552
0.14000
0.14382
0.14563
0.24777
0.23628
0.23374
0.13898
0.14971
0.12933
0.19790
0.11033
0.26317
0.14179
0.13298
0.30819
0.21697
0.14553
0.13032
0.16358
0.35180
0.13606
0.16528
0.17170
0.19436
0.23336
0.14741
0.14387
0.14965
0.38298
0.63305
0.12535
0.42278
0.22011
0.10799
0.26934
0.18519
0.63305
0.21890
0.11507
0.08340
0.08943
0.25131
0.16876
0.09557
0.12580
0.30443
0.21443
0.20716
0.21401
0.19858
0.12664
0.25016
0.16872
0.29803
0.13206
0.14185
0.42945
0.12167
0.63305
0.25631
0.17882
0.26282
0.26467
0.23323
0.21628
0.15746
0.09318
0.29814
0.18170
0.30063
0.14129
0.14451
0.07860
0.16443
0.51200
0.11827
0.26318
0.15328
0.21630
0.21217
0.22395
0.21867
0.18968
0.39254
0.17629
0.15070
0.21633
0.09329
0.31605
0.10389
0.65031
0.08278
0.11615
0.24727
0.15325
0.13314
0.14085
0.65031
0.65031
0.23940
0.33370
0.08207
0.18925
0.65031
0.22077
0.12091
0.62128
0.20633
0.62128
0.62128
0.21220
0.27274
0.16238
0.17296
0.19348
0.19241
0.31498
0.62128
0.60138
0.33156
0.33116
0.62128
0.12639
0.23789
0.42534
0.15958
0.62128
0.19323
0.07841
0.17582
0.48895
0.13051
0.11080
0.62128
0.13431
0.17923
0.65031
0.15641
0.29591
0.15385
0.25431
0.12088
0.65031
0.65031
0.18711
0.14239
0.65031
0.65031
0.15782
0.19436
0.21285
0.21348
0.11401
0.15812
0.60082
0.09417
0.26932
0.13494
0.16612
0.18000
0.13569
0.14941
0.23347
0.16507
0.13025
0.20278
0.14935
0.10849
0.51200
0.51200
