0.16435
0.15642
0.22933
0.22144
0.14928
0.10022
0.52291
0.19131
0.12503
0.20342
0.14918
0.22053
0.12877
0.20165
0.13621
0.22001
0.36651
0.18964
0.20049
0.20754
0.09245
0.59684
0.15917
0.14315
0.24720
0.11265
0.16970
0.09093
0.19435
0.08339
0.10698
0.19818
0.18976
0.08585
0.06670
0.11591
0.21645
0.81184
0.78301
0.80949
0.08234
0.08376
0.14058
0.85602
0.10652
0.27042
0.08781
0.14036
0.12142
0.12045
0.09009
0.13722
0.09555
0.06199
0.10900
0.06936
0.37795
0.17866
0.09030
0.09439
0.23188
0.15505
0.76871
0.34269
0.12863
0.10274
0.74620
0.09260
0.12611
0.09255
0.20198
0.16254
0.12100
0.81109
0.19097
0.18598
0.07974
0.07049
0.08256
0.31752
0.10741
0.18542
0.54562
0.20281
0.08362
0.09068
0.06385
0.06758
0.06211
0.77455
0.11093
0.12673
0.07870
0.19618
0.13599
0.73752
0.16116
0.21679
0.09232
0.05852
0.39800
0.11953
0.16435
0.15642
0.22933
0.22144
0.14928
0.10022
0.52291
0.19131
0.12503
0.20342
0.14918
0.22053
0.12877
0.20165
0.13621
0.22001
0.36651
0.18964
0.20049
0.20754
0.09245
0.59684
0.15917
0.14315
0.24720
0.11265
0.16970
0.09093
0.19435
0.08339
0.10698
0.19818
0.18976
0.08585
0.06670
0.11591
0.21645
0.81184
0.78301
0.80949
0.08234
0.08376
0.14058
0.85602
0.10652
0.27042
0.08781
0.14036
0.12142
0.12045
0.09009
0.13722
0.09555
0.06199
0.10900
0.06936
0.37795
0.17866
0.09030
0.09439
0.23188
0.15505
0.76871
0.34269
0.12863
0.10274
0.74620
0.09260
0.12611
0.09255
0.20198
0.16254
0.12100
0.81109
0.19097
0.18598
0.07974
0.07049
0.08256
0.31752
0.10741
0.18542
0.54562
0.20281
0.08362
0.09068
0.06385
0.06758
0.06211
0.77455
0.11093
0.12673
0.07870
0.19618
0.13599
0.73752
0.16116
0.21679
0.09232
0.05852
0.39800
0.11953
0.16435
0.15642
0.22933
0.22144
0.14928
0.10022
0.52291
0.19131
0.12503
0.20342
0.14918
0.22053
0.12877
0.20165
0.13621
0.22001
0.36651
0.18964
0.20049
0.20754
0.09245
0.59684
0.15917
0.14315
0.24720
0.11265
0.16970
0.09093
0.19435
0.08339
0.10698
0.19818
0.18976
0.08585
0.06670
0.11591
0.21645
0.81184
0.78301
0.80949
0.08234
0.08376
0.14058
0.85602
0.10652
0.27042
0.08781
0.14036
0.12142
0.12045
0.09009
0.13722
0.09555
0.06199
0.10900
0.06936
0.37795
0.17866
0.09030
0.09439
0.23188
0.15505
0.76871
0.34269
0.12863
0.10274
0.74620
0.09260
0.12611
0.09255
0.20198
0.16254
0.12100
0.81109
0.19097
0.18598
0.07974
0.07049
0.08256
0.31752
0.10741
0.18542
0.54562
0.20281
0.08362
0.09068
0.06385
0.06758
0.06211
0.77455
0.11093
0.12673
0.07870
0.19618
0.13599
0.73752
0.16116
0.21679
0.09232
0.05852
0.39800
0.11953
0.16435
0.15642
0.22933
0.22144
0.14928
0.10022
0.52291
0.19131
0.12503
0.20342
0.14918
0.22053
0.12877
0.20165
0.13621
0.22001
0.36651
0.18964
0.20049
0.20754
0.09245
0.59684
0.15917
0.14315
0.24720
0.11265
0.16970
0.09093
0.19435
0.08339
0.10698
0.19818
0.18976
0.08585
0.06670
0.11591
0.21645
0.81184
0.78301
0.80949
0.08234
0.08376
0.14058
0.85602
0.10652
0.27042
0.08781
0.14036
0.12142
0.12045
0.09009
0.13722
0.09555
0.06199
0.10900
0.06936
0.37795
0.17866
0.09030
0.09439
0.23188
0.15505
0.76871
0.34269
0.12863
0.10274
0.74620
0.09260
0.12611
0.09255
0.20198
0.16254
0.12100
0.81109
0.19097
0.18598
0.07974
0.07049
0.08256
0.31752
0.10741
0.18542
0.54562
0.20281
0.08362
0.09068
0.06385
0.06758
0.06211
0.77455
0.11093
0.12673
0.07870
0.19618
0.13599
0.73752
0.16116
0.21679
0.09232
0.05852
0.39800
0.11953
0.16435
0.15642
0.22933
0.22144
0.14928
0.10022
0.52291
0.19131
0.12503
0.20342
0.14918
0.22053
0.12877
0.20165
0.13621
0.22001
0.36651
0.18964
0.20049
0.20754
0.09245
0.59684
0.15917
0.14315
0.24720
0.11265
0.16970
0.09093
0.19435
0.08339
0.10698
0.19818
0.18976
0.08585
0.06670
0.11591
0.21645
0.81184
0.78301
0.80949
0.08234
0.08376
0.14058
0.85602
0.10652
0.27042
0.08781
0.14036
0.12142
0.12045
0.09009
0.13722
0.09555
0.06199
0.10900
0.06936
0.37795
0.17866
0.09030
0.09439
0.23188
0.15505
0.76871
0.34269
0.12863
0.10274
0.74620
0.09260
0.12611
0.09255
0.20198
0.16254
0.12100
0.81109
0.19097
0.18598
0.07974
0.07049
0.08256
0.31752
0.10741
0.18542
0.54562
0.20281
0.08362
0.09068
0.06385
0.06758
0.06211
0.77455
0.11093
0.12673
0.07870
0.19618
0.13599
0.73752
0.16116
0.21679
0.09232
0.05852
0.39800
0.11953
0.16435
0.15642
0.22933
0.22144
0.14928
0.10022
0.52291
0.19131
0.12503
0.20342
0.14918
0.22053
0.12877
0.20165
0.13621
0.22001
0.36651
0.18964
0.20049
0.20754
0.09245
0.59684
0.15917
0.14315
0.24720
0.11265
0.16970
0.09093
0.19435
0.08339
0.10698
0.19818
0.18976
0.08585
0.06670
0.11591
0.21645
0.81184
0.78301
0.80949
0.08234
0.08376
0.14058
0.85602
0.10652
0.27042
0.08781
0.14036
0.12142
0.12045
0.09009
0.13722
0.09555
0.06199
0.10900
0.06936
0.37795
0.17866
0.09030
0.09439
0.23188
0.15505
0.76871
0.34269
0.12863
0.10274
0.74620
0.09260
0.12611
0.09255
0.20198
0.16254
0.12100
0.81109
0.19097
0.18598
0.07974
0.07049
0.08256
0.31752
0.10741
0.18542
0.54562
0.20281
0.08362
0.09068
0.06385
0.06758
0.06211
0.77455
0.11093
0.12673
0.07870
0.19618
0.13599
0.73752
0.16116
0.21679
0.09232
0.05852
0.39800
0.11953
