0.14087
0.13587
0.05420
0.07126
0.07656
0.08043
0.33391
0.38716
0.05239
0.12676
0.25966
0.16165
0.32543
0.06988
0.06855
0.23490
0.12496
0.22845
0.31542
0.24457
0.08283
0.07481
0.06248
0.28668
0.08013
0.16685
0.05735
0.20184
0.05313
0.12534
0.13381
0.14685
0.22850
0.09419
0.05296
0.11858
0.15394
0.05854
0.05318
0.08212
0.06456
0.11881
0.28790
0.08890
0.08672
0.06566
0.09660
0.07017
0.07188
0.08377
0.08548
0.09508
0.16296
0.05601
0.10368
0.09257
0.23390
0.11422
0.05257
0.09761
0.18311
0.09009
0.09359
0.15232
0.09223
0.25076
0.05276
0.07589
0.08376
0.38807
0.31855
0.16033
0.05540
0.06305
0.16154
0.07110
0.08544
0.07769
0.24513
0.06832
0.15710
0.06511
0.08013
0.16070
0.22641
0.17609
0.11486
0.16462
0.24417
0.12776
0.06596
0.12646
0.09046
0.12222
0.08492
0.05903
0.15893
0.07263
0.26229
0.15480
0.09346
0.05313
0.14669
0.10669
0.24120
0.07121
0.14970
0.06988
0.08331
0.14087
0.13587
0.05420
0.07126
0.07656
0.08043
0.33391
0.38716
0.05239
0.12676
0.25966
0.16165
0.32543
0.06988
0.06855
0.23490
0.12496
0.22845
0.31542
0.24457
0.08283
0.07481
0.06248
0.28668
0.08013
0.16685
0.05735
0.20184
0.05313
0.12534
0.13381
0.14685
0.22850
0.09419
0.05296
0.11858
0.15394
0.05854
0.05318
0.08212
0.06456
0.11881
0.28790
0.08890
0.08672
0.06566
0.09660
0.07017
0.07188
0.08377
0.08548
0.09508
0.16296
0.05601
0.10368
0.09257
0.23390
0.11422
0.05257
0.09761
0.18311
0.09009
0.09359
0.15232
0.09223
0.25076
0.05276
0.07589
0.08376
0.38807
0.31855
0.16033
0.05540
0.06305
0.16154
0.07110
0.08544
0.07769
0.24513
0.06832
0.15710
0.06511
0.08013
0.16070
0.22641
0.17609
0.11486
0.16462
0.24417
0.12776
0.06596
0.12646
0.09046
0.12222
0.08492
0.05903
0.15893
0.07263
0.26229
0.15480
0.09346
0.05313
0.14669
0.10669
0.24120
0.07121
0.14970
0.06988
0.08331
0.14087
0.13587
0.05420
0.07126
0.07656
0.08043
0.33391
0.38716
0.05239
0.12676
0.25966
0.16165
0.32543
0.06988
0.06855
0.23490
0.12496
0.22845
0.31542
0.24457
0.08283
0.07481
0.06248
0.28668
0.08013
0.16685
0.05735
0.20184
0.05313
0.12534
0.13381
0.14685
0.22850
0.09419
0.05296
0.11858
0.15394
0.05854
0.05318
0.08212
0.06456
0.11881
0.28790
0.08890
0.08672
0.06566
0.09660
0.07017
0.07188
0.08377
0.08548
0.09508
0.16296
0.05601
0.10368
0.09257
0.23390
0.11422
0.05257
0.09761
0.18311
0.09009
0.09359
0.15232
0.09223
0.25076
0.05276
0.07589
0.08376
0.38807
0.31855
0.16033
0.05540
0.06305
0.16154
0.07110
0.08544
0.07769
0.24513
0.06832
0.15710
0.06511
0.08013
0.16070
0.22641
0.17609
0.11486
0.16462
0.24417
0.12776
0.06596
0.12646
0.09046
0.12222
0.08492
0.05903
0.15893
0.07263
0.26229
0.15480
0.09346
0.05313
0.14669
0.10669
0.24120
0.07121
0.14970
0.06988
0.08331
0.14087
0.13587
0.05420
0.07126
0.07656
0.08043
0.33391
0.38716
0.05239
0.12676
0.25966
0.16165
0.32543
0.06988
0.06855
0.23490
0.12496
0.22845
0.31542
0.24457
0.08283
0.07481
0.06248
0.28668
0.08013
0.16685
0.05735
0.20184
0.05313
0.12534
0.13381
0.14685
0.22850
0.09419
0.05296
0.11858
0.15394
0.05854
0.05318
0.08212
0.06456
0.11881
0.28790
0.08890
0.08672
0.06566
0.09660
0.07017
0.07188
0.08377
0.08548
0.09508
0.16296
0.05601
0.10368
0.09257
0.23390
0.11422
0.05257
0.09761
0.18311
0.09009
0.09359
0.15232
0.09223
0.25076
0.05276
0.07589
0.08376
0.38807
0.31855
0.16033
0.05540
0.06305
0.16154
0.07110
0.08544
0.07769
0.24513
0.06832
0.15710
0.06511
0.08013
0.16070
0.22641
0.17609
0.11486
0.16462
0.24417
0.12776
0.06596
0.12646
0.09046
0.12222
0.08492
0.05903
0.15893
0.07263
0.26229
0.15480
0.09346
0.05313
0.14669
0.10669
0.24120
0.07121
0.14970
0.06988
0.08331
0.14087
0.13587
0.05420
0.07126
0.07656
0.08043
0.33391
0.38716
0.05239
0.12676
0.25966
0.16165
0.32543
0.06988
0.06855
0.23490
0.12496
0.22845
0.31542
0.24457
0.08283
0.07481
0.06248
0.28668
0.08013
0.16685
0.05735
0.20184
0.05313
0.12534
0.13381
0.14685
0.22850
0.09419
0.05296
0.11858
0.15394
0.05854
0.05318
0.08212
0.06456
0.11881
0.28790
0.08890
0.08672
0.06566
0.09660
0.07017
0.07188
0.08377
0.08548
0.09508
0.16296
0.05601
0.10368
0.09257
0.23390
0.11422
0.05257
0.09761
0.18311
0.09009
0.09359
0.15232
0.09223
0.25076
0.05276
0.07589
0.08376
0.38807
0.31855
0.16033
0.05540
0.06305
0.16154
0.07110
0.08544
0.07769
0.24513
0.06832
0.15710
0.06511
0.08013
0.16070
0.22641
0.17609
0.11486
0.16462
0.24417
0.12776
0.06596
0.12646
0.09046
0.12222
0.08492
0.05903
0.15893
0.07263
0.26229
0.15480
0.09346
0.05313
0.14669
0.10669
0.24120
0.07121
0.14970
0.06988
0.08331
0.14087
0.13587
0.05420
0.07126
0.07656
0.08043
0.33391
0.38716
0.05239
0.12676
0.25966
0.16165
0.32543
0.06988
0.06855
0.23490
0.12496
0.22845
0.31542
0.24457
0.08283
0.07481
0.06248
0.28668
0.08013
0.16685
0.05735
0.20184
0.05313
0.12534
0.13381
0.14685
0.22850
0.09419
0.05296
0.11858
0.15394
0.05854
0.05318
0.08212
0.06456
0.11881
0.28790
0.08890
0.08672
0.06566
0.09660
0.07017
0.07188
0.08377
0.08548
0.09508
0.16296
0.05601
0.10368
0.09257
0.23390
0.11422
0.05257
0.09761
0.18311
0.09009
0.09359
0.15232
0.09223
0.25076
0.05276
0.07589
0.08376
0.38807
0.31855
0.16033
0.05540
0.06305
0.16154
0.07110
0.08544
0.07769
0.24513
0.06832
0.15710
0.06511
0.08013
0.16070
0.22641
0.17609
0.11486
0.16462
0.24417
0.12776
0.06596
0.12646
0.09046
0.12222
0.08492
0.05903
0.15893
0.07263
0.26229
0.15480
0.09346
0.05313
0.14669
0.10669
0.24120
0.07121
0.14970
0.06988
0.08331
