0.45314
0.44317
0.44489
0.43209
0.44023
0.44089
0.45138
0.43777
0.44212
0.44628
0.43569
0.45060
0.45326
0.44337
0.45499
0.43422
0.44459
0.43055
0.43081
0.42986
0.44026
0.45314
0.44317
0.44489
0.43209
0.44023
0.44089
0.45138
0.43777
0.44212
0.44628
0.43569
0.45060
0.45326
0.44337
0.45499
0.43422
0.44459
0.43055
0.43081
0.42986
0.44026
0.45314
0.44317
0.44489
0.43209
0.44023
0.44089
0.45138
0.43777
0.44212
0.44628
0.43569
0.45060
0.45326
0.44337
0.45499
0.43422
0.44459
0.43055
0.43081
0.42986
0.44026
0.45314
0.44317
0.44489
0.43209
0.44023
0.44089
0.45138
0.43777
0.44212
0.44628
0.43569
0.45060
0.45326
0.44337
0.45499
0.43422
0.44459
0.43055
0.43081
0.42986
0.44026
0.45314
0.44317
0.44489
0.43209
0.44023
0.44089
0.45138
0.43777
0.44212
0.44628
0.43569
0.45060
0.45326
0.44337
0.45499
0.43422
0.44459
0.43055
0.43081
0.42986
0.44026
0.45314
0.44317
0.44489
0.43209
0.44023
0.44089
0.45138
0.43777
0.44212
0.44628
0.43569
0.45060
0.45326
0.44337
0.45499
0.43422
0.44459
0.43055
0.43081
0.42986
0.44026
