0.29099
0.31591
0.29313
0.27330
0.24080
0.28260
0.29471
0.27473
0.31200
0.24210
0.32659
0.32943
0.30654
0.32650
0.26918
0.27628
0.25972
0.24604
0.23813
0.27709
0.25180
0.27680
0.28144
0.27978
0.30509
0.26981
0.26031
0.28761
0.28677
0.27335
0.25179
0.35437
0.27444
0.31388
0.25093
0.35776
0.27901
0.29000
0.31281
0.21375
0.27661
0.25516
0.32359
0.26765
0.24681
0.28353
0.22641
0.29888
0.27403
0.28091
0.24434
0.26040
0.28630
0.22833
0.28489
0.35776
0.28173
0.26956
0.37379
0.26226
0.25811
0.21349
0.28134
0.27945
0.27251
0.30068
0.28785
0.28078
0.22584
0.27409
0.28554
0.28113
0.30628
0.23839
0.30761
0.22641
0.25948
0.35776
0.28342
0.27049
0.21555
0.28305
0.26192
0.26851
0.29985
0.34075
0.24805
0.34075
0.21424
0.26165
0.26963
0.24115
0.29361
0.31182
0.28004
0.25519
0.22811
0.34231
0.27647
0.30279
0.33024
0.26673
0.22264
0.25338
0.23824
0.28191
0.28216
0.35776
0.28575
0.28026
0.35295
0.28418
0.26257
0.21375
0.27487
0.30430
0.29114
0.32081
0.36653
0.30612
0.32417
0.25286
0.29313
0.29199
0.31161
0.06034
0.27275
0.29087
0.30138
0.26183
0.26821
0.30033
0.30929
0.28575
0.06450
0.29549
0.08042
0.30424
0.26437
0.27965
0.26292
0.21636
0.25145
0.27294
0.26525
0.07567
0.30078
0.29416
0.24230
0.26851
0.05760
0.29748
0.26192
0.21424
0.25297
0.07567
0.30884
0.25297
0.24280
0.20440
0.06397
0.27123
0.26192
0.25008
0.25997
0.26012
0.34075
0.29313
0.24426
0.25667
0.06389
0.20283
0.28190
0.26073
0.25062
0.25519
0.21375
0.26183
0.06450
0.28176
0.27038
0.29199
0.30376
0.29313
0.25086
0.25767
0.25480
0.21375
0.31397
0.24950
0.21130
0.26645
0.05760
0.24920
0.05815
0.27705
0.25396
0.29748
0.26192
0.27901
0.27533
0.30713
0.24196
0.30879
0.29021
0.26781
0.24154
0.26230
0.26850
0.29560
0.28502
0.27901
0.31046
0.26310
0.24426
0.26192
0.34075
0.29198
0.25709
0.27018
0.24426
0.27506
0.27951
0.24426
0.30929
0.25519
0.24933
0.30879
0.30929
0.25171
0.25383
0.21650
0.31046
0.27469
0.24183
0.09958
0.24426
0.27795
0.26015
0.34075
0.34075
0.25082
0.26871
0.30879
0.25969
0.27866
0.30138
0.26192
0.21675
0.30509
0.28974
0.24850
0.26138
0.08966
0.35776
0.29050
0.29048
0.25297
0.24731
0.27026
0.26579
0.23245
0.24852
0.26009
0.28595
0.24946
0.28785
0.27378
0.30718
0.35776
0.08433
0.27198
0.32105
0.30424
0.31591
0.24602
0.35776
0.24426
0.24955
0.27668
0.26864
0.27153
0.29274
0.25266
0.26456
0.21375
0.27842
0.25584
0.29876
0.28171
0.23978
0.25128
0.35862
0.30138
0.27353
0.30601
0.25831
0.25128
0.21891
0.29368
0.31511
0.29198
0.30085
0.30859
0.28385
0.11385
0.26192
0.28624
0.24593
0.26006
0.24426
0.26384
0.26661
0.26387
0.30601
0.29748
0.09414
0.30859
0.24456
0.26192
0.28443
0.21741
0.25403
0.31047
0.21731
0.24278
0.28829
0.21675
0.26864
0.24895
0.26862
0.27929
0.22902
0.24426
0.31014
0.30078
0.25700
0.30138
0.26310
0.21375
0.31591
0.21010
0.21375
0.31046
0.30068
0.25972
0.25075
0.32359
0.21375
0.30475
0.25831
0.27138
0.30521
0.22686
0.24230
0.24973
0.26310
0.27106
0.24426
0.27106
0.28558
0.24731
0.25709
0.31591
0.25128
0.29313
0.25073
0.31591
0.28782
0.35975
0.25752
0.21650
0.38661
0.29560
0.09171
0.29560
0.27890
0.27024
0.26557
0.30085
0.25724
0.28872
0.28759
0.25360
0.35776
0.31201
0.20797
0.29299
0.32701
0.24351
0.28785
0.24832
0.29748
0.27995
0.35776
0.25584
0.31799
0.27082
0.32359
0.21759
0.26126
0.25691
0.27983
0.25128
0.30371
0.26725
0.30138
0.26824
0.25128
0.24853
0.28575
0.31723
0.24196
0.27963
0.34075
0.24406
0.35776
0.24838
0.35776
0.35776
0.23199
0.25653
0.30509
0.25128
0.25687
0.32769
0.31799
0.29313
0.26133
0.21216
0.27106
0.25128
0.30509
0.28945
0.31045
0.25769
0.29313
0.29982
0.27317
0.20883
0.26192
0.30645
0.29313
0.24249
0.31046
0.28872
0.25584
0.24278
0.31799
0.26252
0.26389
0.35776
0.22540
0.27487
0.24951
0.24596
0.27410
0.08980
0.22780
0.26887
0.24388
0.33339
0.26447
0.26353
0.27551
0.25412
0.29560
0.09038
0.22617
0.34075
0.34326
0.21375
0.10903
0.21375
0.29560
0.35776
0.30601
0.30085
0.35776
0.25008
0.30279
0.27077
0.25528
0.30509
0.30509
0.32995
0.26347
0.27900
0.29472
0.34075
0.39939
0.24212
0.24876
0.27939
0.21375
0.32261
0.35776
0.35862
0.35776
0.26587
0.31623
0.27506
0.34075
0.25995
0.25128
0.32359
0.26589
0.23322
0.30188
0.29087
0.24265
0.26314
0.23757
0.25227
0.25674
0.26590
0.25128
0.24267
0.25519
0.08160
0.24426
0.30509
0.26665
0.27859
0.25128
0.26688
0.29313
0.24773
0.36891
0.24832
0.24870
0.25128
0.21375
0.24786
0.21375
0.25655
0.24136
0.21079
0.26008
0.24426
0.29889
0.29947
0.30279
0.28427
0.21891
0.21759
0.29947
0.34956
0.31273
0.25128
0.24984
0.08412
0.24433
0.25904
0.30033
0.24805
0.27106
0.35862
0.35776
0.29313
0.29193
0.26462
0.31273
0.29088
0.25227
0.27550
0.28945
0.26225
0.35776
0.24986
0.28785
0.30601
0.25560
0.27409
0.21375
0.27242
0.25297
0.24151
0.29535
0.35776
0.23952
0.22107
0.21636
0.24730
0.26852
0.28836
0.25584
0.30938
0.25207
0.26011
0.26192
0.30125
0.25128
0.25128
0.31368
0.25308
0.21426
0.24560
0.20171
0.22619
0.30601
0.26194
0.09115
0.09171
0.23307
0.37523
0.26117
0.29748
0.25166
0.25705
0.29313
0.23542
0.25128
0.24983
0.31201
0.25584
0.26865
0.28559
0.22422
0.25179
0.27965
0.27531
0.24789
0.25852
0.27473
0.24267
0.24773
0.31588
0.19965
0.09038
0.26064
0.23088
0.29733
0.22207
0.21625
0.22821
0.27822
0.35776
0.26353
0.26616
0.30138
0.28847
0.27801
0.25695
0.26591
0.25187
0.25068
0.24426
0.29584
0.26158
0.23243
0.25128
0.25441
0.28168
0.24697
0.24386
0.21375
0.24870
0.25128
0.24426
0.08433
0.26015
0.24127
0.21375
0.09042
0.25632
0.28091
0.08160
0.32565
0.21759
0.27681
0.27398
0.21375
0.29313
0.21375
0.26897
0.29644
0.25068
0.27169
0.27261
0.24426
0.33422
0.26353
0.26785
0.25128
0.29962
0.09375
0.24631
0.27277
0.25584
0.27370
0.26345
0.21375
0.24819
0.21375
0.28035
0.30279
0.29996
0.25128
0.27952
0.23229
0.25928
0.31318
0.33211
0.25137
0.35776
0.32869
0.08433
0.25851
0.23366
0.33477
0.26364
0.27694
0.25361
0.21482
0.25128
0.24916
0.22889
0.26051
0.10810
0.29649
0.25480
0.26208
0.30509
0.25754
0.25128
0.25880
0.25361
0.09260
0.24824
0.29275
0.28718
0.25255
0.26327
0.25458
0.27144
0.22183
0.24728
0.25433
0.35776
0.29647
0.29255
0.20503
0.22639
0.28824
0.28669
0.24230
0.26163
0.26822
0.25128
0.25601
0.29002
0.09171
0.23428
0.35776
0.27813
0.09171
0.32194
0.21731
0.30344
0.22089
0.08730
0.31758
0.11586
0.27283
0.26589
0.26051
0.30761
0.22490
0.30279
0.23667
0.26546
0.29477
0.21375
0.31867
0.21480
0.24112
0.25128
0.26207
0.09166
0.25629
0.23563
0.32486
0.34075
0.27648
0.25241
0.25013
0.24765
0.35776
0.25159
0.28785
0.32649
0.08980
0.24230
0.25183
0.29313
0.30645
0.26414
0.30761
0.35776
0.29313
0.24544
0.35776
0.34075
0.32359
0.30645
0.30628
0.28472
0.29313
0.25403
0.32719
0.28167
0.38757
0.30509
0.29313
0.28785
0.28897
0.29274
0.29313
0.30578
0.30601
0.22977
0.35776
0.30509
0.25332
0.36412
0.25947
0.35776
0.29313
0.27153
0.29560
0.29313
0.38038
0.28879
0.23527
0.29087
0.29313
0.29560
0.30509
0.23865
0.20417
0.35520
0.25985
0.35776
0.25363
0.31771
0.30929
0.25542
0.29232
0.40141
0.28370
0.27554
0.29199
0.27105
0.26856
0.27168
0.34075
0.29386
0.36090
0.29715
0.28091
0.30673
0.28785
0.30938
0.30904
0.25094
0.30938
0.24140
0.25304
0.29313
0.35776
0.34075
0.32359
0.27782
0.33213
0.29560
0.35776
0.28288
0.28100
0.26051
0.34075
0.25361
0.28091
0.27434
0.28275
0.28320
0.25327
0.37725
0.29889
0.32638
0.28630
0.24844
0.28091
0.30929
0.36843
0.23322
0.26787
0.33187
0.27648
0.29313
0.30601
0.24080
0.36793
0.26465
0.32359
0.32359
0.25179
0.25552
0.30761
0.27150
0.29212
0.26572
0.34075
0.25179
0.26051
0.37969
0.30929
0.34075
0.23569
0.34075
0.27752
0.24783
0.25033
0.25362
0.27049
0.24080
0.31732
0.35717
0.25179
0.27006
0.09838
0.10368
0.28109
0.33194
0.27042
0.27562
0.28091
0.10617
0.32868
0.28763
0.31481
0.10863
0.28882
0.23716
0.08342
0.28677
0.28900
0.29715
0.27880
0.28719
0.09363
0.23075
0.25187
0.27359
0.38228
0.26008
0.26887
0.30311
0.35437
0.26935
0.26043
0.25169
0.27160
0.26123
0.28335
0.26192
0.27775
0.27880
0.09699
0.34143
0.27210
0.25401
0.34655
0.35437
0.08492
0.27774
0.26090
0.31857
0.31134
0.36207
0.24426
0.26393
0.28231
0.10734
0.09556
0.24602
0.28320
0.35393
0.25144
0.27733
0.27249
0.27509
0.31045
0.27527
0.30509
0.29917
0.28803
0.09563
0.26846
0.25332
0.13263
0.26563
0.29114
0.28301
0.35788
0.29088
0.29524
0.29313
0.29686
0.27782
0.08342
0.25817
0.23997
0.27508
0.30986
0.28159
0.29115
0.09433
0.26453
0.28695
0.28261
0.31237
0.34143
0.27320
0.12126
0.09901
0.27287
0.26809
0.28486
0.24764
0.27770
0.09542
0.09521
0.35776
0.11358
0.29826
0.25086
0.27559
0.10948
0.11361
0.26991
0.29479
0.09240
0.09226
0.08342
0.10213
0.26759
0.27672
0.32138
0.26002
0.25128
0.27853
0.20938
0.08635
0.25167
0.11924
0.11711
0.25128
0.12936
0.09906
0.27284
0.30677
0.10959
0.11185
0.27493
0.09901
0.28566
0.25578
0.24685
0.25753
0.08223
0.28559
0.13120
0.09669
0.28039
0.33190
0.11358
0.24196
0.33055
0.28374
0.09993
0.27946
0.32546
0.11130
0.11030
0.23096
0.26441
0.35783
0.27040
0.28438
0.10152
0.09510
0.10561
0.10052
0.12897
0.09667
0.27362
0.34998
0.25880
0.25706
0.27648
0.29259
0.21375
0.25062
0.25908
0.11830
0.09160
0.09225
0.29522
0.10651
0.11363
0.26136
0.36373
0.26201
0.09824
0.25128
0.22183
0.09804
0.27794
0.10295
0.26637
0.09203
0.23547
0.27217
0.11299
0.08846
0.26136
0.27050
0.27524
0.26389
0.09405
0.26702
0.27590
0.08545
0.09667
0.28091
0.26012
0.09690
0.26538
0.28138
0.08320
0.08918
0.09403
0.11159
0.27537
0.09667
0.29947
0.10840
0.09961
0.28505
0.08342
0.28227
0.10421
0.27598
0.26137
0.32081
0.10132
0.24346
0.24319
0.26839
0.28849
0.29232
0.09403
0.28146
0.32693
0.26292
0.26944
0.11152
0.09595
0.24595
0.30889
0.31307
0.09346
0.33055
0.09314
0.09838
0.10378
0.24361
0.26793
0.32066
0.09376
0.26584
0.30509
0.28319
0.26905
0.28920
0.27301
0.38271
0.28297
0.32048
0.29313
0.26538
0.09595
0.10400
0.08160
0.26673
0.24870
0.32836
0.10604
0.09020
0.11001
0.09289
0.27022
0.28139
0.28922
0.09838
0.10617
0.24965
0.09607
0.10487
0.23815
0.08223
0.11263
0.35776
0.23522
0.10550
0.29630
0.09259
0.35727
0.09042
0.25921
0.28483
0.23914
0.27108
0.29872
0.10604
0.09699
0.09814
0.27545
0.11204
0.09691
0.27958
0.10664
0.11001
0.31046
0.27055
0.26884
0.10729
0.25747
0.11551
0.32546
0.28227
0.27886
0.24904
0.10391
0.29748
0.12728
0.09691
0.28206
0.27546
0.24908
0.09237
0.25675
0.09062
0.09814
0.29560
0.25128
0.20883
0.30359
0.26313
0.28066
0.29666
0.08278
0.09542
0.29114
0.25421
0.26500
0.08160
0.29674
0.27163
0.09636
0.11196
0.26443
0.29316
0.29936
0.27375
0.27525
0.11414
0.10570
0.08814
0.25060
0.28310
0.11343
0.27935
0.28585
0.09688
0.30091
0.27196
0.31209
0.26873
0.26305
0.29748
0.35727
0.32411
0.11124
0.11793
0.26347
0.37969
0.26752
0.25558
0.29610
0.31201
0.26673
0.35997
0.27166
0.09259
0.11279
0.36904
0.27296
0.26987
0.12666
0.22353
0.11376
0.09688
0.26350
0.25768
0.24115
0.09542
0.10913
0.26737
0.26615
0.09183
0.09705
0.30765
0.28971
0.24552
0.35823
0.07464
0.08282
0.35776
0.27079
0.07768
0.07645
0.08379
0.06577
0.30266
0.30430
0.26288
0.27974
0.22481
0.06938
0.08023
0.06280
0.06522
0.07586
0.27886
0.26673
0.28019
0.28360
0.26572
0.06577
0.07551
0.07034
0.27427
0.10581
0.25557
0.07551
0.30184
0.08184
0.07742
0.08606
0.26802
0.07742
0.26065
0.24731
0.08606
0.06938
0.29395
0.06821
0.25811
0.07577
0.22643
0.28462
0.07768
0.07768
0.26572
0.07742
0.27048
0.07790
0.27974
0.27693
0.07551
0.09226
0.23347
0.30930
0.26864
0.31815
0.28133
0.08581
0.07784
0.26190
0.07586
0.28577
0.29740
0.29604
0.25996
0.31111
0.22101
0.07849
0.29740
0.07849
0.08390
0.24584
0.26186
0.06653
0.08633
0.06821
0.28270
0.26840
0.08633
0.06788
0.31941
0.27569
0.35776
0.29864
0.07784
0.14954
0.32720
0.07610
0.06816
0.31771
0.08452
0.33479
0.07034
0.28687
0.29857
0.31771
0.07180
0.08041
0.26147
0.26051
0.29744
0.28341
0.07349
0.27691
0.07384
0.29747
0.27325
0.28938
0.27769
0.06686
0.06267
0.23902
0.32540
0.29243
0.07707
0.26165
0.24994
0.29313
0.30986
0.07396
0.05760
0.26524
0.07034
0.25764
0.32336
0.18249
0.29922
0.06831
0.29560
0.26673
0.28653
0.34988
0.29313
0.05720
0.18720
0.31201
0.26961
0.22665
0.26292
0.06686
0.24177
0.28220
0.31111
0.25241
0.20992
0.24989
0.25420
0.28544
0.27456
0.25128
0.06346
0.23392
0.25346
0.06927
0.29836
0.19405
0.06981
0.23622
0.29700
0.26672
0.30359
0.30472
0.08581
0.25612
0.27691
0.30424
0.06930
0.07571
0.07855
0.06859
0.26156
0.08390
0.29313
0.22245
0.07384
0.23730
0.07829
0.07699
0.30509
0.33847
0.08077
0.26012
0.08077
0.30542
0.06217
0.07931
0.07699
0.27822
0.06965
0.08452
0.41673
0.09081
0.09024
0.29326
0.07931
0.07034
0.08077
0.35776
0.08494
0.07384
0.07768
0.07134
0.08191
0.28031
0.24320
0.26391
0.07527
0.28938
0.26543
0.26867
0.08228
0.07791
0.31046
0.07134
0.26673
0.23400
0.22734
0.06370
0.08191
0.27375
0.28090
0.28144
0.24667
0.08612
0.30379
0.26588
0.28457
0.08351
0.07950
0.34271
0.07763
0.29487
0.24784
0.26545
0.07429
0.26873
0.06002
0.08351
0.27559
0.27536
0.26439
0.07759
0.08351
0.07607
0.29826
0.06603
0.07607
0.07737
0.26296
0.09081
0.28923
0.08351
0.26522
0.25019
0.08148
0.06965
0.30747
0.07232
0.07486
0.08035
0.30388
0.07686
0.07051
0.29312
0.07607
0.23400
0.28021
0.25995
0.27629
0.06002
0.28647
0.28723
0.28943
0.27753
0.08419
0.26764
0.28345
0.28225
0.07601
0.28288
0.08148
0.29731
0.26012
0.27646
0.07950
0.08348
0.07268
0.08148
0.32066
0.29051
0.08348
0.07759
0.26460
0.22276
0.08164
0.07607
0.21320
0.27385
0.31723
0.28496
0.08419
0.26589
0.07212
0.26839
0.28834
0.34143
0.10016
0.28252
0.35727
0.28502
0.06872
0.08606
0.08148
0.34512
0.06904
0.28948
0.26032
0.25210
0.07740
0.06391
0.07170
0.32552
0.26920
0.29437
0.08606
0.07634
0.24188
0.26292
0.23518
0.06938
0.27446
0.26335
0.05760
0.25325
0.37520
0.05760
0.26965
0.07840
0.06370
0.06872
0.25576
0.27693
0.06876
0.07464
0.32276
0.07655
0.08148
0.23956
0.24912
0.31591
0.25332
0.06623
0.06577
0.36904
0.07600
0.08148
0.25322
0.07449
0.07669
0.27993
0.08633
0.24259
0.28091
0.28942
0.07686
0.28882
0.07384
0.30472
0.07672
0.30765
0.09109
0.26545
0.07557
0.28536
0.07401
0.33482
0.29378
0.36541
0.22190
0.06453
0.06816
0.34114
0.28428
0.31770
0.06538
0.26401
0.27995
0.32195
0.28568
0.06831
0.06870
0.08390
0.28977
0.25989
0.06846
0.29134
0.33213
0.26450
0.35797
0.26027
0.27567
0.08704
0.07929
0.29192
0.27567
0.07908
0.25495
0.07553
0.07409
0.08336
0.08452
0.28450
0.25079
0.26862
0.27516
0.08704
0.27995
0.07331
0.30687
0.26292
0.28260
0.07452
0.07051
0.23787
0.32835
0.29719
0.07467
0.25542
0.07347
0.27479
0.25179
0.07686
0.07931
0.07551
0.06859
0.06389
0.24973
0.06465
0.24907
0.07931
0.30102
0.07158
0.31309
0.24111
0.26585
0.23514
0.26399
0.09305
0.06859
0.25834
0.36125
0.27446
0.30732
0.30999
0.08184
0.07384
0.29715
0.07384
0.08704
0.08704
0.25516
0.07384
0.28859
0.08380
0.30514
0.27995
0.08704
0.25179
0.06002
0.08185
0.06465
0.07950
0.25909
0.21785
0.26139
0.27885
0.20597
0.26395
0.07701
0.30654
0.06697
0.26787
0.29399
0.25227
0.30472
0.24904
0.07159
0.32336
0.31223
0.32213
0.08715
0.07285
0.06983
0.30732
0.23738
0.29024
0.28907
0.27995
0.08148
0.22918
0.07401
0.05818
0.08715
0.28132
0.08148
0.22777
0.27409
0.07963
0.07429
0.28038
0.07170
0.08204
0.07574
0.37369
0.29523
0.08585
0.26564
0.25853
0.27410
0.23846
0.28423
0.27995
0.30480
0.26069
0.29437
0.27263
0.08585
0.28180
0.24111
0.29259
0.27166
0.21038
0.24417
0.30104
0.08204
0.31147
0.06522
0.22993
0.25591
0.25332
0.24668
0.21789
0.36693
0.27629
0.26923
0.20416
0.26201
0.06965
0.24155
0.25907
0.29259
0.28457
0.27443
0.28275
0.07429
0.07486
0.06761
0.27500
0.26105
0.08585
0.06450
0.28075
0.24280
0.27629
0.35229
0.25509
0.27765
0.32340
0.36031
0.31201
0.30787
0.26589
0.27453
0.35867
0.06831
0.07384
0.06184
0.40611
0.26417
0.28630
0.29229
0.07029
0.07384
0.27589
0.27880
0.31171
0.26984
0.27551
0.25547
0.06846
0.36412
0.30033
0.07467
0.07840
0.06490
0.08774
0.26714
0.07791
0.07464
0.29584
0.32336
0.26619
0.07400
0.26674
0.29313
0.27781
0.07950
0.24402
0.25179
0.06184
0.07400
0.26163
0.07791
0.07791
0.06465
0.30509
0.08633
0.36373
0.06788
0.27446
0.07791
0.05818
0.34271
0.25783
0.27271
0.27370
0.07512
0.27140
0.07950
0.07409
0.25079
0.29199
0.25370
0.30509
0.24886
0.05818
0.34326
0.27042
0.27965
0.24862
0.29703
0.25599
0.25490
0.28320
0.05862
0.27301
0.27946
0.06821
0.35776
0.07232
0.07701
0.27199
0.29725
0.22409
0.35606
0.28511
0.25127
0.06346
0.27961
0.28016
0.29474
0.27855
0.24115
0.06859
0.27409
0.29406
0.06074
0.26614
0.08196
0.07551
0.30481
0.34143
0.07601
0.07134
0.24491
0.07600
0.26568
0.31172
0.07707
0.25711
0.08452
0.19732
0.32359
0.26586
0.26479
0.29313
0.08452
0.26768
0.30622
0.07600
0.29228
0.28077
0.28026
0.25626
0.28942
0.08289
0.30542
0.06859
0.06048
0.07551
0.36482
0.23098
0.26974
0.24115
0.26125
0.28275
0.32030
0.27136
0.26072
0.08287
0.26572
0.33641
0.31604
0.07985
0.22463
0.07600
0.21636
0.27138
0.23462
0.27682
0.26351
0.26573
0.26782
0.27458
0.27482
0.06872
0.07933
0.08826
0.07131
0.07600
0.08531
0.27195
0.34143
0.06707
0.06074
0.25930
0.31435
0.07131
0.26997
0.08230
0.25911
0.06217
0.07645
0.26799
0.25308
0.07610
0.26673
0.25443
0.24540
0.19134
0.07399
0.08184
0.25136
0.18152
0.24152
0.30840
0.27621
0.24444
0.31343
0.28424
0.23521
0.07714
0.21326
0.25233
0.30509
0.36482
0.07571
0.35776
0.25888
0.34777
0.26718
0.26248
0.06921
0.07600
0.26282
0.24248
0.21136
0.07790
0.34866
0.08531
0.06938
0.26406
0.06665
0.28168
0.28630
0.18479
0.08531
0.06859
0.28620
0.08826
0.08826
0.07820
0.23251
0.27806
0.26663
0.07985
0.08531
0.25433
0.31343
0.23947
0.30998
0.27022
0.07134
0.06623
0.07399
0.26437
0.27638
0.07552
0.09007
0.27925
0.27394
0.26136
0.23018
0.38048
0.28531
0.08700
0.30542
0.07714
0.31790
0.28428
0.07245
0.28275
0.08092
0.26020
0.08363
0.27500
0.07655
0.26393
0.24280
0.28288
0.29809
0.07429
0.33602
0.07891
0.35057
0.26110
0.31056
0.07601
0.07399
0.25371
0.26252
0.06608
0.26787
0.23059
0.26370
0.25720
0.08092
0.37405
0.08092
0.06965
0.26656
0.28091
0.29725
0.07399
0.32015
0.29715
0.27287
0.24856
0.08092
0.09354
0.29783
0.25182
0.08092
0.07746
0.29738
0.29725
0.31108
0.31382
0.24115
0.29715
0.25443
0.08092
0.07699
0.27317
0.28313
0.26783
0.25347
0.34823
0.28450
0.07699
0.32031
0.07429
0.25542
0.27686
0.07600
0.07759
0.06881
0.06608
0.31182
0.29602
0.18622
0.25233
0.25792
0.07429
0.27464
0.26719
0.07840
0.34075
0.27813
0.20482
0.30509
0.07733
0.30509
0.21394
0.07714
0.28306
0.26526
0.29313
0.06608
0.09248
0.30509
0.37744
0.24548
0.26928
0.06686
0.26546
0.06496
0.06074
0.29560
0.34075
0.24967
0.28004
0.08228
0.28367
0.27842
0.34075
0.27780
0.29313
0.07232
0.27287
0.22276
0.06846
0.30929
0.07134
0.29472
0.30645
0.31321
0.26787
0.36539
0.29858
0.28091
0.24886
0.26558
0.31221
0.29026
0.09305
0.26009
0.31201
0.26066
0.28091
0.06788
0.26416
0.30645
0.27822
0.32359
0.34271
0.05768
0.24731
0.31221
0.28275
0.30501
0.32359
0.07791
0.29313
0.29313
0.36674
0.25977
0.28325
0.26051
0.06846
0.29313
0.30324
0.27644
0.25297
0.27838
0.35776
0.07791
0.07840
0.34143
0.29683
0.24210
0.30501
0.29087
0.30279
0.25179
0.29232
0.24904
0.26057
0.28472
0.08390
0.27409
0.06904
0.28653
0.07372
0.23299
0.24081
0.07714
0.26553
0.29199
0.26787
0.06965
0.30601
0.06187
0.31182
0.29748
0.29594
0.26907
0.24557
0.25089
0.26787
0.29715
0.24618
0.28472
0.28301
0.36436
0.06217
0.07782
0.24306
0.28785
0.27933
0.08307
0.27561
0.26500
0.27867
0.30904
0.24188
0.31047
0.29748
0.24280
0.29601
0.34075
0.30206
0.27546
0.24132
0.29411
0.31046
0.30601
0.30700
0.26987
0.31851
0.32638
0.08307
0.27295
0.34684
0.07746
0.31393
0.24712
0.27539
0.26312
0.06630
0.08307
0.32266
0.26790
0.27134
0.28948
0.29560
0.30707
0.32886
0.07429
0.29560
0.26597
0.07533
0.32359
0.35862
0.19732
0.26065
0.28926
0.29359
0.27744
0.29313
0.31898
0.30446
0.25577
0.31382
0.25179
0.27054
0.29313
0.29313
0.29471
0.28727
0.25136
0.26601
0.26714
0.25163
0.32963
0.29313
0.32638
0.06496
0.29313
0.27178
0.29313
0.32638
0.06874
0.29683
0.05720
0.31100
0.26663
0.29310
0.29313
0.06596
0.26906
0.31382
0.31174
0.27977
0.32359
0.27165
0.07790
0.29588
0.31540
0.28002
0.27562
0.28388
0.32216
0.31046
0.27482
0.31100
0.27625
0.29563
0.29313
0.28326
0.32417
0.27681
0.25306
0.25588
0.18640
0.24080
0.23477
0.36749
0.27473
0.24646
0.06596
0.28439
0.25236
0.28431
0.29063
0.26382
0.24122
0.28926
0.28453
0.32708
0.27266
0.35776
0.31468
0.32546
0.30645
0.26074
0.24736
0.26746
0.26881
0.25253
0.27562
0.28132
0.27747
0.25338
0.32013
0.31382
0.30347
0.33492
0.27567
0.29316
0.06295
0.34271
0.28208
0.36482
0.26909
0.28382
0.28091
0.07034
0.28132
0.29259
0.25385
0.28255
0.30599
0.30929
0.26802
0.28812
0.31649
0.29897
0.22950
0.29606
0.33682
0.24681
0.30789
0.26946
0.31037
0.28668
0.27377
0.29715
0.28741
0.27198
0.26154
0.35793
0.27957
0.29753
0.33656
0.26381
0.25950
0.35717
0.27445
0.29114
0.25825
0.26447
0.23605
0.33148
0.30726
0.28776
0.06217
0.34129
0.26905
0.25179
0.37140
0.32886
0.25834
0.29854
0.27274
0.29386
0.32929
0.27506
0.26456
0.25542
0.26506
0.26894
0.26484
0.31134
0.30742
0.31941
0.25875
0.27085
0.29280
0.24624
0.29291
0.27727
0.36131
0.28721
0.31993
0.29638
0.30727
0.25031
0.30280
0.26819
0.26217
0.30542
0.31349
0.29259
0.27022
0.06538
0.25246
0.16630
0.14676
0.31643
0.30606
0.25414
0.28275
0.17971
0.18229
0.26516
0.24619
0.18720
0.18275
0.26260
0.27946
0.27660
0.07672
0.28685
0.28203
0.25758
0.25516
0.29904
0.16538
0.25031
0.26474
0.16371
0.24036
0.28005
0.15960
0.25432
0.23394
0.16228
0.06965
0.30352
0.16723
0.28090
0.25739
0.27066
0.37022
0.24477
0.16480
0.24316
0.24544
0.25267
0.27145
0.26297
0.25811
0.32575
0.17149
0.16344
0.28173
0.33189
0.29161
0.26869
0.17057
0.16859
0.18249
0.14676
0.28170
0.32669
0.28666
0.29212
0.31453
0.06593
0.27805
0.26495
0.34143
0.25831
0.06217
0.31254
0.05815
0.35220
0.24420
0.30880
0.23904
0.22611
0.06258
0.27494
0.29948
0.24063
0.26950
0.33446
0.07672
0.31399
0.07245
0.31596
0.25269
0.26167
0.24950
0.22891
0.35991
0.28366
0.06603
0.25581
0.26314
0.27873
0.06346
0.28947
0.24163
0.25076
0.26912
0.26073
0.27110
0.24899
0.19859
0.25964
0.28031
0.26776
0.27871
0.28817
0.24653
0.24653
0.22891
0.33584
0.30433
0.06788
0.26251
0.28011
0.24626
0.27265
0.26111
0.22891
0.26747
0.26186
0.28407
0.34769
0.28132
0.24712
0.27675
0.24625
0.08073
0.23366
0.28110
0.24524
0.32417
0.24846
0.08230
0.22020
0.29059
0.23923
0.23867
0.28706
0.26037
0.34256
0.25441
0.28602
0.26406
0.31124
0.29121
0.25687
0.34137
0.06788
0.07400
0.28139
0.26787
0.31102
0.08926
0.30070
0.06217
0.38410
0.27184
0.28490
0.07672
0.28334
0.25074
0.27589
0.22211
0.07464
0.26763
0.27392
0.25185
0.07429
0.25000
0.26191
0.26673
0.26974
0.07714
0.26326
0.26499
0.25795
0.27081
0.30713
0.06389
0.27184
0.24963
0.27227
0.28586
0.07714
0.30279
0.29065
0.27389
0.21997
0.26105
0.27772
0.25485
0.35409
0.28869
0.22308
0.30925
0.25949
0.26297
0.25645
0.26695
0.28488
0.27450
0.22665
0.06450
0.24739
0.07533
0.06821
0.07551
0.28357
0.26580
0.07464
0.06603
0.22297
0.29114
0.28820
0.08715
0.06608
0.05760
0.28275
0.07577
0.27308
0.25549
0.31124
0.29715
0.30863
0.27046
0.07707
0.07212
0.27409
0.07551
0.30606
0.28859
0.29289
0.08715
0.27826
0.28876
0.26386
0.31192
0.26777
0.26882
0.07384
0.07429
0.24712
0.27405
0.19241
0.28498
0.06015
0.32511
0.07759
0.06608
0.29424
0.06187
0.26552
0.05720
0.36482
0.06821
0.31602
0.07384
0.27150
0.06593
0.30508
0.34143
0.24245
0.32015
0.34603
0.27435
0.26927
0.25620
0.28453
0.26409
0.28488
0.08494
0.28897
0.28884
0.26734
0.27586
0.24973
0.06549
0.28326
0.08287
0.37163
0.28410
0.27316
0.27375
0.24973
0.06665
0.06590
0.26762
0.27539
0.06653
0.32159
0.29047
0.28424
0.26923
0.29011
0.27866
0.32959
0.26962
0.32831
0.26000
0.27850
0.26891
0.22045
0.28134
0.24412
0.27785
0.27059
0.29313
0.27660
0.25240
0.27668
0.28112
0.32340
0.25887
0.24837
0.27611
0.27238
0.27144
0.26944
0.32642
0.36594
0.30926
0.30136
0.26999
0.29030
0.29067
0.24888
0.25542
0.28911
0.29253
0.28178
0.26864
0.23404
0.29192
0.26068
0.27698
0.24100
0.26389
0.25612
0.28721
0.23730
0.34143
0.25433
0.27082
0.33492
0.28059
0.26421
0.28299
0.26409
0.26564
0.25873
0.30513
0.27189
0.24016
0.26382
0.25126
0.27588
0.28751
0.30677
0.28505
0.24645
0.25807
0.26882
0.24360
0.29393
0.29021
0.25403
0.26851
0.26215
0.27028
0.27763
0.26889
0.26559
0.26576
0.29524
0.28525
0.31182
0.27272
0.27965
0.27580
0.37572
0.35501
0.25174
0.26157
0.26561
0.31066
0.26574
0.26270
0.28081
0.26628
0.25126
0.26491
0.27208
0.26870
0.26576
0.29809
0.28542
0.29483
0.28381
0.25981
0.27728
0.32907
0.25126
0.28157
0.25981
0.23927
0.27965
0.26229
0.26609
0.25470
0.26410
0.32073
0.29087
0.26604
0.31804
0.35946
0.29275
0.27584
0.28757
0.27044
0.23282
0.25126
0.26952
0.26566
0.24069
0.29651
0.26700
0.27400
0.26161
0.28275
0.26568
0.26231
0.28341
0.32283
0.25416
0.24478
0.17671
0.27722
0.27797
0.26628
0.27974
0.29030
0.28280
0.26115
0.25367
0.27728
0.29947
0.23789
0.28902
0.25741
0.30969
0.34697
0.27479
0.25087
0.26358
0.26335
0.26229
0.27956
0.26646
0.24930
0.29245
0.25837
0.25224
0.25147
0.35249
0.25218
0.26187
0.25126
0.27956
0.24601
0.26445
0.23021
0.28085
0.27965
0.29909
0.26807
0.26288
0.26376
0.26953
0.29667
0.27273
0.26924
0.28440
0.30808
0.29641
0.28581
0.33143
0.26170
0.37895
0.25126
0.26823
0.23927
0.27849
0.31470
0.30414
0.26187
0.35975
0.29947
0.28047
0.28321
0.26799
0.24662
0.25885
0.32907
0.25070
0.24830
0.27450
0.32907
0.28321
0.28806
0.25126
0.27965
0.25225
0.33075
0.26032
0.26123
0.26663
0.25163
0.32979
0.26187
0.27059
0.36065
0.27515
0.28321
0.28293
0.25126
0.26623
0.27880
0.22237
0.25345
0.26016
0.25545
0.34512
0.28232
0.27728
0.29021
0.25795
0.25224
0.28298
0.36485
0.25217
0.24524
0.28952
0.25126
0.28038
0.27636
0.26350
0.27235
0.27183
0.37990
0.26436
0.29646
0.26783
0.31593
0.26212
0.32907
0.28534
0.28746
0.28931
0.26046
0.29369
0.27183
0.25993
0.32907
0.32649
0.27919
0.26395
0.36752
0.26854
0.23161
0.28391
0.28486
0.25323
0.26381
0.25535
0.26031
0.27098
0.26584
0.29155
0.25759
0.25480
0.23282
0.26896
0.25377
0.27275
0.28375
0.25126
0.30501
0.24530
0.32907
0.24477
0.28539
0.29606
0.27126
0.26850
0.36145
0.28082
0.24587
0.28515
0.27375
0.27777
0.28647
0.31201
0.26937
0.22825
0.26627
0.28592
0.27291
0.27495
0.25443
0.30414
0.28226
0.30237
0.32661
0.25608
0.29598
0.26601
0.32190
0.24845
0.25864
0.26771
0.30081
0.26663
0.30965
0.34857
0.31102
0.25239
0.25179
0.25146
0.25542
0.25934
0.27238
0.25987
0.26047
0.26717
0.28244
0.24587
0.27817
0.28453
0.26186
0.25373
0.27473
0.28549
0.28486
0.25857
0.29392
0.28166
0.27231
0.37500
0.27633
0.27858
0.29748
0.27231
0.30319
0.30424
0.26496
0.29684
0.27183
0.27135
0.27316
0.35776
0.35776
0.27964
0.25051
0.25764
0.30085
0.27183
0.28817
0.27755
0.25391
0.28033
0.26787
0.24388
0.26292
0.27479
0.27768
0.35776
0.31388
0.28049
0.27333
0.28124
0.30694
0.30173
0.28897
0.28260
0.24188
0.30777
0.29068
0.27231
0.24368
0.22836
0.30562
0.28539
0.34075
0.27158
0.26644
0.26787
0.27608
0.24492
0.27095
0.25747
0.28312
0.27728
0.32006
0.27273
0.28499
0.31082
0.32642
0.31112
0.31271
0.26979
0.24914
0.30437
0.28925
0.29166
0.23484
0.29992
0.29313
0.26663
0.33213
0.26071
0.27088
0.24054
0.25497
0.26611
0.24775
0.27239
0.29437
0.27880
0.33444
0.25285
0.25185
0.24844
0.25868
0.26938
0.28219
0.28544
0.30509
0.30668
0.25768
0.27407
0.28381
0.32006
0.25062
0.35380
0.33024
0.30279
0.37221
0.31201
0.27869
0.24249
0.26839
0.31591
0.27516
0.27693
0.32865
0.29114
0.26733
0.31179
0.30789
0.24345
0.30379
0.27288
0.29275
0.26977
0.27426
0.34326
0.35776
0.27282
0.30509
0.27479
0.26401
0.29255
0.23306
0.26422
0.26458
0.27565
0.25022
0.27602
0.27845
0.29027
0.29259
0.30938
0.30645
0.26839
0.28293
0.27922
0.27169
0.29437
0.23730
0.32359
0.31494
0.27747
0.27435
0.27411
0.34010
0.33024
0.24790
0.28026
0.25493
0.26410
0.26209
0.32310
0.26757
0.26609
0.31820
0.31914
0.28641
0.30628
0.26496
0.28931
0.26757
0.28092
0.31591
0.23937
0.25330
0.28168
0.31575
0.26768
0.25476
0.23820
0.26592
0.29489
0.26644
0.30645
0.31301
0.29214
0.32115
0.30080
0.27782
0.31100
0.25992
0.27105
0.26156
0.29748
0.28275
0.28170
0.27500
0.24213
0.27400
0.31941
0.30761
0.30761
0.29380
0.25542
0.27415
0.28839
0.27364
0.31066
0.26002
0.29659
0.26229
0.26879
0.29048
0.32649
0.30905
0.36035
0.28295
0.28173
0.29430
0.23132
0.28522
0.27316
0.25470
0.24895
0.32505
0.25991
0.27784
0.29045
0.30992
0.27639
0.26810
0.25637
0.27619
0.26623
0.25180
0.26558
0.31477
0.28293
0.27862
0.28475
0.27287
0.26734
0.26663
0.26787
0.29638
0.25063
0.25981
0.31066
0.27729
0.26591
0.26193
0.28154
0.26745
0.26399
0.37980
0.25545
0.26410
0.29461
0.25331
0.23081
0.25331
0.24752
0.26628
0.26628
0.27387
0.30967
0.26909
0.28695
0.27478
0.25126
0.28018
0.25126
0.26558
0.32505
0.25138
0.23927
0.26576
0.27621
0.25041
0.29583
0.26875
0.26189
0.25947
0.29544
0.28859
0.26576
0.30649
0.26646
0.24097
0.31066
0.29070
0.26628
0.32907
0.23899
0.26395
0.28846
0.25224
0.27111
0.27449
0.25764
0.35363
0.25031
0.26810
0.23865
0.28038
0.26582
0.36482
0.24996
0.27544
0.24909
0.26354
0.27956
0.24856
0.28647
0.27832
0.24523
0.27335
0.33462
0.26460
0.29313
0.34921
0.26662
0.26229
0.26224
0.27875
0.35149
0.28516
0.25885
0.29362
0.30938
0.27573
0.27750
0.28759
0.28353
0.32907
0.25225
0.25332
0.35483
0.28120
0.28244
0.27548
0.22940
0.26469
0.32488
0.25964
0.26628
0.27234
0.26591
0.27629
0.27956
0.35490
0.23656
0.29070
0.27572
0.29033
0.25076
0.24951
0.26323
0.25216
0.27427
0.35776
0.32413
0.28988
0.26839
0.27554
0.29008
0.26893
0.28630
0.28917
0.25992
0.26783
0.25467
0.26798
0.25870
0.28529
0.37698
0.32559
0.31116
0.28046
0.29274
0.23496
0.28055
0.26308
0.27007
0.26394
0.27934
0.25179
0.27454
0.26987
0.31329
0.35776
0.24843
0.25949
0.47527
0.25550
0.32359
0.28029
0.27585
0.27928
0.27946
0.30651
0.32311
0.26319
0.26884
0.29313
0.32359
0.24727
0.25953
0.22002
0.28031
0.27016
0.27874
0.29437
0.33213
0.28067
0.29198
0.25716
0.24988
0.28897
0.25255
0.24844
0.29696
0.22958
0.34075
0.33486
0.25448
0.28255
0.26570
0.27293
0.23819
0.26391
0.27537
0.32359
0.28552
0.29165
0.31799
0.29953
0.28038
0.27756
0.26096
0.30890
0.28568
0.27473
0.28928
0.26954
0.28394
0.27621
0.29313
0.32340
0.28323
0.28879
0.26572
0.30905
0.26902
0.27677
0.27409
0.25472
0.37369
0.26359
0.30279
0.24788
0.26987
0.28692
0.26891
0.26802
0.30302
0.36348
0.30002
0.27483
0.28035
0.26787
0.27016
0.27324
0.26787
0.30628
0.25542
0.27719
0.27022
0.25491
0.26394
0.29042
0.27343
0.21870
0.22317
0.30939
0.30765
0.31591
0.26828
0.29424
0.28275
0.29313
0.27975
0.37936
0.27968
0.24682
0.27498
0.25185
0.28112
0.28186
0.28776
0.28192
0.29582
0.30628
0.26694
0.25707
0.24889
0.25760
0.28895
0.26733
0.26784
0.24825
0.32867
0.25397
0.29274
0.26733
0.29313
0.32869
0.27734
0.34075
0.25079
0.32307
0.27976
0.24723
0.28173
0.29492
0.26787
0.34688
0.25383
0.26280
0.26828
0.27974
0.27514
0.29313
0.26335
0.31216
0.28723
0.22623
0.31382
0.36105
0.28630
0.24682
0.27239
0.26953
0.27297
0.27229
0.27039
0.26564
0.27906
0.31591
0.22099
0.27279
0.29313
0.27238
0.26443
0.25887
0.28578
0.26549
0.28446
0.27525
0.28894
0.27004
0.27275
0.28757
0.29889
0.27037
0.29011
0.26879
0.27565
0.27375
0.24979
0.26573
0.29623
0.27782
0.25398
0.27511
0.27844
0.34143
0.27143
0.27511
0.28214
0.26292
0.35776
0.25755
0.28091
0.27920
0.31591
0.28255
0.26680
0.28567
0.24844
0.28254
0.30515
0.28945
0.30969
0.24440
0.31172
0.33182
0.25706
0.28741
0.36757
0.24113
0.29259
0.31312
0.30178
0.30147
0.33479
0.26499
0.32642
0.29715
0.28450
0.34075
0.27069
0.28719
0.25740
0.25650
0.28368
0.28132
0.29114
0.41383
0.28275
0.26090
0.27707
0.30379
0.31200
0.35717
0.28227
0.24627
0.37676
0.35532
0.26313
0.28400
0.34739
0.25106
0.34921
0.36904
0.36793
0.31649
0.27628
0.24476
0.27685
0.27801
0.21561
0.29489
0.28833
0.29030
0.27374
0.36412
0.30362
0.27318
0.30548
0.29313
0.28162
0.29313
0.26905
0.30601
0.24257
0.25883
0.30640
0.27838
0.24637
0.26533
0.27233
0.27827
0.26890
0.41273
0.28700
0.31046
0.26491
0.27034
0.26789
0.29203
0.31640
0.29153
0.28673
0.24682
0.28156
0.27516
0.27130
0.29393
0.28501
0.37022
0.27657
0.27318
0.19078
0.29232
0.31617
0.27988
0.28818
0.29300
0.28348
0.36041
0.26086
0.29199
0.17067
0.28311
0.28732
0.26267
0.26446
0.18152
0.30291
0.27510
0.24039
0.25035
0.29218
0.28917
0.25360
0.29421
0.27171
0.24442
0.28961
0.29947
0.29259
0.31905
0.27287
0.29748
0.31993
0.34871
0.26392
0.25456
0.25138
0.28091
0.29141
0.24680
0.22630
0.29009
0.27648
0.30080
0.23620
0.26276
0.25428
0.30509
0.27283
0.29058
0.30732
0.25000
0.32244
0.31693
0.26479
0.27646
0.28907
0.26039
0.29439
0.28091
0.26545
0.27134
0.29114
0.26335
0.25679
0.27427
0.27050
0.33656
0.28115
0.27174
0.27064
0.29522
0.31693
0.31201
0.26446
0.28869
0.32004
0.29471
0.28448
0.32359
0.28974
0.30904
0.24149
0.26400
0.29610
0.25227
0.25675
0.26638
0.28630
0.31693
0.23653
0.29947
0.28091
0.26319
0.30645
0.23294
0.35776
0.29114
0.28190
0.25673
0.27692
0.28675
0.25769
0.28522
0.26516
0.26452
0.28255
0.32546
0.30601
0.26281
0.29313
0.30509
0.24244
0.33194
0.22743
0.32593
0.27709
0.29427
0.29114
0.29748
0.33130
0.27595
0.25984
0.31525
0.27395
0.32359
0.30929
0.26060
0.32385
0.33263
0.27702
0.24306
0.27194
0.29865
0.31840
0.27067
0.31010
0.30732
0.29313
0.26003
0.29794
0.28100
0.25368
0.26806
0.30188
0.27462
0.28142
0.26822
0.27237
0.31309
0.24515
0.34075
0.31046
0.31690
0.35776
0.25648
0.24358
0.32359
0.25777
0.29313
0.31569
0.30601
0.26843
0.29857
0.28942
0.26460
0.29936
0.27358
0.13587
0.28958
0.31021
0.27099
0.25558
0.31878
0.33425
0.28237
0.25788
0.23846
0.29125
0.37388
0.31591
0.27462
0.29561
0.35776
0.29378
0.32161
0.30929
0.24307
0.12734
0.29259
0.28583
0.31045
0.24771
0.27203
0.29100
0.26607
0.27820
0.28142
0.27359
0.29084
0.28100
0.27697
0.36130
0.33185
0.27401
0.28785
0.26419
0.30732
0.27076
0.27658
0.32326
0.27788
0.34909
0.29023
0.27331
0.29554
0.29079
0.27024
0.26319
0.32276
0.29114
0.28650
0.28340
0.29554
0.34271
0.32301
0.24055
0.32223
0.27470
0.30628
0.27389
0.29313
0.26853
0.32189
0.26186
0.26842
0.33097
0.34295
0.28275
0.14447
0.26762
0.27302
0.24524
0.28617
0.26971
0.25483
0.26787
0.26423
0.31094
0.25817
0.25597
0.30601
0.33918
0.26573
0.30087
0.25159
0.30634
0.29047
0.27931
0.32226
0.26454
0.26059
0.12104
0.12818
0.31254
0.26195
0.27547
0.28053
0.26741
0.26806
0.27989
0.27409
0.25198
0.28055
0.27177
0.28849
0.27693
0.25882
0.08759
0.26053
0.31382
0.10874
0.17238
0.28872
0.11210
0.10729
0.25534
0.31604
0.12441
0.11864
0.29313
0.28770
0.10380
0.28891
0.34075
0.12642
0.09546
0.11219
0.28185
0.27190
0.13004
0.31341
0.25386
0.26053
0.10532
0.37848
0.32027
0.37064
0.12031
0.13012
0.32463
0.26920
0.23182
0.27660
0.28616
0.11583
0.28106
0.31435
0.26663
0.11815
0.10713
0.25839
0.17251
0.11521
0.30311
0.11439
0.12235
0.28594
0.28345
0.25179
0.13104
0.36106
0.29748
0.40528
0.09973
0.30829
0.28857
0.29084
0.09476
0.27120
0.11106
0.27132
0.10213
0.09769
0.10421
0.12288
0.30068
0.29259
0.24314
0.29313
0.27992
0.26787
0.11206
0.27791
0.29437
0.33107
0.10516
0.31723
0.29936
0.30986
0.33781
0.30929
0.11402
0.12830
0.12288
0.12364
0.29114
0.10536
0.29090
0.39460
0.09724
0.29140
0.26516
0.13095
0.24080
0.24723
0.11206
0.34075
0.30509
0.33425
0.28335
0.14529
0.28053
0.12558
0.27955
0.27511
0.27666
0.27771
0.09590
0.12479
0.24709
0.09607
0.25739
0.38826
0.27765
0.25280
0.13703
0.27638
0.29260
0.35437
0.29471
0.37551
0.28145
0.09826
0.26861
0.27329
0.12418
0.27329
0.11604
0.11206
0.10877
0.36314
0.11396
0.29489
0.10748
0.37063
0.08837
0.14204
0.33829
0.10539
0.11847
0.31045
0.27147
0.09715
0.28609
0.28129
0.38566
0.26516
0.26690
0.23346
0.31656
0.27992
0.25542
0.29011
0.12253
0.38733
0.23942
0.12853
0.12253
0.31159
0.09546
0.12340
0.29313
0.30645
0.29643
0.12666
0.23724
0.12253
0.25464
0.10609
0.28895
0.10947
0.30509
0.32407
0.27260
0.31862
0.30132
0.11187
0.31791
0.34075
0.28122
0.26130
0.28035
0.10916
0.24922
0.10822
0.30951
0.10649
0.25467
0.29489
0.24682
0.30379
0.29854
0.27339
0.11361
0.26392
0.10822
0.26787
0.25149
0.34129
0.27409
0.25145
0.26138
0.24003
0.25164
0.26466
0.29748
0.31080
0.14409
0.13571
0.12380
0.11705
0.11574
0.38566
0.30878
0.14409
0.35776
0.29748
0.10822
0.14287
0.12198
0.32359
0.28275
0.24088
0.29949
0.10911
0.10916
0.34338
0.12253
0.26717
0.24984
0.11814
0.28431
0.27324
0.23774
0.29437
0.35776
0.29560
0.11513
0.27403
0.13635
0.31182
0.29437
0.27737
0.12304
0.11426
0.12253
0.14973
0.31168
0.13748
0.12230
0.10911
0.29437
0.32181
0.14287
0.29082
0.29356
0.28480
0.21603
0.30983
0.13251
0.26962
0.14537
0.13339
0.09619
0.28254
0.29259
0.14409
0.30601
0.31941
0.14409
0.09630
0.29473
0.10641
0.11426
0.11705
0.35717
0.10223
0.11139
0.28091
0.12392
0.27071
0.27975
0.27022
0.32090
0.12230
0.12550
0.26226
0.12253
0.14409
0.28125
0.30509
0.31046
0.31046
0.32459
0.11948
0.11948
0.12784
0.25608
0.10018
0.27088
0.12802
0.12408
0.12230
0.31641
0.12977
0.28257
0.10227
0.26787
0.30628
0.11710
0.14409
0.14598
0.27885
0.10874
0.15020
0.25859
0.27476
0.24984
0.13748
0.14409
0.14409
0.28612
0.35776
0.28791
0.27967
0.10036
0.19088
0.11710
0.10117
0.11927
0.12253
0.12420
0.32190
0.11091
0.10900
0.14409
0.09694
0.29313
0.30356
0.12477
0.36057
0.13104
0.27520
0.27056
0.09630
0.35844
0.12785
0.25706
0.29313
0.11513
0.12329
0.18213
0.25534
0.29748
0.11927
0.28806
0.09547
0.09547
0.12784
0.26647
0.09481
0.29560
0.27955
0.20147
0.35776
0.12127
0.31102
0.28293
0.26979
0.12629
0.30161
0.11881
0.13311
0.30129
0.11354
0.29816
0.28594
0.10911
0.14018
0.13337
0.13297
0.13100
0.31591
0.28521
0.25217
0.26717
0.13018
0.13018
0.19304
0.19086
0.14018
0.26416
0.25918
0.28557
0.17823
0.24348
0.28521
0.11662
0.37009
0.29027
0.26337
0.10717
0.11751
0.26392
0.12889
0.24832
0.26051
0.10717
0.32359
0.11568
0.11235
0.10419
0.12479
0.11130
0.29878
0.11795
0.12550
0.12889
0.28226
0.11930
0.26915
0.28095
0.37828
0.14018
0.11662
0.13980
0.22714
0.15483
0.28075
0.17432
0.31182
0.24465
0.11568
0.11662
0.12199
0.27251
0.29232
0.29368
0.27408
0.28846
0.28354
0.25455
0.25673
0.28739
0.29313
0.14018
0.25145
0.12629
0.28091
0.28091
0.28530
0.11883
0.11751
0.31923
0.13053
0.16039
0.26609
0.29448
0.35776
0.27212
0.08891
0.13200
0.15898
0.26946
0.16778
0.29313
0.10900
0.26491
0.13348
0.31388
0.17137
0.13020
0.27901
0.27174
0.24226
0.13311
0.27001
0.27479
0.15118
0.13053
0.09619
0.12476
0.10637
0.17432
0.12288
0.09826
0.28120
0.34271
0.26675
0.18082
0.10637
0.13090
0.10826
0.18916
0.28215
0.27880
0.32013
0.26140
0.12824
0.28302
0.10656
0.25834
0.19469
0.12834
0.32020
0.12824
0.26546
0.11653
0.16024
0.20303
0.26806
0.29259
0.12246
0.28398
0.20066
0.18984
0.11477
0.10815
0.26385
0.29356
0.30263
0.15587
0.27409
0.26863
0.12813
0.30912
0.25533
0.30628
0.30509
0.26966
0.34075
0.27171
0.29313
0.18817
0.17476
0.32363
0.30669
0.11145
0.19088
0.34075
0.30468
0.12373
0.31388
0.11777
0.12288
0.29313
0.17590
0.09696
0.17249
0.12145
0.09310
0.18035
0.29584
0.18196
0.26366
0.22534
0.12410
0.20098
0.25302
0.26226
0.13200
0.08983
0.17565
0.13970
0.24080
0.18810
0.28029
0.12392
0.29313
0.15771
0.13400
0.34075
0.19512
0.08983
0.32497
0.11477
0.26717
0.31115
0.13021
0.19947
0.28136
0.12818
0.09619
0.24446
0.30914
0.26881
0.25440
0.30050
0.13021
0.29524
0.09685
0.25542
0.13400
0.18035
0.36955
0.27219
0.25720
0.09923
0.10115
0.31815
0.28432
0.12001
0.29313
0.12120
0.10516
0.30912
0.30199
0.29748
0.11777
0.17221
0.11777
0.27828
0.27212
0.32359
0.26997
0.29259
0.30263
0.29077
0.09218
0.32359
0.11720
0.26974
0.27855
0.31591
0.12636
0.09143
0.12450
0.10855
0.18987
0.29472
0.13325
0.11006
0.27228
0.31604
0.14692
0.16945
0.12452
0.13748
0.31284
0.31082
0.27930
0.31309
0.29313
0.13703
0.11340
0.28948
0.18364
0.12145
0.11701
0.36482
0.14447
0.11001
0.10898
0.12992
0.30509
0.29883
0.11449
0.35862
0.11948
0.26558
0.10498
0.28014
0.27391
0.13228
0.29185
0.31284
0.10225
0.28846
0.09434
0.11525
0.25965
0.35776
0.12030
0.35776
0.27158
0.35437
0.10676
0.17137
0.27305
0.22714
0.26037
0.12669
0.16856
0.27409
0.25954
0.28027
0.26399
0.26063
0.36412
0.37369
0.29437
0.25001
0.18646
0.25622
0.20221
0.18265
0.26742
0.20038
0.27424
0.24382
0.11167
0.27281
0.14828
0.28398
0.19469
0.23415
0.35776
0.28091
0.13970
0.29936
0.35776
0.17000
0.16423
0.24901
0.20385
0.28949
0.17571
0.17259
0.27340
0.17046
0.27400
0.28091
0.29928
0.16080
0.28091
0.17179
0.10093
0.26119
0.17112
0.16002
0.16981
0.26825
0.18059
0.19444
0.15097
0.21339
0.09181
0.17972
0.17184
0.18782
0.27589
0.20237
0.16349
0.16681
0.11449
0.30645
0.29308
0.14992
0.19190
0.26742
0.17633
0.09674
0.27391
0.20612
0.28813
0.15964
0.17137
0.17919
0.28695
0.33303
0.28510
0.16423
0.09924
0.17633
0.18703
0.10540
0.15097
0.16856
0.21390
0.16648
0.13005
0.17137
0.12007
0.18814
0.11982
0.23366
0.32779
0.25881
0.30116
0.29748
0.35776
0.19511
0.29313
0.19806
0.15097
0.35776
0.19369
0.09625
0.33479
0.18717
0.09671
0.23846
0.17487
0.11152
0.18269
0.28768
0.30376
0.15964
0.26035
0.34075
0.15793
0.30078
0.22195
0.17546
0.17179
0.18177
0.17462
0.25388
0.10649
0.25046
0.14692
0.24438
0.19078
0.17763
0.18766
0.20200
0.31100
0.19179
0.10664
0.34143
0.27283
0.29259
0.25067
0.29313
0.31037
0.19078
0.25954
0.16002
0.27265
0.21390
0.16860
0.16002
0.27228
0.10691
0.28653
0.29602
0.38672
0.19637
0.19072
0.18987
0.15770
0.18646
0.34161
0.29523
0.28179
0.31100
0.19886
0.29060
0.13104
0.28226
0.16002
0.11504
0.19337
0.12596
0.17656
0.29377
0.25417
0.27260
0.16663
0.19038
0.21422
0.32640
0.27193
0.11504
0.32359
0.29313
0.26763
0.31045
0.12876
0.20780
0.10892
0.10979
0.16254
0.31481
0.10892
0.29901
0.10329
0.30938
0.25193
0.13020
0.15494
0.28719
0.09962
0.32379
0.11173
0.12304
0.12188
0.27144
0.31100
0.23098
0.12304
0.26090
0.11267
0.11187
0.25834
0.13542
0.26565
0.13542
0.10641
0.09619
0.26980
0.31388
0.34059
0.12596
0.26466
0.29489
0.27541
0.11226
0.11008
0.27515
0.10911
0.11226
0.29313
0.10691
0.28062
0.27491
0.26852
0.27296
0.10227
0.31046
0.11142
0.28208
0.11187
0.35776
0.11035
0.26572
0.13179
0.11262
0.29725
0.13294
0.29313
0.26493
0.13018
0.13018
0.10485
0.13402
0.28111
0.11864
0.11210
0.11091
0.11784
0.13402
0.32359
0.12596
0.13018
0.10950
0.13532
0.12800
0.12889
0.13082
0.14400
0.10649
0.09619
0.24904
0.12889
0.12608
0.31047
0.11187
0.10916
0.13112
0.10892
0.12784
0.30509
0.30279
0.10877
0.12565
0.11814
0.21763
0.29748
0.35862
0.10950
0.12784
0.36891
0.35776
0.11574
0.10435
0.13112
0.12784
0.31047
0.29560
0.32359
0.13112
0.27409
0.09962
0.27782
0.33722
0.30085
0.30938
0.26006
0.09682
0.35776
0.30279
0.26267
0.35274
0.31182
0.10227
0.12340
0.34075
0.11705
0.29313
0.29313
0.12784
0.12188
0.10950
0.29748
0.13081
0.28997
0.13483
0.30279
0.10943
0.29748
0.28872
0.10641
0.10979
0.29313
0.31082
0.13483
0.25362
0.12290
0.30645
0.30761
0.35776
0.27545
0.10909
0.12304
0.14124
0.11513
0.10867
0.12839
0.12329
0.12290
0.12629
0.11354
0.25783
0.30509
0.30255
0.29313
0.23325
0.12608
0.35274
0.10979
0.12304
0.26128
0.31591
0.32055
0.10902
0.12476
0.09546
0.13949
0.25060
0.12110
0.28038
0.12230
0.37748
0.26015
0.13570
0.34326
0.13622
0.31047
0.13808
0.10440
0.29437
0.27765
0.25618
0.21802
0.29380
0.13650
0.13542
0.09682
0.11008
0.15061
0.32359
0.11226
0.12253
0.14007
0.11226
0.13542
0.12371
0.12336
0.24980
0.26904
0.35910
0.12249
0.13622
0.25612
0.30986
0.15902
0.14598
0.28785
0.25815
0.28103
0.29199
0.31696
0.30279
0.28967
0.24157
0.25850
0.32497
0.14007
0.28575
0.11091
0.13570
0.13808
0.28611
0.12867
0.27401
0.30645
0.30472
0.11142
0.12230
0.15902
0.25176
0.28739
0.10649
0.10018
0.28536
0.34075
0.12253
0.10227
0.29748
0.11091
0.29560
0.35776
0.31481
0.11493
0.28403
0.11091
0.27080
0.12479
0.12341
0.26105
0.29437
0.30472
0.29313
0.34075
0.30645
0.30747
0.10900
0.24689
0.29232
0.13317
0.26103
0.24019
0.29087
0.28334
0.31228
0.29313
0.31329
0.29748
0.09902
0.29748
0.13050
0.28367
0.30085
0.11849
0.26642
0.25950
0.13297
0.27542
0.27964
0.29437
0.26471
0.31771
0.29313
0.13570
0.33656
0.29748
0.26391
0.27287
0.32359
0.27901
0.25661
0.33024
0.29313
0.35776
0.34295
0.27242
0.29748
0.30645
0.30601
0.29199
0.25480
0.27670
0.11173
0.28375
0.09694
0.36307
0.29313
0.23929
0.32359
0.13104
0.34873
0.28142
0.12889
0.30468
0.25849
0.09902
0.27434
0.36315
0.31388
0.25971
0.30938
0.29313
0.35776
0.28203
0.29278
0.30929
0.25739
0.34059
0.29087
0.35776
0.29313
0.27153
0.34983
0.30509
0.26787
0.30645
0.28323
0.29169
0.25935
0.28498
0.27907
0.35717
0.36508
0.27251
0.28718
0.29313
0.29313
0.30601
0.28115
0.30628
0.35862
0.28138
0.30509
0.30706
0.34271
0.29313
0.30279
0.32359
0.35717
0.34059
0.29313
0.30761
0.30645
0.29313
0.30130
0.29313
0.30509
0.29313
0.27914
0.28166
0.28785
0.29348
0.32340
0.26764
0.29489
0.31201
0.30761
0.35776
0.27181
0.25333
0.25692
0.27409
0.29889
0.28417
0.29117
0.28533
0.29087
0.28567
0.30509
0.32359
0.32668
0.34295
0.27660
0.31823
0.27745
0.35653
0.28785
0.30929
0.33754
0.27299
0.30144
0.27688
0.27745
0.31604
0.30628
0.26237
0.31201
0.28784
0.25279
0.29489
0.35776
0.35776
0.27347
0.31046
0.33133
0.26176
0.50693
0.29269
0.26484
0.34075
0.27194
0.30929
0.30121
0.27160
0.35717
0.32359
0.31129
0.30807
0.29791
0.27439
0.27669
0.29313
0.29726
0.30424
0.29036
0.29700
0.29313
0.35776
0.29942
0.26833
0.27292
0.31201
0.30279
0.25208
0.37744
0.26653
0.17710
0.29313
0.28245
0.31502
0.30509
0.28029
0.28091
0.32359
0.20005
0.24596
0.28055
0.22491
0.18720
0.28689
0.35862
0.31382
0.32359
0.27796
0.31141
0.35776
0.28243
0.35717
0.29167
0.26633
0.31591
0.26799
0.28456
0.30645
0.29748
0.28861
0.18371
0.29793
0.27901
0.27251
0.16850
0.30645
0.21001
0.25901
0.27485
0.29232
0.31771
0.27497
0.33425
0.30311
0.38566
0.26421
0.36206
0.26787
0.27399
0.28617
0.28897
0.30601
0.29232
0.33821
0.27142
0.26987
0.31537
0.29313
0.29428
0.30466
0.32075
0.30802
0.35776
0.29513
0.26987
0.20920
0.27104
0.24482
0.30241
0.28558
0.25376
0.26153
0.29895
0.28575
0.29560
0.17476
0.17441
0.16568
0.29087
0.36106
0.28548
0.30542
0.16024
0.17835
0.34823
0.24358
0.28771
0.28529
0.29554
0.22512
0.29560
0.26243
0.30977
0.34326
0.22483
0.28462
0.19041
0.27833
0.25759
0.29313
0.32359
0.26448
0.30101
0.25476
0.25903
0.32750
0.18814
0.28790
0.15793
0.26838
0.35717
0.28301
0.19072
0.29313
0.26291
0.30841
0.22774
0.25982
0.31062
0.29748
0.17137
0.27149
0.31382
0.17446
0.29313
0.34075
0.27423
0.32379
0.26401
0.30016
0.35776
0.33081
0.27050
0.27071
0.18042
0.31321
0.19091
0.31508
0.27283
0.26034
0.27757
0.27772
0.25848
0.27271
0.29561
0.27283
0.14692
0.35717
0.34031
0.25485
0.32164
0.34075
0.31341
0.34143
0.28973
0.24417
0.28472
0.24726
0.24857
0.26924
0.30509
0.29313
0.28778
0.25836
0.34933
0.19009
0.19469
0.17823
0.26950
0.23220
0.30554
0.28674
0.28785
0.25215
0.28022
0.28338
0.28275
0.36090
0.27483
0.35717
0.35754
0.34143
0.30262
0.30628
0.16740
0.27878
0.29114
0.27221
0.28190
0.26640
0.18646
0.27283
0.34320
0.16002
0.28746
0.19963
0.30645
0.24798
0.25763
0.19072
0.17476
0.30188
0.27478
0.16568
0.33492
0.25980
0.25361
0.27242
0.36412
0.29936
0.25559
0.30645
0.20292
0.27714
0.25775
0.29936
0.35776
0.31641
0.27502
0.26538
0.24973
0.22351
0.20116
0.30671
0.33627
0.17822
0.32359
0.29472
0.17446
0.28575
0.28721
0.32102
0.29013
0.18016
0.32359
0.25684
0.27170
0.31444
0.26209
0.26884
0.17221
0.28498
0.13970
0.29313
0.29610
0.26962
0.25737
0.29748
0.21422
0.30645
0.31927
0.28275
0.18983
0.31867
0.26286
0.29313
0.17147
0.17194
0.32359
0.26935
0.24159
0.27765
0.31341
0.16690
0.17249
0.33719
0.17244
0.28034
0.29089
0.16704
0.19968
0.33531
0.23129
0.31134
0.18401
0.35776
0.17594
0.29287
0.34143
0.26653
0.35776
0.29748
0.31182
0.30645
0.30536
0.24617
0.29895
0.30052
0.35269
0.29748
0.25476
0.17823
0.29313
0.27901
0.35776
0.15097
0.29313
0.29313
0.30509
0.27268
0.19630
0.18053
0.16349
0.28480
0.31081
0.13970
0.25366
0.24366
0.35059
0.24846
0.31341
0.20221
0.25806
0.15793
0.24884
0.27914
0.25815
0.25361
0.29839
0.34143
0.13970
0.35695
0.31416
0.17379
0.24387
0.18983
0.32546
0.26136
0.31511
0.35776
0.28658
0.24797
0.18090
0.18035
0.31321
0.19803
0.17314
0.15097
0.26418
0.28170
0.36015
0.33010
0.29560
0.25596
0.16802
0.26288
0.28164
0.25591
0.25279
0.26336
0.29701
0.25277
0.37969
0.24819
0.17137
0.25798
0.17395
0.24280
0.26136
0.26826
0.29313
0.25922
0.28983
0.31100
0.16590
0.26572
0.17067
0.26798
0.17249
0.27409
0.29748
0.32216
0.29235
0.28834
0.16942
0.28106
0.26136
0.29047
0.31591
0.24676
0.29313
0.16080
0.17561
0.28653
0.27276
0.26451
0.26987
0.26673
0.19489
0.28828
0.28462
0.19504
0.29313
0.24844
0.17221
0.29748
0.17702
0.17474
0.25579
0.16681
0.31046
0.31046
0.29275
0.29380
0.26286
0.27931
0.24097
0.31791
0.28568
0.30263
0.34075
0.29748
0.26867
0.15832
0.18573
0.15793
0.29437
0.35717
0.27277
0.19023
0.15378
0.32486
0.18382
0.19413
0.25361
0.32359
0.31407
0.16039
0.19695
0.17926
0.26283
0.30765
0.31791
0.26064
0.30085
0.18658
0.18966
0.27743
0.26897
0.26776
0.25272
0.31591
0.33211
0.29274
0.35776
0.28203
0.29748
0.25306
0.15793
0.32211
0.30150
0.29095
0.31201
0.29489
0.33486
0.25140
0.25158
0.17336
0.30929
0.17441
0.15097
0.17654
0.17221
0.30430
0.29313
0.34075
0.26369
0.31511
0.27733
0.15097
0.28275
0.30033
0.15097
0.29748
0.18717
0.26244
0.24805
0.24198
0.28138
0.35776
0.29114
0.17633
0.26074
0.28067
0.16423
0.27230
0.31384
0.29152
0.27343
0.26532
0.27920
0.18987
0.27462
0.21390
0.17746
0.26962
0.27772
0.25532
0.26243
0.26962
0.25196
0.26829
0.22904
0.27017
0.18657
0.16243
0.27545
0.20372
0.30509
0.27760
0.30665
0.31511
0.27409
0.31457
0.17112
0.27948
0.34031
0.27445
0.30061
0.16647
0.35788
0.27429
0.29313
0.29313
0.28288
0.30080
0.30863
0.25171
0.27447
0.26843
0.30279
0.15793
0.26346
0.35776
0.26924
0.27455
0.17546
0.32359
0.26442
0.27553
0.19268
0.29087
0.17221
0.30929
0.24043
0.31052
0.26747
0.31489
0.28274
0.29560
0.30279
0.32359
0.33567
0.23511
0.31799
0.28203
0.26284
0.27744
0.16802
0.17913
0.13970
0.18817
0.19648
0.31473
0.27604
0.31133
0.14692
0.29013
0.18621
0.17343
0.28132
0.29313
0.32359
0.25059
0.17570
0.25349
0.35776
0.30155
0.32322
0.33024
0.28203
0.21136
0.29313
0.34530
0.29313
0.35776
0.31878
0.32359
0.32379
0.25012
0.35776
0.31435
0.29142
0.26614
0.17576
0.25361
0.35776
0.24372
0.35437
0.28309
0.28063
0.29560
0.16002
0.29199
0.17067
0.26825
0.28203
0.31046
0.28134
0.29437
0.28023
0.37969
0.28592
0.18817
0.28102
0.28113
0.35776
0.29259
0.29748
0.34075
0.25352
0.31799
0.32359
0.31591
0.26063
0.32359
0.31200
0.26787
0.30619
0.25185
0.27355
0.33456
0.38566
0.30005
0.32359
0.18975
0.30480
0.32359
0.27718
0.24839
0.34326
0.18766
0.27069
0.32820
0.29748
0.22981
0.28563
0.19193
0.31591
0.28732
0.37221
0.17648
0.35776
0.30619
0.30904
0.25631
0.31235
0.35776
0.28203
0.31182
0.29199
0.25226
0.32359
0.25921
0.35776
0.24820
0.17929
0.23325
0.15793
0.29014
0.29148
0.31358
0.27194
0.30279
0.17005
0.30196
0.19194
0.30645
0.34143
0.30449
0.15886
0.25601
0.20152
0.19767
0.31768
0.27618
0.18766
0.26286
0.24550
0.21422
0.30078
0.27421
0.19023
0.30509
0.33639
0.27160
0.24844
0.33248
0.30476
0.35776
0.29313
0.27184
0.20613
0.27846
0.19088
0.32359
0.30689
0.28173
0.30628
0.34326
0.26214
0.28653
0.28188
0.27629
0.31201
0.26414
0.29781
0.28091
0.31056
0.30201
0.31473
0.18524
0.16822
0.17672
0.17441
0.21422
0.28575
0.31182
0.31995
0.34271
0.19630
0.18987
0.29306
0.26000
0.17112
0.35776
0.17179
0.18969
0.29187
0.28575
0.18305
0.29313
0.30056
0.27470
0.17497
0.28132
0.30645
0.29313
0.19836
0.17823
0.18217
0.31591
0.36931
0.25926
0.30279
0.34075
0.33395
0.35776
0.31045
0.25434
0.26090
0.28897
0.35776
0.30207
0.27871
0.28597
0.39460
0.17656
0.24723
0.26286
0.21468
0.19179
0.31815
0.18401
0.15832
0.31174
0.29377
0.29733
0.27260
0.32633
0.27693
0.36105
0.23915
0.31844
0.18766
0.16480
0.27787
0.35776
0.15097
0.30628
0.32600
0.26051
0.30509
0.20058
0.27757
0.29199
0.24575
0.31844
0.27483
0.25468
0.15793
0.29165
0.29748
0.19820
0.18023
0.16243
0.15213
0.27837
0.29166
0.26361
0.29905
0.16024
0.19603
0.30279
0.25467
0.26136
0.25995
0.18912
0.35862
0.25869
0.30509
0.32359
0.32359
0.33946
0.29748
0.28003
0.19651
0.34075
0.32359
0.22534
0.24798
0.26546
0.26892
0.31382
0.32216
0.29758
0.17249
0.29952
0.30509
0.27338
0.26523
0.27500
0.26987
0.16666
0.30747
0.35941
0.26186
0.22056
0.29114
0.30279
0.26644
0.28132
0.28091
0.20163
0.35776
0.31358
0.29313
0.27583
0.25279
0.29988
0.29748
0.28394
0.29645
0.31133
0.29313
0.35862
0.28434
0.19630
0.27467
0.34075
0.19133
0.35776
0.26495
0.30244
0.21548
0.29313
0.31200
0.28046
0.23557
0.26851
0.27286
0.26343
0.18646
0.28136
0.20343
0.31201
0.18697
0.19070
0.28226
0.26716
0.31203
0.31583
0.26779
0.26922
0.41980
0.29801
0.16024
0.31382
0.27409
0.20231
0.34143
0.28934
0.35697
0.19319
0.18106
0.25048
0.25395
0.29905
0.30501
0.27190
0.16839
0.25491
0.32720
0.30379
0.28579
0.25665
0.23358
0.30536
0.28703
0.31237
0.26784
0.27341
0.27438
0.32482
0.30645
0.30645
0.27978
0.36295
0.23676
0.26596
0.26223
0.26705
0.31182
0.30279
0.26787
0.30451
0.32482
0.35713
0.30683
0.32134
0.32362
0.27648
0.29114
0.29102
0.31645
0.31337
0.29130
0.29757
0.28226
0.29971
0.26347
0.25840
0.27548
0.31056
0.28808
0.27369
0.31508
0.33310
0.26790
0.30876
0.25138
0.32835
0.26036
0.26569
0.26560
0.26546
0.23487
0.28861
0.31985
0.29286
0.30904
0.26873
0.27540
0.27761
0.28215
0.33304
0.32359
0.29313
0.29472
0.32474
0.25917
0.29449
0.34075
0.29748
0.34075
0.28340
0.29748
0.30456
0.35776
0.25459
0.35776
0.26549
0.28325
0.26264
0.28189
0.32359
0.32631
0.28091
0.31115
0.28928
0.31636
0.19871
0.28933
0.30509
0.26680
0.33107
0.32498
0.28695
0.26694
0.26645
0.28145
0.34075
0.25464
0.30155
0.32359
0.25515
0.29011
0.23868
0.33942
0.27630
0.32364
0.27781
0.35862
0.27581
0.28280
0.30510
0.29087
0.30279
0.29489
0.29560
0.31046
0.29274
0.30509
0.31653
0.30085
0.31815
0.35776
0.25969
0.28468
0.25636
0.32779
0.26812
0.32512
0.29313
0.25723
0.28520
0.27490
0.23707
0.27948
0.30921
0.34075
0.34075
0.34450
0.25464
0.29313
0.29313
0.26214
0.31771
0.32602
0.32359
0.31102
0.25739
0.32354
0.25082
0.32243
0.34315
0.34075
0.29313
0.29496
0.31422
0.31182
0.29253
0.35776
0.34143
0.24794
0.24736
0.32480
0.29313
0.25016
0.31115
0.24488
0.34075
0.26291
0.30279
0.28417
0.31220
0.27524
0.35776
0.29647
0.27479
0.27195
0.26236
0.29748
0.26626
0.09673
0.29492
0.30675
0.25385
0.29472
0.30088
0.29313
0.09972
0.09298
0.09187
0.31021
0.12846
0.34633
0.31947
0.10045
0.25941
0.12225
0.26226
0.10492
0.09802
0.28646
0.26769
0.12140
0.27449
0.29313
0.31182
0.28426
0.09685
0.32638
0.10183
0.09797
0.32285
0.23950
0.29313
0.30938
0.30958
0.29079
0.09972
0.10269
0.28776
0.32649
0.34075
0.26280
0.35862
0.29879
0.09288
0.29313
0.11370
0.13250
0.29313
0.27180
0.13283
0.30577
0.10172
0.26145
0.28849
0.29114
0.13399
0.29748
0.29087
0.34075
0.25519
0.10200
0.10093
0.30601
0.29748
0.10198
0.33298
0.36315
0.14069
0.30279
0.25911
0.29313
0.35776
0.11449
0.10198
0.29114
0.10165
0.09187
0.10369
0.29846
0.28761
0.10571
0.09481
0.27754
0.11701
0.11867
0.28785
0.09972
0.29114
0.09821
0.10713
0.27627
0.10093
0.10571
0.12007
0.34423
0.13116
0.26830
0.11011
0.09282
0.10571
0.30926
0.11624
0.13399
0.31100
0.10247
0.11119
0.13399
0.32359
0.26863
0.09674
0.14821
0.09972
0.12305
0.09737
0.12237
0.09298
0.11867
0.29313
0.12642
0.12312
0.24116
0.12616
0.13703
0.31318
0.13733
0.13399
0.24723
0.10038
0.29748
0.13399
0.12413
0.10247
0.29889
0.28967
0.26972
0.28367
0.31892
0.32474
0.10918
0.31100
0.09788
0.08658
0.28602
0.11167
0.35776
0.29259
0.10268
0.26244
0.29748
0.26261
0.31287
0.22132
0.25068
0.31045
0.28811
0.10582
0.09814
0.11339
0.35776
0.25553
0.26048
0.35862
0.25851
0.10370
0.11035
0.10421
0.25635
0.30832
0.12177
0.29079
0.35776
0.10108
0.09185
0.11680
0.29037
0.28811
0.10421
0.10618
0.27629
0.28323
0.13105
0.26834
0.33314
0.30832
0.09671
0.28695
0.10409
0.10449
0.26170
0.29407
0.13150
0.27406
0.11555
0.11772
0.27965
0.27901
0.32359
0.09002
0.30922
0.12827
0.11011
0.11135
0.10498
0.27022
0.10326
0.24570
0.11684
0.09863
0.12244
0.11772
0.26344
0.26722
0.12901
0.30965
0.29489
0.28035
0.33042
0.32359
0.10466
0.13492
0.30509
0.29712
0.25421
0.31591
0.25394
0.26395
0.24246
0.09765
0.27965
0.11305
0.27901
0.29603
0.24896
0.30732
0.26226
0.10703
0.29748
0.31046
0.29748
0.30929
0.11789
0.34075
0.29313
0.29079
0.11915
0.24353
0.27195
0.29313
0.10545
0.30509
0.29748
0.08983
0.27295
0.28897
0.30911
0.28174
0.32600
0.10243
0.30726
0.31591
0.32359
0.10021
0.10380
0.26048
0.34075
0.29560
0.31657
0.27058
0.27378
0.31981
0.30840
0.30616
0.10627
0.29259
0.10513
0.30601
0.12410
0.13005
0.26530
0.24591
0.11483
0.34351
0.29380
0.12002
0.30601
0.24132
0.11751
0.29313
0.11900
0.31815
0.30941
0.31120
0.10481
0.29748
0.29712
0.24647
0.12067
0.13820
0.10516
0.12321
0.30387
0.11514
0.36130
0.31100
0.13021
0.24486
0.28866
0.11224
0.25630
0.28373
0.25995
0.09765
0.25266
0.12154
0.26837
0.11283
0.25050
0.23243
0.30279
0.10139
0.26344
0.13020
0.12669
0.29889
0.12588
0.29560
0.33024
0.22549
0.24291
0.10876
0.28785
0.27730
0.12518
0.29524
0.11517
0.13345
0.28915
0.10148
0.12450
0.24267
0.34271
0.10947
0.27171
0.35717
0.11353
0.29236
0.32819
0.31527
0.30873
0.27613
0.28785
0.10286
0.28785
0.09724
0.28657
0.10643
0.27085
0.12330
0.27921
0.36531
0.25234
0.11362
0.09720
0.29748
0.11219
0.35276
0.27085
0.29283
0.12422
0.32865
0.30950
0.25168
0.27418
0.30509
0.09621
0.29313
0.25084
0.11857
0.29917
0.32791
0.11766
0.35776
0.34633
0.24783
0.28755
0.14821
0.35862
0.25936
0.30765
0.29313
0.09220
0.11758
0.29437
0.10568
0.12340
0.11339
0.13052
0.11025
0.33602
0.29010
0.08725
0.12585
0.09972
0.29313
0.27473
0.28872
0.31591
0.31591
0.25307
0.27263
0.09186
0.25214
0.29748
0.13275
0.31341
0.13782
0.28785
0.27707
0.11758
0.30628
0.11710
0.10879
0.11710
0.09784
0.10553
0.12992
0.26267
0.12422
0.35776
0.49020
0.12616
0.31591
0.11123
0.12154
0.34284
0.10595
0.11438
0.30509
0.25145
0.11869
0.09674
0.30628
0.12032
0.26348
0.09842
0.09724
0.09364
0.33245
0.29313
0.26226
0.13564
0.10380
0.10247
0.12570
0.12299
0.26287
0.34075
0.28367
0.29203
0.30761
0.13564
0.34075
0.26284
0.27827
0.08543
0.30033
0.29313
0.25377
0.12439
0.28895
0.29437
0.29313
0.34075
0.11370
0.12376
0.10534
0.09728
0.10064
0.11720
0.28897
0.09622
0.30279
0.26138
0.13137
0.29581
0.30496
0.26874
0.11476
0.11392
0.10703
0.11684
0.30279
0.14160
0.25551
0.31382
0.29045
0.12818
0.25064
0.29217
0.29259
0.09857
0.10421
0.11392
0.13140
0.10551
0.27898
0.11392
0.30481
0.10679
0.37300
0.31693
0.27928
0.12076
0.29055
0.14224
0.27409
0.09643
0.11676
0.33466
0.31722
0.27256
0.34143
0.10878
0.31046
0.30628
0.29198
0.30279
0.27195
0.29471
0.26674
0.10679
0.35835
0.08837
0.12032
0.27329
0.26461
0.30237
0.27511
0.25853
0.12981
0.11701
0.27577
0.29854
0.25979
0.22566
0.09798
0.12798
0.30179
0.21767
0.29368
0.11720
0.28718
0.25622
0.10638
0.27691
0.12138
0.31047
0.30346
0.31473
0.09114
0.24097
0.11477
0.11520
0.34075
0.29313
0.22491
0.10129
0.12371
0.12215
0.34075
0.11227
0.30011
0.09938
0.29313
0.30033
0.16919
0.30628
0.10116
0.26009
0.29313
0.18260
0.08983
0.09114
0.30101
0.09652
0.34988
0.09841
0.29313
0.10243
0.11520
0.09674
0.10113
0.11759
0.35776
0.09798
0.19592
0.32359
0.24806
0.35773
0.13551
0.36031
0.27937
0.30414
0.32340
0.12216
0.26461
0.09112
0.29429
0.10903
0.13167
0.30645
0.11676
0.19070
0.12171
0.36309
0.34075
0.09220
0.25635
0.29641
0.29259
0.17415
0.16860
0.29313
0.30279
0.10203
0.12648
0.24736
0.13052
0.29313
0.29236
0.26853
0.11520
0.29313
0.28458
0.29999
0.08705
0.13137
0.26778
0.10638
0.32359
0.16568
0.31198
0.10274
0.28204
0.13260
0.19469
0.24614
0.33195
0.29313
0.09841
0.38566
0.27642
0.24778
0.15832
0.29114
0.12619
0.26388
0.26853
0.12330
0.27798
0.30645
0.17919
0.25558
0.11592
0.19519
0.26801
0.31674
0.24080
0.34075
0.19992
0.30761
0.31575
0.29236
0.26761
0.21390
0.28000
0.23305
0.11793
0.10761
0.29748
0.24799
0.30237
0.08450
0.29748
0.29313
0.31591
0.39142
0.27038
0.29106
0.22283
0.34326
0.10676
0.27229
0.26656
0.10200
0.16860
0.27483
0.19637
0.10428
0.09991
0.26611
0.17919
0.29401
0.10676
0.12550
0.26486
0.27709
0.15097
0.18371
0.14789
0.11025
0.28459
0.09282
0.35776
0.09652
0.22534
0.26393
0.29523
0.26786
0.29439
0.34586
0.25969
0.29560
0.09114
0.10434
0.30509
0.30356
0.09510
0.12287
0.11078
0.26048
0.12897
0.10560
0.30237
0.26274
0.29198
0.30255
0.12529
0.35939
0.22714
0.30188
0.27130
0.30904
0.17544
0.30084
0.29313
0.29529
0.37789
0.32546
0.18969
0.18269
0.28876
0.29313
0.34075
0.32552
0.22150
0.26998
0.36092
0.30732
0.17825
0.32379
0.30536
0.28191
0.24417
0.24768
0.25480
0.26579
0.34075
0.31047
0.16827
0.17137
0.26387
0.27443
0.25638
0.29748
0.29808
0.29748
0.33538
0.22549
0.30509
0.27431
0.19801
0.29889
0.17221
0.26832
0.25242
0.29198
0.29560
0.20362
0.14692
0.30038
0.31201
0.24148
0.30016
0.30306
0.27401
0.35862
0.24235
0.18717
0.19023
0.27813
0.33275
0.26391
0.29313
0.25480
0.31771
0.28163
0.35862
0.29106
0.31228
0.30283
0.29748
0.30509
0.17919
0.32195
0.27929
0.27453
0.24307
0.27496
0.27116
0.16681
0.18402
0.32252
0.27105
0.31384
0.28785
0.29515
0.30173
0.36793
0.29748
0.29748
0.17137
0.20659
0.25873
0.32013
0.18912
0.30509
0.30188
0.24994
0.28630
0.30463
0.17244
0.32755
0.29560
0.34075
0.21422
0.27203
0.20473
0.30601
0.31370
0.17137
0.30451
0.17538
0.28751
0.28861
0.34075
0.27908
0.19512
0.35862
0.26400
0.14692
0.22471
0.36025
0.26461
0.29313
0.29313
0.30509
0.29748
0.17535
0.26040
0.18104
0.34314
0.16039
0.26208
0.28091
0.27697
0.24833
0.25949
0.16349
0.30173
0.35776
0.27328
0.29313
0.28146
0.19592
0.33214
0.17244
0.16544
0.28720
0.28482
0.30601
0.29199
0.29232
0.17656
0.16740
0.32882
0.28785
0.19193
0.31435
0.27634
0.29380
0.36793
0.35776
0.24224
0.26892
0.29748
0.31431
0.31591
0.29489
0.31046
0.29854
0.27318
0.25733
0.19214
0.26701
0.27719
0.28672
0.28836
0.30509
0.29748
0.19757
0.32476
0.19512
0.31047
0.31591
0.30472
0.30929
0.29147
0.29087
0.26949
0.19512
0.18646
0.33428
0.30509
0.24132
0.24196
0.29472
0.16002
0.28132
0.15097
0.26976
0.32359
0.25800
0.18344
0.17890
0.29673
0.32340
0.35776
0.27346
0.32354
0.16704
0.33346
0.27302
0.30963
0.35717
0.29846
0.31649
0.30143
0.27118
0.30628
0.29748
0.26114
0.28482
0.26051
0.28091
0.28293
0.28897
0.32359
0.26395
0.25050
0.31591
0.32359
0.29079
0.29313
0.30577
0.35776
0.18305
0.20883
0.29063
0.29313
0.28826
0.30622
0.26787
0.26349
0.25227
0.17244
0.17530
0.36048
0.30645
0.28575
0.28616
0.23809
0.16681
0.31589
0.25642
0.26551
0.31771
0.26051
0.25733
0.31157
0.29653
0.30509
0.17464
0.29313
0.17476
0.16926
0.26896
0.27371
0.26787
0.15097
0.18042
0.35956
0.27251
0.29673
0.29232
0.24818
0.15213
0.27043
0.23983
0.16039
0.25733
0.26747
0.15097
0.35862
0.29547
0.28990
0.27104
0.27629
0.19116
0.24393
0.34423
0.30573
0.28836
0.34295
0.19371
0.32359
0.17538
0.30509
0.26211
0.32200
0.30509
0.14692
0.19116
0.32359
0.29379
0.28755
0.18983
0.25772
0.19444
0.25179
0.32359
0.30601
0.35776
0.31591
0.28441
0.27865
0.25003
0.16039
0.16377
0.27746
0.19987
0.30509
0.38106
0.32359
0.29087
0.27925
0.23652
0.29673
0.29114
0.31397
0.36092
0.35717
0.29199
0.35406
0.29313
0.26555
0.21257
0.17535
0.34189
0.24297
0.29748
0.16021
0.30645
0.20473
0.24852
0.32361
0.19559
0.26371
0.25176
0.25780
0.27457
0.30279
0.35776
0.26461
0.17221
0.21257
0.35776
0.29313
0.26680
0.26966
0.19193
0.16663
0.29356
0.18401
0.30509
0.17136
0.25180
0.26573
0.30466
0.28534
0.36793
0.18632
0.23781
0.15886
0.29913
0.28040
0.30815
0.28785
0.17439
0.33024
0.29313
0.29516
0.15097
0.18814
0.30056
0.29313
0.16778
0.26534
0.17633
0.31046
0.30454
0.26826
0.28390
0.28575
0.29516
0.33484
0.28115
0.34075
0.34075
0.28575
0.15097
0.27901
0.25110
0.30938
0.27868
0.17476
0.38228
0.29164
0.24141
0.29199
0.30288
0.30645
0.17244
0.17671
0.25145
0.35776
0.17441
0.29532
0.32359
0.24527
0.19689
0.19344
0.27520
0.32649
0.19268
0.15276
0.19160
0.29748
0.35717
0.34075
0.18168
0.20726
0.29313
0.31100
0.29259
0.27251
0.27002
0.30392
0.27697
0.32305
0.31812
0.36337
0.16423
0.28424
0.18304
0.28018
0.17476
0.25330
0.25479
0.16885
0.15362
0.19506
0.18891
0.28171
0.17258
0.16810
0.19469
0.27060
0.29259
0.24844
0.24513
0.28842
0.18990
0.29547
0.30173
0.27296
0.27412
0.26349
0.25464
0.26445
0.28263
0.28375
0.26577
0.28765
0.27196
0.25532
0.26360
0.28170
0.21979
0.16611
0.14789
0.28768
0.26825
0.29715
0.28530
0.15793
0.28630
0.30006
0.28100
0.29579
0.27373
0.29715
0.22970
0.16002
0.18883
0.24591
0.31822
0.19206
0.18717
0.22276
0.16378
0.19203
0.24422
0.19486
0.26316
0.33567
0.27158
0.31808
0.27562
0.28712
0.26064
0.15213
0.24395
0.16514
0.24246
0.17909
0.24755
0.29113
0.30059
0.31808
0.26885
0.32799
0.28091
0.30976
0.28734
0.26397
0.25212
0.26140
0.16856
0.27693
0.28410
0.14692
0.29034
0.26406
0.24685
0.41769
0.17476
0.16802
0.19508
0.19533
0.17258
0.19317
0.36184
0.29268
0.18098
0.25998
0.24810
0.25448
0.29198
0.17404
0.17823
0.26060
0.30379
0.16568
0.31693
0.17476
0.27473
0.26563
0.17535
0.24798
0.24643
0.15213
0.17428
0.14789
0.18254
0.27056
0.30479
0.19504
0.18242
0.34203
0.22471
0.25179
0.15793
0.27850
0.23592
0.34143
0.20659
0.17476
0.26448
0.16423
0.28142
0.34143
0.28320
0.32637
0.25656
0.20300
0.32195
0.19398
0.34569
0.33213
0.28942
0.19486
0.25179
0.18958
0.26341
0.16039
0.26697
0.24080
0.17137
0.19177
0.19206
0.25114
0.20726
0.26846
0.18032
0.19560
0.17583
0.17031
0.19319
0.27987
0.18987
0.29336
0.19870
0.31693
0.24504
0.19125
0.19745
0.15097
0.18987
0.17137
0.26479
0.35862
0.32523
0.31245
0.26614
0.17395
0.29726
0.17484
0.13970
0.27439
0.28510
0.18646
0.14692
0.26967
0.24905
0.19147
0.27047
0.40141
0.28536
0.27034
0.23645
0.21762
0.37969
0.25082
0.25091
0.26997
0.23426
0.24617
0.26765
0.29142
0.28828
0.27946
0.30416
0.29287
0.26396
0.24172
0.26531
0.34143
0.25132
0.24562
0.34813
0.24959
0.23645
0.25367
0.34012
0.27275
0.32791
0.29030
0.27121
0.26383
0.25926
0.36206
0.10668
0.26019
0.40141
0.26596
0.28930
0.30511
0.27149
0.25638
0.25571
0.30542
0.29259
0.32381
0.29471
0.24904
0.35090
0.24904
0.31515
0.28971
0.28647
0.30025
0.10492
0.30808
0.26462
0.26849
0.11720
0.29313
0.28035
0.35532
0.10906
0.27914
0.33213
0.35776
0.10481
0.26002
0.34143
0.28075
0.10057
0.36482
0.09857
0.12075
0.09163
0.29748
0.29748
0.24497
0.25542
0.28657
0.28256
0.28226
0.10125
0.10101
0.30883
0.24855
0.31201
0.27542
0.29313
0.30509
0.28508
0.29114
0.29313
0.09765
0.29560
0.33126
0.12257
0.09784
0.10148
0.29092
0.30645
0.24745
0.09298
0.27548
0.35776
0.31591
0.34031
0.29313
0.26783
0.31800
0.31182
0.31382
0.35776
0.32359
0.30654
0.30509
0.30190
0.29232
0.29472
0.26224
0.09784
0.14367
0.29082
0.26147
0.09310
0.31904
0.31771
0.28354
0.10250
0.25330
0.29272
0.30279
0.25115
0.10021
0.31195
0.29313
0.10380
0.11111
0.09767
0.08658
0.35776
0.10208
0.09722
0.34271
0.30808
0.11370
0.29313
0.10208
0.10255
0.12002
0.31815
0.09990
0.27192
0.10268
0.24080
0.10208
0.32578
0.10078
0.26458
0.27953
0.11193
0.31645
0.31374
0.29313
0.13150
0.27261
0.35776
0.26783
0.26402
0.30501
0.29289
0.34075
0.09778
0.29313
0.10780
0.28408
0.35776
0.34143
0.12293
0.27194
0.11638
0.32359
0.31182
0.25749
0.31182
0.28887
0.34988
0.32326
0.11720
0.10845
0.29647
0.24910
0.14847
0.09674
0.10099
0.29313
0.29907
0.13644
0.11838
0.27142
0.10461
0.35776
0.12030
0.10203
0.25977
0.11356
0.29532
0.09429
0.29472
0.28897
0.09479
0.13644
0.31201
0.29313
0.29982
0.12870
0.35776
0.09083
0.28111
0.10203
0.30501
0.28861
0.11011
0.27378
0.32359
0.35776
0.28055
0.31182
0.10790
0.10790
0.12870
0.26737
0.10044
0.30155
0.11705
0.30929
0.30509
0.34143
0.27157
0.28785
0.11830
0.32482
0.29232
0.10274
0.29830
0.22757
0.30645
0.25404
0.09842
0.12026
0.11339
0.28895
0.35776
0.11947
0.28220
0.29492
0.30279
0.35776
0.26587
0.11201
0.29485
0.09671
0.10896
0.10896
0.11717
0.29560
0.29160
0.25316
0.29492
0.12453
0.28785
0.26752
0.11386
0.12007
0.09481
0.29489
0.11571
0.09991
0.28258
0.11078
0.31100
0.28472
0.29313
0.28055
0.32359
0.29313
0.11720
0.31100
0.24446
0.29232
0.13782
0.32359
0.29560
0.30601
0.27479
0.25747
0.32359
0.29660
0.12265
0.38566
0.22227
0.31027
0.31201
0.11111
0.10780
0.12283
0.10705
0.29313
0.11965
0.37744
0.26313
0.30509
0.32952
0.10274
0.11861
0.11000
0.24066
0.12834
0.11864
0.10274
0.29489
0.10351
0.34121
0.30501
0.11219
0.27292
0.29199
0.35776
0.12420
0.10099
0.28689
0.32359
0.34075
0.30628
0.24982
0.13501
0.27371
0.27901
0.35276
0.12604
0.24904
0.11555
0.41207
0.31201
0.10609
0.29306
0.31473
0.12771
0.11396
0.29038
0.29114
0.29313
0.31591
0.33185
0.30645
0.10130
0.27733
0.34075
0.32859
0.09481
0.24745
0.28958
0.25561
0.37388
0.11333
0.12859
0.24872
0.28976
0.29313
0.30704
0.25757
0.26861
0.12357
0.29395
0.12316
0.24417
0.26839
0.28035
0.11180
0.10829
0.31100
0.12439
0.27409
0.29199
0.28582
0.10532
0.10641
0.12905
0.14624
0.12215
0.31941
0.26484
0.26175
0.28531
0.27409
0.28237
0.31046
0.09682
0.11167
0.12614
0.12769
0.11995
0.25464
0.25413
0.10045
0.26577
0.11072
0.32552
0.10250
0.30747
0.27580
0.30475
0.09083
0.25455
0.29258
0.10962
0.09924
0.28895
0.12877
0.13244
0.13507
0.25961
0.25715
0.24682
0.28255
0.12015
0.10733
0.28669
0.27934
0.29472
0.12244
0.22833
0.36025
0.25179
0.27652
0.32361
0.32546
0.12388
0.22608
0.12731
0.31771
0.24682
0.11219
0.25440
0.27022
0.24375
0.28144
0.26680
0.32546
0.35539
0.11219
0.26670
0.11604
0.27965
0.27436
0.12616
0.29449
0.32616
0.12499
0.28424
0.12019
0.30174
0.12818
0.27896
0.25589
0.26061
0.24080
0.12859
0.26051
0.31941
0.12669
0.12971
0.09518
0.29114
0.34143
0.23591
0.12570
0.28145
0.10466
0.22276
0.29616
0.26036
0.11000
0.25179
0.26329
0.30700
0.30628
0.12265
0.27222
0.25725
0.14447
0.29437
0.10772
0.28091
0.32769
0.10497
0.34075
0.12513
0.27703
0.26114
0.34248
0.10466
0.28956
0.30599
0.30938
0.30188
0.29050
0.24282
0.12388
0.11167
0.31591
0.28255
0.27693
0.27479
0.27057
0.35987
0.09143
0.14828
0.35776
0.32607
0.30442
0.09143
0.27472
0.12392
0.31182
0.32514
0.11720
0.09671
0.15148
0.32395
0.34075
0.10927
0.30279
0.26060
0.12933
0.35776
0.23243
0.11558
0.30279
0.12696
0.13150
0.15148
0.32359
0.26644
0.25542
0.12529
0.27554
0.12877
0.23574
0.31321
0.35717
0.27085
0.35776
0.29313
0.28132
0.35776
0.25936
0.34143
0.30279
0.29768
0.28320
0.29285
0.26459
0.30225
0.35608
0.28411
0.30601
0.30509
0.35776
0.28106
0.35776
0.32311
0.26626
0.26463
0.09481
0.27735
0.24904
0.30581
0.28091
0.30929
0.12734
0.35862
0.31100
0.24505
0.32640
0.29748
0.29313
0.26105
0.27078
0.31046
0.27975
0.27178
0.26171
0.23972
0.31834
0.24723
0.28768
0.30279
0.30914
0.28785
0.36315
0.25656
0.27901
0.29313
0.32546
0.30601
0.28542
0.30509
0.27520
0.35776
0.30279
0.29313
0.31182
0.29186
0.29992
0.31046
0.27712
0.27394
0.29313
0.25476
0.29748
0.26947
0.35776
0.29313
0.35776
0.27473
0.28718
0.29748
0.26925
0.24860
0.32546
0.29524
0.29748
0.30645
0.32013
0.26000
0.27464
0.24334
0.27629
0.27629
0.29313
0.24892
0.35776
0.27414
0.29313
0.25575
0.28138
0.35910
0.24486
0.30279
0.27742
0.32637
0.30145
0.34075
0.27409
0.29199
0.27463
0.26386
0.23129
0.29437
0.35229
0.25702
0.30761
0.29380
0.29889
0.22397
0.31100
0.26853
0.32359
0.28538
0.29380
0.30395
0.30188
0.34075
0.29958
0.31182
0.26244
0.28808
0.27599
0.31591
0.29313
0.30601
0.30929
0.30251
0.29313
0.28038
0.29168
0.35717
0.27685
0.32359
0.27948
0.28506
0.35717
0.27946
0.35776
0.26186
0.35862
0.32865
0.36928
0.29846
0.26691
0.29232
0.29313
0.23804
0.28563
0.29560
0.35776
0.32486
0.30924
0.29604
0.28208
0.25975
0.27711
0.31591
0.30904
0.34075
0.24904
0.27282
0.26754
0.32359
0.29313
0.29436
0.27316
0.31591
0.34143
0.29748
0.27210
0.31035
0.32256
0.28091
0.29748
0.32359
0.26892
0.29748
0.37466
0.29232
0.29466
0.35437
0.29560
0.27371
0.29313
0.29715
0.35754
0.25464
0.29748
0.35776
0.29560
0.25890
0.29748
0.33213
0.29087
0.24969
0.25774
0.26292
0.26972
0.29653
0.26705
0.29207
0.28280
0.35776
0.26829
0.31715
0.28133
0.25967
0.29090
0.27672
0.24093
0.29748
0.31120
0.30033
0.26534
0.28463
0.29594
0.31649
0.34271
0.29748
0.34075
0.33194
0.26747
0.23565
0.34075
0.30601
0.35776
0.29313
0.32359
0.31388
0.32871
0.31220
0.31182
0.31046
0.30601
0.35776
0.31182
0.25815
0.35754
0.30628
0.30929
0.31591
0.30501
0.34075
0.29313
0.31771
0.29547
0.28630
0.30466
0.35776
0.27085
0.25815
0.28719
0.28548
0.29471
0.30509
0.28646
0.27238
0.26288
0.31815
0.26655
0.26510
0.27185
0.30645
0.25302
0.29313
0.30279
0.29748
0.26965
0.28551
0.24628
0.21451
0.27712
0.31591
0.31046
0.28967
0.26139
0.39432
0.34633
0.34075
0.26486
0.29560
0.22276
0.30929
0.27693
0.29380
0.27038
0.21081
0.30509
0.30856
0.29437
0.29313
0.31182
0.29313
0.30601
0.28785
0.27795
0.29313
0.31765
0.28418
0.28567
0.27593
0.25757
0.29748
0.26372
0.28621
0.27022
0.25239
0.27735
0.39460
0.29313
0.23557
0.21913
0.29313
0.29715
0.30279
0.26485
0.31133
0.25180
0.26609
0.28110
0.29192
0.28630
0.26406
0.38642
0.28091
0.31815
0.25542
0.27089
0.27563
0.27190
0.29131
0.29088
0.30290
0.27495
0.31321
0.30509
0.30929
0.30929
0.30034
0.30509
0.30400
0.30509
0.29313
0.31027
0.30509
0.36090
0.30628
0.24371
0.33314
0.27469
0.31341
0.31815
0.30904
0.28070
0.25176
0.31970
0.29748
0.25089
0.29437
0.31690
0.29744
0.27160
0.29632
0.26974
0.28783
0.27473
0.31046
0.30279
0.29313
0.30953
0.27650
0.29748
0.26853
0.34075
0.33213
0.28398
0.35776
0.30409
0.26927
0.26643
0.30566
0.28725
0.25483
0.25179
0.26378
0.27554
0.26765
0.27952
0.26873
0.26406
0.32064
0.27404
0.29489
0.28375
0.30601
0.27621
0.34143
0.28028
0.27975
0.32340
0.24346
0.27672
0.30379
0.31790
0.25542
0.25980
0.27584
0.38228
0.34031
0.35776
0.25528
0.27022
0.31056
0.29447
0.28932
0.28324
0.29748
0.25671
0.24814
0.30155
0.29748
0.28400
0.25542
0.27988
0.27124
0.34075
0.26450
0.30402
0.29313
0.37744
0.27842
0.27694
0.29803
0.29348
0.24642
0.29560
0.36947
0.28030
0.27404
0.25542
0.29199
0.26443
0.26701
0.33875
0.26699
0.28033
0.26591
0.32272
0.28075
0.29400
0.30237
0.25542
0.26316
0.30298
0.32530
0.23839
0.40294
0.27850
0.28577
0.24921
0.23441
0.30651
0.31329
0.35788
0.30509
0.34189
0.27934
0.31035
0.27550
0.30316
0.24888
0.33168
0.36407
0.28215
0.26981
0.29303
0.26733
0.33501
0.26323
0.27585
0.31237
0.28130
0.25542
0.27287
0.27388
0.30128
0.27882
0.37696
0.22527
0.27414
0.27032
0.31941
0.25450
0.27567
0.28721
0.29530
0.27856
0.27414
0.25603
0.26214
0.33245
0.31588
0.12929
0.30210
0.20898
0.28000
0.27024
0.26976
0.40028
0.31790
0.26674
0.10154
0.27190
0.11995
0.37073
0.27466
0.09288
0.30509
0.28091
0.09364
0.13703
0.25543
0.31046
0.28261
0.24515
0.27542
0.27287
0.30376
0.12019
0.10780
0.28255
0.28412
0.13024
0.09338
0.10466
0.20800
0.27175
0.32658
0.25542
0.12215
0.11995
0.34075
0.26974
0.25542
0.35776
0.34075
0.09797
0.10165
0.29313
0.31693
0.31182
0.30761
0.26379
0.24314
0.27554
0.28187
0.26742
0.10438
0.27101
0.10841
0.30050
0.27574
0.28105
0.28458
0.25001
0.24423
0.12340
0.31091
0.25811
0.23034
0.32050
0.13011
0.24041
0.27195
0.33473
0.09288
0.25980
0.26741
0.25590
0.10734
0.27984
0.27461
0.10200
0.09685
0.26711
0.34579
0.29543
0.28718
0.28669
0.30156
0.10045
0.10045
0.12603
0.11899
0.30379
0.25607
0.11948
0.32871
0.28475
0.12310
0.26787
0.28012
0.12603
0.34005
0.29135
0.33354
0.26267
0.09814
0.26284
0.11684
0.29135
0.11948
0.12109
0.25793
0.10250
0.12167
0.26955
0.09181
0.34075
0.25093
0.10516
0.31215
0.24742
0.28156
0.11111
0.12388
0.27176
0.10031
0.22455
0.12690
0.12428
0.25089
0.23209
0.29715
0.27188
0.27247
0.12992
0.25985
0.08705
0.27311
0.26802
0.27533
0.31920
0.32310
0.33597
0.26946
0.32765
0.31573
0.09720
0.27883
0.35342
0.26078
0.32050
0.12019
0.26839
0.12299
0.12213
0.26995
0.27612
0.13059
0.11053
0.30363
0.35910
0.27883
0.27427
0.31403
0.24134
0.26987
0.26747
0.29259
0.08705
0.11166
0.26074
0.10031
0.09797
0.25170
0.26616
0.12769
0.10993
0.27660
0.14246
0.30572
0.31223
0.11493
0.27943
0.25949
0.10703
0.12095
0.34075
0.08705
0.32347
0.28647
0.10115
0.27648
0.27496
0.30680
0.12340
0.10545
0.33825
0.29748
0.33229
0.10906
0.30781
0.26018
0.31047
0.27527
0.12677
0.27662
0.12676
0.31009
0.29313
0.09544
0.32720
0.29560
0.11680
0.28021
0.31182
0.10243
0.34143
0.28300
0.25972
0.11166
0.26540
0.09179
0.26711
0.31254
0.10113
0.10571
0.27573
0.27487
0.35328
0.22088
0.12144
0.10203
0.27677
0.28197
0.23819
0.27596
0.27871
0.26399
0.12053
0.27457
0.29249
0.11637
0.29561
0.10125
0.23948
0.27965
0.37969
0.11637
0.25569
0.12523
0.33055
0.25211
0.13079
0.31353
0.31129
0.10038
0.11350
0.25731
0.26220
0.09298
0.23668
0.12550
0.29976
0.11180
0.30118
0.11772
0.21902
0.28685
0.32765
0.10679
0.15746
0.28689
0.29114
0.32359
0.13405
0.24451
0.26484
0.11350
0.12144
0.27039
0.11502
0.28112
0.25974
0.10283
0.27038
0.11502
0.21521
0.28474
0.10679
0.10786
0.28157
0.27716
0.15746
0.12364
0.32765
0.09671
0.11772
0.29114
0.31108
0.28274
0.11638
0.33149
0.33298
0.10841
0.32552
0.12762
0.28108
0.27596
0.28102
0.10879
0.27070
0.26900
0.34295
0.09288
0.27995
0.21718
0.12215
0.36472
0.26161
0.13175
0.27969
0.28320
0.31639
0.11772
0.09728
0.32523
0.25179
0.10247
0.12007
0.10157
0.29259
0.32191
0.11195
0.10289
0.29135
0.35115
0.25364
0.27796
0.10124
0.27648
0.28091
0.24927
0.26399
0.11929
0.12167
0.26288
0.26376
0.33241
0.29627
0.30292
0.10350
0.28849
0.10283
0.27447
0.27663
0.14138
0.31941
0.09332
0.24530
0.12318
0.27125
0.29380
0.13869
0.26048
0.24304
0.32077
0.11028
0.31015
0.26774
0.30284
0.27662
0.30287
0.21521
0.25709
0.25340
0.12839
0.09674
0.09434
0.25960
0.14099
0.22277
0.28075
0.12145
0.09133
0.11396
0.29067
0.11974
0.33243
0.25028
0.32310
0.09298
0.28197
0.11053
0.27801
0.29259
0.31075
0.28177
0.28470
0.10824
0.11604
0.10521
0.28091
0.25137
0.31935
0.09674
0.10250
0.26367
0.26271
0.10421
0.29086
0.27831
0.26778
0.27462
0.11974
0.27386
0.25904
0.25378
0.26341
0.12145
0.34569
0.10520
0.25279
0.29098
0.11025
0.28240
0.10183
0.31597
0.29269
0.12459
0.09338
0.24659
0.26959
0.29143
0.12154
0.27022
0.24097
0.33051
0.10630
0.28599
0.09924
0.12208
0.11947
0.26853
0.11744
0.12350
0.34143
0.12083
0.29861
0.10229
0.09685
0.12953
0.24844
0.30282
0.27672
0.27428
0.10289
0.26624
0.33243
0.31925
0.27125
0.26873
0.12154
0.29290
0.28617
0.23690
0.12350
0.25904
0.24282
0.24016
0.11118
0.11785
0.12880
0.13200
0.27326
0.10247
0.12154
0.09138
0.31433
0.13703
0.12350
0.28887
0.32726
0.12648
0.31487
0.27434
0.21689
0.25499
0.30157
0.09765
0.10229
0.29289
0.26851
0.13113
0.12066
0.29682
0.27297
0.27709
0.28251
0.26778
0.10247
0.11680
0.30161
0.27670
0.33674
0.31056
0.09240
0.13507
0.28281
0.09057
0.12859
0.27046
0.10129
0.27431
0.28424
0.11111
0.29195
0.11947
0.27613
0.28206
0.10734
0.28091
0.25687
0.27282
0.11020
0.26073
0.13281
0.27086
0.27242
0.09179
0.27101
0.25475
0.10130
0.27038
0.26694
0.10281
0.11588
0.25960
0.28177
0.26521
0.13200
0.26886
0.14042
0.27115
0.33243
0.28772
0.10078
0.28530
0.31091
0.26743
0.28157
0.30947
0.26516
0.10461
0.26195
0.15206
0.28255
0.12288
0.31547
0.25182
0.29472
0.08856
0.28359
0.28424
0.13103
0.26887
0.12288
0.37130
0.27313
0.35814
0.26516
0.33243
0.13966
0.27774
0.27690
0.10203
0.27841
0.26728
0.12409
0.27773
0.10927
0.27714
0.09724
0.31132
0.28202
0.23025
0.26376
0.29439
0.10271
0.27692
0.09720
0.14847
0.26376
0.40052
0.12019
0.29834
0.26083
0.12929
0.27268
0.30832
0.27714
0.27611
0.14529
0.27115
0.10307
0.11759
0.11219
0.28048
0.27629
0.32344
0.24758
0.24446
0.26102
0.29757
0.26778
0.26189
0.26829
0.21902
0.27114
0.13564
0.10638
0.11000
0.35910
0.12549
0.27461
0.29232
0.26728
0.29300
0.12859
0.11059
0.27224
0.31920
0.31462
0.26537
0.10688
0.29269
0.25812
0.27155
0.11335
0.11638
0.26158
0.28354
0.25499
0.29249
0.27455
0.24496
0.34960
0.11403
0.09972
0.25182
0.09737
0.10157
0.09673
0.25523
0.22981
0.13564
0.13553
0.10200
0.29269
0.25186
0.28617
0.11106
0.28436
0.11514
0.11899
0.10679
0.30379
0.33126
0.30672
0.13235
0.25366
0.20356
0.29523
0.30049
0.30198
0.09722
0.13564
0.29523
0.27641
0.12310
0.11403
0.26891
0.12300
0.27483
0.30313
0.12370
0.09357
0.28632
0.24522
0.27125
0.27704
0.10957
0.10038
0.26671
0.27205
0.22196
0.12806
0.32078
0.29489
0.26983
0.24003
0.10705
0.28213
0.28029
0.10815
0.26675
0.10289
0.28117
0.27369
0.22838
0.24522
0.32392
0.12859
0.26329
0.24601
0.09652
0.10078
0.10595
0.10269
0.10113
0.25649
0.27033
0.26337
0.26287
0.11806
0.27115
0.33768
0.32577
0.11555
0.12299
0.11973
0.13011
0.28441
0.27325
0.10957
0.25279
0.26978
0.11276
0.12420
0.11588
0.29422
0.29782
0.25041
0.33243
0.33324
0.29757
0.24337
0.12944
0.14042
0.10532
0.26850
0.26798
0.11447
0.26987
0.28292
0.29112
0.22186
0.26071
0.26382
0.29112
0.26299
0.25653
0.26035
0.26376
0.27314
0.12518
0.27774
0.10794
0.23316
0.26244
0.31202
0.25708
0.28153
0.28617
0.09609
0.29114
0.26728
0.27222
0.32134
0.27765
0.12944
0.11123
0.20400
0.27079
0.25620
0.22186
0.10434
0.27622
0.27451
0.25029
0.25041
0.21139
0.26887
0.28689
0.35788
0.27817
0.26516
0.09530
0.12513
0.27259
0.14367
0.26660
0.12370
0.12237
0.26681
0.27067
0.24560
0.25340
0.26585
0.24921
0.26933
0.12376
0.09485
0.26982
0.12550
0.21833
0.27852
0.27585
0.32546
0.09652
0.22753
0.10468
0.33389
0.10046
0.27953
0.10532
0.26372
0.27135
0.11436
0.26447
0.12428
0.32840
0.29442
0.10887
0.25014
0.09518
0.27094
0.28075
0.30832
0.29918
0.26177
0.30049
0.09856
0.21521
0.29368
0.08767
0.27282
0.34634
0.11680
0.27135
0.10358
0.30808
0.12041
0.28928
0.09380
0.24522
0.28001
0.21139
0.27289
0.10359
0.12944
0.28009
0.28983
0.25542
0.27734
0.30074
0.25801
0.10287
0.12376
0.26000
0.10088
0.11030
0.26815
0.29757
0.12859
0.09794
0.26507
0.34747
0.34266
0.35437
0.27268
0.08450
0.24819
0.28718
0.22186
0.12104
0.25589
0.09884
0.28371
0.27123
0.26585
0.27719
0.28240
0.22186
0.11017
0.10468
0.22990
0.26863
0.29009
0.25570
0.31392
0.22920
0.25041
0.25378
0.28142
0.09674
0.22753
0.11477
0.09444
0.09723
0.24525
0.21312
0.10172
0.28615
0.34295
0.31435
0.10054
0.31382
0.23653
0.11098
0.25316
0.26497
0.27949
0.12254
0.33243
0.09380
0.11339
0.30590
0.09434
0.30832
0.09055
0.30684
0.25699
0.26681
0.37969
0.28589
0.09728
0.28536
0.09908
0.10664
0.28535
0.12944
0.31748
0.28790
0.25873
0.27660
0.34813
0.29259
0.12388
0.10287
0.09794
0.26662
0.12397
0.24819
0.31220
0.27189
0.28826
0.26707
0.26484
0.24525
0.34450
0.31355
0.30553
0.29249
0.13837
0.26858
0.31090
0.26681
0.22186
0.30156
0.29692
0.11081
0.27970
0.25479
0.11276
0.10757
0.27439
0.10556
0.11132
0.09493
0.14051
0.31201
0.12533
0.29287
0.27764
0.27112
0.28029
0.28810
0.29621
0.34882
0.15150
0.24551
0.08870
0.12168
0.08675
0.12343
0.29715
0.13138
0.26158
0.11711
0.29209
0.27533
0.30641
0.13927
0.28061
0.32643
0.12028
0.12760
0.13675
0.26900
0.26441
0.12006
0.14002
0.13675
0.23668
0.26711
0.27975
0.12515
0.28354
0.25508
0.10206
0.24664
0.27508
0.30196
0.34540
0.12568
0.11501
0.26072
0.26177
0.21521
0.39232
0.26751
0.28110
0.24080
0.10424
0.22455
0.27288
0.26654
0.12515
0.24468
0.14198
0.26874
0.33929
0.26978
0.28762
0.28035
0.26389
0.22455
0.29765
0.22405
0.36960
0.13675
0.10753
0.30282
0.22908
0.28810
0.26774
0.36588
0.21521
0.28138
0.36482
0.32415
0.31773
0.29612
0.27614
0.28304
0.30870
0.25750
0.31023
0.26966
0.24080
0.30489
0.27194
0.27161
0.25487
0.10404
0.28868
0.11463
0.31920
0.26653
0.22901
0.13385
0.32441
0.27427
0.25890
0.25924
0.12760
0.23993
0.28010
0.10867
0.22840
0.10206
0.13385
0.31641
0.27105
0.27187
0.13220
0.26376
0.11906
0.27313
0.09673
0.12760
0.30542
0.26248
0.28042
0.26861
0.28223
0.12203
0.26829
0.37643
0.26045
0.28496
0.12109
0.27003
0.26881
0.12560
0.12011
0.10713
0.12225
0.09388
0.09444
0.29714
0.35341
0.13452
0.24326
0.27265
0.21521
0.11666
0.21521
0.26524
0.13683
0.24396
0.26051
0.26509
0.26376
0.29612
0.32840
0.31639
0.10424
0.10552
0.22908
0.27248
0.10424
0.14130
0.28568
0.11546
0.27086
0.22218
0.31056
0.10074
0.23953
0.34143
0.13041
0.26859
0.34143
0.11178
0.25278
0.28212
0.26542
0.25182
0.12240
0.30352
0.37176
0.32552
0.26850
0.29561
0.28400
0.32048
0.24446
0.27761
0.27841
0.30834
0.27606
0.33565
0.12271
0.28336
0.12271
0.34935
0.28635
0.27780
0.09038
0.26586
0.26859
0.26966
0.10925
0.11192
0.28790
0.26975
0.32648
0.29259
0.29034
0.12278
0.26645
0.11192
0.32183
0.09485
0.28029
0.10475
0.27694
0.14560
0.25708
0.21902
0.36685
0.30830
0.26895
0.27044
0.26979
0.10740
0.26092
0.26269
0.27196
0.10259
0.11197
0.29356
0.12607
0.25904
0.26372
0.30846
0.29114
0.31779
0.13568
0.13409
0.25689
0.27596
0.22772
0.11633
0.24970
0.12856
0.24080
0.10054
0.13217
0.26201
0.27585
0.11676
0.27969
0.09038
0.09908
0.30273
0.27156
0.27223
0.12668
0.10481
0.28810
0.27196
0.26203
0.12127
0.26036
0.12127
0.26546
0.26720
0.13200
0.12025
0.27384
0.26838
0.28349
0.28985
0.25313
0.10012
0.12780
0.28819
0.26177
0.23202
0.28036
0.27660
0.30590
0.12647
0.25210
0.24844
0.29259
0.14254
0.28875
0.28844
0.10892
0.28117
0.24624
0.31735
0.23427
0.35228
0.10724
0.27048
0.22977
0.25032
0.26167
0.13095
0.26264
0.13056
0.26226
0.33674
0.31023
0.27470
0.12685
0.10272
0.10505
0.36301
0.30611
0.26484
0.26043
0.22981
0.11985
0.28113
0.10413
0.34327
0.11321
0.10650
0.33031
0.25094
0.28138
0.10650
0.32363
0.25708
0.26034
0.13189
0.32417
0.14193
0.31056
0.33095
0.24080
0.28776
0.10850
0.24844
0.25750
0.12817
0.15150
0.29758
0.23570
0.27343
0.27132
0.26043
0.24811
0.14957
0.26851
0.26763
0.32544
0.29757
0.31902
0.11027
0.13167
0.22581
0.24827
0.27606
0.11011
0.12538
0.10726
0.10272
0.10650
0.31716
0.26858
0.25376
0.12800
0.12936
0.25506
0.33243
0.11796
0.31392
0.26979
0.13770
0.27612
0.32129
0.35476
0.31102
0.28669
0.31056
0.27841
0.31338
0.29037
0.25560
0.31564
0.09570
0.14254
0.27991
0.12274
0.26544
0.10724
0.25542
0.12884
0.13537
0.32649
0.32081
0.26660
0.10461
0.24138
0.32013
0.37130
0.09425
0.27842
0.12075
0.24932
0.32284
0.26711
0.27056
0.27010
0.37657
0.24838
0.33460
0.34545
0.12400
0.09830
0.28038
0.10409
0.09493
0.13332
0.29647
0.26025
0.24982
0.29702
0.12321
0.26568
0.31415
0.29471
0.28798
0.29114
0.26484
0.28091
0.24772
0.27157
0.25479
0.24019
0.27070
0.10585
0.25904
0.27871
0.33530
0.27716
0.10259
0.31606
0.24093
0.35814
0.28022
0.30789
0.27251
0.26424
0.28215
0.12928
0.28424
0.30157
0.23758
0.28038
0.25103
0.27913
0.28475
0.25887
0.25922
0.25284
0.29053
0.28495
0.11027
0.27309
0.27863
0.10733
0.24747
0.32190
0.32586
0.25538
0.25475
0.28475
0.27621
0.24985
0.27226
0.36809
0.26487
0.28875
0.31834
0.22901
0.37023
0.25475
0.33310
0.31382
0.27680
0.33922
0.26861
0.26620
0.30157
0.27345
0.26859
0.25182
0.25555
0.25089
0.27437
0.28147
0.28288
0.31899
0.24188
0.25279
0.33432
0.28183
0.35414
0.36446
0.27661
0.30443
0.27379
0.28130
0.24682
0.10935
0.23131
0.25692
0.32260
0.33967
0.27927
0.24087
0.25499
0.30606
0.33389
0.31815
0.27890
0.27648
0.21521
0.28376
0.31011
0.31200
0.31573
0.30443
0.29765
0.26093
0.25672
0.31920
0.30832
0.32523
0.28275
0.28531
0.27876
0.30221
0.30424
0.33031
0.28907
0.31268
0.30848
0.25051
0.28225
0.26721
0.27871
0.26728
0.30832
0.26683
0.27008
0.27276
0.27086
0.27373
0.28365
0.23942
0.31716
0.37969
0.27596
0.26487
0.31920
0.30653
0.25690
0.28160
0.31641
0.27325
0.29328
0.22642
0.26711
0.27629
0.38038
0.21440
0.31392
0.29344
0.25492
0.24757
0.28356
0.33803
0.21521
0.27020
0.25615
0.30651
0.25708
0.33389
0.33243
0.37130
0.24974
0.24707
0.27722
0.31309
0.28455
0.28213
0.29674
0.29114
0.29972
0.30810
0.27975
0.30110
0.30350
0.27914
0.26443
0.28343
0.21521
0.26662
0.31597
0.22277
0.24963
0.26677
0.24875
0.37130
0.34540
0.31056
0.25124
0.26977
0.31649
0.26572
0.21951
0.22641
0.25672
0.31518
0.36066
0.26581
0.28519
0.28458
0.27871
0.25106
0.26394
0.29523
0.30443
0.27589
0.26150
0.25179
0.25015
0.29008
0.25381
0.47270
0.21521
0.36482
0.29232
0.22864
0.26635
0.27286
0.30130
0.36121
0.23650
0.26859
0.28065
0.29210
0.30185
0.25182
0.27086
0.33389
0.26344
0.27086
0.25238
0.26666
0.23166
0.25467
0.28992
0.29610
0.26749
0.33674
0.28223
0.33213
0.27313
0.31641
0.31215
0.27751
0.26486
0.26683
0.28469
0.24116
0.37405
0.27349
0.26842
0.25672
0.27996
0.25689
0.34835
0.33875
0.31392
0.25182
0.26389
0.29563
0.30443
0.27648
0.28048
0.22908
0.33213
0.32552
0.29686
0.22455
0.27576
0.26453
0.28355
0.26516
0.30442
0.26926
0.36933
0.25542
0.29779
0.25015
0.47520
0.32552
0.21162
0.26746
0.28611
0.32582
0.27622
0.31684
0.22806
0.27024
0.33389
0.22442
0.28703
0.23129
0.32673
0.27317
0.28902
0.28328
0.23777
0.27475
0.25920
0.25264
0.28877
0.19990
0.26226
0.28237
0.29811
0.28415
0.24370
0.28417
0.27942
0.29206
0.27904
0.25316
0.30157
0.24546
0.25423
0.37598
0.25015
0.26670
0.27595
0.26598
0.31098
0.34334
0.27231
0.28035
0.28461
0.22324
0.28302
0.32586
0.29689
0.27130
0.32331
0.21364
0.25049
0.28230
0.28967
0.26744
0.32157
0.29001
0.27033
0.26341
0.25497
0.21538
0.25540
0.32038
0.27086
0.25255
0.26323
0.24751
0.21023
0.27246
0.25182
0.27395
0.33536
0.26608
0.22908
0.26061
0.28213
0.27606
0.27969
0.26068
0.27338
0.21718
0.26768
0.26984
0.28084
0.28442
0.29334
0.32077
0.28192
0.31716
0.30110
0.24522
0.26177
0.27857
0.31873
0.26620
0.26859
0.29523
0.26448
0.26859
0.29259
0.25499
0.27520
0.25015
0.22455
0.21440
0.35814
0.32181
0.21521
0.33432
0.31015
0.27921
0.27296
0.27079
0.31238
0.33310
0.28475
0.27975
0.25493
0.28079
0.25746
0.29043
0.38097
0.28536
0.28626
0.31008
0.33825
0.33389
0.27230
0.29105
0.21718
0.25950
0.22512
0.31400
0.23273
0.33095
0.26177
0.30568
0.31564
0.30832
0.26177
0.28048
0.27811
0.26859
0.28417
0.31597
0.27660
0.27042
0.32586
0.26662
0.27172
0.36255
0.30706
0.32929
0.26509
0.26299
0.25373
0.29471
0.24664
0.25386
0.34500
0.32586
0.27969
0.22070
0.25605
0.24080
0.28688
0.30677
0.26299
0.27709
0.25708
0.24989
0.29419
0.25251
0.25182
0.28424
0.22817
0.36541
0.29744
0.32460
0.28223
0.28213
0.26206
0.26210
0.33107
0.26635
0.23765
0.29890
0.30832
0.36591
0.32486
0.26859
0.26120
0.29601
0.26859
0.23394
0.26406
0.27086
0.31435
0.34749
0.31215
0.31170
0.24959
0.28669
0.25542
0.26206
0.32311
0.25475
0.32417
0.33674
0.27943
0.26177
0.31226
0.26635
0.27660
0.28465
0.26630
0.27154
0.24332
0.36302
0.26787
0.27838
0.27276
0.27668
0.22981
0.29992
0.27276
0.34540
0.24814
0.26367
0.29259
0.26572
0.26546
0.24747
0.27287
0.24222
0.26448
0.31537
0.31098
