0.24920
0.15928
0.06706
0.11667
0.06561
0.10676
0.07886
0.34194
0.32230
0.44780
0.29191
0.21218
0.15573
0.07174
0.07780
0.49676
0.37849
0.11049
0.02807
0.09624
0.02105
0.35875
0.09688
0.21316
0.02495
0.08377
0.11439
0.34970
0.16845
0.06459
0.05693
0.03342
0.12114
0.10313
0.07576
0.77385
0.10403
0.29991
0.20059
0.13190
0.02501
0.14963
0.27117
0.19802
0.11932
0.21815
0.09570
0.02605
0.19486
0.15561
0.10967
0.01848
0.28169
0.27847
0.23788
0.11746
0.14668
0.08495
0.14027
0.12043
0.10588
0.32241
0.03185
0.16043
0.24241
0.09484
0.18165
0.15322
0.51234
0.11272
0.08869
0.22217
0.11462
0.20027
0.27117
0.20929
0.29290
0.09624
0.26361
0.05678
0.01897
0.17174
0.66738
0.23731
0.18070
0.17134
0.13312
0.47780
0.02693
0.23788
0.13098
0.16517
0.08495
0.02064
0.12405
0.07979
0.07054
0.13589
0.72281
0.16226
0.27230
0.07399
0.08155
0.14233
0.10758
0.12445
0.08682
0.04839
0.13744
0.16050
0.08439
0.02611
0.22822
0.08521
0.72281
0.02490
0.19568
0.16845
0.12945
0.07813
0.14178
0.18410
0.31693
0.12096
0.22021
0.09291
0.04640
0.35287
0.04998
0.07459
0.11717
0.20737
0.03000
0.49128
0.20533
0.23027
0.10601
0.87842
0.15358
0.82838
0.78689
0.32866
0.03219
0.14129
0.14512
0.26720
0.08951
0.11804
0.08907
0.14848
0.02495
0.02051
0.92238
0.09989
0.13569
0.37422
0.03841
0.03238
0.06706
0.11393
0.03219
0.21457
0.20339
0.28844
0.90133
0.19374
0.06754
0.12284
0.02015
0.03219
0.01996
0.30960
0.15175
0.35444
0.15373
0.25121
0.12753
0.23340
0.07816
0.02064
0.47872
0.06518
0.35228
0.20929
0.16991
0.37858
0.29981
0.15723
0.06217
0.02005
0.04554
0.15392
0.04976
0.15373
0.04937
0.07312
0.07968
0.15373
0.07782
0.06961
0.14193
0.36703
0.02063
0.10064
0.06686
0.08992
0.10084
0.34775
0.24749
0.02042
0.02553
0.21919
0.04709
0.14263
0.06046
0.11491
0.27501
0.22366
0.14388
0.35523
0.22844
0.19981
0.08864
0.17370
0.17025
0.08479
0.14192
0.24247
0.10798
0.14500
0.12096
0.07968
0.43411
0.02385
0.11537
0.09687
0.12207
0.19016
0.06561
0.08167
0.34230
0.12867
0.59257
0.37862
0.26148
0.11115
0.17838
0.19455
0.05044
0.15945
0.08486
0.09764
0.51884
0.31809
0.11084
0.31686
0.29154
0.10596
0.17748
0.10792
0.09032
0.23315
0.10258
0.08881
0.02098
0.43333
0.20634
0.31285
0.12675
0.16769
0.12601
0.11969
0.29879
0.12043
0.33007
0.18855
0.15313
0.29401
0.86788
0.06754
0.13718
0.13024
0.08009
0.12263
0.03106
0.22809
0.48161
0.08762
0.29264
0.03577
0.77385
0.23731
0.13182
0.47440
0.23956
0.08269
0.14805
0.03219
0.41740
0.30720
0.06572
0.15005
0.07201
0.78689
0.10313
0.11784
0.27589
0.31596
0.15506
0.41298
0.13603
0.28088
0.09242
0.05874
0.13695
0.14759
0.01848
0.55369
0.67065
0.16872
0.10451
0.20913
0.03219
0.08439
0.49161
0.08916
0.09260
0.28375
0.02088
0.20183
0.08299
0.19577
0.06620
0.15506
0.12461
0.06488
0.06390
0.14948
0.14233
0.23843
0.05517
0.06968
0.09537
0.02626
0.03186
0.20017
0.46988
0.82124
0.10330
0.07385
0.02495
0.02495
0.18998
0.03445
0.02741
0.32184
0.05430
0.25877
0.23830
0.13960
0.71195
0.22164
0.20746
0.20159
0.06358
0.02078
0.02805
0.42154
0.21402
0.26944
0.50434
0.12849
0.20362
0.10667
0.22366
0.02385
0.09213
0.10363
0.10891
0.13127
0.07083
0.23753
0.31596
0.11899
0.10642
0.31875
0.02487
0.16481
0.18465
0.26478
0.24920
0.15928
0.06706
0.11667
0.06561
0.10676
0.07886
0.34194
0.32230
0.44780
0.29191
0.21218
0.15573
0.07174
0.07780
0.49676
0.37849
0.11049
0.02807
0.09624
0.02105
0.35875
0.09688
0.21316
0.02495
0.08377
0.11439
0.34970
0.16845
0.06459
0.05693
0.03342
0.12114
0.10313
0.07576
0.77385
0.10403
0.29991
0.20059
0.13190
0.02501
0.14963
0.27117
0.19802
0.11932
0.21815
0.09570
0.02605
0.19486
0.15561
0.10967
0.01848
0.28169
0.27847
0.23788
0.11746
0.14668
0.08495
0.14027
0.12043
0.10588
0.32241
0.03185
0.16043
0.24241
0.09484
0.18165
0.15322
0.51234
0.11272
0.08869
0.22217
0.11462
0.20027
0.27117
0.20929
0.29290
0.09624
0.26361
0.05678
0.01897
0.17174
0.66738
0.23731
0.18070
0.17134
0.13312
0.47780
0.02693
0.23788
0.13098
0.16517
0.08495
0.02064
0.12405
0.07979
0.07054
0.13589
0.72281
0.16226
0.27230
0.07399
0.08155
0.14233
0.10758
0.12445
0.08682
0.04839
0.13744
0.16050
0.08439
0.02611
0.22822
0.08521
0.72281
0.02490
0.19568
0.16845
0.12945
0.07813
0.14178
0.18410
0.31693
0.12096
0.22021
0.09291
0.04640
0.35287
0.04998
0.07459
0.11717
0.20737
0.03000
0.49128
0.20533
0.23027
0.10601
0.87842
0.15358
0.82838
0.78689
0.32866
0.03219
0.14129
0.14512
0.26720
0.08951
0.11804
0.08907
0.14848
0.02495
0.02051
0.92238
0.09989
0.13569
0.37422
0.03841
0.03238
0.06706
0.11393
0.03219
0.21457
0.20339
0.28844
0.90133
0.19374
0.06754
0.12284
0.02015
0.03219
0.01996
0.30960
0.15175
0.35444
0.15373
0.25121
0.12753
0.23340
0.07816
0.02064
0.47872
0.06518
0.35228
0.20929
0.16991
0.37858
0.29981
0.15723
0.06217
0.02005
0.04554
0.15392
0.04976
0.15373
0.04937
0.07312
0.07968
0.15373
0.07782
0.06961
0.14193
0.36703
0.02063
0.10064
0.06686
0.08992
0.10084
0.34775
0.24749
0.02042
0.02553
0.21919
0.04709
0.14263
0.06046
0.11491
0.27501
0.22366
0.14388
0.35523
0.22844
0.19981
0.08864
0.17370
0.17025
0.08479
0.14192
0.24247
0.10798
0.14500
0.12096
0.07968
0.43411
0.02385
0.11537
0.09687
0.12207
0.19016
0.06561
0.08167
0.34230
0.12867
0.59257
0.37862
0.26148
0.11115
0.17838
0.19455
0.05044
0.15945
0.08486
0.09764
0.51884
0.31809
0.11084
0.31686
0.29154
0.10596
0.17748
0.10792
0.09032
0.23315
0.10258
0.08881
0.02098
0.43333
0.20634
0.31285
0.12675
0.16769
0.12601
0.11969
0.29879
0.12043
0.33007
0.18855
0.15313
0.29401
0.86788
0.06754
0.13718
0.13024
0.08009
0.12263
0.03106
0.22809
0.48161
0.08762
0.29264
0.03577
0.77385
0.23731
0.13182
0.47440
0.23956
0.08269
0.14805
0.03219
0.41740
0.30720
0.06572
0.15005
0.07201
0.78689
0.10313
0.11784
0.27589
0.31596
0.15506
0.41298
0.13603
0.28088
0.09242
0.05874
0.13695
0.14759
0.01848
0.55369
0.67065
0.16872
0.10451
0.20913
0.03219
0.08439
0.49161
0.08916
0.09260
0.28375
0.02088
0.20183
0.08299
0.19577
0.06620
0.15506
0.12461
0.06488
0.06390
0.14948
0.14233
0.23843
0.05517
0.06968
0.09537
0.02626
0.03186
0.20017
0.46988
0.82124
0.10330
0.07385
0.02495
0.02495
0.18998
0.03445
0.02741
0.32184
0.05430
0.25877
0.23830
0.13960
0.71195
0.22164
0.20746
0.20159
0.06358
0.02078
0.02805
0.42154
0.21402
0.26944
0.50434
0.12849
0.20362
0.10667
0.22366
0.02385
0.09213
0.10363
0.10891
0.13127
0.07083
0.23753
0.31596
0.11899
0.10642
0.31875
0.02487
0.16481
0.18465
0.26478
0.24920
0.15928
0.06706
0.11667
0.06561
0.10676
0.07886
0.34194
0.32230
0.44780
0.29191
0.21218
0.15573
0.07174
0.07780
0.49676
0.37849
0.11049
0.02807
0.09624
0.02105
0.35875
0.09688
0.21316
0.02495
0.08377
0.11439
0.34970
0.16845
0.06459
0.05693
0.03342
0.12114
0.10313
0.07576
0.77385
0.10403
0.29991
0.20059
0.13190
0.02501
0.14963
0.27117
0.19802
0.11932
0.21815
0.09570
0.02605
0.19486
0.15561
0.10967
0.01848
0.28169
0.27847
0.23788
0.11746
0.14668
0.08495
0.14027
0.12043
0.10588
0.32241
0.03185
0.16043
0.24241
0.09484
0.18165
0.15322
0.51234
0.11272
0.08869
0.22217
0.11462
0.20027
0.27117
0.20929
0.29290
0.09624
0.26361
0.05678
0.01897
0.17174
0.66738
0.23731
0.18070
0.17134
0.13312
0.47780
0.02693
0.23788
0.13098
0.16517
0.08495
0.02064
0.12405
0.07979
0.07054
0.13589
0.72281
0.16226
0.27230
0.07399
0.08155
0.14233
0.10758
0.12445
0.08682
0.04839
0.13744
0.16050
0.08439
0.02611
0.22822
0.08521
0.72281
0.02490
0.19568
0.16845
0.12945
0.07813
0.14178
0.18410
0.31693
0.12096
0.22021
0.09291
0.04640
0.35287
0.04998
0.07459
0.11717
0.20737
0.03000
0.49128
0.20533
0.23027
0.10601
0.87842
0.15358
0.82838
0.78689
0.32866
0.03219
0.14129
0.14512
0.26720
0.08951
0.11804
0.08907
0.14848
0.02495
0.02051
0.92238
0.09989
0.13569
0.37422
0.03841
0.03238
0.06706
0.11393
0.03219
0.21457
0.20339
0.28844
0.90133
0.19374
0.06754
0.12284
0.02015
0.03219
0.01996
0.30960
0.15175
0.35444
0.15373
0.25121
0.12753
0.23340
0.07816
0.02064
0.47872
0.06518
0.35228
0.20929
0.16991
0.37858
0.29981
0.15723
0.06217
0.02005
0.04554
0.15392
0.04976
0.15373
0.04937
0.07312
0.07968
0.15373
0.07782
0.06961
0.14193
0.36703
0.02063
0.10064
0.06686
0.08992
0.10084
0.34775
0.24749
0.02042
0.02553
0.21919
0.04709
0.14263
0.06046
0.11491
0.27501
0.22366
0.14388
0.35523
0.22844
0.19981
0.08864
0.17370
0.17025
0.08479
0.14192
0.24247
0.10798
0.14500
0.12096
0.07968
0.43411
0.02385
0.11537
0.09687
0.12207
0.19016
0.06561
0.08167
0.34230
0.12867
0.59257
0.37862
0.26148
0.11115
0.17838
0.19455
0.05044
0.15945
0.08486
0.09764
0.51884
0.31809
0.11084
0.31686
0.29154
0.10596
0.17748
0.10792
0.09032
0.23315
0.10258
0.08881
0.02098
0.43333
0.20634
0.31285
0.12675
0.16769
0.12601
0.11969
0.29879
0.12043
0.33007
0.18855
0.15313
0.29401
0.86788
0.06754
0.13718
0.13024
0.08009
0.12263
0.03106
0.22809
0.48161
0.08762
0.29264
0.03577
0.77385
0.23731
0.13182
0.47440
0.23956
0.08269
0.14805
0.03219
0.41740
0.30720
0.06572
0.15005
0.07201
0.78689
0.10313
0.11784
0.27589
0.31596
0.15506
0.41298
0.13603
0.28088
0.09242
0.05874
0.13695
0.14759
0.01848
0.55369
0.67065
0.16872
0.10451
0.20913
0.03219
0.08439
0.49161
0.08916
0.09260
0.28375
0.02088
0.20183
0.08299
0.19577
0.06620
0.15506
0.12461
0.06488
0.06390
0.14948
0.14233
0.23843
0.05517
0.06968
0.09537
0.02626
0.03186
0.20017
0.46988
0.82124
0.10330
0.07385
0.02495
0.02495
0.18998
0.03445
0.02741
0.32184
0.05430
0.25877
0.23830
0.13960
0.71195
0.22164
0.20746
0.20159
0.06358
0.02078
0.02805
0.42154
0.21402
0.26944
0.50434
0.12849
0.20362
0.10667
0.22366
0.02385
0.09213
0.10363
0.10891
0.13127
0.07083
0.23753
0.31596
0.11899
0.10642
0.31875
0.02487
0.16481
0.18465
0.26478
0.24920
0.15928
0.06706
0.11667
0.06561
0.10676
0.07886
0.34194
0.32230
0.44780
0.29191
0.21218
0.15573
0.07174
0.07780
0.49676
0.37849
0.11049
0.02807
0.09624
0.02105
0.35875
0.09688
0.21316
0.02495
0.08377
0.11439
0.34970
0.16845
0.06459
0.05693
0.03342
0.12114
0.10313
0.07576
0.77385
0.10403
0.29991
0.20059
0.13190
0.02501
0.14963
0.27117
0.19802
0.11932
0.21815
0.09570
0.02605
0.19486
0.15561
0.10967
0.01848
0.28169
0.27847
0.23788
0.11746
0.14668
0.08495
0.14027
0.12043
0.10588
0.32241
0.03185
0.16043
0.24241
0.09484
0.18165
0.15322
0.51234
0.11272
0.08869
0.22217
0.11462
0.20027
0.27117
0.20929
0.29290
0.09624
0.26361
0.05678
0.01897
0.17174
0.66738
0.23731
0.18070
0.17134
0.13312
0.47780
0.02693
0.23788
0.13098
0.16517
0.08495
0.02064
0.12405
0.07979
0.07054
0.13589
0.72281
0.16226
0.27230
0.07399
0.08155
0.14233
0.10758
0.12445
0.08682
0.04839
0.13744
0.16050
0.08439
0.02611
0.22822
0.08521
0.72281
0.02490
0.19568
0.16845
0.12945
0.07813
0.14178
0.18410
0.31693
0.12096
0.22021
0.09291
0.04640
0.35287
0.04998
0.07459
0.11717
0.20737
0.03000
0.49128
0.20533
0.23027
0.10601
0.87842
0.15358
0.82838
0.78689
0.32866
0.03219
0.14129
0.14512
0.26720
0.08951
0.11804
0.08907
0.14848
0.02495
0.02051
0.92238
0.09989
0.13569
0.37422
0.03841
0.03238
0.06706
0.11393
0.03219
0.21457
0.20339
0.28844
0.90133
0.19374
0.06754
0.12284
0.02015
0.03219
0.01996
0.30960
0.15175
0.35444
0.15373
0.25121
0.12753
0.23340
0.07816
0.02064
0.47872
0.06518
0.35228
0.20929
0.16991
0.37858
0.29981
0.15723
0.06217
0.02005
0.04554
0.15392
0.04976
0.15373
0.04937
0.07312
0.07968
0.15373
0.07782
0.06961
0.14193
0.36703
0.02063
0.10064
0.06686
0.08992
0.10084
0.34775
0.24749
0.02042
0.02553
0.21919
0.04709
0.14263
0.06046
0.11491
0.27501
0.22366
0.14388
0.35523
0.22844
0.19981
0.08864
0.17370
0.17025
0.08479
0.14192
0.24247
0.10798
0.14500
0.12096
0.07968
0.43411
0.02385
0.11537
0.09687
0.12207
0.19016
0.06561
0.08167
0.34230
0.12867
0.59257
0.37862
0.26148
0.11115
0.17838
0.19455
0.05044
0.15945
0.08486
0.09764
0.51884
0.31809
0.11084
0.31686
0.29154
0.10596
0.17748
0.10792
0.09032
0.23315
0.10258
0.08881
0.02098
0.43333
0.20634
0.31285
0.12675
0.16769
0.12601
0.11969
0.29879
0.12043
0.33007
0.18855
0.15313
0.29401
0.86788
0.06754
0.13718
0.13024
0.08009
0.12263
0.03106
0.22809
0.48161
0.08762
0.29264
0.03577
0.77385
0.23731
0.13182
0.47440
0.23956
0.08269
0.14805
0.03219
0.41740
0.30720
0.06572
0.15005
0.07201
0.78689
0.10313
0.11784
0.27589
0.31596
0.15506
0.41298
0.13603
0.28088
0.09242
0.05874
0.13695
0.14759
0.01848
0.55369
0.67065
0.16872
0.10451
0.20913
0.03219
0.08439
0.49161
0.08916
0.09260
0.28375
0.02088
0.20183
0.08299
0.19577
0.06620
0.15506
0.12461
0.06488
0.06390
0.14948
0.14233
0.23843
0.05517
0.06968
0.09537
0.02626
0.03186
0.20017
0.46988
0.82124
0.10330
0.07385
0.02495
0.02495
0.18998
0.03445
0.02741
0.32184
0.05430
0.25877
0.23830
0.13960
0.71195
0.22164
0.20746
0.20159
0.06358
0.02078
0.02805
0.42154
0.21402
0.26944
0.50434
0.12849
0.20362
0.10667
0.22366
0.02385
0.09213
0.10363
0.10891
0.13127
0.07083
0.23753
0.31596
0.11899
0.10642
0.31875
0.02487
0.16481
0.18465
0.26478
0.24920
0.15928
0.06706
0.11667
0.06561
0.10676
0.07886
0.34194
0.32230
0.44780
0.29191
0.21218
0.15573
0.07174
0.07780
0.49676
0.37849
0.11049
0.02807
0.09624
0.02105
0.35875
0.09688
0.21316
0.02495
0.08377
0.11439
0.34970
0.16845
0.06459
0.05693
0.03342
0.12114
0.10313
0.07576
0.77385
0.10403
0.29991
0.20059
0.13190
0.02501
0.14963
0.27117
0.19802
0.11932
0.21815
0.09570
0.02605
0.19486
0.15561
0.10967
0.01848
0.28169
0.27847
0.23788
0.11746
0.14668
0.08495
0.14027
0.12043
0.10588
0.32241
0.03185
0.16043
0.24241
0.09484
0.18165
0.15322
0.51234
0.11272
0.08869
0.22217
0.11462
0.20027
0.27117
0.20929
0.29290
0.09624
0.26361
0.05678
0.01897
0.17174
0.66738
0.23731
0.18070
0.17134
0.13312
0.47780
0.02693
0.23788
0.13098
0.16517
0.08495
0.02064
0.12405
0.07979
0.07054
0.13589
0.72281
0.16226
0.27230
0.07399
0.08155
0.14233
0.10758
0.12445
0.08682
0.04839
0.13744
0.16050
0.08439
0.02611
0.22822
0.08521
0.72281
0.02490
0.19568
0.16845
0.12945
0.07813
0.14178
0.18410
0.31693
0.12096
0.22021
0.09291
0.04640
0.35287
0.04998
0.07459
0.11717
0.20737
0.03000
0.49128
0.20533
0.23027
0.10601
0.87842
0.15358
0.82838
0.78689
0.32866
0.03219
0.14129
0.14512
0.26720
0.08951
0.11804
0.08907
0.14848
0.02495
0.02051
0.92238
0.09989
0.13569
0.37422
0.03841
0.03238
0.06706
0.11393
0.03219
0.21457
0.20339
0.28844
0.90133
0.19374
0.06754
0.12284
0.02015
0.03219
0.01996
0.30960
0.15175
0.35444
0.15373
0.25121
0.12753
0.23340
0.07816
0.02064
0.47872
0.06518
0.35228
0.20929
0.16991
0.37858
0.29981
0.15723
0.06217
0.02005
0.04554
0.15392
0.04976
0.15373
0.04937
0.07312
0.07968
0.15373
0.07782
0.06961
0.14193
0.36703
0.02063
0.10064
0.06686
0.08992
0.10084
0.34775
0.24749
0.02042
0.02553
0.21919
0.04709
0.14263
0.06046
0.11491
0.27501
0.22366
0.14388
0.35523
0.22844
0.19981
0.08864
0.17370
0.17025
0.08479
0.14192
0.24247
0.10798
0.14500
0.12096
0.07968
0.43411
0.02385
0.11537
0.09687
0.12207
0.19016
0.06561
0.08167
0.34230
0.12867
0.59257
0.37862
0.26148
0.11115
0.17838
0.19455
0.05044
0.15945
0.08486
0.09764
0.51884
0.31809
0.11084
0.31686
0.29154
0.10596
0.17748
0.10792
0.09032
0.23315
0.10258
0.08881
0.02098
0.43333
0.20634
0.31285
0.12675
0.16769
0.12601
0.11969
0.29879
0.12043
0.33007
0.18855
0.15313
0.29401
0.86788
0.06754
0.13718
0.13024
0.08009
0.12263
0.03106
0.22809
0.48161
0.08762
0.29264
0.03577
0.77385
0.23731
0.13182
0.47440
0.23956
0.08269
0.14805
0.03219
0.41740
0.30720
0.06572
0.15005
0.07201
0.78689
0.10313
0.11784
0.27589
0.31596
0.15506
0.41298
0.13603
0.28088
0.09242
0.05874
0.13695
0.14759
0.01848
0.55369
0.67065
0.16872
0.10451
0.20913
0.03219
0.08439
0.49161
0.08916
0.09260
0.28375
0.02088
0.20183
0.08299
0.19577
0.06620
0.15506
0.12461
0.06488
0.06390
0.14948
0.14233
0.23843
0.05517
0.06968
0.09537
0.02626
0.03186
0.20017
0.46988
0.82124
0.10330
0.07385
0.02495
0.02495
0.18998
0.03445
0.02741
0.32184
0.05430
0.25877
0.23830
0.13960
0.71195
0.22164
0.20746
0.20159
0.06358
0.02078
0.02805
0.42154
0.21402
0.26944
0.50434
0.12849
0.20362
0.10667
0.22366
0.02385
0.09213
0.10363
0.10891
0.13127
0.07083
0.23753
0.31596
0.11899
0.10642
0.31875
0.02487
0.16481
0.18465
0.26478
0.24920
0.15928
0.06706
0.11667
0.06561
0.10676
0.07886
0.34194
0.32230
0.44780
0.29191
0.21218
0.15573
0.07174
0.07780
0.49676
0.37849
0.11049
0.02807
0.09624
0.02105
0.35875
0.09688
0.21316
0.02495
0.08377
0.11439
0.34970
0.16845
0.06459
0.05693
0.03342
0.12114
0.10313
0.07576
0.77385
0.10403
0.29991
0.20059
0.13190
0.02501
0.14963
0.27117
0.19802
0.11932
0.21815
0.09570
0.02605
0.19486
0.15561
0.10967
0.01848
0.28169
0.27847
0.23788
0.11746
0.14668
0.08495
0.14027
0.12043
0.10588
0.32241
0.03185
0.16043
0.24241
0.09484
0.18165
0.15322
0.51234
0.11272
0.08869
0.22217
0.11462
0.20027
0.27117
0.20929
0.29290
0.09624
0.26361
0.05678
0.01897
0.17174
0.66738
0.23731
0.18070
0.17134
0.13312
0.47780
0.02693
0.23788
0.13098
0.16517
0.08495
0.02064
0.12405
0.07979
0.07054
0.13589
0.72281
0.16226
0.27230
0.07399
0.08155
0.14233
0.10758
0.12445
0.08682
0.04839
0.13744
0.16050
0.08439
0.02611
0.22822
0.08521
0.72281
0.02490
0.19568
0.16845
0.12945
0.07813
0.14178
0.18410
0.31693
0.12096
0.22021
0.09291
0.04640
0.35287
0.04998
0.07459
0.11717
0.20737
0.03000
0.49128
0.20533
0.23027
0.10601
0.87842
0.15358
0.82838
0.78689
0.32866
0.03219
0.14129
0.14512
0.26720
0.08951
0.11804
0.08907
0.14848
0.02495
0.02051
0.92238
0.09989
0.13569
0.37422
0.03841
0.03238
0.06706
0.11393
0.03219
0.21457
0.20339
0.28844
0.90133
0.19374
0.06754
0.12284
0.02015
0.03219
0.01996
0.30960
0.15175
0.35444
0.15373
0.25121
0.12753
0.23340
0.07816
0.02064
0.47872
0.06518
0.35228
0.20929
0.16991
0.37858
0.29981
0.15723
0.06217
0.02005
0.04554
0.15392
0.04976
0.15373
0.04937
0.07312
0.07968
0.15373
0.07782
0.06961
0.14193
0.36703
0.02063
0.10064
0.06686
0.08992
0.10084
0.34775
0.24749
0.02042
0.02553
0.21919
0.04709
0.14263
0.06046
0.11491
0.27501
0.22366
0.14388
0.35523
0.22844
0.19981
0.08864
0.17370
0.17025
0.08479
0.14192
0.24247
0.10798
0.14500
0.12096
0.07968
0.43411
0.02385
0.11537
0.09687
0.12207
0.19016
0.06561
0.08167
0.34230
0.12867
0.59257
0.37862
0.26148
0.11115
0.17838
0.19455
0.05044
0.15945
0.08486
0.09764
0.51884
0.31809
0.11084
0.31686
0.29154
0.10596
0.17748
0.10792
0.09032
0.23315
0.10258
0.08881
0.02098
0.43333
0.20634
0.31285
0.12675
0.16769
0.12601
0.11969
0.29879
0.12043
0.33007
0.18855
0.15313
0.29401
0.86788
0.06754
0.13718
0.13024
0.08009
0.12263
0.03106
0.22809
0.48161
0.08762
0.29264
0.03577
0.77385
0.23731
0.13182
0.47440
0.23956
0.08269
0.14805
0.03219
0.41740
0.30720
0.06572
0.15005
0.07201
0.78689
0.10313
0.11784
0.27589
0.31596
0.15506
0.41298
0.13603
0.28088
0.09242
0.05874
0.13695
0.14759
0.01848
0.55369
0.67065
0.16872
0.10451
0.20913
0.03219
0.08439
0.49161
0.08916
0.09260
0.28375
0.02088
0.20183
0.08299
0.19577
0.06620
0.15506
0.12461
0.06488
0.06390
0.14948
0.14233
0.23843
0.05517
0.06968
0.09537
0.02626
0.03186
0.20017
0.46988
0.82124
0.10330
0.07385
0.02495
0.02495
0.18998
0.03445
0.02741
0.32184
0.05430
0.25877
0.23830
0.13960
0.71195
0.22164
0.20746
0.20159
0.06358
0.02078
0.02805
0.42154
0.21402
0.26944
0.50434
0.12849
0.20362
0.10667
0.22366
0.02385
0.09213
0.10363
0.10891
0.13127
0.07083
0.23753
0.31596
0.11899
0.10642
0.31875
0.02487
0.16481
0.18465
0.26478
