0.151212
0.107999
0.074725
0.110561
0.119935
0.100833
0.332571
0.283396
0.067403
0.099585
0.167123
0.111763
0.326386
0.065195
0.092122
0.241565
0.101478
0.237496
0.235437
0.246761
0.077150
0.095766
0.087275
0.305644
0.074109
0.115650
0.093798
0.134660
0.070311
0.090767
0.197825
0.106849
0.236819
0.122062
0.068157
0.099517
0.107518
0.095598
0.068285
0.110579
0.079807
0.138281
0.292037
0.090278
0.120334
0.104273
0.141480
0.065223
0.065227
0.077421
0.077895
0.111667
0.114502
0.068023
0.091496
0.106895
0.240324
0.097367
0.067561
0.142966
0.136348
0.134257
0.109781
0.110019
0.091817
0.158953
0.073694
0.083890
0.097957
0.285320
0.265669
0.177702
0.056557
0.084263
0.120371
0.065792
0.078505
0.121661
0.252072
0.121018
0.170030
0.089136
0.074109
0.120190
0.238377
0.134921
0.097747
0.178719
0.246999
0.199135
0.072655
0.114547
0.089665
0.100409
0.080376
0.093710
0.116837
0.066824
0.266661
0.143955
0.082662
0.070311
0.120426
0.170994
0.255196
0.066294
0.110284
0.065195
0.078567
0.151212
0.107999
0.074725
0.110561
0.119935
0.100833
0.332571
0.283396
0.067403
0.099585
0.167123
0.111763
0.326386
0.065195
0.092122
0.241565
0.101478
0.237496
0.235437
0.246761
0.077150
0.095766
0.087275
0.305644
0.074109
0.115650
0.093798
0.134660
0.070311
0.090767
0.197825
0.106849
0.236819
0.122062
0.068157
0.099517
0.107518
0.095598
0.068285
0.110579
0.079807
0.138281
0.292037
0.090278
0.120334
0.104273
0.141480
0.065223
0.065227
0.077421
0.077895
0.111667
0.114502
0.068023
0.091496
0.106895
0.240324
0.097367
0.067561
0.142966
0.136348
0.134257
0.109781
0.110019
0.091817
0.158953
0.073694
0.083890
0.097957
0.285320
0.265669
0.177702
0.056557
0.084263
0.120371
0.065792
0.078505
0.121661
0.252072
0.121018
0.170030
0.089136
0.074109
0.120190
0.238377
0.134921
0.097747
0.178719
0.246999
0.199135
0.072655
0.114547
0.089665
0.100409
0.080376
0.093710
0.116837
0.066824
0.266661
0.143955
0.082662
0.070311
0.120426
0.170994
0.255196
0.066294
0.110284
0.065195
0.078567
0.151212
0.107999
0.074725
0.110561
0.119935
0.100833
0.332571
0.283396
0.067403
0.099585
0.167123
0.111763
0.326386
0.065195
0.092122
0.241565
0.101478
0.237496
0.235437
0.246761
0.077150
0.095766
0.087275
0.305644
0.074109
0.115650
0.093798
0.134660
0.070311
0.090767
0.197825
0.106849
0.236819
0.122062
0.068157
0.099517
0.107518
0.095598
0.068285
0.110579
0.079807
0.138281
0.292037
0.090278
0.120334
0.104273
0.141480
0.065223
0.065227
0.077421
0.077895
0.111667
0.114502
0.068023
0.091496
0.106895
0.240324
0.097367
0.067561
0.142966
0.136348
0.134257
0.109781
0.110019
0.091817
0.158953
0.073694
0.083890
0.097957
0.285320
0.265669
0.177702
0.056557
0.084263
0.120371
0.065792
0.078505
0.121661
0.252072
0.121018
0.170030
0.089136
0.074109
0.120190
0.238377
0.134921
0.097747
0.178719
0.246999
0.199135
0.072655
0.114547
0.089665
0.100409
0.080376
0.093710
0.116837
0.066824
0.266661
0.143955
0.082662
0.070311
0.120426
0.170994
0.255196
0.066294
0.110284
0.065195
0.078567
0.151212
0.107999
0.074725
0.110561
0.119935
0.100833
0.332571
0.283396
0.067403
0.099585
0.167123
0.111763
0.326386
0.065195
0.092122
0.241565
0.101478
0.237496
0.235437
0.246761
0.077150
0.095766
0.087275
0.305644
0.074109
0.115650
0.093798
0.134660
0.070311
0.090767
0.197825
0.106849
0.236819
0.122062
0.068157
0.099517
0.107518
0.095598
0.068285
0.110579
0.079807
0.138281
0.292037
0.090278
0.120334
0.104273
0.141480
0.065223
0.065227
0.077421
0.077895
0.111667
0.114502
0.068023
0.091496
0.106895
0.240324
0.097367
0.067561
0.142966
0.136348
0.134257
0.109781
0.110019
0.091817
0.158953
0.073694
0.083890
0.097957
0.285320
0.265669
0.177702
0.056557
0.084263
0.120371
0.065792
0.078505
0.121661
0.252072
0.121018
0.170030
0.089136
0.074109
0.120190
0.238377
0.134921
0.097747
0.178719
0.246999
0.199135
0.072655
0.114547
0.089665
0.100409
0.080376
0.093710
0.116837
0.066824
0.266661
0.143955
0.082662
0.070311
0.120426
0.170994
0.255196
0.066294
0.110284
0.065195
0.078567
0.151212
0.107999
0.074725
0.110561
0.119935
0.100833
0.332571
0.283396
0.067403
0.099585
0.167123
0.111763
0.326386
0.065195
0.092122
0.241565
0.101478
0.237496
0.235437
0.246761
0.077150
0.095766
0.087275
0.305644
0.074109
0.115650
0.093798
0.134660
0.070311
0.090767
0.197825
0.106849
0.236819
0.122062
0.068157
0.099517
0.107518
0.095598
0.068285
0.110579
0.079807
0.138281
0.292037
0.090278
0.120334
0.104273
0.141480
0.065223
0.065227
0.077421
0.077895
0.111667
0.114502
0.068023
0.091496
0.106895
0.240324
0.097367
0.067561
0.142966
0.136348
0.134257
0.109781
0.110019
0.091817
0.158953
0.073694
0.083890
0.097957
0.285320
0.265669
0.177702
0.056557
0.084263
0.120371
0.065792
0.078505
0.121661
0.252072
0.121018
0.170030
0.089136
0.074109
0.120190
0.238377
0.134921
0.097747
0.178719
0.246999
0.199135
0.072655
0.114547
0.089665
0.100409
0.080376
0.093710
0.116837
0.066824
0.266661
0.143955
0.082662
0.070311
0.120426
0.170994
0.255196
0.066294
0.110284
0.065195
0.078567
0.151212
0.107999
0.074725
0.110561
0.119935
0.100833
0.332571
0.283396
0.067403
0.099585
0.167123
0.111763
0.326386
0.065195
0.092122
0.241565
0.101478
0.237496
0.235437
0.246761
0.077150
0.095766
0.087275
0.305644
0.074109
0.115650
0.093798
0.134660
0.070311
0.090767
0.197825
0.106849
0.236819
0.122062
0.068157
0.099517
0.107518
0.095598
0.068285
0.110579
0.079807
0.138281
0.292037
0.090278
0.120334
0.104273
0.141480
0.065223
0.065227
0.077421
0.077895
0.111667
0.114502
0.068023
0.091496
0.106895
0.240324
0.097367
0.067561
0.142966
0.136348
0.134257
0.109781
0.110019
0.091817
0.158953
0.073694
0.083890
0.097957
0.285320
0.265669
0.177702
0.056557
0.084263
0.120371
0.065792
0.078505
0.121661
0.252072
0.121018
0.170030
0.089136
0.074109
0.120190
0.238377
0.134921
0.097747
0.178719
0.246999
0.199135
0.072655
0.114547
0.089665
0.100409
0.080376
0.093710
0.116837
0.066824
0.266661
0.143955
0.082662
0.070311
0.120426
0.170994
0.255196
0.066294
0.110284
0.065195
0.078567
