0.298258
0.152256
0.111648
0.142529
0.121792
0.162902
0.065065
0.267736
0.279164
0.558949
0.265509
0.197644
0.134194
0.135641
0.130712
0.654079
0.329972
0.073851
0.019631
0.134583
0.019974
0.279668
0.144854
0.243513
0.019197
0.128786
0.097648
0.238336
0.168368
0.065432
0.057269
0.043207
0.143859
0.129164
0.155532
0.699842
0.096045
0.253867
0.212687
0.080911
0.018866
0.135478
0.211413
0.192498
0.094427
0.231098
0.126541
0.042356
0.202115
0.217953
0.136201
0.017476
0.224001
0.271841
0.262259
0.144851
0.099504
0.071581
0.147212
0.147852
0.132340
0.340047
0.040778
0.180413
0.191618
0.134251
0.177270
0.166870
0.594356
0.133007
0.132094
0.185640
0.146650
0.216764
0.211413
0.199604
0.215756
0.134583
0.269244
0.064876
0.017428
0.187230
0.763820
0.169167
0.202691
0.107318
0.145979
0.379933
0.018885
0.171496
0.157158
0.213661
0.071581
0.019044
0.215471
0.088063
0.111306
0.152180
0.664686
0.189343
0.298024
0.062081
0.132630
0.144303
0.139614
0.169849
0.051996
0.106445
0.115131
0.244655
0.126101
0.042507
0.235710
0.150770
0.664686
0.041649
0.148306
0.168368
0.172465
0.140512
0.141772
0.112416
0.233903
0.138566
0.207429
0.133729
0.056770
0.335718
0.128238
0.084727
0.135954
0.191174
0.041109
0.318018
0.213132
0.200930
0.133333
0.846719
0.121072
0.826361
0.698239
0.244476
0.019389
0.170184
0.145487
0.209349
0.132042
0.149096
0.073449
0.174830
0.019197
0.018147
0.847881
0.133068
0.153087
0.349084
0.096978
0.097588
0.111648
0.143438
0.019389
0.235313
0.152272
0.160213
0.865567
0.223922
0.114189
0.163101
0.017891
0.019389
0.017924
0.151412
0.164947
0.315213
0.168855
0.262585
0.079412
0.209119
0.127160
0.019044
0.300653
0.068974
0.135569
0.199604
0.162666
0.314930
0.249141
0.158346
0.065537
0.018039
0.052200
0.169009
0.076469
0.168855
0.063538
0.170671
0.126216
0.168855
0.058155
0.176637
0.202901
0.302876
0.018941
0.130233
0.065044
0.064895
0.166631
0.395337
0.237169
0.031055
0.019461
0.182541
0.071354
0.152543
0.046319
0.137277
0.319216
0.205520
0.178859
0.294586
0.307108
0.177023
0.168132
0.172165
0.220207
0.057159
0.080827
0.248770
0.108863
0.164661
0.138566
0.126216
0.419801
0.017920
0.128217
0.068932
0.157424
0.185422
0.121792
0.130850
0.279768
0.091384
0.715217
0.344494
0.213512
0.148406
0.171906
0.171994
0.066630
0.199760
0.081478
0.081292
0.681179
0.368203
0.134354
0.259721
0.255023
0.136203
0.163407
0.136067
0.060010
0.204309
0.096864
0.058466
0.019307
0.254021
0.211627
0.267586
0.158622
0.089390
0.202256
0.202444
0.287916
0.147852
0.336545
0.201305
0.165219
0.218993
0.843340
0.114189
0.200449
0.171831
0.126021
0.163119
0.043868
0.204720
0.454926
0.082986
0.216325
0.094937
0.699842
0.169167
0.152244
0.268845
0.253513
0.048447
0.164384
0.019389
0.340135
0.259660
0.068231
0.183170
0.081904
0.698239
0.129164
0.076685
0.213193
0.228859
0.172648
0.384513
0.167501
0.217095
0.160072
0.057360
0.184773
0.169296
0.017476
0.467955
0.740509
0.172941
0.105493
0.180071
0.019389
0.126101
0.359498
0.126970
0.140649
0.212862
0.019204
0.216101
0.119669
0.218357
0.089990
0.172648
0.158786
0.070114
0.054191
0.173081
0.144303
0.212364
0.055933
0.048237
0.131786
0.041761
0.036112
0.150538
0.394925
0.831871
0.142872
0.131858
0.019197
0.019197
0.284243
0.098599
0.019197
0.213444
0.060744
0.152496
0.206519
0.094897
0.791468
0.128806
0.186337
0.223365
0.066423
0.036880
0.018651
0.256648
0.198751
0.303190
0.481813
0.141464
0.170092
0.144957
0.205520
0.017920
0.125906
0.176476
0.135887
0.155700
0.113326
0.251024
0.228859
0.139282
0.109732
0.252979
0.019348
0.203822
0.180420
0.295683
0.298258
0.152256
0.111648
0.142529
0.121792
0.162902
0.065065
0.267736
0.279164
0.558949
0.265509
0.197644
0.134194
0.135641
0.130712
0.654079
0.329972
0.073851
0.019631
0.134583
0.019974
0.279668
0.144854
0.243513
0.019197
0.128786
0.097648
0.238336
0.168368
0.065432
0.057269
0.043207
0.143859
0.129164
0.155532
0.699842
0.096045
0.253867
0.212687
0.080911
0.018866
0.135478
0.211413
0.192498
0.094427
0.231098
0.126541
0.042356
0.202115
0.217953
0.136201
0.017476
0.224001
0.271841
0.262259
0.144851
0.099504
0.071581
0.147212
0.147852
0.132340
0.340047
0.040778
0.180413
0.191618
0.134251
0.177270
0.166870
0.594356
0.133007
0.132094
0.185640
0.146650
0.216764
0.211413
0.199604
0.215756
0.134583
0.269244
0.064876
0.017428
0.187230
0.763820
0.169167
0.202691
0.107318
0.145979
0.379933
0.018885
0.171496
0.157158
0.213661
0.071581
0.019044
0.215471
0.088063
0.111306
0.152180
0.664686
0.189343
0.298024
0.062081
0.132630
0.144303
0.139614
0.169849
0.051996
0.106445
0.115131
0.244655
0.126101
0.042507
0.235710
0.150770
0.664686
0.041649
0.148306
0.168368
0.172465
0.140512
0.141772
0.112416
0.233903
0.138566
0.207429
0.133729
0.056770
0.335718
0.128238
0.084727
0.135954
0.191174
0.041109
0.318018
0.213132
0.200930
0.133333
0.846719
0.121072
0.826361
0.698239
0.244476
0.019389
0.170184
0.145487
0.209349
0.132042
0.149096
0.073449
0.174830
0.019197
0.018147
0.847881
0.133068
0.153087
0.349084
0.096978
0.097588
0.111648
0.143438
0.019389
0.235313
0.152272
0.160213
0.865567
0.223922
0.114189
0.163101
0.017891
0.019389
0.017924
0.151412
0.164947
0.315213
0.168855
0.262585
0.079412
0.209119
0.127160
0.019044
0.300653
0.068974
0.135569
0.199604
0.162666
0.314930
0.249141
0.158346
0.065537
0.018039
0.052200
0.169009
0.076469
0.168855
0.063538
0.170671
0.126216
0.168855
0.058155
0.176637
0.202901
0.302876
0.018941
0.130233
0.065044
0.064895
0.166631
0.395337
0.237169
0.031055
0.019461
0.182541
0.071354
0.152543
0.046319
0.137277
0.319216
0.205520
0.178859
0.294586
0.307108
0.177023
0.168132
0.172165
0.220207
0.057159
0.080827
0.248770
0.108863
0.164661
0.138566
0.126216
0.419801
0.017920
0.128217
0.068932
0.157424
0.185422
0.121792
0.130850
0.279768
0.091384
0.715217
0.344494
0.213512
0.148406
0.171906
0.171994
0.066630
0.199760
0.081478
0.081292
0.681179
0.368203
0.134354
0.259721
0.255023
0.136203
0.163407
0.136067
0.060010
0.204309
0.096864
0.058466
0.019307
0.254021
0.211627
0.267586
0.158622
0.089390
0.202256
0.202444
0.287916
0.147852
0.336545
0.201305
0.165219
0.218993
0.843340
0.114189
0.200449
0.171831
0.126021
0.163119
0.043868
0.204720
0.454926
0.082986
0.216325
0.094937
0.699842
0.169167
0.152244
0.268845
0.253513
0.048447
0.164384
0.019389
0.340135
0.259660
0.068231
0.183170
0.081904
0.698239
0.129164
0.076685
0.213193
0.228859
0.172648
0.384513
0.167501
0.217095
0.160072
0.057360
0.184773
0.169296
0.017476
0.467955
0.740509
0.172941
0.105493
0.180071
0.019389
0.126101
0.359498
0.126970
0.140649
0.212862
0.019204
0.216101
0.119669
0.218357
0.089990
0.172648
0.158786
0.070114
0.054191
0.173081
0.144303
0.212364
0.055933
0.048237
0.131786
0.041761
0.036112
0.150538
0.394925
0.831871
0.142872
0.131858
0.019197
0.019197
0.284243
0.098599
0.019197
0.213444
0.060744
0.152496
0.206519
0.094897
0.791468
0.128806
0.186337
0.223365
0.066423
0.036880
0.018651
0.256648
0.198751
0.303190
0.481813
0.141464
0.170092
0.144957
0.205520
0.017920
0.125906
0.176476
0.135887
0.155700
0.113326
0.251024
0.228859
0.139282
0.109732
0.252979
0.019348
0.203822
0.180420
0.295683
0.298258
0.152256
0.111648
0.142529
0.121792
0.162902
0.065065
0.267736
0.279164
0.558949
0.265509
0.197644
0.134194
0.135641
0.130712
0.654079
0.329972
0.073851
0.019631
0.134583
0.019974
0.279668
0.144854
0.243513
0.019197
0.128786
0.097648
0.238336
0.168368
0.065432
0.057269
0.043207
0.143859
0.129164
0.155532
0.699842
0.096045
0.253867
0.212687
0.080911
0.018866
0.135478
0.211413
0.192498
0.094427
0.231098
0.126541
0.042356
0.202115
0.217953
0.136201
0.017476
0.224001
0.271841
0.262259
0.144851
0.099504
0.071581
0.147212
0.147852
0.132340
0.340047
0.040778
0.180413
0.191618
0.134251
0.177270
0.166870
0.594356
0.133007
0.132094
0.185640
0.146650
0.216764
0.211413
0.199604
0.215756
0.134583
0.269244
0.064876
0.017428
0.187230
0.763820
0.169167
0.202691
0.107318
0.145979
0.379933
0.018885
0.171496
0.157158
0.213661
0.071581
0.019044
0.215471
0.088063
0.111306
0.152180
0.664686
0.189343
0.298024
0.062081
0.132630
0.144303
0.139614
0.169849
0.051996
0.106445
0.115131
0.244655
0.126101
0.042507
0.235710
0.150770
0.664686
0.041649
0.148306
0.168368
0.172465
0.140512
0.141772
0.112416
0.233903
0.138566
0.207429
0.133729
0.056770
0.335718
0.128238
0.084727
0.135954
0.191174
0.041109
0.318018
0.213132
0.200930
0.133333
0.846719
0.121072
0.826361
0.698239
0.244476
0.019389
0.170184
0.145487
0.209349
0.132042
0.149096
0.073449
0.174830
0.019197
0.018147
0.847881
0.133068
0.153087
0.349084
0.096978
0.097588
0.111648
0.143438
0.019389
0.235313
0.152272
0.160213
0.865567
0.223922
0.114189
0.163101
0.017891
0.019389
0.017924
0.151412
0.164947
0.315213
0.168855
0.262585
0.079412
0.209119
0.127160
0.019044
0.300653
0.068974
0.135569
0.199604
0.162666
0.314930
0.249141
0.158346
0.065537
0.018039
0.052200
0.169009
0.076469
0.168855
0.063538
0.170671
0.126216
0.168855
0.058155
0.176637
0.202901
0.302876
0.018941
0.130233
0.065044
0.064895
0.166631
0.395337
0.237169
0.031055
0.019461
0.182541
0.071354
0.152543
0.046319
0.137277
0.319216
0.205520
0.178859
0.294586
0.307108
0.177023
0.168132
0.172165
0.220207
0.057159
0.080827
0.248770
0.108863
0.164661
0.138566
0.126216
0.419801
0.017920
0.128217
0.068932
0.157424
0.185422
0.121792
0.130850
0.279768
0.091384
0.715217
0.344494
0.213512
0.148406
0.171906
0.171994
0.066630
0.199760
0.081478
0.081292
0.681179
0.368203
0.134354
0.259721
0.255023
0.136203
0.163407
0.136067
0.060010
0.204309
0.096864
0.058466
0.019307
0.254021
0.211627
0.267586
0.158622
0.089390
0.202256
0.202444
0.287916
0.147852
0.336545
0.201305
0.165219
0.218993
0.843340
0.114189
0.200449
0.171831
0.126021
0.163119
0.043868
0.204720
0.454926
0.082986
0.216325
0.094937
0.699842
0.169167
0.152244
0.268845
0.253513
0.048447
0.164384
0.019389
0.340135
0.259660
0.068231
0.183170
0.081904
0.698239
0.129164
0.076685
0.213193
0.228859
0.172648
0.384513
0.167501
0.217095
0.160072
0.057360
0.184773
0.169296
0.017476
0.467955
0.740509
0.172941
0.105493
0.180071
0.019389
0.126101
0.359498
0.126970
0.140649
0.212862
0.019204
0.216101
0.119669
0.218357
0.089990
0.172648
0.158786
0.070114
0.054191
0.173081
0.144303
0.212364
0.055933
0.048237
0.131786
0.041761
0.036112
0.150538
0.394925
0.831871
0.142872
0.131858
0.019197
0.019197
0.284243
0.098599
0.019197
0.213444
0.060744
0.152496
0.206519
0.094897
0.791468
0.128806
0.186337
0.223365
0.066423
0.036880
0.018651
0.256648
0.198751
0.303190
0.481813
0.141464
0.170092
0.144957
0.205520
0.017920
0.125906
0.176476
0.135887
0.155700
0.113326
0.251024
0.228859
0.139282
0.109732
0.252979
0.019348
0.203822
0.180420
0.295683
0.298258
0.152256
0.111648
0.142529
0.121792
0.162902
0.065065
0.267736
0.279164
0.558949
0.265509
0.197644
0.134194
0.135641
0.130712
0.654079
0.329972
0.073851
0.019631
0.134583
0.019974
0.279668
0.144854
0.243513
0.019197
0.128786
0.097648
0.238336
0.168368
0.065432
0.057269
0.043207
0.143859
0.129164
0.155532
0.699842
0.096045
0.253867
0.212687
0.080911
0.018866
0.135478
0.211413
0.192498
0.094427
0.231098
0.126541
0.042356
0.202115
0.217953
0.136201
0.017476
0.224001
0.271841
0.262259
0.144851
0.099504
0.071581
0.147212
0.147852
0.132340
0.340047
0.040778
0.180413
0.191618
0.134251
0.177270
0.166870
0.594356
0.133007
0.132094
0.185640
0.146650
0.216764
0.211413
0.199604
0.215756
0.134583
0.269244
0.064876
0.017428
0.187230
0.763820
0.169167
0.202691
0.107318
0.145979
0.379933
0.018885
0.171496
0.157158
0.213661
0.071581
0.019044
0.215471
0.088063
0.111306
0.152180
0.664686
0.189343
0.298024
0.062081
0.132630
0.144303
0.139614
0.169849
0.051996
0.106445
0.115131
0.244655
0.126101
0.042507
0.235710
0.150770
0.664686
0.041649
0.148306
0.168368
0.172465
0.140512
0.141772
0.112416
0.233903
0.138566
0.207429
0.133729
0.056770
0.335718
0.128238
0.084727
0.135954
0.191174
0.041109
0.318018
0.213132
0.200930
0.133333
0.846719
0.121072
0.826361
0.698239
0.244476
0.019389
0.170184
0.145487
0.209349
0.132042
0.149096
0.073449
0.174830
0.019197
0.018147
0.847881
0.133068
0.153087
0.349084
0.096978
0.097588
0.111648
0.143438
0.019389
0.235313
0.152272
0.160213
0.865567
0.223922
0.114189
0.163101
0.017891
0.019389
0.017924
0.151412
0.164947
0.315213
0.168855
0.262585
0.079412
0.209119
0.127160
0.019044
0.300653
0.068974
0.135569
0.199604
0.162666
0.314930
0.249141
0.158346
0.065537
0.018039
0.052200
0.169009
0.076469
0.168855
0.063538
0.170671
0.126216
0.168855
0.058155
0.176637
0.202901
0.302876
0.018941
0.130233
0.065044
0.064895
0.166631
0.395337
0.237169
0.031055
0.019461
0.182541
0.071354
0.152543
0.046319
0.137277
0.319216
0.205520
0.178859
0.294586
0.307108
0.177023
0.168132
0.172165
0.220207
0.057159
0.080827
0.248770
0.108863
0.164661
0.138566
0.126216
0.419801
0.017920
0.128217
0.068932
0.157424
0.185422
0.121792
0.130850
0.279768
0.091384
0.715217
0.344494
0.213512
0.148406
0.171906
0.171994
0.066630
0.199760
0.081478
0.081292
0.681179
0.368203
0.134354
0.259721
0.255023
0.136203
0.163407
0.136067
0.060010
0.204309
0.096864
0.058466
0.019307
0.254021
0.211627
0.267586
0.158622
0.089390
0.202256
0.202444
0.287916
0.147852
0.336545
0.201305
0.165219
0.218993
0.843340
0.114189
0.200449
0.171831
0.126021
0.163119
0.043868
0.204720
0.454926
0.082986
0.216325
0.094937
0.699842
0.169167
0.152244
0.268845
0.253513
0.048447
0.164384
0.019389
0.340135
0.259660
0.068231
0.183170
0.081904
0.698239
0.129164
0.076685
0.213193
0.228859
0.172648
0.384513
0.167501
0.217095
0.160072
0.057360
0.184773
0.169296
0.017476
0.467955
0.740509
0.172941
0.105493
0.180071
0.019389
0.126101
0.359498
0.126970
0.140649
0.212862
0.019204
0.216101
0.119669
0.218357
0.089990
0.172648
0.158786
0.070114
0.054191
0.173081
0.144303
0.212364
0.055933
0.048237
0.131786
0.041761
0.036112
0.150538
0.394925
0.831871
0.142872
0.131858
0.019197
0.019197
0.284243
0.098599
0.019197
0.213444
0.060744
0.152496
0.206519
0.094897
0.791468
0.128806
0.186337
0.223365
0.066423
0.036880
0.018651
0.256648
0.198751
0.303190
0.481813
0.141464
0.170092
0.144957
0.205520
0.017920
0.125906
0.176476
0.135887
0.155700
0.113326
0.251024
0.228859
0.139282
0.109732
0.252979
0.019348
0.203822
0.180420
0.295683
0.298258
0.152256
0.111648
0.142529
0.121792
0.162902
0.065065
0.267736
0.279164
0.558949
0.265509
0.197644
0.134194
0.135641
0.130712
0.654079
0.329972
0.073851
0.019631
0.134583
0.019974
0.279668
0.144854
0.243513
0.019197
0.128786
0.097648
0.238336
0.168368
0.065432
0.057269
0.043207
0.143859
0.129164
0.155532
0.699842
0.096045
0.253867
0.212687
0.080911
0.018866
0.135478
0.211413
0.192498
0.094427
0.231098
0.126541
0.042356
0.202115
0.217953
0.136201
0.017476
0.224001
0.271841
0.262259
0.144851
0.099504
0.071581
0.147212
0.147852
0.132340
0.340047
0.040778
0.180413
0.191618
0.134251
0.177270
0.166870
0.594356
0.133007
0.132094
0.185640
0.146650
0.216764
0.211413
0.199604
0.215756
0.134583
0.269244
0.064876
0.017428
0.187230
0.763820
0.169167
0.202691
0.107318
0.145979
0.379933
0.018885
0.171496
0.157158
0.213661
0.071581
0.019044
0.215471
0.088063
0.111306
0.152180
0.664686
0.189343
0.298024
0.062081
0.132630
0.144303
0.139614
0.169849
0.051996
0.106445
0.115131
0.244655
0.126101
0.042507
0.235710
0.150770
0.664686
0.041649
0.148306
0.168368
0.172465
0.140512
0.141772
0.112416
0.233903
0.138566
0.207429
0.133729
0.056770
0.335718
0.128238
0.084727
0.135954
0.191174
0.041109
0.318018
0.213132
0.200930
0.133333
0.846719
0.121072
0.826361
0.698239
0.244476
0.019389
0.170184
0.145487
0.209349
0.132042
0.149096
0.073449
0.174830
0.019197
0.018147
0.847881
0.133068
0.153087
0.349084
0.096978
0.097588
0.111648
0.143438
0.019389
0.235313
0.152272
0.160213
0.865567
0.223922
0.114189
0.163101
0.017891
0.019389
0.017924
0.151412
0.164947
0.315213
0.168855
0.262585
0.079412
0.209119
0.127160
0.019044
0.300653
0.068974
0.135569
0.199604
0.162666
0.314930
0.249141
0.158346
0.065537
0.018039
0.052200
0.169009
0.076469
0.168855
0.063538
0.170671
0.126216
0.168855
0.058155
0.176637
0.202901
0.302876
0.018941
0.130233
0.065044
0.064895
0.166631
0.395337
0.237169
0.031055
0.019461
0.182541
0.071354
0.152543
0.046319
0.137277
0.319216
0.205520
0.178859
0.294586
0.307108
0.177023
0.168132
0.172165
0.220207
0.057159
0.080827
0.248770
0.108863
0.164661
0.138566
0.126216
0.419801
0.017920
0.128217
0.068932
0.157424
0.185422
0.121792
0.130850
0.279768
0.091384
0.715217
0.344494
0.213512
0.148406
0.171906
0.171994
0.066630
0.199760
0.081478
0.081292
0.681179
0.368203
0.134354
0.259721
0.255023
0.136203
0.163407
0.136067
0.060010
0.204309
0.096864
0.058466
0.019307
0.254021
0.211627
0.267586
0.158622
0.089390
0.202256
0.202444
0.287916
0.147852
0.336545
0.201305
0.165219
0.218993
0.843340
0.114189
0.200449
0.171831
0.126021
0.163119
0.043868
0.204720
0.454926
0.082986
0.216325
0.094937
0.699842
0.169167
0.152244
0.268845
0.253513
0.048447
0.164384
0.019389
0.340135
0.259660
0.068231
0.183170
0.081904
0.698239
0.129164
0.076685
0.213193
0.228859
0.172648
0.384513
0.167501
0.217095
0.160072
0.057360
0.184773
0.169296
0.017476
0.467955
0.740509
0.172941
0.105493
0.180071
0.019389
0.126101
0.359498
0.126970
0.140649
0.212862
0.019204
0.216101
0.119669
0.218357
0.089990
0.172648
0.158786
0.070114
0.054191
0.173081
0.144303
0.212364
0.055933
0.048237
0.131786
0.041761
0.036112
0.150538
0.394925
0.831871
0.142872
0.131858
0.019197
0.019197
0.284243
0.098599
0.019197
0.213444
0.060744
0.152496
0.206519
0.094897
0.791468
0.128806
0.186337
0.223365
0.066423
0.036880
0.018651
0.256648
0.198751
0.303190
0.481813
0.141464
0.170092
0.144957
0.205520
0.017920
0.125906
0.176476
0.135887
0.155700
0.113326
0.251024
0.228859
0.139282
0.109732
0.252979
0.019348
0.203822
0.180420
0.295683
0.298258
0.152256
0.111648
0.142529
0.121792
0.162902
0.065065
0.267736
0.279164
0.558949
0.265509
0.197644
0.134194
0.135641
0.130712
0.654079
0.329972
0.073851
0.019631
0.134583
0.019974
0.279668
0.144854
0.243513
0.019197
0.128786
0.097648
0.238336
0.168368
0.065432
0.057269
0.043207
0.143859
0.129164
0.155532
0.699842
0.096045
0.253867
0.212687
0.080911
0.018866
0.135478
0.211413
0.192498
0.094427
0.231098
0.126541
0.042356
0.202115
0.217953
0.136201
0.017476
0.224001
0.271841
0.262259
0.144851
0.099504
0.071581
0.147212
0.147852
0.132340
0.340047
0.040778
0.180413
0.191618
0.134251
0.177270
0.166870
0.594356
0.133007
0.132094
0.185640
0.146650
0.216764
0.211413
0.199604
0.215756
0.134583
0.269244
0.064876
0.017428
0.187230
0.763820
0.169167
0.202691
0.107318
0.145979
0.379933
0.018885
0.171496
0.157158
0.213661
0.071581
0.019044
0.215471
0.088063
0.111306
0.152180
0.664686
0.189343
0.298024
0.062081
0.132630
0.144303
0.139614
0.169849
0.051996
0.106445
0.115131
0.244655
0.126101
0.042507
0.235710
0.150770
0.664686
0.041649
0.148306
0.168368
0.172465
0.140512
0.141772
0.112416
0.233903
0.138566
0.207429
0.133729
0.056770
0.335718
0.128238
0.084727
0.135954
0.191174
0.041109
0.318018
0.213132
0.200930
0.133333
0.846719
0.121072
0.826361
0.698239
0.244476
0.019389
0.170184
0.145487
0.209349
0.132042
0.149096
0.073449
0.174830
0.019197
0.018147
0.847881
0.133068
0.153087
0.349084
0.096978
0.097588
0.111648
0.143438
0.019389
0.235313
0.152272
0.160213
0.865567
0.223922
0.114189
0.163101
0.017891
0.019389
0.017924
0.151412
0.164947
0.315213
0.168855
0.262585
0.079412
0.209119
0.127160
0.019044
0.300653
0.068974
0.135569
0.199604
0.162666
0.314930
0.249141
0.158346
0.065537
0.018039
0.052200
0.169009
0.076469
0.168855
0.063538
0.170671
0.126216
0.168855
0.058155
0.176637
0.202901
0.302876
0.018941
0.130233
0.065044
0.064895
0.166631
0.395337
0.237169
0.031055
0.019461
0.182541
0.071354
0.152543
0.046319
0.137277
0.319216
0.205520
0.178859
0.294586
0.307108
0.177023
0.168132
0.172165
0.220207
0.057159
0.080827
0.248770
0.108863
0.164661
0.138566
0.126216
0.419801
0.017920
0.128217
0.068932
0.157424
0.185422
0.121792
0.130850
0.279768
0.091384
0.715217
0.344494
0.213512
0.148406
0.171906
0.171994
0.066630
0.199760
0.081478
0.081292
0.681179
0.368203
0.134354
0.259721
0.255023
0.136203
0.163407
0.136067
0.060010
0.204309
0.096864
0.058466
0.019307
0.254021
0.211627
0.267586
0.158622
0.089390
0.202256
0.202444
0.287916
0.147852
0.336545
0.201305
0.165219
0.218993
0.843340
0.114189
0.200449
0.171831
0.126021
0.163119
0.043868
0.204720
0.454926
0.082986
0.216325
0.094937
0.699842
0.169167
0.152244
0.268845
0.253513
0.048447
0.164384
0.019389
0.340135
0.259660
0.068231
0.183170
0.081904
0.698239
0.129164
0.076685
0.213193
0.228859
0.172648
0.384513
0.167501
0.217095
0.160072
0.057360
0.184773
0.169296
0.017476
0.467955
0.740509
0.172941
0.105493
0.180071
0.019389
0.126101
0.359498
0.126970
0.140649
0.212862
0.019204
0.216101
0.119669
0.218357
0.089990
0.172648
0.158786
0.070114
0.054191
0.173081
0.144303
0.212364
0.055933
0.048237
0.131786
0.041761
0.036112
0.150538
0.394925
0.831871
0.142872
0.131858
0.019197
0.019197
0.284243
0.098599
0.019197
0.213444
0.060744
0.152496
0.206519
0.094897
0.791468
0.128806
0.186337
0.223365
0.066423
0.036880
0.018651
0.256648
0.198751
0.303190
0.481813
0.141464
0.170092
0.144957
0.205520
0.017920
0.125906
0.176476
0.135887
0.155700
0.113326
0.251024
0.228859
0.139282
0.109732
0.252979
0.019348
0.203822
0.180420
0.295683
