0.08354
0.09375
0.04069
0.05420
0.06504
0.16847
0.09381
0.09537
0.08981
0.05146
0.03277
0.05665
0.15521
0.21664
0.05958
0.12255
0.06264
0.06836
0.07457
0.20392
0.04780
0.05492
0.17772
0.08360
0.13423
0.06701
0.09391
0.03211
0.10748
0.09480
0.09971
0.07086
0.04420
0.20199
0.11364
0.13747
0.05174
0.08566
0.09167
0.22648
0.07915
0.06291
0.09873
0.07540
0.04418
0.09411
0.06477
0.11322
0.10407
0.04689
0.04945
0.07162
0.02745
0.11902
0.17966
0.19210
0.04716
0.14176
0.03635
0.09134
0.06537
0.06570
0.07051
0.06408
0.06937
0.15673
0.06987
0.07028
0.09382
0.06910
0.08096
0.10893
0.05270
0.06602
0.15399
0.06013
0.02971
0.08541
0.06283
0.06259
0.06311
0.07340
0.04588
0.11035
0.11937
0.05701
0.08102
0.06748
0.05864
0.05788
0.06087
0.08382
0.04565
0.06875
0.06542
0.05768
0.11563
0.09602
0.06997
0.07642
0.07724
0.02825
0.06106
0.07201
0.06419
0.06390
0.06305
0.11621
0.05556
0.08551
0.06744
0.06389
0.05675
0.08830
0.06341
0.08266
0.04583
0.06128
0.06397
0.06128
0.05661
0.05979
0.12818
0.14863
0.03949
0.06325
0.05901
0.02403
0.01711
0.01929
0.01929
0.09237
0.08060
0.05396
0.01711
0.03071
0.01711
0.04636
0.01929
0.01711
0.01929
0.01929
0.01929
0.01711
0.08971
0.01711
0.01929
0.01875
0.01806
0.05864
0.01711
0.01945
0.15244
0.07656
0.01806
0.01875
0.13206
0.01945
0.01711
0.01945
0.01660
0.01571
0.07490
0.01783
0.13803
0.01783
0.01571
0.08632
0.01712
0.01712
0.01783
0.05688
0.01752
0.01571
0.01783
0.10203
0.01571
0.01712
0.10203
0.01742
0.01712
0.02006
0.02562
0.08666
0.01712
0.01782
0.01783
0.01783
0.01783
0.01571
0.01782
0.08598
0.10203
0.01712
0.01571
0.01712
0.01571
0.01712
0.15060
0.12321
0.06221
0.07375
0.05534
0.05943
0.09613
0.14419
0.12250
0.20904
0.05827
0.09909
0.06473
0.17437
0.20091
0.05062
0.01737
0.05457
0.06303
0.06592
0.01976
0.09165
0.04688
0.06061
0.09353
0.10127
0.07016
0.02093
0.08395
0.02829
0.01680
0.06846
0.02641
0.01781
0.04658
0.08581
0.02242
0.01680
0.01907
0.05237
0.08069
0.09903
0.04439
0.01680
0.08069
0.06713
0.10549
0.04145
0.07642
0.11095
0.04558
0.02727
0.06899
0.04087
0.07407
0.05215
0.06663
0.06841
0.04104
0.09055
0.03764
0.04196
0.06035
0.09562
0.04628
0.08883
0.08091
0.11837
0.08727
0.11567
0.07810
0.06932
0.19388
0.07855
0.10425
0.10336
0.06621
0.05680
0.07329
0.32643
0.06615
0.12538
0.08129
0.26906
0.22501
0.17263
0.11747
0.17484
0.06078
0.10584
0.16243
0.06669
0.05972
0.19999
0.03454
0.08277
0.07799
0.04080
0.15367
0.03474
0.13430
0.04467
0.03237
0.06210
0.07045
0.06863
0.29589
0.11588
0.07138
0.03301
0.04123
0.05382
0.03029
0.14991
0.13094
0.07614
0.06388
0.14319
0.09344
0.02821
0.04169
0.06758
0.06772
0.16991
0.11049
0.07519
0.03059
0.09173
0.10741
0.13924
0.07606
0.23003
0.11763
0.27616
0.27077
0.13227
0.14372
0.06583
0.11892
0.08232
0.11923
0.07187
0.09626
0.04036
0.18764
0.03300
0.04076
0.05153
0.09036
0.09437
0.06513
0.07642
0.03991
0.04161
0.10993
0.14066
0.10747
0.10501
0.08206
0.06930
0.07602
0.10502
0.14658
0.06561
0.10551
0.04655
0.22866
0.08288
0.06585
0.06765
0.17133
0.07508
0.10999
0.06516
0.12170
0.17996
0.07508
0.15913
0.07202
0.06908
0.07633
0.09251
0.05656
0.06955
0.02839
0.08017
0.11661
0.16565
0.06508
0.05479
0.05356
0.06444
0.10623
0.07931
0.07214
0.07080
0.24533
0.06549
0.06515
0.08954
0.11298
0.07863
0.07163
0.06257
0.19958
0.08774
0.10903
0.05870
0.09853
0.12489
0.11353
0.10043
0.07024
0.04895
0.04030
0.07112
0.02976
0.10130
0.07341
0.25998
0.04476
0.05806
0.06266
0.07824
0.18176
0.07697
0.06649
0.04924
0.09578
0.04963
0.05655
0.05098
0.04764
0.05980
0.05397
0.05277
0.03860
0.07646
0.05226
0.05025
0.05840
0.12103
0.04188
0.04656
0.06558
0.05321
0.06365
0.04755
0.04791
0.08683
0.03829
0.05763
0.05457
0.04846
0.04250
0.06586
0.20904
0.04512
0.02036
0.03940
0.01802
0.04285
0.06112
0.04878
0.01809
0.11883
0.01963
0.04602
0.04691
0.01756
0.07977
0.04244
0.01809
0.04876
0.07678
0.01990
0.06339
0.02033
0.01972
0.04231
0.01996
0.02027
0.01996
0.05057
0.04230
0.05208
0.02036
0.10187
0.01838
0.05518
0.01948
0.04898
0.05614
0.18505
0.04249
0.02036
0.01923
0.04006
0.04613
0.01809
0.06913
0.04678
0.05285
0.02031
0.02027
0.01978
0.11984
0.06976
0.01978
0.02038
0.03997
0.06113
0.09874
0.02033
0.01802
0.04371
0.04053
0.04771
0.08208
0.10791
0.04285
0.02027
0.06346
0.03893
0.01905
0.03580
0.11567
0.06709
0.06750
0.05523
0.05685
0.04797
0.03747
0.03771
0.03882
0.03111
0.05227
0.04564
0.04085
0.05698
0.10514
0.07394
0.04247
0.13450
0.21121
0.07420
0.05821
0.19313
0.01870
0.04353
0.06882
0.05122
0.05254
0.05185
0.08599
0.04276
0.07776
0.03586
0.04079
0.06627
0.04145
0.03541
0.03685
0.05105
0.03649
0.04108
0.03574
0.08673
0.07340
0.06532
0.04925
0.05030
0.06386
0.06876
0.07900
0.08318
0.04774
0.13843
0.04071
0.03997
0.04511
0.05539
0.05205
0.10411
0.04802
0.14002
0.05088
0.06346
0.04327
0.04938
0.08347
0.07365
0.06489
0.05032
0.04252
0.03865
0.05872
0.03945
0.03983
0.04534
0.05453
0.02103
0.04687
0.06488
0.08705
0.04007
0.04245
0.04070
0.16634
0.04653
0.04724
0.04761
0.04089
0.04768
0.03864
0.05928
0.08924
0.03865
0.04650
0.07503
0.04419
0.06188
0.05416
0.05369
0.06851
0.07061
0.04963
0.04037
0.05330
0.05575
0.05131
0.04939
0.05403
0.04108
0.05307
0.06151
0.03846
0.04727
0.08725
0.15444
0.03069
0.06165
0.03057
0.06703
0.07573
0.04658
0.17070
0.05797
0.06820
0.04291
0.06901
0.04474
0.04071
0.04641
0.04843
0.05410
0.05193
0.07849
0.03605
0.04530
0.03910
0.08734
0.04687
0.20531
0.04674
0.04746
0.04482
0.05646
0.04331
0.24371
0.18841
0.06757
0.04492
0.14196
0.04939
0.05054
0.02859
0.09233
0.04422
0.01857
0.06782
0.06815
0.02842
0.15355
0.05029
0.06344
0.17757
0.04987
0.07282
0.05094
0.01566
0.01503
0.04635
0.15391
0.02890
0.05957
0.07668
0.05833
0.09555
0.06147
0.10904
0.04810
0.07280
0.07078
0.07643
0.03087
0.05522
0.17242
0.01934
0.09091
0.04770
0.01999
0.21185
0.04530
0.05327
0.06388
0.06457
0.06662
0.08655
0.05934
0.04278
0.16903
0.05912
0.14898
0.08110
0.06337
0.01594
0.17361
0.09066
0.09706
0.12605
0.14750
0.01984
0.19548
0.02112
0.23710
0.01455
0.20237
0.12270
0.08198
0.06828
0.01816
0.02105
0.05290
0.01526
0.01847
0.07506
0.03711
0.05650
0.01895
0.03466
0.02218
0.21680
0.02087
0.09020
0.05765
0.06329
0.05141
0.05863
0.06496
0.06596
0.04540
0.05459
0.06335
0.05798
0.18542
0.05771
0.05467
0.02623
0.04523
0.10389
0.03095
0.02992
0.08232
0.05070
0.01928
0.07184
0.04826
0.07564
0.06978
0.17576
0.06121
0.03246
0.04940
0.01810
0.07258
0.21795
0.03046
0.04782
0.03691
0.03167
0.05535
0.06523
0.06676
0.17800
0.11334
0.05315
0.04797
0.04887
0.10688
0.05430
0.05682
0.08652
0.06239
0.08052
0.06014
0.10326
0.09380
0.04029
0.05847
0.09448
0.18974
0.05913
0.04111
0.23206
0.20986
0.05317
0.22309
0.05365
0.06296
0.02814
0.05451
0.06960
0.12098
0.18011
0.01923
0.05129
0.05078
0.04983
0.06340
0.01737
0.05548
0.18011
0.16576
0.06251
0.06269
0.07463
0.10134
0.08809
0.03005
0.05618
0.05460
0.06675
0.02701
0.20128
0.02959
0.06046
0.08988
0.08346
0.12055
0.05157
0.06660
0.08640
0.05535
0.05988
0.06766
0.05551
0.20268
0.06944
0.18892
0.08966
0.04941
0.12926
0.11379
0.02955
0.07245
0.06651
0.03764
0.02958
0.07107
0.07084
0.05757
0.20665
0.05494
0.10288
0.19463
0.06829
0.06449
0.03529
0.06690
0.02978
0.05658
0.03994
0.07826
0.04404
0.07139
0.05900
0.05809
0.06767
0.01953
0.05702
0.04764
0.05243
0.06205
0.05247
0.07083
0.05270
0.06602
0.20705
0.18740
0.06428
0.06000
0.06001
0.06205
0.07847
0.18534
0.04830
0.08752
0.06215
0.16739
0.05718
0.05430
0.06345
0.06346
0.03177
0.05888
0.07301
0.01756
0.06309
0.05972
0.04398
0.05464
0.06153
0.05233
0.09811
0.04710
0.17497
0.04094
0.14554
0.04725
0.04483
0.05182
0.03395
0.05684
0.05367
0.04964
0.05119
0.06481
0.05182
0.05186
0.07051
0.05664
0.20857
0.04906
0.01843
0.06985
0.08490
0.20929
0.04321
0.18442
0.17390
0.09391
0.07247
0.05400
0.08899
0.06757
0.05946
0.08372
0.04986
0.04454
0.21982
0.20301
0.17482
0.07269
0.05111
0.06230
0.04699
0.05464
0.07601
0.04638
0.10228
0.02013
0.24930
0.05396
0.01107
0.01506
0.01859
0.01657
0.05481
0.25092
0.06182
0.01367
0.01200
0.01281
0.01300
0.01787
0.01298
0.01428
0.15734
0.05181
0.01478
0.05195
0.05537
0.05688
0.05398
0.01949
0.01878
0.01283
0.01474
0.05283
0.01814
0.03624
0.25722
0.02057
0.01684
0.03512
0.02069
0.01613
0.01912
0.05953
0.05942
0.04914
0.04950
0.04793
0.16248
0.03302
0.05262
0.05821
0.01681
0.17702
0.06302
0.05523
0.06192
0.02162
0.05104
0.07481
0.16664
0.06914
0.06164
0.05456
0.04289
0.04761
0.03256
0.04569
0.05025
0.04308
0.06593
0.23339
0.09086
0.04533
0.03419
0.19163
0.08445
0.05256
0.04402
0.20096
0.04809
0.05745
0.07915
0.04537
0.09403
0.23339
0.23026
0.06229
0.21007
0.05836
0.21994
0.02480
0.05236
0.05639
0.10646
0.08678
0.03690
0.06602
0.05613
0.30392
0.06198
0.06599
0.25764
0.05993
0.11917
0.04824
0.06784
0.03477
0.06154
0.06610
0.05589
0.07968
0.04074
0.05784
0.05759
0.06270
0.04453
0.06270
0.05324
0.04885
0.07919
0.08598
0.06045
0.05585
0.03518
0.01945
0.03355
0.03520
0.04520
0.06560
0.05756
0.02414
0.05444
0.06316
0.05242
0.04320
0.05437
0.06585
0.02676
0.06267
0.05382
0.04695
0.01337
0.01977
0.09586
0.01466
0.05833
0.05162
0.06676
0.02434
0.07913
0.01711
0.01503
0.01909
0.02272
0.01337
0.04800
0.02124
0.01806
0.02025
0.02021
0.01565
0.01764
0.01750
0.01554
0.02156
0.01554
0.03279
0.17996
0.02226
0.01398
0.04851
0.01529
0.02145
0.01795
0.01495
0.02218
0.01535
0.01520
0.01317
0.02039
0.01544
0.01499
0.01817
0.01853
0.05085
0.01391
0.02202
0.04931
0.01895
0.01248
0.01853
0.01784
0.01821
0.01369
0.01475
0.01572
0.04435
0.01445
0.01664
0.01601
0.01636
0.01427
0.01370
0.01664
0.01648
0.02093
0.01285
0.01901
0.01109
0.01737
0.01402
0.01565
0.05106
0.01736
0.01761
0.01998
0.01820
0.02135
0.01624
0.01742
0.01642
0.01374
0.01627
0.01313
0.27513
0.06147
0.02231
0.01534
0.03153
0.03272
0.01820
0.01245
0.01682
0.01602
0.06090
0.05913
0.01191
0.04672
0.01213
0.06745
0.01436
0.09151
0.01250
0.01664
0.25134
0.03825
0.09842
0.02512
0.09864
0.01474
0.01486
0.01600
0.01941
0.01759
0.05427
0.05546
0.01839
0.01334
0.01759
0.01844
0.01010
0.01520
0.01734
0.01960
0.14395
0.05494
0.01440
0.02017
0.01296
0.01868
0.09330
0.03822
0.01520
0.01355
0.01869
0.01986
0.01613
0.01808
0.01919
0.01257
0.01853
0.16402
0.06218
0.10491
0.10406
0.09989
0.05989
0.06458
0.06545
0.06880
0.05666
0.02819
0.06190
0.04928
0.18915
0.06432
0.04910
0.07980
0.02843
0.05504
0.07398
0.05656
0.10156
0.02409
0.18831
0.06499
0.06224
0.05104
0.20908
0.03181
0.19823
0.07811
0.04214
0.07932
0.06041
0.06023
0.06038
0.07726
0.05878
0.06106
0.05214
0.07384
0.18313
0.08119
0.05810
0.07440
0.05475
0.06794
0.05810
0.02869
0.07794
0.08153
0.08344
0.19802
0.07527
0.06158
0.05835
0.06646
0.06235
0.05686
0.05039
0.06188
0.10176
0.20716
0.05236
0.02053
0.01597
0.06845
0.01740
0.01599
0.05814
0.06897
0.01820
0.06044
0.05709
0.24677
0.23917
0.07991
0.01522
0.01651
0.01566
0.01569
0.05960
0.06428
0.08747
0.20950
0.01915
0.01560
0.09913
0.07451
0.02115
0.05682
0.02014
0.01254
0.01428
0.01908
0.01651
0.02603
0.01245
0.04737
0.19088
0.01449
0.01371
0.02035
0.22797
0.02131
0.01687
0.02064
0.01705
0.01612
0.01638
0.01483
0.02779
0.01537
0.20067
0.01261
0.01730
0.01732
0.21845
0.01695
0.20155
0.02105
0.21362
0.01725
0.01919
0.03140
0.01785
0.05860
0.05208
0.01630
0.01275
0.16530
0.01818
0.01416
0.01337
0.01121
0.01733
0.01919
0.01961
0.02160
0.01353
0.01599
0.01901
0.01931
0.01652
0.01817
0.01948
0.01602
0.22387
0.01875
0.01845
0.01844
0.01579
0.01797
0.01834
0.02673
0.01261
0.01931
0.01449
0.01576
0.06769
0.01458
0.01179
0.01732
0.01818
0.01772
0.01765
0.01731
0.01772
0.02298
0.03382
0.01923
0.01657
0.01776
0.01665
0.04737
0.02486
0.01732
0.01797
0.01468
0.01750
0.01973
0.06153
0.02476
0.01665
0.01919
0.02013
0.01831
0.01832
0.05004
0.01802
0.01341
0.02035
0.01413
0.01867
0.01691
0.01824
0.09333
0.02571
0.01658
0.02055
0.01901
0.01278
0.01893
0.01797
0.01926
0.05892
0.02896
0.04876
0.01188
0.06409
0.01590
0.01948
0.01164
0.02318
0.23610
0.01627
0.01894
0.01894
0.20614
0.02542
0.01588
0.02154
0.01983
0.01926
0.01447
0.01622
0.01798
0.01576
0.01475
0.01551
0.01474
0.02037
0.02156
0.01982
0.01803
0.06002
0.01569
0.02381
0.01503
0.01595
0.01955
0.01632
0.13092
0.02976
0.01412
0.01870
0.01570
0.01992
0.05144
0.02366
0.01858
0.01666
0.01703
0.01537
0.01559
0.01370
0.02303
0.01948
0.06584
0.01767
0.01694
0.05306
0.01297
0.01237
0.02796
0.01636
0.03010
0.01462
0.02233
0.02228
0.01242
0.01717
0.01080
0.01798
0.01067
0.01412
0.01527
0.01619
0.09617
0.05408
0.01622
0.01595
0.01703
0.05652
0.01717
0.01369
0.04606
0.01837
0.03970
0.01378
0.01698
0.01906
0.01333
0.02218
0.02533
0.02817
0.01536
0.01902
0.01884
0.01874
0.04373
0.01694
0.01901
0.01690
0.01921
0.16654
0.01664
0.01910
0.01799
0.01715
0.05477
0.06640
0.01211
0.01308
0.05171
0.01877
0.01235
0.01381
0.01396
0.01815
0.01828
0.01902
0.01515
0.01694
0.05088
0.01371
0.04488
0.01583
0.01579
0.01307
0.01005
0.20477
0.06377
0.01699
0.01948
0.05065
0.04601
0.01303
0.01841
0.01454
0.01841
0.01699
0.01730
0.01554
0.01543
0.01696
0.01124
0.02135
0.01885
0.01956
0.01963
0.01211
0.01440
0.01973
0.01333
0.01356
0.01843
0.01177
0.01139
0.01588
0.01086
0.01111
0.24536
0.01270
0.01887
0.01133
0.04248
0.01511
0.01270
0.01418
0.01384
0.01218
0.06257
0.01662
0.01916
0.01598
0.01722
0.20220
0.01969
0.01521
0.04470
0.01532
0.01877
0.02035
0.01943
0.01722
0.01755
0.07072
0.01414
0.01514
0.03707
0.19674
0.01892
0.09674
0.01459
0.01176
0.01535
0.04578
0.01640
0.01510
0.01613
0.01172
0.01174
0.02205
0.01115
0.01352
0.01535
0.01261
0.01640
0.01507
0.01168
0.01413
0.01969
0.06903
0.01289
0.02556
0.01916
0.01283
0.06529
0.01299
0.05127
0.18695
0.01640
0.01755
0.20220
0.01390
0.01642
0.02353
0.01051
0.04322
0.01479
0.01920
0.09594
0.06795
0.06018
0.05384
0.02061
0.01445
0.05537
0.02151
0.02866
0.01826
0.20045
0.02044
0.01795
0.08764
0.01722
0.01743
0.20922
0.24196
0.01954
0.02049
0.01206
0.02017
0.02235
0.01153
0.06205
0.06948
0.01920
0.01795
0.01502
0.10091
0.09365
0.01647
0.01573
0.01868
0.01830
0.01601
0.01904
0.01690
0.01944
0.01383
0.01704
0.01629
0.02020
0.06044
0.01630
0.01825
0.01699
0.01189
0.01572
0.01776
0.02005
0.02068
0.02032
0.01654
0.01710
0.01493
0.01865
0.01375
0.03641
0.01712
0.01696
0.04708
0.01069
0.01391
0.07214
0.01443
0.06800
0.01538
0.01100
0.01651
0.01875
0.04438
0.01904
0.01575
0.01882
0.01293
0.01654
0.01802
0.01428
0.01947
0.01680
0.01225
0.01755
0.01467
0.01457
0.01629
0.01779
0.01794
0.01052
0.02769
0.01710
0.01090
0.02025
0.02470
0.01844
0.07385
0.01680
0.01617
0.06071
0.06433
0.04930
0.02276
0.01527
0.02267
0.02372
0.02141
0.01654
0.01947
0.01614
0.02169
0.01656
0.01666
0.03828
0.03600
0.01755
0.02042
0.01396
0.01331
0.01694
0.05508
0.01228
0.01651
0.01654
0.01630
0.06216
0.01704
0.01877
0.01457
0.01166
0.01658
0.01474
0.04616
0.01712
0.01734
0.11679
0.01814
0.22735
0.01223
0.01826
0.01675
0.01350
0.02004
0.01506
0.02069
0.01363
0.01686
0.19648
0.02173
0.01433
0.01675
0.01364
0.01666
0.01739
0.01078
0.01693
0.05528
0.01251
0.01693
0.01761
0.02441
0.01578
0.01764
0.01262
0.01514
0.00959
0.01613
0.01749
0.09706
0.04589
0.01501
0.02167
0.01558
0.01540
0.01629
0.05080
0.01816
0.02097
0.01223
0.01307
0.01499
0.01757
0.15172
0.01308
0.01402
0.02005
0.01712
0.01872
0.01649
0.01693
0.01932
0.01514
0.01570
0.01068
0.01295
0.01169
0.01739
0.21307
0.01833
0.01592
0.02046
0.01805
0.01805
0.01622
0.01832
0.03437
0.01586
0.01921
0.04864
0.04962
0.01267
0.01680
0.01868
0.01859
0.04609
0.04734
0.01660
0.06692
0.05080
0.01924
0.01850
0.01779
0.01506
0.01839
0.01605
0.01556
0.21402
0.01080
0.01613
0.01358
0.01258
0.01733
0.01068
0.06039
0.01565
0.01723
0.04964
0.01538
0.01425
0.01813
0.01833
0.01930
0.01734
0.01787
0.01546
0.01243
0.02258
0.01221
0.01629
0.01629
0.01749
0.01871
0.01690
0.03993
0.04932
0.02138
0.01637
0.01646
0.01569
0.06916
0.01040
0.04965
0.01654
0.01515
0.01252
0.01572
0.01559
0.01557
0.01499
0.06164
0.01908
0.01188
0.23487
0.01386
0.01193
0.01405
0.01729
0.01623
0.01224
0.01747
0.01487
0.05745
0.02618
0.01306
0.01124
0.01359
0.01899
0.01391
0.17108
0.02203
0.01638
0.02108
0.01729
0.01666
0.01249
0.01708
0.01354
0.01133
0.01731
0.01354
0.01598
0.01438
0.01497
0.18731
0.01457
0.01073
0.01701
0.01438
0.05995
0.01438
0.01490
0.04206
0.01897
0.01519
0.00903
0.01731
0.01690
0.04939
0.01783
0.01444
0.01367
0.03885
0.01419
0.01179
0.01783
0.01557
0.01690
0.01596
0.01135
0.01681
0.05270
0.01225
0.01802
0.01747
0.01820
0.01275
0.01548
0.01438
0.05823
0.01110
0.04621
0.01892
0.01646
0.02033
0.06830
0.01360
0.01729
0.01547
0.01756
0.01224
0.01133
0.02211
0.01306
0.01505
0.06696
0.01139
0.01889
0.04781
0.01665
0.01623
0.01336
0.01698
0.21610
0.01747
0.01372
0.01623
0.01112
0.01690
0.02091
0.01380
0.01179
0.01643
0.01117
0.01602
0.01731
0.01181
0.01802
0.01409
0.06906
0.02013
0.01825
0.01382
0.01858
0.01202
0.01392
0.01273
0.01259
0.01635
0.01608
0.02467
0.01381
0.01520
0.01521
0.17954
0.01606
0.04413
0.01764
0.01242
0.01723
0.01738
0.05291
0.02119
0.01596
0.02277
0.01661
0.01983
0.01667
0.01615
0.01631
0.01563
0.01442
0.01390
0.01089
0.01028
0.01617
0.08403
0.01804
0.04326
0.01240
0.01560
0.01232
0.01378
0.05869
0.01619
0.02088
0.01356
0.01494
0.01678
0.03705
0.01067
0.01788
0.01428
0.01591
0.02474
0.02217
0.01678
0.04742
0.01283
0.01304
0.01851
0.04424
0.09249
0.01043
0.01826
0.01563
0.02013
0.02353
0.01179
0.02111
0.01606
0.01459
0.01614
0.01598
0.01270
0.01651
0.01587
0.04870
0.01409
0.01804
0.14791
0.01353
0.02122
0.01455
0.05110
0.01573
0.01649
0.02284
0.01511
0.01335
0.02029
0.01704
0.07533
0.06541
0.01887
0.01941
0.05972
0.01131
0.02311
0.01690
0.01904
0.01529
0.02016
0.01945
0.01334
0.02029
0.01455
0.01972
0.01699
0.01704
0.01413
0.01655
0.01605
0.01845
0.01776
0.02370
0.01357
0.01397
0.01972
0.01501
0.01237
0.01734
0.02252
0.01620
0.01565
0.01690
0.01353
0.02076
0.01312
0.01677
0.01659
0.05810
0.01972
0.01836
0.01710
0.05221
0.01366
0.01764
0.01797
0.01723
0.02333
0.06534
0.02347
0.01518
0.01942
0.01529
0.01298
0.02615
0.04667
0.01304
0.01797
0.01892
0.02126
0.01677
0.01333
0.04548
0.02954
0.01964
0.04116
0.01124
0.01494
0.02028
0.02210
0.01846
0.01741
0.01738
0.05861
0.03101
0.01903
0.02499
0.01916
0.01878
0.01819
0.01730
0.01146
0.01329
0.01641
0.01662
0.01879
0.01556
0.02062
0.01909
0.01242
0.01355
0.01617
0.01291
0.04074
0.01895
0.01242
0.01839
0.01551
0.01641
0.02172
0.01504
0.01725
0.01881
0.01979
0.03922
0.02412
0.01695
0.01749
0.01595
0.01785
0.06787
0.01732
0.04718
0.01262
0.01547
0.01822
0.01174
0.01902
0.01706
0.01595
0.01812
0.01785
0.01985
0.01979
0.01814
0.02159
0.09280
0.01001
0.08393
0.01595
0.05332
0.01270
0.01814
0.03922
0.01617
0.01431
0.02059
0.02319
0.01529
0.07201
0.27702
0.01590
0.01351
0.01915
0.02137
0.21238
0.05414
0.02089
0.01859
0.01662
0.04847
0.01571
0.01808
0.15941
0.02146
0.01375
0.01895
0.01586
0.01895
0.01306
0.01919
0.01383
0.01856
0.02933
0.08093
0.02293
0.01827
0.01881
0.02056
0.01475
0.05592
0.04754
0.01997
0.04729
0.01237
0.22737
0.01590
0.01529
0.01707
0.01658
0.01204
0.01529
0.08918
0.01688
0.01891
0.01928
0.01739
0.01828
0.01822
0.03698
0.01785
0.01777
0.05069
0.01816
0.04920
0.01343
0.05208
0.01313
0.05856
0.01583
0.06456
0.18983
0.03003
0.01816
0.01640
0.01256
0.01745
0.01205
0.06763
0.01624
0.06243
0.02027
0.00930
0.02027
0.01172
0.01850
0.01955
0.05318
0.01367
0.01172
0.07078
0.01304
0.01842
0.01749
0.01493
0.01071
0.01633
0.05765
0.01142
0.07240
0.01072
0.02825
0.01700
0.01432
0.06228
0.01955
0.01547
0.01659
0.01797
0.01580
0.02162
0.01606
0.01577
0.01569
0.01378
0.01993
0.02122
0.01397
0.01850
0.01640
0.01728
0.01343
0.02147
0.02019
0.21624
0.01518
0.01885
0.06650
0.10109
0.18694
0.05200
0.07537
0.09395
0.10110
0.10072
0.08821
0.07509
0.05867
0.13901
0.05606
0.06441
0.07869
0.01659
0.25447
0.01810
0.05085
0.07753
0.06786
0.06606
0.09925
0.01921
0.06901
0.04840
0.01774
0.07316
0.04228
0.07156
0.01595
0.04996
0.04781
0.06661
0.12777
0.05596
0.07351
0.04769
0.04648
0.06136
0.06813
0.24579
0.05817
0.06214
0.01943
0.01908
0.03611
0.24897
0.02241
0.07426
0.01475
0.01660
0.02535
0.01266
0.07579
0.07767
0.22368
0.02158
0.01432
0.06301
0.01506
0.01997
0.02122
0.01359
0.10047
0.01372
0.07447
0.07174
0.18251
0.07010
0.03835
0.06395
0.01742
0.19705
0.18880
0.06712
0.05969
0.09265
0.21047
0.18329
0.07866
0.06687
0.01338
0.22229
0.01816
0.08680
0.10348
0.05601
0.22075
0.09065
0.08748
0.09416
0.02582
0.08913
0.30744
0.08742
0.01349
0.06041
0.20029
0.06819
0.01775
0.05795
0.01369
0.07456
0.05438
0.02817
0.01528
0.22024
0.02270
0.04927
0.01867
0.04851
0.01549
0.09583
0.06069
0.01598
0.07138
0.01873
0.07048
0.02520
0.02314
0.18696
0.01543
0.05250
0.01469
0.06670
0.02220
0.01901
0.06258
0.01536
0.01769
0.02769
0.01687
0.05805
0.01380
0.07732
0.01296
0.01963
0.01232
0.01894
0.05147
0.01356
0.01202
0.18623
0.05182
0.06625
0.04854
0.01992
0.01182
0.01411
0.01982
0.01539
0.01412
0.01503
0.01260
0.01551
0.01232
0.04628
0.01240
0.05187
0.01140
0.01494
0.05652
0.01263
0.02418
0.02158
0.01761
0.01368
0.01818
0.01881
0.18623
0.05125
0.04904
0.02204
0.01347
0.01603
0.01597
0.01798
0.01906
0.02420
0.01499
0.02037
0.19008
0.06448
0.01694
0.01474
0.15551
0.05830
0.01607
0.01414
0.01567
0.01694
0.01816
0.02116
0.01555
0.01754
0.01303
0.17499
0.02456
0.01676
0.01482
0.02048
0.02052
0.01740
0.05857
0.01911
0.01664
0.01490
0.01886
0.01579
0.01556
0.01005
0.01699
0.01579
0.01106
0.01625
0.01087
0.01723
0.07144
0.01816
0.01696
0.01579
0.01303
0.01533
0.02122
0.05021
0.01699
0.01633
0.01255
0.02181
0.01402
0.01378
0.01267
0.20415
0.01559
0.02223
0.01815
0.01596
0.05054
0.01877
0.15782
0.01633
0.01306
0.19125
0.01633
0.01158
0.01339
0.01815
0.01915
0.02058
0.00996
0.01620
0.01709
0.01339
0.02113
0.01211
0.10762
0.01453
0.01559
0.01446
0.01715
0.04029
0.01756
0.02048
0.01111
0.01185
0.01636
0.01367
0.01484
0.01534
0.01502
0.01368
0.01613
0.01344
0.00994
0.01812
0.01750
0.01280
0.01703
0.01406
0.01784
0.01534
0.01424
0.01335
0.01115
0.01005
0.01404
0.02480
0.04921
0.01094
0.01934
0.01777
0.04460
0.00895
0.01511
0.01289
0.01117
0.01227
0.01343
0.01270
0.01209
0.01773
0.01706
0.01414
0.02065
0.01725
0.01874
0.00895
0.01326
0.02049
0.03902
0.01536
0.01580
0.01697
0.01731
0.04222
0.04179
0.01635
0.01414
0.06472
0.01598
0.06199
0.01693
0.01426
0.01617
0.01534
0.01496
0.22516
0.01174
0.01782
0.01576
0.05508
0.02343
0.02579
0.01837
0.16703
0.23485
0.01486
0.01934
0.05193
0.01484
0.06425
0.01563
0.01725
0.01841
0.06288
0.01440
0.01413
0.01194
0.04375
0.01207
0.01289
0.01136
0.00994
0.04915
0.01677
0.01722
0.01640
0.06923
0.01662
0.15466
0.01487
0.04560
0.01524
0.01603
0.01589
0.01769
0.01479
0.01658
0.02008
0.12476
0.19017
0.01910
0.01788
0.01711
0.01659
0.01685
0.01478
0.01998
0.01524
0.01302
0.01895
0.01582
0.02017
0.01711
0.01589
0.01651
0.01985
0.01642
0.01378
0.01954
0.01578
0.01771
0.01839
0.02681
0.01839
0.05065
0.01737
0.02056
0.01727
0.01314
0.02376
0.01853
0.01537
0.01988
0.05049
0.01376
0.01408
0.01287
0.01906
0.01733
0.01711
0.01838
0.01740
0.02008
0.04550
0.01408
0.06947
0.01741
0.02077
0.04654
0.01330
0.06372
0.02056
0.02235
0.02217
0.01603
0.01479
0.01925
0.01981
0.01171
0.02037
0.01532
0.01928
0.01734
0.01638
0.01555
0.02144
0.01931
0.02029
0.01377
0.01920
0.02184
0.02129
0.01968
0.01603
0.01892
0.01567
0.02305
0.01771
0.01603
0.01964
0.01668
0.03395
0.05601
0.01988
0.03673
0.02390
0.01418
0.08751
0.01779
0.02703
0.02062
0.01988
0.01524
0.05512
0.05183
0.01964
0.01407
0.02004
0.01610
0.01892
0.01748
0.01939
0.04846
0.01349
0.01493
0.07992
0.05384
0.05649
0.03959
0.01330
0.01802
0.03163
0.01491
0.02091
0.01704
0.19951
0.01383
0.01138
0.01854
0.01943
0.01710
0.01383
0.01443
0.01658
0.04501
0.01753
0.01677
0.02097
0.01618
0.01637
0.02032
0.02063
0.01564
0.02235
0.01451
0.02430
0.02042
0.01738
0.01493
0.01391
0.02075
0.01606
0.01414
0.01396
0.19551
0.19082
0.01606
0.01947
0.01493
0.01930
0.01228
0.01857
0.04470
0.01216
0.01782
0.21109
0.06040
0.01527
0.09677
0.01802
0.01391
0.01209
0.20527
0.02291
0.04069
0.06660
0.01435
0.01945
0.01843
0.01867
0.01951
0.03826
0.01359
0.01651
0.02005
0.01392
0.01902
0.01445
0.01614
0.01890
0.01651
0.01066
0.01882
0.01944
0.01255
0.01626
0.01534
0.01539
0.01630
0.01414
0.01802
0.21025
0.01503
0.01904
0.01052
0.02488
0.01654
0.01080
0.05536
0.02355
0.02238
0.01208
0.04125
0.01605
0.01300
0.01739
0.02116
0.01840
0.01225
0.09504
0.01449
0.01712
0.01489
0.01779
0.02223
0.01983
0.05427
0.01868
0.01203
0.07412
0.01954
0.01591
0.01628
0.05564
0.01085
0.01813
0.03650
0.01758
0.02173
0.01485
0.01779
0.03991
0.01924
0.01203
0.01819
0.01823
0.01335
0.01387
0.05973
0.01262
0.02079
0.01688
0.01411
0.01305
0.01954
0.01405
0.01506
0.01712
0.01143
0.17202
0.01597
0.01512
0.01428
0.01385
0.01474
0.01506
0.01450
0.01850
0.01526
0.01892
0.02275
0.01733
0.01474
0.02964
0.01859
0.01445
0.03355
0.04999
0.02037
0.01787
0.01629
0.01586
0.01558
0.01588
0.01763
0.01474
0.01753
0.03355
0.01358
0.01085
0.01629
0.01136
0.01958
0.01431
0.01921
0.01176
0.01923
0.01605
0.01688
0.01660
0.01590
0.01900
0.01629
0.01538
0.01896
0.01272
0.01596
0.01733
0.01895
0.01878
0.05544
0.01813
0.04481
0.01290
0.01805
0.06116
0.01506
0.01890
0.01358
0.01049
0.12693
0.01391
0.19593
0.01926
0.01911
0.01801
0.01690
0.19540
0.01229
0.01814
0.03458
0.02239
0.01512
0.01319
0.01416
0.01977
0.06602
0.01537
0.18415
0.01248
0.01515
0.01315
0.01158
0.01701
0.01416
0.01871
0.01310
0.01603
0.01188
0.01310
0.06074
0.01742
0.01252
0.01324
0.02719
0.01325
0.01158
0.01666
0.01547
0.01529
0.01527
0.01040
0.02157
0.01229
0.02292
0.01802
0.02035
0.01740
0.05257
0.01040
0.01539
0.01001
0.01900
0.01812
0.01848
0.01729
0.01184
0.01367
0.02719
0.01235
0.01507
0.01336
0.01564
0.01911
0.01780
0.01357
0.01489
0.01229
0.01178
0.01441
0.03706
0.01229
0.01224
0.05321
0.04205
0.01537
0.01537
0.09405
0.01275
0.01433
0.01028
0.01729
0.01339
0.01013
0.01598
0.01729
0.01505
0.01569
0.01669
0.01701
0.01309
0.01158
0.01387
0.01780
0.01040
0.05273
0.01229
0.01914
0.01949
0.03763
0.01042
0.01623
0.01765
0.01284
0.02367
0.01414
0.01710
0.01181
0.01646
0.01359
0.01695
0.01615
0.01789
0.01283
0.04715
0.01827
0.01695
0.01221
0.01028
0.01537
0.01602
0.01945
0.03711
0.01181
0.18512
0.06436
0.04877
0.01363
0.01577
0.01295
0.01270
0.01570
0.01810
0.01496
0.01570
0.01762
0.05136
0.01849
0.17930
0.01757
0.01799
0.07210
0.01977
0.01849
0.01438
0.01773
0.02584
0.01645
0.10055
0.01459
0.01411
0.01563
0.02018
0.01889
0.01572
0.01240
0.01082
0.02005
0.01472
0.01188
0.05215
0.01764
0.01384
0.01361
0.01360
0.01356
0.02510
0.01089
0.01459
0.01937
0.05136
0.01937
0.01983
0.01948
0.02394
0.01537
0.01889
0.01379
0.02258
0.01480
0.01840
0.01274
0.01645
0.01718
0.01243
0.05320
0.01520
0.01521
0.05763
0.01521
0.01379
0.01788
0.01695
0.04390
0.01201
0.09802
0.01731
0.01312
0.04541
0.06749
0.01593
0.01819
0.01825
0.01312
0.02016
0.02639
0.01334
0.02029
0.06878
0.01593
0.02283
0.06553
0.02037
0.05219
0.01584
0.02131
0.01798
0.22350
0.01878
0.07888
0.02184
0.01892
0.01674
0.07737
0.01762
0.02365
0.01461
0.01605
0.01321
0.01444
0.01435
0.01878
0.01673
0.06932
0.01399
0.02131
0.01797
0.01776
0.01565
0.02119
0.02124
0.01617
0.02122
0.01754
0.01878
0.01704
0.01557
0.01617
0.05207
0.20270
0.01496
0.05438
0.01617
0.01803
0.01973
0.01808
0.01878
0.10681
0.01324
0.01787
0.02283
0.01270
0.01972
0.06789
0.01241
0.01988
0.01783
0.01781
0.02111
0.07428
0.01674
0.01674
0.01226
0.01565
0.02335
0.06052
0.01727
0.02480
0.01312
0.01712
0.05347
0.01991
0.01717
0.01529
0.01829
0.04138
0.01923
0.01419
0.04179
0.01768
0.01431
0.01523
0.01119
0.01207
0.01145
0.01454
0.02071
0.01624
0.05057
0.01530
0.01928
0.10317
0.01346
0.01732
0.01839
0.01102
0.01489
0.01409
0.01558
0.03125
0.01822
0.01419
0.01346
0.05052
0.01309
0.01909
0.01915
0.01307
0.01754
0.01217
0.01295
0.02147
0.05212
0.02106
0.01715
0.05130
0.01862
0.01962
0.01980
0.01487
0.01839
0.02053
0.01822
0.01879
0.01493
0.01785
0.01943
0.01885
0.05878
0.18949
0.10933
0.02045
0.01928
0.18731
0.01429
0.01230
0.10743
0.01915
0.01559
0.01351
0.01413
0.06136
0.05021
0.01124
0.01742
0.01946
0.01228
0.01325
0.02772
0.01035
0.01665
0.01172
0.01818
0.01854
0.01659
0.02027
0.02155
0.01794
0.01690
0.05139
0.16435
0.02029
0.01380
0.01304
0.01403
0.01673
0.01556
0.01834
0.01299
0.01313
0.04336
0.01720
0.02009
0.01576
0.01904
0.01272
0.16828
0.01692
0.01439
0.01692
0.01783
0.01876
0.01734
0.01348
0.02027
0.01876
0.04432
0.07414
0.01966
0.01810
0.01449
0.09111
0.01608
0.01778
0.00930
0.01576
0.03511
0.01486
0.01797
0.04446
0.01735
0.05473
0.01616
0.01154
0.01539
0.01659
0.01417
0.01291
0.01783
0.01105
0.02687
0.02153
0.01129
0.01233
0.01245
0.01519
0.01481
0.01317
0.02101
0.09096
0.01438
0.01692
0.01975
0.01573
0.01129
0.01850
0.02119
0.01697
0.01313
0.01976
0.01344
0.01607
0.01956
0.01966
0.01454
0.06859
0.01521
0.02030
0.01459
0.01153
0.01470
0.01843
0.01866
0.17117
0.01580
0.01279
0.01963
0.01949
0.01901
0.01766
0.02063
0.01697
0.01584
0.01470
0.01313
0.01915
0.01497
0.10838
0.04112
0.01279
0.01470
0.01375
0.01963
0.01775
0.01445
0.01854
0.01559
0.06503
0.01642
0.06662
0.07041
0.01431
0.01573
0.01868
0.01840
0.01610
0.02029
0.01925
0.01570
0.01740
0.01521
0.01459
0.01830
0.01695
0.07548
0.01537
0.02119
0.06439
0.01399
0.01455
0.02049
0.02944
0.01977
0.01999
0.04902
0.01297
0.01998
0.01659
0.01530
0.02025
0.01317
0.02078
0.01398
0.12261
0.05750
0.01444
0.01834
0.02110
0.02381
0.01598
0.01672
0.01707
0.01700
0.01875
0.01875
0.01434
0.01511
0.01917
0.01934
0.02146
0.01290
0.01922
0.01303
0.01931
0.02233
0.02333
0.02040
0.01358
0.01430
0.01775
0.01844
0.02370
0.01622
0.01693
0.18926
0.01592
0.01839
0.01411
0.01775
0.01809
0.01659
0.01598
0.01810
0.01589
0.01517
0.01680
0.01626
0.01316
0.01580
0.18131
0.01996
0.01654
0.01602
0.01964
0.02132
0.01461
0.01663
0.01586
0.01173
0.01799
0.02489
0.01381
0.01661
0.02295
0.01945
0.01821
0.01687
0.01875
0.01827
0.02465
0.01855
0.01698
0.01312
0.01383
0.01779
0.01241
0.01774
0.01936
0.01602
0.01636
0.02268
0.01246
0.01150
0.01051
0.01461
0.01855
0.01871
0.01827
0.01961
0.01876
0.01306
0.04744
0.02153
0.01838
0.02877
0.01290
0.01870
0.01339
0.01469
0.01661
0.01955
0.02030
0.01802
0.01717
0.02273
0.01590
0.01057
0.01422
0.01290
0.01866
0.03505
0.01596
0.01609
0.01581
0.01529
0.01558
0.02010
0.01462
0.01659
0.07385
0.02625
0.01364
0.01809
0.01375
0.01464
0.02016
0.01022
0.01797
0.01582
0.01630
0.01982
0.01440
0.01732
0.01703
0.02017
0.01630
0.01577
0.04097
0.01365
0.01857
0.01378
0.01977
0.02458
0.01336
0.01630
0.02195
0.02113
0.01714
0.01992
0.01949
0.02187
0.01126
0.01169
0.02226
0.02269
0.01750
0.06287
0.01564
0.01336
0.02300
0.01967
0.01486
0.01245
0.01613
0.01882
0.06642
0.05945
0.01977
0.01421
0.01947
0.01688
0.01570
0.01951
0.01785
0.02346
0.01312
0.01830
0.01313
0.04991
0.01997
0.05405
0.01519
0.01629
0.01981
0.01949
0.21638
0.01785
0.01796
0.01998
0.01830
0.01897
0.01968
0.02170
0.01334
0.01471
0.02127
0.03375
0.01953
0.01118
0.01961
0.01929
0.02831
0.01560
0.01606
0.05363
0.06326
0.01627
0.05104
0.01698
0.03294
0.01918
0.01423
0.01657
0.09387
0.02111
0.01560
0.02103
0.06277
0.23113
0.07209
0.01578
0.01969
0.18268
0.02201
0.01464
0.01846
0.01339
0.01568
0.14220
0.02533
0.02380
0.01814
0.01244
0.07200
0.01951
0.01675
0.01997
0.01917
0.02298
0.01883
0.06428
0.01464
0.01217
0.01844
0.01653
0.01440
0.01692
0.01302
0.01527
0.01261
0.01787
0.06268
0.17869
0.05739
0.01109
0.20557
0.01817
0.01817
0.05899
0.01256
0.02151
0.01677
0.01458
0.04917
0.06130
0.10771
0.05731
0.19578
0.05169
0.01648
0.02631
0.01153
0.06492
0.06207
0.01213
0.16181
0.08979
0.01080
0.02279
0.02059
0.06122
0.01734
0.01566
0.01810
0.08232
0.02027
0.04896
0.18275
0.19122
0.09065
0.19122
0.23327
0.07800
0.05257
0.06821
0.08126
0.01414
0.18647
0.06714
0.06778
0.01928
0.21925
0.01136
0.02221
0.01469
0.07362
0.01417
0.07509
0.02485
0.04229
0.20522
0.05193
0.20067
0.20067
0.20258
0.07107
0.17201
0.01716
0.06713
0.04686
0.02298
0.01171
0.01862
0.18906
0.10994
0.04145
0.21165
0.01109
0.01399
0.01454
0.04731
0.07302
0.01703
0.01263
0.09936
0.01444
0.03556
0.01198
0.01566
0.20970
0.01458
0.02053
0.01841
0.25162
0.21347
0.05905
0.03396
0.19202
0.01214
0.04114
0.19456
0.04599
0.01687
0.06640
0.05438
0.01575
0.16333
0.01438
0.08924
0.02022
0.01972
0.05895
0.01867
0.01313
0.02025
0.01241
0.05560
0.05239
0.17682
0.07081
0.01483
0.08267
0.06933
0.01638
0.29780
0.01874
0.20364
0.06412
0.20347
0.06354
0.02887
0.02194
0.01638
0.01771
0.01935
0.01693
0.07168
0.05440
0.05227
0.04643
0.18766
0.04133
0.01529
0.01242
0.01562
0.02298
0.06603
0.01827
0.01237
0.00947
0.01592
0.04222
0.04350
0.06595
0.01918
0.20068
0.13362
0.01681
0.05890
0.04160
0.05343
0.01531
0.11182
0.01971
0.01227
0.01232
0.01202
0.05091
0.01963
0.01674
0.19449
0.01977
0.01465
0.03872
0.06157
0.06774
0.01726
0.01465
0.22335
0.01198
0.04130
0.07258
0.01773
0.05975
0.01881
0.01934
0.01664
0.01691
0.06078
0.04192
0.01320
0.04373
0.01856
0.01398
0.01749
0.01276
0.01676
0.04024
0.01709
0.01678
0.02345
0.01625
0.01782
0.15364
0.04346
0.01443
0.04024
0.03991
0.04480
0.01633
0.01126
0.01107
0.01859
0.01489
0.01694
0.01694
0.02064
0.01788
0.01715
0.15393
0.01267
0.02107
0.20381
0.03506
0.01815
0.20477
0.06205
0.04847
0.02356
0.19725
0.01275
0.01770
0.03599
0.20950
0.18640
0.01307
0.05124
0.01570
0.01624
0.01966
0.01421
0.02048
0.01747
0.01690
0.01980
0.01296
0.02730
0.05580
0.01841
0.02713
0.01388
0.01943
0.04977
0.17497
0.01298
0.01391
0.07067
0.01801
0.02136
0.01472
0.01380
0.17548
0.01204
0.01789
0.01552
0.01109
0.01695
0.01363
0.01262
0.01496
0.01267
0.01363
0.01527
0.01598
0.04880
0.13028
0.01463
0.01299
0.07067
0.01005
0.01391
0.03336
0.01582
0.06410
0.01510
0.01735
0.06462
0.01280
0.01364
0.01457
0.17652
0.04402
0.02067
0.02083
0.01262
0.03566
0.01457
0.06442
0.01640
0.01363
0.01682
0.04804
0.07045
0.01510
0.04939
0.01862
0.01534
0.01615
0.01707
0.01484
0.19347
0.02053
0.04339
0.01732
0.01262
0.04736
0.01662
0.01515
0.01677
0.01205
0.01320
0.02194
0.02067
0.01094
0.01623
0.00993
0.01391
0.01218
0.17659
0.01874
0.01848
0.01681
0.01801
0.01632
0.04111
0.01801
0.01709
0.01502
0.01532
0.01773
0.01695
0.01378
0.01880
0.01695
0.01552
0.04543
0.01469
0.02061
0.01399
0.02226
0.02056
0.01988
0.01479
0.01910
0.01371
0.01276
0.02023
0.01784
0.01496
0.02004
0.01576
0.01051
0.01526
0.01387
0.08720
0.01617
0.01743
0.01418
0.01839
0.01727
0.02255
0.03053
0.02017
0.01470
0.04233
0.02229
0.03104
0.01526
0.02037
0.01868
0.01407
0.01837
0.01870
0.01820
0.01837
0.01838
0.01571
0.02144
0.02004
0.23509
0.01631
0.02291
0.01678
0.01970
0.01682
0.02029
0.19456
0.04850
0.02121
0.27860
0.01492
0.02235
0.02286
0.01171
0.01651
0.01977
0.01617
0.06790
0.04278
0.01535
0.01651
0.01892
0.01404
0.02149
0.02026
0.05901
0.02144
0.02017
0.01711
0.01135
0.01628
0.07003
0.01743
0.01603
0.01051
0.07023
0.01926
0.02459
0.01906
0.02225
0.01408
0.01661
0.07370
0.01663
0.04812
0.02017
0.04287
0.04771
0.01603
0.02196
0.01407
0.02235
0.01659
0.01276
0.01719
0.01479
0.01767
0.01818
0.01532
0.01376
0.02032
0.06654
0.01474
0.01654
0.01573
0.18134
0.02232
0.04792
0.01300
0.01189
0.03355
0.01539
0.01710
0.01263
0.06767
0.01606
0.01753
0.01437
0.01645
0.01613
0.01474
0.01699
0.09441
0.03522
0.04619
0.01207
0.06523
0.01295
0.01738
0.01542
0.01699
0.01868
0.07528
0.01989
0.01428
0.01848
0.01310
0.01269
0.02313
0.01629
0.02455
0.01445
0.01268
0.01602
0.01629
0.01649
0.02009
0.05157
0.16292
0.01182
0.01890
0.01184
0.01783
0.01080
0.04083
0.01570
0.08065
0.01875
0.01772
0.18064
0.01443
0.05161
0.01614
0.01368
0.01493
0.03071
0.01138
0.01699
0.01945
0.01876
0.02198
0.03097
0.01208
0.01511
0.01802
0.01451
0.06069
0.01684
0.02152
0.01958
0.01258
0.04920
0.01474
0.01802
0.01821
0.01858
0.06187
0.01854
0.01489
0.01558
0.01546
0.01468
0.19200
0.01122
0.01406
0.04862
0.06923
0.06896
0.04122
0.01739
0.18702
0.01649
0.04012
0.01859
0.05198
0.01805
0.05144
0.01841
0.01746
0.01402
0.02227
0.01522
0.01970
0.04933
0.01629
0.01878
0.01293
0.01798
0.01258
0.01203
0.20718
0.01298
0.01834
0.01730
0.01799
0.05597
0.03792
0.01911
0.05559
0.01424
0.01895
0.01693
0.04639
0.01638
0.01327
0.01292
0.01189
0.21937
0.05352
0.02046
0.02347
0.02355
0.01599
0.01835
0.02123
0.01254
0.01107
0.05475
0.09553
0.01235
0.04749
0.01066
0.01622
0.01046
0.01107
0.01774
0.01399
0.01629
0.05718
0.01706
0.02193
0.01428
0.01381
0.01487
0.01770
0.02208
0.02210
0.01677
0.05179
0.01605
0.01378
0.01664
0.01642
0.00959
0.19200
0.01418
0.02097
0.01684
0.02287
0.01558
0.02172
0.01456
0.11673
0.04975
0.01455
0.04415
0.01734
0.01680
0.04422
0.02861
0.01828
0.01506
0.03841
0.06928
0.02280
0.01675
0.01613
0.01912
0.01221
0.01176
0.01833
0.01066
0.01398
0.01693
0.01946
0.01374
0.01780
0.05846
0.01749
0.01284
0.01164
0.03993
0.01437
0.01121
0.05223
0.02293
0.02029
0.01547
0.01438
0.01624
0.01386
0.01841
0.01336
0.01282
0.01604
0.03432
0.09067
0.01669
0.04032
0.01900
0.01431
0.01350
0.01359
0.01158
0.01348
0.01671
0.01229
0.01372
0.01560
0.01150
0.04631
0.03366
0.01112
0.01414
0.07521
0.01224
0.04878
0.01224
0.01493
0.01666
0.01438
0.01380
0.01369
0.03605
0.01932
0.01310
0.01728
0.02081
0.01200
0.01433
0.01621
0.01300
0.01928
0.01708
0.01690
0.01557
0.01698
0.07110
0.01560
0.06200
0.01523
0.01728
0.01431
0.01431
0.01585
0.04307
0.01224
0.18273
0.01438
0.01977
0.01437
0.01878
0.01603
0.04460
0.01733
0.01198
0.01164
0.01666
0.01569
0.01279
0.01784
0.01292
0.01686
0.01833
0.01505
0.01149
0.01603
0.02364
0.05282
0.01559
0.01442
0.01851
0.03062
0.01689
0.02429
0.01438
0.01718
0.01855
0.04354
0.01459
0.01442
0.01572
0.06041
0.09036
0.01501
0.01448
0.01484
0.03905
0.01411
0.01674
0.01735
0.01638
0.01596
0.01697
0.04167
0.17143
0.01577
0.01511
0.06773
0.01378
0.01452
0.01927
0.01596
0.01391
0.01531
0.01442
0.01779
0.00940
0.01631
0.01560
0.01624
0.01455
0.01199
0.01598
0.01379
0.01773
0.06473
0.01468
0.01682
0.01425
0.01759
0.01391
0.21724
0.01466
0.01179
0.01918
0.01690
0.01588
0.01720
0.01480
0.02027
0.01704
0.01704
0.01541
0.01659
0.01822
0.02184
0.02152
0.01728
0.01972
0.06981
0.02229
0.01939
0.02372
0.01916
0.01722
0.05442
0.05689
0.05630
0.05487
0.01519
0.01494
0.01595
0.01825
0.01131
0.01785
0.01312
0.01092
0.08309
0.01327
0.01704
0.02057
0.01704
0.01353
0.05908
0.01224
0.02152
0.01797
0.01729
0.02024
0.01563
0.01674
0.05403
0.01797
0.16339
0.01537
0.01713
0.01732
0.01146
0.10708
0.01643
0.01704
0.01439
0.02225
0.01707
0.06809
0.01535
0.01777
0.03404
0.01822
0.06990
0.06238
0.01985
0.06718
0.01501
0.11462
0.01918
0.01501
0.01782
0.01662
0.01411
0.01894
0.01687
0.01608
0.01409
0.01814
0.01842
0.01662
0.07905
0.05617
0.01846
0.01662
0.02472
0.01846
0.02120
0.02545
0.01702
0.01780
0.02045
0.02137
0.02449
0.03326
0.01565
0.07246
0.01706
0.02053
0.01943
0.16980
0.01835
0.06055
0.01777
0.01693
0.01145
0.01175
0.01348
0.01839
0.06808
0.02016
0.04397
0.02350
0.01979
0.01217
0.01509
0.01818
0.01491
0.01576
0.01255
0.02117
0.02008
0.01454
0.01142
0.01451
0.04568
0.07263
0.01569
0.01794
0.01749
0.01907
0.16614
0.01428
0.03994
0.01926
0.01206
0.01816
0.01483
0.01786
0.01241
0.01451
0.01875
0.04122
0.01512
0.04774
0.01665
0.01653
0.01256
0.06672
0.06775
0.01538
0.03002
0.01302
0.01167
0.01586
0.01720
0.01740
0.01524
0.01850
0.01781
0.01604
0.04800
0.01606
0.01379
0.01640
0.01951
0.01699
0.01263
0.01935
0.01659
0.01590
0.05282
0.01977
0.01524
0.02186
0.01576
0.09883
0.01966
0.01395
0.01711
0.02309
0.07127
0.01925
0.01405
0.01375
0.01468
0.07757
0.05567
0.02030
0.01741
0.06828
0.05642
0.01966
0.02584
0.01976
0.01740
0.01940
0.01571
0.04140
0.04560
0.01977
0.01830
0.01991
0.01992
0.01621
0.01309
0.18763
0.01863
0.01135
0.01932
0.01415
0.01375
0.06005
0.04057
0.01893
0.06887
0.03775
0.01385
0.08900
0.01304
0.02208
0.01932
0.01925
0.01327
0.01684
0.02331
0.02112
0.01459
0.01837
0.01830
0.02122
0.08185
0.01805
0.02009
0.01217
0.02470
0.01535
0.02653
0.03260
0.01806
0.01806
0.19915
0.01335
0.02020
0.01572
0.02059
0.01888
0.01715
0.01462
0.02202
0.01434
0.01659
0.06545
0.01875
0.01589
0.02553
0.01453
0.01523
0.02224
0.01527
0.01525
0.01598
0.01391
0.05429
0.01511
0.01571
0.04214
0.01590
0.01432
0.01150
0.02160
0.01618
0.01339
0.01319
0.01649
0.01168
0.02169
0.10651
0.01806
0.01655
0.01644
0.01447
0.00957
0.02064
0.01420
0.01774
0.01921
0.02460
0.01706
0.01369
0.01618
0.01383
0.07373
0.01930
0.01246
0.01422
0.06585
0.02129
0.01586
0.01544
0.01381
0.01261
0.07302
0.02862
0.01821
0.01413
0.06033
0.02037
0.04744
0.01550
0.01273
0.01486
0.01230
0.11063
0.05843
0.01639
0.01606
0.01291
0.06244
0.01642
0.01783
0.02893
0.01336
0.01279
0.03231
0.01306
0.01891
0.01706
0.02068
0.01336
0.01630
0.01653
0.02279
0.01820
0.01440
0.08142
0.03779
0.01841
0.01127
0.01889
0.02065
0.01820
0.04812
0.01947
0.05469
0.01785
0.10790
0.02065
0.01749
0.25328
0.02955
0.01286
0.01638
0.01122
0.01829
0.01601
0.01270
0.01770
0.04509
0.18537
0.05976
0.01901
0.01324
0.07588
0.01586
0.09141
0.02055
0.01676
0.01687
0.01873
0.05363
0.02022
0.01376
0.01769
0.01636
0.06653
0.01665
0.01368
0.01730
0.01838
0.01260
0.04433
0.06912
0.01860
0.01654
0.04664
0.08312
0.01462
0.01732
0.04487
0.10675
0.01775
0.10268
0.01241
0.01710
0.01664
0.01986
0.01290
0.07383
0.01920
0.08909
0.01817
0.01495
0.01735
0.07498
0.01885
0.01972
0.02005
0.09892
0.01337
0.02247
0.08523
0.11728
0.02396
0.06494
0.10436
0.22533
0.01585
0.11683
0.04683
0.01761
0.02242
0.02326
0.08631
0.19094
0.02080
0.01574
0.02279
0.01920
0.02053
0.01215
0.01899
0.01263
0.01964
0.02003
0.01368
0.02122
0.11425
0.01425
0.09734
0.03906
0.01631
0.05880
0.02334
0.02019
0.02268
0.01994
0.01109
0.02242
0.01585
0.02212
0.02064
0.01572
0.01764
0.01865
0.05583
0.01294
0.06415
0.01651
0.01356
0.02304
0.02221
0.01818
0.02629
0.02105
0.01345
0.02053
0.02028
0.02174
0.01618
0.01732
0.01727
0.01371
0.01818
0.02369
0.02339
0.01888
0.01687
0.01102
0.01101
0.01579
0.01693
0.12094
0.01473
0.01356
0.01987
0.01923
0.01351
0.01298
0.01937
0.01496
0.01341
0.01897
0.02161
0.01958
0.01747
0.01390
0.24383
0.05204
0.01848
0.01924
0.23823
0.01604
0.01636
0.01324
0.01712
0.07286
0.01579
0.01592
0.01983
0.01044
0.01434
0.01837
0.02075
0.01308
0.01239
0.01182
0.01264
0.01894
0.01850
0.03287
0.01954
0.01355
0.01955
0.01670
0.01761
0.01592
0.00938
0.01507
0.02926
0.01546
0.01465
0.01481
0.01383
0.01794
0.01465
0.01595
0.02180
0.01798
0.05343
0.02101
0.03327
0.01266
0.01529
0.01413
0.01355
0.01894
0.07805
0.06199
0.01140
0.01944
0.02021
0.02276
0.01475
0.01958
0.02318
0.01777
0.01041
0.01699
0.01067
0.02037
0.01603
0.01380
0.02276
0.01481
0.01453
0.01633
0.01836
0.01327
0.04563
0.04919
0.01227
0.01297
0.02129
0.01797
0.01653
0.01813
0.01355
0.02228
0.01292
0.08218
0.01402
0.01453
0.01920
0.01520
0.01793
0.01374
0.02064
0.02118
0.01139
0.23219
0.01883
0.01915
0.01936
0.01758
0.01690
0.06628
0.05701
0.02147
0.01579
0.01106
0.07255
0.01889
0.01664
0.01709
0.01784
0.01344
0.02101
0.04388
0.01275
0.01674
0.01485
0.01920
0.01139
0.01916
0.01633
0.01571
0.01877
0.04719
0.01307
0.01861
0.01934
0.01443
0.01255
0.01126
0.01770
0.03680
0.01296
0.01715
0.01747
0.01669
0.01806
0.02430
0.01522
0.06697
0.01421
0.01339
0.01670
0.01630
0.01562
0.01841
0.02129
0.01426
0.01426
0.01544
0.01330
0.01343
0.01121
0.01584
0.01510
0.01544
0.01750
0.01159
0.01368
0.01306
0.01706
0.01185
0.01121
0.01570
0.01697
0.01416
0.01363
0.01368
0.04184
0.06836
0.01185
0.01703
0.01523
0.01243
0.01864
0.07650
0.01209
0.01722
0.01270
0.01722
0.01722
0.01183
0.01047
0.05580
0.01918
0.06564
0.02204
0.02160
0.01695
0.01301
0.01795
0.02243
0.01564
0.01756
0.01627
0.01760
0.06025
0.01984
0.02017
0.01963
0.01888
0.02177
0.01862
0.06008
0.01752
0.01703
0.02566
0.01846
0.01678
0.02375
0.02238
0.02428
0.01931
0.01820
0.01771
0.01404
0.07940
0.01372
0.01496
0.01179
0.02204
0.01925
0.05697
0.02029
0.01663
0.01614
0.01196
0.01806
0.01744
0.01752
0.22649
0.01888
0.05641
0.02008
0.04114
0.02216
0.01910
0.02073
0.02239
0.02001
0.02235
0.01970
0.03701
0.01920
0.04646
0.01631
0.02077
0.02183
0.02056
0.01743
0.01968
0.01430
0.02071
0.03332
0.01526
0.01733
0.01769
0.01572
0.02091
0.01138
0.01782
0.02009
0.01506
0.03049
0.11563
0.13368
0.04774
0.01867
0.03433
0.01154
0.01375
0.02232
0.02097
0.01875
0.01768
0.08866
0.01228
0.01329
0.01755
0.01677
0.01506
0.01501
0.01654
0.06678
0.02160
0.01844
0.05149
0.01166
0.01588
0.02009
0.01437
0.01402
0.05816
0.01293
0.01629
0.01414
0.01894
0.01209
0.01654
0.01774
0.01677
0.01171
0.01945
0.01944
0.03567
0.01776
0.06462
0.02132
0.01882
0.01645
0.01848
0.01539
0.03323
0.01392
0.01405
0.03303
0.02187
0.01136
0.01591
0.01606
0.01654
0.01437
0.01228
0.01184
0.01357
0.02291
0.03567
0.01293
0.04519
0.03337
0.01414
0.06094
0.01337
0.01397
0.01268
0.01756
0.03449
0.00967
0.06091
0.06010
0.03567
0.01090
0.17936
0.19348
0.01443
0.01449
0.02186
0.01774
0.01921
0.01100
0.01258
0.04481
0.01538
0.01223
0.05478
0.06278
0.02712
0.01196
0.01798
0.04983
0.01584
0.06533
0.02469
0.01720
0.01395
0.02466
0.01617
0.01474
0.09569
0.02026
0.05558
0.05482
0.01743
0.01506
0.01221
0.01385
0.04060
0.01642
0.02051
0.01868
0.02029
0.01557
0.01526
0.01297
0.01388
0.01660
0.01066
0.01814
0.01684
0.05555
0.01735
0.21673
0.01617
0.01176
0.01454
0.01398
0.01942
0.01649
0.01642
0.01854
0.18664
0.02069
0.01833
0.01977
0.01294
0.01351
0.01720
0.04426
0.01954
0.01511
0.01238
0.04060
0.01464
0.01814
0.01049
0.01632
0.01883
0.01388
0.02277
0.01431
0.05731
0.07231
0.01418
0.01942
0.01474
0.01200
0.01629
0.01849
0.11258
0.01693
0.04968
0.01488
0.01358
0.01527
0.06177
0.01883
0.01847
0.02313
0.02046
0.01871
0.01385
0.01338
0.06649
0.01485
0.01485
0.01841
0.05474
0.04949
0.01546
0.06940
0.05205
0.01557
0.01825
0.01944
0.01878
0.01138
0.01569
0.06984
0.01356
0.05273
0.01404
0.01484
0.01303
0.05675
0.04619
0.01343
0.01438
0.01645
0.01067
0.08012
0.01182
0.01096
0.01738
0.01438
0.01982
0.03043
0.04577
0.01739
0.01225
0.05235
0.01676
0.02438
0.04906
0.01491
0.06166
0.06703
0.01442
0.02870
0.01787
0.01245
0.02101
0.01797
0.01347
0.01435
0.01462
0.01663
0.01764
0.02202
0.03319
0.04544
0.06822
0.01444
0.01543
0.01467
0.02645
0.05429
0.01312
0.01594
0.01815
0.01916
0.01444
0.01125
0.06102
0.01837
0.04591
0.01810
0.01797
0.01605
0.01687
0.01565
0.01494
0.05985
0.01298
0.04935
0.03736
0.29288
0.01939
0.03054
0.02551
0.01839
0.01624
0.02079
0.02089
0.04227
0.01846
0.05431
0.05854
0.16900
0.01990
0.01506
0.02445
0.01770
0.07136
0.05608
0.01397
0.01521
0.02078
0.01464
0.01411
0.01730
0.01496
0.01501
0.02567
0.06928
0.01204
0.01693
0.02022
0.02091
0.01824
0.01829
0.05714
0.01495
0.01529
0.05073
0.02016
0.01747
0.01425
0.01549
0.01489
0.01524
0.02174
0.01892
0.05608
0.01709
0.01737
0.01836
0.01256
0.01551
0.01343
0.01475
0.02013
0.01979
0.01848
0.04227
0.04528
0.01898
0.01945
0.01262
0.01291
0.01307
0.01732
0.01659
0.08717
0.01990
0.01495
0.01608
0.01397
0.01363
0.01616
0.01356
0.01742
0.01355
0.01339
0.04100
0.01339
0.01816
0.04100
0.05584
0.01431
0.03354
0.01576
0.01142
0.01797
0.01226
0.01398
0.01193
0.01955
0.01261
0.08970
0.01837
0.01451
0.01993
0.01729
0.01142
0.01710
0.01816
0.01576
0.02447
0.01881
0.04851
0.01728
0.02368
0.06427
0.04343
0.01815
0.01640
0.01965
0.01294
0.05217
0.01948
0.01196
0.01451
0.01215
0.01365
0.01446
0.04772
0.04248
0.01414
0.01592
0.01579
0.01640
0.01437
0.06238
0.04484
0.01576
0.05587
0.01614
0.01403
0.01608
0.01481
0.01738
0.01988
0.05094
0.07216
0.26074
0.01568
0.01451
0.02513
0.01264
0.01725
0.01666
0.01710
0.01172
0.01590
0.06046
0.03095
0.01650
0.01907
0.01580
0.01015
0.01135
0.01643
0.01642
0.01614
0.01343
0.01279
0.02123
0.01740
0.04601
0.01893
0.01966
0.01481
0.02239
0.01420
0.06322
0.01251
0.01470
0.01493
0.01685
0.01330
0.11266
0.01507
0.01741
0.03774
0.01337
0.01899
0.01242
0.06892
0.01570
0.02165
0.01966
0.01528
0.01740
0.02360
0.02057
0.11127
0.01731
0.01732
0.22085
0.05239
0.02002
0.01678
0.01279
0.01449
0.01855
0.01631
0.01789
0.01851
0.02253
0.01731
0.01976
0.01449
0.04422
0.02136
0.01570
0.01547
0.02044
0.02136
0.02499
0.01711
0.01170
0.01843
0.01279
0.01546
0.07368
0.07517
0.01576
0.01337
0.01616
0.02030
0.05347
0.01375
0.01313
0.01635
0.01601
0.01951
0.01991
0.01355
0.01731
0.01391
0.02191
0.01590
0.02101
0.01355
0.02145
0.01875
0.02078
0.01895
0.01395
0.02047
0.01769
0.02500
0.01815
0.02015
0.01751
0.02148
0.01661
0.02039
0.01335
0.06368
0.01374
0.01335
0.01397
0.01453
0.04008
0.02626
0.04961
0.02123
0.04315
0.02041
0.01782
0.01467
0.01865
0.01434
0.01660
0.01554
0.01427
0.01840
0.01779
0.01477
0.02232
0.02202
0.02148
0.01797
0.02384
0.15985
0.01810
0.01922
0.01544
0.01253
0.02432
0.01769
0.03770
0.01806
0.02443
0.01207
0.01564
0.07259
0.02248
0.01978
0.07254
0.01618
0.02064
0.02030
0.12911
0.02162
0.01687
0.01836
0.01612
0.01319
0.01661
0.01706
0.01226
0.01681
0.02333
0.02004
0.01586
0.01855
0.01356
0.01618
0.01191
0.01080
0.01754
0.04294
0.01287
0.02242
0.01285
0.01515
0.01573
0.03786
0.01250
0.01867
0.01603
0.01493
0.02007
0.01436
0.03523
0.02387
0.01578
0.05196
0.02028
0.02950
0.01776
0.01875
0.01802
0.01571
0.01398
0.02836
0.02348
0.01961
0.02664
0.03988
0.01164
0.01897
0.01882
0.01377
0.01669
0.01756
0.03131
0.01844
0.01724
0.01656
0.01411
0.02014
0.07756
0.02441
0.01844
0.01882
0.02094
0.01561
0.01465
0.01293
0.07721
0.04819
0.01355
0.02990
0.01703
0.02389
0.02239
0.01979
0.02016
0.01844
0.05514
0.01963
0.01334
0.01377
0.01762
0.06047
0.01472
0.01293
0.01903
0.01963
0.01926
0.01922
0.01642
0.01320
0.01868
0.03711
0.01331
0.09136
0.01515
0.05620
0.01868
0.01248
0.02031
0.01459
0.01928
0.01465
0.03727
0.02050
0.03843
0.02015
0.01654
0.01313
0.01747
0.01703
0.01444
0.06696
0.01630
0.01471
0.09136
0.01304
0.01673
0.01872
0.02087
0.02211
0.01291
0.09696
0.02026
0.01457
0.01363
0.01185
0.01726
0.02276
0.01798
0.02040
0.01908
0.01720
0.03746
0.01612
0.01944
0.02139
0.01665
0.01941
0.01698
0.01600
0.01501
0.01566
0.05474
0.11256
0.01363
0.01528
0.01381
0.01230
0.01256
0.07244
0.06668
0.06625
0.06776
0.22208
0.06602
0.07036
0.02502
0.06625
0.06602
0.06602
0.07036
0.06625
0.06602
0.01509
0.06668
0.06602
0.01907
0.06625
0.06602
0.03612
0.23432
0.07244
0.01271
0.09396
0.09581
0.06610
0.06610
0.02855
0.08461
0.01343
0.02620
0.06560
0.02889
0.01693
0.01648
0.02916
0.01815
0.01995
0.01929
0.06119
0.05363
0.07976
0.01439
0.10333
0.01603
0.01411
0.05933
0.07129
0.01765
0.01338
0.01489
0.02145
0.03730
0.01775
0.05718
0.03113
0.01316
0.01912
0.01846
0.19562
0.04782
0.20112
0.08475
0.01712
0.01662
0.01896
0.05160
0.01658
0.01966
0.01679
0.01961
0.01544
0.01506
0.01237
0.01807
0.02101
0.09335
0.01598
0.02958
0.01687
0.01638
0.02832
0.02133
0.01901
0.01901
0.01901
0.01901
0.02331
0.03425
0.01679
0.02009
0.05160
0.01912
0.01301
0.02520
0.01935
0.01583
0.01101
0.01341
0.02276
0.01390
0.01529
0.06031
0.01241
0.02113
0.01726
0.01433
0.01262
0.01457
0.05613
0.03698
0.18304
0.08051
0.01789
0.01595
0.05860
0.08770
0.07665
0.01562
0.01837
0.01616
0.05548
0.01705
0.01164
0.05820
0.06078
0.05118
0.01767
0.13153
0.01594
0.01704
0.03230
0.01595
0.01797
0.06648
0.01590
0.01076
0.13558
0.06149
0.01627
0.13008
0.01519
0.02142
0.01270
0.01622
0.06213
0.03487
0.05261
0.01267
0.05115
0.01797
0.01967
0.05292
0.06714
0.04543
0.01412
0.02054
0.01112
0.01797
0.01619
0.05995
0.02365
0.01550
0.05616
0.01598
0.05261
0.01499
0.05314
0.07268
0.01376
0.07813
0.01393
0.01837
0.01826
0.01761
0.07362
0.02211
0.01768
0.01604
0.18824
0.02006
0.01837
0.01465
0.01562
0.08323
0.01653
0.01355
0.06149
0.01528
0.01983
0.01237
0.06825
0.01877
0.05489
0.01504
0.15842
0.01579
0.05961
0.01837
0.02262
0.02185
0.01595
0.01349
0.05496
0.02351
0.01164
0.05143
0.01124
0.01749
0.04820
0.05561
0.02394
0.01124
0.01425
0.01694
0.09933
0.01378
0.01218
0.01816
0.02182
0.01533
0.01963
0.06711
0.01335
0.03857
0.05608
0.01963
0.02058
0.02016
0.01882
0.01250
0.01699
0.06214
0.01659
0.01747
0.02147
0.01915
0.05615
0.01485
0.02551
0.05741
0.02101
0.06705
0.01845
0.01877
0.01571
0.01111
0.05734
0.05843
0.05484
0.01349
0.01518
0.01841
0.01333
0.01963
0.02286
0.01915
0.05905
0.01106
0.01623
0.10181
0.04139
0.01782
0.06045
0.06441
0.04879
0.10464
0.01563
0.01320
0.01747
0.02397
0.01769
0.01694
0.05337
0.01419
0.01005
0.24453
0.01401
0.01662
0.01335
0.01670
0.05325
0.01896
0.01695
0.05771
0.01586
0.04873
0.04696
0.01507
0.01534
0.01536
0.02209
0.01735
0.04439
0.00976
0.01334
0.05960
0.01677
0.05117
0.01117
0.01750
0.01623
0.01406
0.01303
0.01598
0.01722
0.05471
0.01414
0.01366
0.01343
0.01227
0.01859
0.01283
0.04098
0.11934
0.05374
0.05059
0.01311
0.01031
0.01171
0.01005
0.04656
0.01435
0.02861
0.05351
0.01183
0.01343
0.01521
0.05669
0.01707
0.01881
0.01641
0.05555
0.01563
0.01326
0.04554
0.01261
0.05570
0.05158
0.01383
0.01136
0.01330
0.01725
0.01657
0.01414
0.05468
0.01352
0.01215
0.01570
0.05130
0.05015
0.01743
0.01821
0.07214
0.04811
0.01589
0.02243
0.05982
0.01855
0.01988
0.01984
0.01338
0.05065
0.01376
0.05987
0.02071
0.06040
0.06598
0.06489
0.01892
0.05015
0.06449
0.05021
0.01920
0.02449
0.01603
0.01910
0.01344
0.01330
0.05259
0.01678
0.01805
0.04931
0.01641
0.01678
0.06936
0.01330
0.05861
0.01931
0.01567
0.03024
0.01302
0.05065
0.01799
0.05137
0.08855
0.05144
0.01771
0.02266
0.05068
0.01799
0.07588
0.01743
0.09027
0.04712
0.01719
0.01550
0.01984
0.25541
0.01589
0.02808
0.10460
0.01597
0.01954
0.02867
0.07741
0.01603
0.06204
0.06104
0.04783
0.01844
0.04893
0.02041
0.01725
0.02353
0.04931
0.07027
0.01503
0.01570
0.01692
0.05298
0.02364
0.02219
0.01743
0.06745
0.05522
0.01627
0.02188
0.01258
0.04797
0.01524
0.01407
0.01668
0.05028
0.01839
0.05839
0.08576
0.05165
0.01196
0.04749
0.01719
0.01618
0.08342
0.04689
0.05311
0.05459
0.02577
0.01526
0.01443
0.01228
0.05761
0.01069
0.01564
0.01700
0.07941
0.07648
0.01629
0.13139
0.06613
0.05483
0.02050
0.01269
0.01882
0.01645
0.01573
0.04564
0.01611
0.01391
0.01318
0.07704
0.01654
0.02342
0.01699
0.06057
0.01090
0.06964
0.13259
0.01944
0.01629
0.02920
0.06410
0.01710
0.02235
0.06964
0.01090
0.01602
0.01755
0.06362
0.06957
0.06179
0.01877
0.07000
0.01807
0.01637
0.02357
0.12859
0.01710
0.01630
0.07648
0.01209
0.01613
0.03706
0.01890
0.01090
0.02009
0.01192
0.01739
0.06034
0.06179
0.01391
0.01098
0.01090
0.01192
0.05994
0.01540
0.01228
0.07636
0.01755
0.01459
0.01802
0.03048
0.01606
0.03536
0.01630
0.05541
0.02259
0.05544
0.01288
0.06595
0.01493
0.06255
0.01645
0.07857
0.05544
0.07704
0.07235
0.05128
0.02105
0.00959
0.01654
0.01865
0.01596
0.01651
0.04986
0.02177
0.01651
0.07704
0.02511
0.05628
0.05863
0.03674
0.06964
0.06903
0.01550
0.01802
0.03389
0.05704
0.07569
0.13496
0.01539
0.01379
0.02309
0.08489
0.01288
0.01775
0.02141
0.01625
0.06201
0.01589
0.05330
0.05377
0.07470
0.01960
0.01498
0.03989
0.04905
0.01805
0.24078
0.01196
0.05433
0.01883
0.01590
0.03130
0.01456
0.05711
0.01859
0.05620
0.02173
0.32514
0.05477
0.02673
0.01066
0.01406
0.32514
0.05751
0.01588
0.04893
0.01068
0.05017
0.01225
0.02013
0.04824
0.01570
0.02311
0.01992
0.02793
0.04709
0.07904
0.01254
0.01235
0.06029
0.05629
0.05742
0.01308
0.01992
0.01189
0.04469
0.01629
0.05560
0.02002
0.01540
0.01235
0.05132
0.05775
0.01473
0.01638
0.27060
0.06243
0.02274
0.01848
0.01526
0.05755
0.04302
0.02069
0.10059
0.05763
0.01605
0.01912
0.03943
0.02122
0.01779
0.01684
0.05406
0.05668
0.05892
0.01519
0.04731
0.06700
0.07150
0.02224
0.05728
0.01572
0.02327
0.06565
0.01826
0.05244
0.01235
0.04728
0.05510
0.05778
0.01896
0.06940
0.05380
0.01425
0.01517
0.03989
0.04333
0.04585
0.05448
0.04423
0.01725
0.05848
0.01983
0.01277
0.05858
0.01267
0.06073
0.22725
0.01546
0.01425
0.27060
0.02042
0.01367
0.05478
0.05474
0.01122
0.01686
0.01221
0.03823
0.05478
0.01976
0.01826
0.03813
0.01786
0.01976
0.05024
0.01513
0.01780
0.04344
0.04375
0.05384
0.06967
0.04487
0.21174
0.28170
0.05873
0.01252
0.09252
0.04662
0.01335
0.04666
0.02971
0.01976
0.08229
0.02081
0.01416
0.04940
0.06306
0.01744
0.01705
0.01744
0.04138
0.01282
0.05159
0.02156
0.21493
0.01442
0.04012
0.01742
0.01560
0.01969
0.05131
0.01193
0.01028
0.01325
0.05539
0.02996
0.00987
0.01397
0.03824
0.01443
0.02158
0.01654
0.25771
0.01537
0.04676
0.02657
0.01604
0.06418
0.01968
0.01431
0.02289
0.01135
0.07629
0.09344
0.01884
0.07761
0.04856
0.04169
0.01733
0.06384
0.01744
0.01976
0.01592
0.01512
0.03843
0.01042
0.01433
0.01976
0.04797
0.08168
0.01325
0.01672
0.02064
0.20688
0.06332
0.01383
0.01306
0.01815
0.01759
0.01501
0.01476
0.01383
0.02257
0.02367
0.01221
0.05541
0.05158
0.01826
0.09557
0.01759
0.02391
0.01701
0.01756
0.01804
0.05415
0.05230
0.01060
0.02115
0.05300
0.01731
0.05586
0.02353
0.01788
0.01356
0.01757
0.02423
0.01363
0.02029
0.01701
0.02070
0.04897
0.06455
0.01343
0.01378
0.01640
0.01735
0.01244
0.01849
0.01502
0.01455
0.01631
0.01725
0.01546
0.01718
0.05152
0.01337
0.01414
0.05206
0.01558
0.01588
0.01851
0.02004
0.01631
0.01352
0.01378
0.01274
0.03473
0.01585
0.01689
0.00940
0.01587
0.01695
0.01792
0.01682
0.01701
0.01645
0.02087
0.01842
0.01435
0.01847
0.02108
0.02389
0.01511
0.01324
0.01704
0.06997
0.02423
0.01131
0.23954
0.01733
0.01700
0.01913
0.01306
0.01092
0.02126
0.02316
0.01474
0.01224
0.01853
0.01549
0.05004
0.01851
0.01845
0.02335
0.02225
0.04051
0.01245
0.01802
0.01385
0.04843
0.01252
0.04815
0.01327
0.01851
0.08147
0.01226
0.01499
0.02016
0.11879
0.01899
0.01972
0.01450
0.01927
0.02158
0.01663
0.01884
0.01112
0.01505
0.05240
0.04663
0.01476
0.02251
0.01972
0.01277
0.02016
0.01304
0.04270
0.01846
0.01784
0.01814
0.01454
0.01699
0.01747
0.01817
0.01573
0.05686
0.02075
0.01409
0.01425
0.05687
0.04876
0.01495
0.01856
0.01814
0.01530
0.01493
0.02194
0.01230
0.01915
0.01266
0.02174
0.01714
0.01739
0.01724
0.04120
0.01773
0.01454
0.01747
0.02218
0.01145
0.01529
0.02116
0.01762
0.06414
0.01348
0.01595
0.02137
0.01757
0.04737
0.04343
0.01747
0.01659
0.01802
0.02138
0.02038
0.04284
0.01817
0.01618
0.09321
0.02078
0.01523
0.01556
0.01351
0.01747
0.01943
0.01701
0.01346
0.03540
0.01425
0.02059
0.01822
0.01662
0.01447
0.01555
0.02473
0.01409
0.01822
0.02089
0.02107
0.01529
0.01662
0.05945
0.01242
0.01082
0.02205
0.01842
0.01907
0.01814
0.01828
0.02445
0.01694
0.01439
0.01695
0.01672
0.06643
0.01698
0.01749
0.01747
0.03889
0.05946
0.01706
0.01523
0.01909
0.01529
0.01839
0.02410
0.02166
0.04735
0.01483
0.01508
0.01728
0.01481
0.01616
0.01249
0.01810
0.01926
0.01461
0.01774
0.12246
0.01576
0.01462
0.02157
0.02591
0.01650
0.01749
0.01343
0.21773
0.01720
0.01292
0.01694
0.02950
0.01525
0.01328
0.01461
0.03004
0.20298
0.07641
0.01616
0.01305
0.05237
0.01034
0.01191
0.01608
0.01576
0.17849
0.05061
0.01669
0.01556
0.01786
0.01363
0.01864
0.03433
0.01650
0.01519
0.01224
0.01259
0.01783
0.01397
0.05061
0.03826
0.03559
0.01560
0.01640
0.01226
0.01056
0.01363
0.02029
0.01056
0.01505
0.05464
0.01481
0.01276
0.20836
0.01172
0.01339
0.01272
0.01814
0.01056
0.01272
0.01702
0.02173
0.06969
0.01371
0.01256
0.03433
0.01576
0.01665
0.01742
0.01363
0.01051
0.01576
0.05140
0.01328
0.02424
0.01383
0.01700
0.01695
0.01758
0.01348
0.01925
0.02072
0.01459
0.01715
0.01736
0.02122
0.09210
0.01855
0.02082
0.01455
0.01893
0.01740
0.01977
0.01174
0.01973
0.01711
0.01576
0.01267
0.01775
0.01893
0.02186
0.02204
0.02110
0.05472
0.02030
0.01028
0.21788
0.01251
0.08116
0.02279
0.01470
0.01298
0.01375
0.01893
0.01445
0.02159
0.01711
0.09133
0.01343
0.01527
0.06828
0.01385
0.02003
0.01597
0.01153
0.01593
0.01279
0.01862
0.01663
0.01963
0.07526
0.01830
0.01493
0.01846
0.01251
0.08448
0.01454
0.01923
0.01651
0.01495
0.01925
0.08322
0.01153
0.02231
0.01313
0.01764
0.06248
0.01977
0.01901
0.01909
0.01149
0.05535
0.02030
0.01731
0.01449
0.02136
0.25523
0.01320
0.05716
0.01651
0.05074
0.02253
0.01778
0.02123
0.01341
0.02130
0.01566
0.02384
0.01964
0.01414
0.01572
0.02080
0.08142
0.10153
0.02155
0.02041
0.02355
0.01378
0.01660
0.01659
0.01963
0.01998
0.05370
0.01337
0.01693
0.02146
0.01467
0.01358
0.06735
0.01317
0.01986
0.06295
0.01538
0.01934
0.01731
0.02015
0.01623
0.02484
0.01700
0.02352
0.01530
0.01303
0.02080
0.01806
0.08971
0.02573
0.01806
0.01550
0.01475
0.06474
0.01835
0.01335
0.01773
0.01708
0.01951
0.04868
0.01592
0.01434
0.02274
0.03817
0.02307
0.01806
0.01837
0.02039
0.07127
0.01401
0.01622
0.07427
0.25867
0.02268
0.01360
0.02084
0.01039
0.01063
0.01415
0.03241
0.01506
0.01498
0.01752
0.01644
0.05939
0.04989
0.01535
0.01226
0.05918
0.05791
0.02028
0.01303
0.02064
0.06286
0.01360
0.01875
0.06691
0.04586
0.01654
0.06517
0.05815
0.01461
0.06058
0.01792
0.01290
0.06679
0.05641
0.01456
0.02368
0.06528
0.01303
0.01319
0.05756
0.04958
0.01374
0.01430
0.01435
0.06732
0.01299
0.01153
0.06334
0.01855
0.01390
0.01364
0.01491
0.01364
0.01938
0.01486
0.01716
0.01892
0.02060
0.01722
0.01679
0.01022
0.01708
0.06949
0.01681
0.01679
0.01230
0.01568
0.02366
0.01669
0.02383
0.05281
0.02185
0.01365
0.04732
0.01484
0.01226
0.02733
0.01226
0.02113
0.01970
0.01245
0.01564
0.03726
0.01468
0.01764
0.01703
0.01245
0.01528
0.01646
0.01753
0.01564
0.01612
0.02396
0.01538
0.02252
0.05444
0.01451
0.01529
0.08512
0.01846
0.01391
0.02191
0.01614
0.01961
0.06835
0.04288
0.01479
0.01819
0.01477
0.03132
0.07114
0.01869
0.04954
0.02029
0.01658
0.03142
0.01700
0.01380
0.01112
0.01815
0.01503
0.15836
0.01734
0.01754
0.02421
0.02103
0.01368
0.01653
0.02313
0.28178
0.01662
0.01680
0.01325
0.01665
0.01873
0.04888
0.01715
0.13759
0.01832
0.28509
0.06777
0.05569
0.24219
0.06631
