0.13146
0.04548
0.12161
0.04513
0.15197
0.06562
0.21821
0.21890
0.23369
0.07939
0.05155
0.07406
0.04480
0.13642
0.17494
0.21826
0.14882
0.04692
0.15217
0.04593
0.05392
0.19320
0.10551
0.11098
0.06597
0.06767
0.10687
0.07968
0.09077
0.04670
0.09641
0.20649
0.09920
0.04496
0.08938
0.12267
0.27725
0.10853
0.07366
0.08058
0.14691
0.06252
0.08055
0.06539
0.08402
0.15313
0.14521
0.06466
0.07406
0.12763
0.21648
0.14979
0.23591
0.14898
0.07214
0.07499
0.13694
0.06671
0.09608
0.04480
0.14402
0.06722
0.06562
0.07652
0.13146
0.04548
0.12161
0.04513
0.15197
0.06562
0.21821
0.21890
0.23369
0.07939
0.05155
0.07406
0.04480
0.13642
0.17494
0.21826
0.14882
0.04692
0.15217
0.04593
0.05392
0.19320
0.10551
0.11098
0.06597
0.06767
0.10687
0.07968
0.09077
0.04670
0.09641
0.20649
0.09920
0.04496
0.08938
0.12267
0.27725
0.10853
0.07366
0.08058
0.14691
0.06252
0.08055
0.06539
0.08402
0.15313
0.14521
0.06466
0.07406
0.12763
0.21648
0.14979
0.23591
0.14898
0.07214
0.07499
0.13694
0.06671
0.09608
0.04480
0.14402
0.06722
0.06562
0.07652
0.13146
0.04548
0.12161
0.04513
0.15197
0.06562
0.21821
0.21890
0.23369
0.07939
0.05155
0.07406
0.04480
0.13642
0.17494
0.21826
0.14882
0.04692
0.15217
0.04593
0.05392
0.19320
0.10551
0.11098
0.06597
0.06767
0.10687
0.07968
0.09077
0.04670
0.09641
0.20649
0.09920
0.04496
0.08938
0.12267
0.27725
0.10853
0.07366
0.08058
0.14691
0.06252
0.08055
0.06539
0.08402
0.15313
0.14521
0.06466
0.07406
0.12763
0.21648
0.14979
0.23591
0.14898
0.07214
0.07499
0.13694
0.06671
0.09608
0.04480
0.14402
0.06722
0.06562
0.07652
0.13146
0.04548
0.12161
0.04513
0.15197
0.06562
0.21821
0.21890
0.23369
0.07939
0.05155
0.07406
0.04480
0.13642
0.17494
0.21826
0.14882
0.04692
0.15217
0.04593
0.05392
0.19320
0.10551
0.11098
0.06597
0.06767
0.10687
0.07968
0.09077
0.04670
0.09641
0.20649
0.09920
0.04496
0.08938
0.12267
0.27725
0.10853
0.07366
0.08058
0.14691
0.06252
0.08055
0.06539
0.08402
0.15313
0.14521
0.06466
0.07406
0.12763
0.21648
0.14979
0.23591
0.14898
0.07214
0.07499
0.13694
0.06671
0.09608
0.04480
0.14402
0.06722
0.06562
0.07652
0.13146
0.04548
0.12161
0.04513
0.15197
0.06562
0.21821
0.21890
0.23369
0.07939
0.05155
0.07406
0.04480
0.13642
0.17494
0.21826
0.14882
0.04692
0.15217
0.04593
0.05392
0.19320
0.10551
0.11098
0.06597
0.06767
0.10687
0.07968
0.09077
0.04670
0.09641
0.20649
0.09920
0.04496
0.08938
0.12267
0.27725
0.10853
0.07366
0.08058
0.14691
0.06252
0.08055
0.06539
0.08402
0.15313
0.14521
0.06466
0.07406
0.12763
0.21648
0.14979
0.23591
0.14898
0.07214
0.07499
0.13694
0.06671
0.09608
0.04480
0.14402
0.06722
0.06562
0.07652
0.13146
0.04548
0.12161
0.04513
0.15197
0.06562
0.21821
0.21890
0.23369
0.07939
0.05155
0.07406
0.04480
0.13642
0.17494
0.21826
0.14882
0.04692
0.15217
0.04593
0.05392
0.19320
0.10551
0.11098
0.06597
0.06767
0.10687
0.07968
0.09077
0.04670
0.09641
0.20649
0.09920
0.04496
0.08938
0.12267
0.27725
0.10853
0.07366
0.08058
0.14691
0.06252
0.08055
0.06539
0.08402
0.15313
0.14521
0.06466
0.07406
0.12763
0.21648
0.14979
0.23591
0.14898
0.07214
0.07499
0.13694
0.06671
0.09608
0.04480
0.14402
0.06722
0.06562
0.07652
