0.15130
0.39477
0.09735
0.04593
0.05689
0.05700
0.05663
0.05528
0.06120
0.14241
0.05818
0.04842
0.11751
0.05690
0.06949
0.06092
0.37289
0.05219
0.04992
0.05591
0.13560
0.04976
0.04197
0.04668
0.06120
0.32365
0.05698
0.11797
0.47430
0.14830
0.16277
0.35393
0.05139
0.04893
0.06620
0.05201
0.11700
0.34427
0.06099
0.37018
0.04876
0.04452
0.06660
0.05689
0.39178
0.06099
0.09735
0.06603
0.05023
0.14338
0.38601
0.52894
0.16277
0.06949
0.05749
0.05269
0.04742
0.40457
0.05449
0.11316
0.15094
0.06838
0.20318
0.10935
0.05674
0.16487
0.08389
0.10018
0.07577
0.08043
0.05380
0.59411
0.16487
0.05996
0.62407
0.41717
0.22065
0.11980
0.06716
0.05379
0.41864
0.15018
0.42504
0.47062
0.10014
0.36092
0.40492
0.24851
0.44276
0.07898
0.09140
0.58216
0.41777
0.41819
0.55544
0.11333
0.05616
0.40101
0.42864
0.12674
0.41249
0.12531
0.30199
0.11451
0.16114
0.05279
0.09064
0.58269
0.44276
0.20956
0.40936
0.11992
0.08507
0.10998
0.15544
0.10283
0.08029
0.11647
0.17263
0.11620
0.56792
0.05669
0.10791
0.16741
0.05792
0.07471
0.13996
0.40835
0.50720
0.05085
0.08432
0.38125
0.28657
0.13969
0.17619
0.10972
0.42336
0.56430
0.39716
0.59532
0.35071
0.40366
0.10455
0.05221
0.37643
0.12882
0.15811
0.40397
0.10040
0.05394
0.10239
0.15544
0.39226
0.54981
0.06418
0.44210
0.05286
0.15702
0.10031
0.08848
0.05936
0.08735
0.06240
0.07018
0.56942
0.52894
0.52459
0.09949
0.08355
0.07513
0.06300
0.55821
0.06114
0.08496
0.14371
0.06477
0.09159
0.10258
0.09910
0.38293
0.10031
0.05603
0.53261
0.10836
0.07570
0.08719
0.05580
0.05286
0.10931
0.10658
0.42128
0.09231
0.11451
0.09992
0.16418
0.06945
0.34636
0.31700
0.37365
0.60222
0.12402
0.08735
0.10994
0.10782
0.40709
0.40409
0.34249
0.09412
0.38323
0.46268
0.07450
0.36314
0.48902
0.09981
0.41642
0.16116
0.14443
0.14776
0.05460
0.23134
0.36760
0.16303
0.20026
0.57432
0.06484
0.11303
0.56115
0.09458
0.37641
0.49960
0.45486
0.11178
0.05366
0.13075
0.12341
0.27318
0.58329
0.22269
0.42100
0.05664
0.09655
0.05727
0.18577
0.41527
0.10140
0.13075
0.41211
0.08786
0.07664
0.05743
0.10050
0.39738
0.11007
0.40601
0.10072
0.07060
0.19302
0.21108
0.43982
0.41543
0.15294
0.05891
0.09458
0.12264
0.11422
0.23451
0.15967
0.45028
0.04627
0.39465
0.10430
0.56874
0.55591
0.10519
0.10513
0.09666
0.43271
0.10569
0.39738
0.51398
0.11606
0.35882
0.07811
0.36200
0.42512
0.09009
0.15685
0.07299
0.07297
0.12605
0.37324
0.36793
0.37595
0.05116
0.08481
0.45903
0.08821
0.07712
0.34964
0.06667
0.44021
0.39697
0.18016
0.11167
0.08929
0.04613
0.08864
0.05156
0.18734
0.14442
0.12569
0.10243
0.36694
0.08272
0.11694
0.22906
0.39741
0.10732
0.07978
0.10377
0.11126
0.14822
0.08772
0.08922
0.08932
0.15074
0.10617
0.56990
0.21533
0.49909
0.09888
0.07803
0.08163
0.32300
0.05999
0.05364
0.09447
0.37095
0.27318
0.06203
0.13778
0.49126
0.49450
0.44724
0.16594
0.09460
0.38693
0.15402
0.36424
0.06261
0.05239
0.61477
0.09430
0.05096
0.05083
0.15629
0.61160
0.18446
0.43377
0.41539
0.41099
0.27875
0.11810
0.05134
0.42143
0.03905
0.09660
0.11142
0.12893
0.04485
0.06701
0.54577
0.10038
0.39076
0.16252
0.09648
0.22339
0.15203
0.09767
0.54760
0.08826
0.39774
0.11503
0.16619
0.19911
0.19350
0.53745
0.11819
0.21342
0.12312
0.10311
0.09543
0.40034
0.12207
0.47888
0.18965
0.11872
0.18783
0.14544
0.43304
0.10464
0.54757
0.10353
0.09262
0.10531
0.20317
0.14996
0.13881
0.53863
0.05646
0.04343
0.04990
0.11379
0.41219
0.39108
0.07062
0.54968
0.05010
0.10361
0.07928
0.11661
0.10719
0.09395
0.13497
0.40916
0.36017
0.53697
0.11068
0.19132
0.10025
0.17308
0.08195
0.11956
0.06286
0.12323
0.20887
0.10475
0.09884
0.19525
0.11265
0.39259
0.50191
0.10830
0.10894
0.42867
0.15105
0.11375
0.06898
0.18212
0.05495
0.62801
0.08629
0.11573
0.12440
0.61600
0.05987
0.40151
0.51249
0.28521
0.42113
0.08044
0.39208
0.31354
0.06261
0.15273
0.20320
0.50997
0.12733
0.47771
0.11375
0.24673
0.59529
0.45997
0.33408
0.12121
0.07944
0.11250
0.43761
0.07597
0.12094
0.56960
0.10126
0.06444
0.20751
0.06890
0.41509
0.11927
0.06745
0.09324
0.08833
0.05785
0.63305
0.46412
0.60950
0.10741
0.41963
0.10925
0.12618
0.05575
0.22980
0.16230
0.05570
0.05853
0.60071
0.06735
0.09727
0.09412
0.59463
0.10177
0.09827
0.46865
0.57301
0.42851
0.04306
0.18713
0.05499
0.21818
0.48204
0.09761
0.05080
0.41552
0.43279
0.14438
0.04766
0.26861
0.26214
0.50438
0.13232
0.41610
0.40861
0.63288
0.58299
0.08026
0.55577
0.46865
0.57103
0.08166
0.61287
0.27285
0.05695
0.38015
0.35878
0.09761
0.42968
0.14254
0.14299
0.14269
0.05915
0.14392
0.08390
0.44620
0.07664
0.17181
0.08106
0.15236
0.41790
0.41473
0.13384
0.09557
0.05615
0.19099
0.10170
0.51223
0.41195
0.26113
0.06618
0.21091
0.19915
0.08351
0.12025
0.36114
0.47440
0.49341
0.14644
0.05706
0.10108
0.12476
0.63067
0.40771
0.11982
0.55525
0.58098
0.43066
0.14948
0.09098
0.10781
0.10419
0.37744
0.57297
0.45569
0.09959
0.15974
0.42071
0.17540
0.16643
0.23345
0.08395
0.11354
0.06227
0.16177
0.35031
0.14117
0.04986
0.11473
0.16695
0.11372
0.10383
0.13438
0.40165
0.10117
0.10285
0.40637
0.24897
0.16054
0.10054
0.06155
0.05550
0.60576
0.21626
0.41384
0.16177
0.05743
0.17117
0.12880
0.04659
0.08933
0.10980
0.26650
0.16902
0.57314
0.12921
0.39348
0.11677
0.20642
0.25842
0.05476
0.15397
0.10346
0.43738
0.13765
0.14526
0.42286
0.26227
0.05423
0.47986
0.55404
0.55341
0.36840
0.18614
0.20505
0.41472
0.18207
0.07876
0.14747
0.42491
0.48942
0.24939
0.16514
0.05441
0.49558
0.16322
0.15205
0.39883
0.14406
0.41359
0.10603
0.11533
0.15140
0.24892
0.14039
0.44346
0.50604
0.09953
0.17820
0.55201
0.42063
0.55060
0.52321
0.46388
0.19484
0.06980
0.06551
0.43973
0.07712
0.44084
0.13761
0.46380
0.53135
0.14088
0.38419
0.44741
0.25126
0.13268
0.08903
0.35668
0.16599
0.14781
0.21679
0.34536
0.13952
0.34988
0.39905
0.38405
0.56907
0.40201
0.15559
0.57127
0.40065
0.11666
0.40865
0.54946
0.15056
0.14757
0.40621
0.38462
0.37846
0.12226
0.11452
0.11106
0.56657
0.35324
0.38142
0.16363
0.13597
0.43318
0.09746
0.13924
0.15258
0.19403
0.46493
0.42030
0.19746
0.51985
0.34428
0.37438
0.29291
0.15294
0.40593
0.38405
0.07036
0.08554
0.10123
0.14944
0.38344
0.05626
0.06211
0.09349
0.41459
0.43257
0.14944
0.39983
0.15849
0.44047
0.15303
0.29301
0.50184
0.12538
0.38648
0.32535
0.30582
0.52673
0.19763
0.56327
0.43808
0.20777
0.42790
0.12563
0.51748
0.07056
0.56988
0.07535
0.08629
0.16712
0.14695
0.46752
0.06982
0.05990
0.12128
0.58370
0.23679
0.05843
0.23853
0.31248
0.14188
0.57635
0.38161
0.46788
0.52673
0.41092
0.09478
0.49231
0.37168
0.09745
0.40266
0.38929
0.14119
0.27711
0.24039
0.06793
0.44545
0.06710
0.09570
0.09175
0.05305
0.16277
0.40151
0.49667
0.07525
0.39688
0.35501
0.34393
0.05540
0.05692
0.19953
0.14460
0.47827
0.05698
0.08259
0.10097
0.41932
0.05217
0.05517
0.05244
0.40184
0.18875
0.56973
0.09518
0.56341
0.25005
0.07134
0.16851
0.11417
0.39622
0.56952
0.60778
0.10740
0.34954
0.35165
0.58063
0.12883
0.48095
0.09552
0.10859
0.62003
0.21967
0.41666
0.39934
0.61410
0.18431
0.10049
0.05681
0.42400
0.15236
0.22935
0.07745
0.58063
0.21825
0.18018
0.42733
0.14859
0.24889
0.08054
0.38420
0.34331
0.48826
0.37129
0.30230
0.58757
0.45915
0.43233
0.55709
0.33914
0.59735
0.43256
0.08653
0.46552
0.54256
0.43518
0.17012
0.28003
0.43774
0.31378
0.06604
0.44616
0.50913
0.11337
0.10893
0.05689
0.34936
0.07031
0.20747
0.59293
0.05798
0.05390
0.12271
0.05974
0.05791
0.10206
0.48907
0.58116
0.17774
0.15720
0.06230
0.05464
0.17747
0.20791
0.06656
0.05658
0.16190
0.15966
0.44312
0.17693
0.43384
0.05978
0.44116
0.42841
0.44132
0.05322
0.37361
0.05878
0.15201
0.59688
0.25631
0.46398
0.31929
0.06022
0.59148
0.10475
0.24853
0.10474
0.47929
0.07243
0.10474
0.41511
0.54729
0.40368
0.16039
0.30808
0.41291
0.05747
0.38423
0.14694
0.15732
0.54336
0.28947
0.38571
0.13621
0.19511
0.05373
0.05386
0.05854
0.45699
0.41332
0.42740
0.38871
0.17756
0.41968
0.05216
0.61371
0.14051
0.63511
0.49928
0.14353
0.11288
0.51376
0.12903
0.19858
0.41936
0.08569
0.35866
0.15335
0.39301
0.50807
0.12343
0.47767
0.17753
0.44113
0.19880
0.51532
0.59297
0.06197
0.52623
0.19235
0.10433
0.26894
0.15847
0.11598
0.44187
0.10665
0.45847
0.17046
0.58325
0.10815
0.35903
0.11445
0.51094
0.16817
0.08129
0.19824
0.44673
0.17453
0.53542
0.35866
0.16680
0.31162
0.15399
0.60815
0.15065
0.26614
0.12304
0.18465
0.61091
0.12432
0.11278
0.51960
0.41938
0.18780
0.10923
0.16604
0.05197
0.10486
0.19616
0.16612
0.59562
0.36222
0.50910
0.19147
0.15891
0.50852
0.19283
0.59713
0.15121
0.62025
0.14678
0.36429
0.49520
0.46849
0.50407
0.23685
0.51542
0.21043
0.14190
0.39994
0.11937
0.14909
0.05529
0.24328
0.24840
0.38298
0.41485
0.60575
0.43748
0.39450
0.67413
0.36601
0.12949
0.61300
0.14811
0.05410
0.40903
0.16174
0.49215
0.06155
0.17501
0.40058
0.27142
0.47254
0.09279
0.46512
0.11323
0.16678
0.38572
0.36644
0.10976
0.44613
0.22464
0.44700
0.05730
0.23441
0.07525
0.07955
0.48492
0.54810
0.15519
0.09902
0.15585
0.07929
0.15881
0.28435
0.43810
0.07459
0.09923
0.44697
0.31978
0.35115
0.37543
0.18702
0.07789
0.46275
0.12426
0.48855
0.47815
0.21741
0.51197
0.39163
0.17566
0.47564
0.49076
0.42750
0.36065
0.21434
0.47133
0.40714
0.58971
0.33720
0.37949
0.37189
0.12962
0.11962
0.48652
0.05342
0.18218
0.59947
0.41024
0.39954
0.42372
0.15632
0.21117
0.55827
0.40848
0.42824
0.12142
0.08139
0.39952
0.47419
0.37593
0.37062
0.29808
0.13034
0.08935
0.37056
0.53948
0.55942
0.05086
0.37552
0.43207
0.10472
0.43584
0.43508
0.40383
0.28489
0.23805
0.11548
0.40893
0.41856
0.24361
0.09687
0.05502
0.41384
0.15014
0.11341
0.04404
0.35612
0.40375
0.41333
0.05168
0.43355
0.42536
0.41274
0.41298
0.58321
0.44758
0.19348
0.58458
0.11650
0.18231
0.40629
0.40041
0.42564
0.27010
0.42264
0.56999
0.06976
0.26632
0.28173
0.40668
0.42162
0.49001
0.40222
0.41691
0.54691
0.37886
0.39549
0.40980
0.05487
0.34250
0.57707
0.12652
0.38743
0.42336
0.27557
0.06058
0.06975
0.60847
0.12706
0.17415
0.60847
0.26164
0.11065
0.39646
0.40661
0.06520
0.10031
0.09917
0.46091
0.21210
0.05343
0.56401
0.12287
0.40385
0.59608
0.41862
0.42799
0.21625
0.09554
0.45724
0.55302
0.06529
0.53362
0.40382
0.43168
0.39237
0.48238
0.05124
0.44210
0.04754
0.37435
0.39131
0.08878
0.56008
0.41322
0.42896
0.33384
0.39887
0.37589
0.05403
0.17981
0.38028
0.15016
0.39942
0.15369
0.43955
0.39548
0.08355
0.40322
0.39153
0.52867
0.42788
0.05046
0.09053
0.16596
0.39489
0.07800
0.57885
0.06767
0.22786
0.06391
0.38641
0.09204
0.37932
0.38823
0.13474
0.39931
0.05593
0.38395
0.05276
0.07523
0.13242
0.55386
0.11499
0.38092
0.22703
0.39392
0.14085
0.46406
0.37241
0.05122
0.20979
0.14024
0.11610
0.40742
0.20393
0.46393
0.39438
0.43733
0.11443
0.16123
0.08175
0.15024
0.15049
0.04566
0.36851
0.10043
0.14086
0.13153
0.14589
0.42869
0.41747
0.42326
0.06926
0.12113
0.29332
0.62025
0.10940
0.28555
0.43040
0.40087
0.36409
0.27798
0.05546
0.40714
0.16416
0.12775
0.42077
0.06341
0.46039
0.10324
0.07868
0.17817
0.06038
0.45983
0.39885
0.30848
0.07381
0.60647
0.41515
0.05735
0.11020
0.41385
0.50963
0.49162
0.09417
0.43169
0.57845
0.42771
0.11867
0.15747
0.44455
0.43880
0.14868
0.18735
0.10632
0.53784
0.59034
0.09304
0.14582
0.15388
0.39873
0.22462
0.40253
0.10009
0.26936
0.56357
0.13297
0.39942
0.03935
0.38222
0.31271
0.10769
0.15047
0.09908
0.52827
0.39297
0.10115
0.54849
0.35971
0.37196
0.20148
0.08905
0.15698
0.07475
0.08121
0.43841
0.38864
0.59896
0.15801
0.05325
0.10228
0.05215
0.09530
0.41925
0.36334
0.31789
0.45825
0.14154
0.58438
0.09157
0.08480
0.14823
0.12598
0.17735
0.27595
0.37967
0.38196
0.12666
0.23808
0.14492
0.49235
0.05319
0.04545
0.53755
0.25450
0.09862
0.13681
0.45860
0.36502
0.38823
0.38341
0.04639
0.17210
0.44374
0.13352
0.38341
0.46419
0.56812
0.35882
0.23621
0.12932
0.06944
0.08323
0.39146
0.50406
0.38268
0.37778
0.08227
0.08801
0.30752
0.28540
0.05623
0.39915
0.37983
0.07676
0.10698
0.54973
0.13295
0.53025
0.03905
0.54750
0.24519
0.56562
0.09720
0.35099
0.17376
0.15143
0.59469
0.14806
0.58367
0.05504
0.31142
0.14908
0.07149
0.09709
0.13432
0.12152
0.59474
0.05239
0.37450
0.13881
0.16969
0.05581
0.26623
0.05411
0.43187
0.10409
0.17047
0.14908
0.46740
0.38451
0.40770
0.38751
0.12229
0.18813
0.28621
0.08630
0.09783
0.23342
0.27070
0.54377
0.49881
0.35648
0.05445
0.10685
0.10536
0.10707
0.56065
0.14716
0.39914
0.38065
0.38731
0.19045
0.05751
0.10563
0.05775
0.14694
0.26631
0.40625
0.32480
0.55911
0.16480
0.08172
0.42143
0.36401
0.24453
0.38838
0.19186
0.26324
0.05616
0.65617
0.41015
0.05770
0.37535
0.49206
0.21498
0.06683
0.07055
0.58768
0.10356
0.59767
0.29476
0.14576
0.30055
0.50664
0.29610
0.07990
0.41176
0.41605
0.17387
0.15507
0.43648
0.48074
0.46605
0.51020
0.53656
0.07462
0.25894
0.54318
0.05921
0.23634
0.54510
0.15413
0.43758
0.15003
0.47829
0.39819
0.27736
0.59280
0.10351
0.51615
0.53499
0.07952
0.44481
0.12463
0.49122
0.28230
0.06021
0.16405
0.17031
0.31027
0.25241
0.05399
0.08232
0.20201
0.11960
0.06524
0.05706
0.42072
0.05773
0.25635
0.12814
0.14381
0.10927
0.25775
0.42770
0.40802
0.26981
0.22215
0.51024
0.08251
0.14058
0.15290
0.11567
0.55346
0.08435
0.46383
0.12755
0.28560
0.59364
0.20133
0.45737
0.58597
0.43980
0.52061
0.21043
0.52185
0.18110
0.08738
0.04074
0.14010
0.07208
0.11644
0.55991
0.15297
0.25580
0.41948
0.08627
0.37320
0.28543
0.41688
0.41723
0.26081
0.08669
0.06787
0.10659
0.18456
0.08528
0.39695
0.54455
0.10112
0.13223
0.05436
0.08931
0.37328
0.05619
0.29294
0.60140
0.10526
0.37026
0.05628
0.43106
0.41963
0.17759
0.06018
0.05361
0.09005
0.10659
0.06647
0.17283
0.43071
0.13430
0.44213
0.07915
0.23812
0.07979
0.08918
0.05986
0.16032
0.09761
0.04391
0.10433
0.06787
0.22986
0.12430
0.51491
0.29263
0.06037
0.44442
0.05171
0.28640
0.43349
0.12473
0.11927
0.11124
0.04198
0.18107
0.41552
0.11132
0.56969
0.13393
0.41221
0.26880
0.05371
0.16061
0.09395
0.25021
0.03984
0.10945
0.41280
0.11248
0.56721
0.22346
0.15320
0.10367
0.57796
0.13770
0.06685
0.06795
0.58029
0.06985
0.42128
0.11718
0.11982
0.07688
0.07803
0.06332
0.05342
0.07525
0.15226
0.51582
0.12942
0.10110
0.40722
0.08574
0.42940
0.10113
0.10248
0.07123
0.55825
0.20051
0.05935
0.18962
0.04568
0.07113
0.06113
0.06619
0.42622
0.21993
0.07627
0.07862
0.35143
0.05832
0.06648
0.51420
0.56176
0.50301
0.05480
0.11449
0.41016
0.17353
0.06801
0.07661
0.07014
0.14974
0.40508
0.03954
0.17566
0.04882
0.04740
0.09267
0.09943
0.54787
0.06756
0.12465
0.48272
0.45092
0.08417
0.11205
0.46612
0.58489
0.47249
0.36699
0.50653
0.28313
0.12374
0.19057
0.41660
0.07834
0.41245
0.39834
0.05478
0.57842
0.59646
0.55387
0.40702
0.53211
0.07977
0.07625
0.06347
0.06283
0.44168
0.12539
0.09943
0.12965
0.06154
0.14382
0.45123
0.19548
0.47091
0.44378
0.43769
0.09966
0.41711
0.06133
0.33490
0.55473
0.06222
0.07005
0.60777
0.49813
0.06840
0.51559
0.43165
0.11107
0.08296
0.18789
0.06726
0.06172
0.05112
0.49440
0.47860
0.45792
0.40768
0.12083
0.26067
0.09968
0.06725
0.14026
0.05442
0.40797
0.06630
0.40700
0.10241
0.45157
0.43997
0.04126
0.42280
0.05051
0.42281
0.08868
0.59450
0.08146
0.42871
0.43439
0.06503
0.10742
0.27684
0.54632
0.16043
0.06720
0.14933
0.08484
0.29917
0.57073
0.43676
0.06580
0.09816
0.10162
0.42751
0.08196
0.56271
0.05470
0.04614
0.06509
0.05035
0.06641
0.27150
0.04621
0.07370
0.05244
0.28696
0.12971
0.43289
0.38248
0.09485
0.43584
0.10355
0.15185
0.06474
0.42071
0.47114
0.14044
0.50248
0.08692
0.07492
0.06067
0.05238
0.04283
0.04652
0.47349
0.10172
0.44562
0.25228
0.39301
0.06178
0.16464
0.17285
0.17439
0.11212
0.51058
0.29639
0.43578
0.14467
0.14143
0.04011
0.55565
0.41403
0.06367
0.45056
0.12313
0.10838
0.17008
0.27538
0.10675
0.06122
0.05226
0.05149
0.10645
0.53647
0.08403
0.50236
0.25365
0.10587
0.09630
0.17962
0.05316
0.17873
0.23568
0.12601
0.06659
0.06247
0.07232
0.11228
0.11402
0.55188
0.49465
0.16770
0.06010
0.10834
0.10189
0.11902
0.23740
0.45237
0.41190
0.06537
0.41600
0.16314
0.07742
0.21462
0.25987
0.58004
0.39871
0.05021
0.57730
0.06663
0.15483
0.41654
0.11398
0.53830
0.24533
0.07806
0.08828
0.06376
0.05904
0.49575
0.07413
0.42637
0.42030
0.49650
0.09215
0.42920
0.06192
0.06301
0.46343
0.17566
0.38666
0.49088
0.27137
0.17904
0.15704
0.10485
0.40142
0.10614
0.05772
0.40161
0.23163
0.18105
0.12147
0.16164
0.05880
0.42317
0.14206
0.56657
0.10714
0.44320
0.43311
0.39396
0.06476
0.41577
0.43788
0.10523
0.11150
0.06883
0.42891
0.05837
0.43007
0.06812
0.05279
0.07023
0.48379
0.40603
0.04868
0.19056
0.06339
0.05543
0.49505
0.11111
0.12469
0.46223
0.08245
0.45683
0.12490
0.43649
0.13804
0.45036
0.07320
0.29306
0.06498
0.20020
0.24554
0.35958
0.05129
0.06418
0.05919
0.49633
0.12209
0.07489
0.07322
0.11826
0.05674
0.41255
0.36912
0.42785
0.09779
0.06313
0.48460
0.47597
0.15773
0.54680
0.07564
0.06599
0.43950
0.26517
0.49374
0.28964
0.47557
0.05358
0.55796
0.13253
0.09156
0.08914
0.11371
0.45661
0.06113
0.11559
0.08655
0.22213
0.06856
0.15058
0.36995
0.09236
0.09370
0.12907
0.16271
0.42799
0.52331
0.45381
0.28917
0.54386
0.31585
0.16787
0.14947
0.55066
0.06303
0.41130
0.44614
0.05234
0.40799
0.06982
0.05798
0.10056
0.06073
0.51718
0.43298
0.42694
0.06599
0.06517
0.20086
0.11328
0.04803
0.41238
0.05355
0.11733
0.07930
0.04655
0.08807
0.18054
0.19036
0.50968
0.13692
0.06488
0.05509
0.11777
0.42070
0.49835
0.15392
0.42092
0.11252
0.06406
0.12874
0.19778
0.06573
0.06687
0.06401
0.07740
0.62857
0.43565
0.51171
0.06628
0.05032
0.42381
0.50747
0.56404
0.52317
0.51395
0.06149
0.04939
0.42310
0.37049
0.05322
0.05401
0.59197
0.42315
0.12631
0.08112
0.06307
0.12384
0.19819
0.25845
0.11752
0.10460
0.15726
0.05240
0.28417
0.44041
0.06357
0.10486
0.06094
0.57226
0.50893
0.31534
0.55024
0.22803
0.08979
0.12888
0.08880
0.51236
0.40850
0.15267
0.43031
0.04740
0.11742
0.18015
0.06154
0.08499
0.11592
0.43426
0.15779
0.41622
0.55040
0.40462
0.37991
0.53589
0.18425
0.10051
0.56063
0.27274
0.20200
0.38929
0.52326
0.43090
0.11087
0.12693
0.38167
0.10075
0.09605
0.51699
0.11483
0.04273
0.09481
0.55841
0.06763
0.09901
0.16138
0.48373
0.10042
0.53259
0.42730
0.05096
0.42271
0.11693
0.10405
0.51236
0.42379
0.16651
0.09446
0.18679
0.12853
0.10051
0.10689
0.52732
0.42379
0.05332
0.11431
0.04363
0.04954
0.50109
0.05311
0.59555
0.11431
0.06048
0.13338
0.05169
0.10257
0.36877
0.12103
0.05665
0.54110
0.43848
0.40510
0.44279
0.08421
0.57097
0.11704
0.21824
0.05711
0.31534
0.09401
0.09607
0.56737
0.61809
0.18180
0.17727
0.16542
0.40152
0.04624
0.14377
0.42418
0.45984
0.20200
0.08491
0.57501
0.13754
0.57133
0.56711
0.06505
0.24048
0.48709
0.14191
0.44562
0.59530
0.05116
0.55401
0.41811
0.05467
0.23450
0.60980
0.09000
0.56415
0.40410
0.05581
0.06135
0.39346
0.56354
0.12458
0.58657
0.10378
0.42473
0.15239
0.47571
0.41556
0.14410
0.07438
0.44835
0.26869
0.48534
0.05351
0.11382
0.51918
0.12860
0.41127
0.06460
0.44215
0.24920
0.42412
0.09847
0.34065
0.40307
0.09379
0.22940
0.05928
0.10001
0.12307
0.07402
0.50650
0.52386
0.49272
0.16168
0.09713
0.16174
0.13754
0.47529
0.40086
0.11726
0.58901
0.09847
0.11074
0.43958
0.41709
0.40378
0.16662
0.50856
0.48851
0.04916
0.44344
0.16487
0.44255
0.50516
0.13145
0.25162
0.15648
0.06598
0.54917
0.51292
0.41454
0.12685
0.19377
0.40617
0.56623
0.45062
0.57138
0.10467
0.52497
0.12046
0.56850
0.09399
0.07144
0.08214
0.36788
0.43904
0.46781
0.56033
0.42003
0.15492
0.33374
0.05245
0.43087
0.06724
0.51430
0.41710
0.50934
0.09887
0.61313
0.06254
0.05245
0.09419
0.10791
0.55991
0.43536
0.12008
0.12487
0.16192
0.09625
0.51234
0.07172
0.13568
0.13823
0.16867
0.12042
0.22935
0.14217
0.19262
0.40994
0.43812
0.18406
0.09348
0.12929
0.44681
0.50816
0.05819
0.48163
0.07786
0.43977
0.48765
0.07932
0.08379
0.57643
0.45649
0.41488
0.11401
0.49917
0.42684
0.42487
0.11737
0.42476
0.27800
0.09797
0.41511
0.40225
0.14380
0.07760
0.10515
0.11999
0.13076
0.04626
0.49877
0.12823
0.41059
0.51090
0.11298
0.04217
0.14759
0.16487
0.55621
0.08466
0.18517
0.04859
0.51203
0.14376
0.13497
0.12458
0.53488
0.42493
0.11973
0.50334
0.12398
0.08876
0.49241
0.40064
0.13258
0.13688
0.57033
0.22493
0.50985
0.11388
0.14047
0.12371
0.48871
0.41890
0.49762
0.55104
0.48397
0.12206
0.18517
0.47142
0.11991
0.53140
0.53548
0.20689
0.60042
0.28537
0.59344
0.45221
0.18798
0.51644
0.12208
0.05446
0.16363
0.22224
0.62295
0.40530
0.13452
0.20202
0.15389
0.19738
0.61369
0.06560
0.42848
0.13080
0.09124
0.44700
0.46683
0.43215
0.46694
0.14157
0.50239
0.42300
0.58457
0.56962
0.12322
0.51263
0.19574
0.58026
0.12553
0.42289
0.52014
0.24293
0.19031
0.11455
0.55825
0.12133
0.43904
0.06375
0.08274
0.17497
0.40380
0.14290
0.17603
0.13514
0.51322
0.28198
0.47844
0.53290
0.13349
0.43966
0.42572
0.04382
0.51077
0.58048
0.06768
0.44333
0.10955
0.12642
0.12684
0.40053
0.19118
0.49437
0.10603
0.11083
0.59214
0.28710
0.31140
0.45923
0.21601
0.17050
0.54635
0.11021
0.40960
0.21524
0.68715
0.15367
0.09480
0.08847
0.24048
0.41531
0.20579
0.22024
0.05955
0.14108
0.13109
0.15983
0.15330
0.42882
0.21689
0.45765
0.11306
0.46348
0.17069
0.43582
0.09882
0.11694
0.06655
0.11571
0.07403
0.18299
0.34585
0.11184
0.04980
0.13966
0.11560
0.57340
0.16324
0.52148
0.48869
0.20510
0.17223
0.09395
0.36559
0.07175
0.41388
0.29146
0.06193
0.11724
0.14678
0.16892
0.06384
0.08227
0.57261
0.46097
0.05701
0.04380
0.14001
0.17080
0.49889
0.22048
0.10453
0.59322
0.26520
0.17994
0.26522
0.16880
0.06088
0.14245
0.05713
0.06409
0.09935
0.20372
0.12480
0.45239
0.05520
0.12757
0.13449
0.25206
0.05891
0.15644
0.08833
0.17112
0.15121
0.10128
0.42457
0.27387
0.56536
0.43292
0.16673
0.10441
0.11124
0.27804
0.10891
0.06731
0.56132
0.27920
0.08666
0.25862
0.13588
0.10905
0.19733
0.07408
0.28736
0.10990
0.24138
0.07205
0.50421
0.33331
0.12919
0.12574
0.08830
0.11854
0.50639
0.11816
0.15814
0.53578
0.41159
0.06410
0.44847
0.39700
0.12118
0.04958
0.16958
0.04542
0.29297
0.10041
0.13701
0.10118
0.05398
0.04242
0.43522
0.10390
0.14249
0.14040
0.05326
0.43860
0.10392
0.23468
0.05485
0.55293
0.12121
0.18700
0.13701
0.56458
0.42245
0.05336
0.50761
0.11298
0.42019
0.04520
0.12232
0.17349
0.16015
0.09212
0.04709
0.45861
0.09715
0.50257
0.47999
0.16497
0.10916
0.09623
0.10364
0.46571
0.41227
0.08395
0.12316
0.10675
0.18615
0.11108
0.04725
0.35634
0.16738
0.24006
0.03416
0.08416
0.12397
0.12574
0.53315
0.50840
0.21598
0.06979
0.12276
0.46844
0.46183
0.45505
0.46983
0.10135
0.12397
0.15197
0.25262
0.22964
0.16090
0.48101
0.12066
0.18147
0.15147
0.39200
0.37884
0.44831
0.21422
0.11280
0.35654
0.48921
0.52596
0.11796
0.10286
0.47700
0.41201
0.15588
0.45570
0.15957
0.14951
0.06106
0.61360
0.46981
0.08770
0.45452
0.48152
0.15495
0.38241
0.22391
0.25098
0.39600
0.12596
0.21587
0.22097
0.43368
0.09718
0.14790
0.42805
0.04907
0.40661
0.36633
0.44829
0.12915
0.38853
0.16159
0.37955
0.04851
0.46722
0.16516
0.04923
0.47888
0.11165
0.45655
0.41527
0.05767
0.50584
0.47027
0.09548
0.11476
0.16902
0.40377
0.17667
0.49970
0.38212
0.49732
0.41309
0.42075
0.28643
0.47434
0.05226
0.14663
0.08073
0.43944
0.10129
0.17448
0.49036
0.41677
0.15110
0.14096
0.42924
0.07254
0.23378
0.09141
0.51453
0.40971
0.21859
0.08280
0.34545
0.49535
0.56847
0.09743
0.41397
0.23269
0.44112
0.40242
0.34680
0.04278
0.40456
0.50262
0.43269
0.41194
0.48091
0.42734
0.24287
0.41128
0.49136
0.15863
0.43738
0.39524
0.13756
0.44755
0.15707
0.39441
0.19604
0.14517
0.05632
0.40519
0.43842
0.08271
0.07753
0.40670
0.22956
0.09454
0.04934
0.40321
0.31275
0.10083
0.46218
0.15699
0.09396
0.29284
0.42052
0.42364
0.17568
0.39495
0.45397
0.40454
0.35161
0.51156
0.07852
0.08854
0.40695
0.40848
0.07614
0.11274
0.16287
0.40084
0.35098
0.42970
0.22446
0.11606
0.41427
0.54086
0.08600
0.27346
0.40848
0.40529
0.42795
0.11116
0.18746
0.57900
0.61519
0.05691
0.49932
0.22114
0.41534
0.06359
0.45626
0.59949
0.21424
0.10448
0.37712
0.40635
0.39558
0.29891
0.43770
0.35560
0.11690
0.46980
0.47920
0.13657
0.49502
0.41715
0.38077
0.06312
0.43689
0.44513
0.07540
0.32623
0.24993
0.18746
0.12347
0.14931
0.47093
0.14602
0.25706
0.17316
0.53246
0.48144
0.28750
0.40627
0.18897
0.42281
0.39599
0.06230
0.42281
0.23765
0.12117
0.12181
0.14092
0.20831
0.12989
0.09918
0.38197
0.44422
0.20828
0.43535
0.14575
0.55574
0.19845
0.47399
0.39136
0.55184
0.05994
0.23121
0.52868
0.61008
0.43027
0.52751
0.46919
0.40892
0.19151
0.11670
0.09504
0.15720
0.18897
0.19681
0.44158
0.08098
0.38834
0.48235
0.48907
0.16031
0.48723
0.41658
0.16897
0.07304
0.15305
0.24194
0.12299
0.55108
0.08450
0.19288
0.41081
0.09022
0.09657
0.40856
0.06637
0.34371
0.18224
0.17877
0.12885
0.13145
0.50145
0.37589
0.09234
0.11304
0.10730
0.10436
0.41795
0.15496
0.50176
0.12885
0.11575
0.47765
0.43231
0.13967
0.16275
0.41167
0.38827
0.49192
0.10096
0.12341
0.53594
0.11569
0.10528
0.42972
0.06268
0.10530
0.17433
0.08059
0.55669
0.33301
0.17776
0.17786
0.06356
0.13552
0.11498
0.13804
0.48206
0.51196
0.21555
0.48578
0.32065
0.16885
0.41689
0.33337
0.39973
0.05675
0.17142
0.04098
0.09227
0.41800
0.40433
0.17993
0.43324
0.04893
0.15555
0.12784
0.46743
0.25527
0.52000
0.17077
0.10962
0.05644
0.15708
0.45493
0.12157
0.18380
0.15721
0.26630
0.06031
0.07232
0.10867
0.07826
0.19599
0.07264
0.46533
0.21233
0.11304
0.44799
0.50815
0.24039
0.41924
0.26459
0.21083
0.42676
0.16089
0.20180
0.07015
0.44295
0.42297
0.11404
0.10635
0.17683
0.13529
0.45908
0.44201
0.04743
0.12157
0.11355
0.39630
0.43767
0.45873
0.18837
0.05559
0.42366
0.48974
0.07184
0.46097
0.51024
0.10569
0.11601
0.50619
0.50299
0.10291
0.18915
0.07542
0.17041
0.50767
0.10023
0.06509
0.08713
0.26698
0.57400
0.08453
0.10731
0.16574
0.46562
0.22536
0.42095
0.44723
0.19665
0.41866
0.44608
0.10586
0.10022
0.28845
0.52921
0.41486
0.10961
0.21246
0.19279
0.23966
0.15519
0.22350
0.17178
0.04743
0.06030
0.13809
0.53183
0.12986
0.04952
0.53045
0.40997
0.14084
0.15908
0.07201
0.35185
0.04916
0.08374
0.54815
0.04505
0.04981
0.39892
0.10463
0.40525
0.13643
0.11610
0.07855
0.54470
0.54423
0.40834
0.13221
0.09451
0.15071
0.41709
0.22572
0.24005
0.38947
0.08074
0.38933
0.21647
0.12779
0.17394
0.26869
0.10009
0.18388
0.45009
0.12889
0.53682
0.16575
0.08031
0.24755
0.52973
0.12539
0.48138
0.05613
0.26719
0.10136
0.05291
0.22177
0.23359
0.40175
0.39812
0.20934
0.38790
0.11023
0.18183
0.12658
0.14714
0.06715
0.51719
0.14244
0.08753
0.23382
0.22025
0.19764
0.54798
0.11151
0.16869
0.17527
0.53597
0.08907
0.13063
0.16394
0.24045
0.12059
0.11063
0.10678
0.10940
0.06843
0.04841
0.11810
0.09317
0.12057
0.61194
0.10386
0.12038
0.27255
0.16354
0.28952
0.25355
0.06410
0.15033
0.19032
0.10315
0.09544
0.26068
0.11498
0.10262
0.11405
0.16792
0.13305
0.04929
0.47265
0.10269
0.60890
0.12742
0.25253
0.23433
0.27178
0.16455
0.17749
0.30418
0.07531
0.28450
0.19392
0.12029
0.58660
0.17879
0.17986
0.06049
0.06264
0.04788
0.58768
0.17592
0.18370
0.04365
0.15377
0.08126
0.43956
0.63627
0.61130
0.12085
0.51715
0.12255
0.60790
0.19347
0.11911
0.09074
0.11623
0.07157
0.10702
0.59004
0.46061
0.28259
0.14669
0.06530
0.29789
0.13011
0.13177
0.07952
0.17058
0.19605
0.20027
0.07733
0.10488
0.31459
0.08893
0.57083
0.10609
0.26384
0.11595
0.26746
0.63709
0.62065
0.18648
0.27341
0.29015
0.29015
0.22557
0.45647
0.06057
0.12438
0.17055
0.17354
0.08980
0.52475
0.51586
0.10597
0.12436
0.11987
0.14283
0.13728
0.05776
0.22507
0.57393
0.50155
0.55028
0.25827
0.09342
0.13984
0.06712
0.04931
0.05540
0.24382
0.05985
0.13510
0.04560
0.17170
0.13807
0.10956
0.11977
0.10589
0.05441
0.05249
0.14881
0.16579
0.05830
0.14505
0.55582
0.18766
0.06234
0.47444
0.05405
0.21581
0.08369
0.09908
0.25504
0.06068
0.05365
0.09671
0.62353
0.19726
0.20579
0.05701
0.35077
0.07058
0.17846
0.07214
0.09460
0.15677
0.58406
0.06953
0.15089
0.11317
0.11654
0.30557
0.05692
0.07362
0.13020
0.11056
0.05641
0.05483
0.29021
0.17575
0.09944
0.07826
0.14719
0.24644
0.15256
0.18349
0.16488
0.09595
0.05599
0.16528
0.11014
0.26370
0.10823
0.06310
0.07266
0.18397
0.11407
0.15479
0.14663
0.16106
0.10684
0.14881
0.17061
0.60126
0.53718
0.26727
0.10836
0.20813
0.09212
0.06643
0.10031
0.12142
0.15797
0.26202
0.11279
0.11650
0.59745
0.05376
0.48923
0.26784
0.04958
0.09049
0.09230
0.08934
0.14525
0.60293
0.05151
0.17841
0.17980
0.08228
0.05846
0.13979
0.14870
0.32624
0.22920
0.14934
0.23157
0.42863
0.27992
0.05197
0.23829
0.05893
0.05818
0.31320
0.26146
0.14046
0.26146
0.59697
0.15875
0.53920
0.17649
0.09635
0.25942
0.11824
0.11011
0.05668
0.25703
0.08086
0.11291
0.16539
0.10846
0.15352
0.38837
0.08551
0.08687
0.27086
0.10809
0.31500
0.34407
0.06047
0.55644
0.52769
0.14492
0.14125
0.10032
0.49891
0.11924
0.05299
0.05839
0.53028
0.27596
0.26073
0.18704
0.24970
0.52758
0.12953
0.13980
0.09247
0.33984
0.57522
0.17243
0.09657
0.16214
0.14851
0.04958
0.05020
0.54900
0.26359
0.21145
0.19748
0.23313
0.57251
0.05813
0.12269
0.40175
0.13317
0.04389
0.15536
0.16722
0.26641
0.08971
0.12315
0.11785
0.25379
0.48596
0.23649
0.10993
0.09995
0.59375
0.26887
0.23882
0.49908
0.18310
0.06989
0.25200
0.27215
0.27421
0.12549
0.14273
0.26223
0.46207
0.56105
0.22133
0.17809
0.58990
0.22963
0.23852
0.08593
0.09419
0.53400
0.12681
0.10887
0.56548
0.54353
0.47570
0.20298
0.13457
0.19501
0.15140
0.13088
0.58341
0.04661
0.10929
0.27425
0.20500
0.16132
0.48780
0.39132
0.56249
0.10924
0.06367
0.29000
0.10490
0.28213
0.16230
0.22087
0.04812
0.09344
0.18170
0.10618
0.31405
0.49546
0.08301
0.09200
0.13520
0.47676
0.23591
0.24062
0.10658
0.49639
0.26318
0.27245
0.08956
0.15476
0.08930
0.10153
0.04500
0.46047
0.25750
0.28323
0.59493
0.08701
0.45611
0.27251
0.16230
0.39039
0.46269
0.09835
0.05484
0.11413
0.24008
0.54589
0.05460
0.27451
0.12901
0.16670
0.35749
0.14954
0.11894
0.40038
0.10265
0.53823
0.08713
0.50927
0.29351
0.12518
0.54185
0.33001
0.51455
0.10746
0.64989
0.12288
0.14319
0.21946
0.50853
0.09468
0.48582
0.10569
0.23050
0.50726
0.59832
0.31050
0.05918
0.26771
0.25946
0.21088
0.53383
0.10422
0.25634
0.22009
0.37886
0.08099
0.57537
0.56409
0.61279
0.42434
0.57908
0.27324
0.09565
0.16238
0.19186
0.05235
0.39578
0.65578
0.51843
0.57509
0.10652
0.23617
0.50734
0.56214
0.42950
0.53514
0.15069
0.28349
0.53462
0.60011
0.39967
0.10724
0.13833
0.05255
0.49436
0.11450
0.27910
0.14409
0.52433
0.48875
0.10695
0.24497
0.51092
0.08228
0.61985
0.29454
0.34284
0.05195
0.53808
0.14084
0.09356
0.23160
0.54361
0.61301
0.14881
0.09611
0.51143
0.16810
0.51035
0.56888
0.60191
0.55635
0.11476
0.50405
0.08085
0.23216
0.49457
0.29609
0.14729
0.54330
0.26134
0.32932
0.11721
0.15244
0.12202
0.51173
0.49046
0.61301
0.58677
0.10144
0.08106
0.09075
0.33092
0.21790
0.20615
0.13124
0.26117
0.05208
0.09282
0.15401
0.58831
0.57756
0.05584
0.24078
0.51067
0.56407
0.13019
0.07032
0.10119
0.09467
0.11253
0.19962
0.13442
0.42094
0.57096
0.10324
0.57586
0.61575
0.17559
0.20762
0.16899
0.10600
0.11686
0.12274
0.04465
0.59851
0.12529
0.56544
0.28264
0.19081
0.55821
0.45162
0.18845
0.48074
0.12152
0.60348
0.27078
0.54844
0.08059
0.59456
0.10292
0.40732
0.15729
0.08573
0.48844
0.48942
0.26114
0.19682
0.11741
0.43397
0.10035
0.07701
0.19573
0.19682
0.09654
0.54323
0.05462
0.11530
0.44674
0.05297
0.29823
0.12271
0.40273
0.07500
0.16479
0.28454
0.09607
0.14373
0.17562
0.19179
0.19706
0.18845
0.06161
0.15491
0.17131
0.10035
0.13992
0.08908
0.16922
0.50510
0.12530
0.44673
0.31198
0.16321
0.62694
0.53732
0.65166
0.25606
0.12633
0.11756
0.67634
0.43641
0.04577
0.11710
0.05972
0.05963
0.56867
0.24425
0.41898
0.40344
0.09670
0.11129
0.51402
0.13789
0.15840
0.09290
0.57302
0.05976
0.44225
0.35864
0.09408
0.05079
0.09105
0.14734
0.58745
0.51216
0.42637
0.18013
0.40072
0.65400
0.50406
0.18164
0.16650
0.41711
0.05636
0.09259
0.45032
0.05875
0.57980
0.16477
0.11099
0.11193
0.57965
0.44736
0.18202
0.16228
0.14697
0.08738
0.04194
0.37526
0.06527
0.11373
0.18829
0.53622
0.48587
0.15396
0.05142
0.43503
0.40224
0.44921
0.16826
0.43969
0.44572
0.43078
0.11829
0.05376
0.30503
0.11687
0.05834
0.05466
0.40140
0.17018
0.10328
0.17475
0.05466
0.18853
0.39290
0.54811
0.14365
0.62861
0.54019
0.08685
0.04610
0.40599
0.40050
0.13480
0.65943
0.11346
0.20584
0.35164
0.11051
0.15804
0.27536
0.16625
0.39692
0.10817
0.54949
0.50330
0.10492
0.39165
0.26401
0.05337
0.19368
0.33619
0.30477
0.35431
0.12354
0.63375
0.50269
0.09604
0.53055
0.09797
0.41596
0.28963
0.08981
0.41310
0.32975
0.03749
0.07883
0.59411
0.43291
0.19141
0.15052
0.43389
0.20971
0.04644
0.09793
0.07891
0.13889
0.52063
0.20408
0.07769
0.10607
0.22313
0.51826
0.17422
0.08723
0.08147
0.41372
0.16680
0.04576
0.43403
0.50182
0.09237
0.07053
0.16162
0.61722
0.37160
0.14235
0.10111
0.41190
0.37320
0.14280
0.07604
0.04760
0.40571
0.46941
0.09500
0.45858
0.05398
0.13786
0.29056
0.21144
0.44811
0.13854
0.17051
0.04738
0.22041
0.16820
0.47718
0.53823
0.08205
0.06572
0.15350
0.16772
0.10042
0.52960
0.37360
0.05409
0.34097
0.42376
0.48433
0.09866
0.40299
0.15967
0.36724
0.47505
0.35147
0.39267
0.10422
0.25777
0.09932
0.07683
0.45850
0.54346
0.40209
0.08614
0.13416
0.45591
0.19155
0.57202
0.27733
0.07747
0.47632
0.19922
0.05199
0.39882
0.48258
0.26042
0.42492
0.14994
0.50378
0.12948
0.41599
0.21703
0.13936
0.51876
0.36527
0.09919
0.09758
0.11812
0.56456
0.51207
0.28786
0.26332
0.38781
0.15753
0.08107
0.48972
0.55783
0.44077
0.41848
0.50035
0.14623
0.40714
0.48560
0.35523
0.49443
0.44136
0.44496
0.09108
0.39766
0.40714
0.04256
0.40251
0.12911
0.17912
0.36980
0.14076
0.39166
0.36980
0.12789
0.20817
0.10191
0.08266
0.36679
0.18837
0.45972
0.15100
0.08034
0.07076
0.39259
0.47433
0.23052
0.03961
0.41515
0.10103
0.48769
0.46717
0.12814
0.36674
0.38020
0.47040
0.16902
0.42013
0.13909
0.23910
0.12707
0.38663
0.42249
0.35225
0.10400
0.37279
0.37541
0.34740
0.11286
0.48136
0.15698
0.43859
0.50394
0.11608
0.57301
0.61515
0.25890
0.09022
0.57694
0.09145
0.09048
0.48665
0.17210
0.13751
0.17245
0.12982
0.42442
0.43175
0.26852
0.20352
0.41779
0.31668
0.44302
0.15214
0.41742
0.07851
0.32678
0.06929
0.19875
0.52937
0.08894
0.13004
0.46374
0.16343
0.49076
0.23387
0.11859
0.18065
0.14018
0.14243
0.10760
0.50331
0.08493
0.52937
0.13879
0.32227
0.25347
0.14318
0.14831
0.13464
0.24804
0.10831
0.12781
0.09131
0.12206
0.05841
0.20606
0.05680
0.61915
0.23228
0.09196
0.21408
0.15619
0.17334
0.06007
0.55109
0.54089
0.04963
0.09442
0.07559
0.18669
0.08619
0.55749
0.34614
0.09639
0.06056
0.09211
0.58369
0.06391
0.20058
0.04968
0.12487
0.10265
0.06105
0.17293
0.18483
0.25210
0.30344
0.14838
0.51333
0.10721
0.16901
0.21574
0.47421
0.20757
0.23629
0.12264
0.14220
0.08201
0.21030
0.13387
0.24070
0.11507
0.28750
0.09022
0.06020
0.05127
0.58355
0.57900
0.14784
0.05947
0.09930
0.05737
0.17918
0.11018
0.17704
0.16757
0.16228
0.10267
0.11909
0.11301
0.17498
0.50745
0.14038
0.05855
0.29554
0.24743
0.08447
0.17209
0.51825
0.13717
0.11069
0.15786
0.06762
0.21039
0.19535
0.60667
0.23138
0.23227
0.50567
0.05680
0.06586
0.06437
0.05545
0.60271
0.07015
0.18723
0.06769
0.55434
0.11576
0.25797
0.21397
0.52313
0.15495
0.16714
0.17724
0.21008
0.07800
0.09494
0.08195
0.04847
0.22359
0.49538
0.16725
0.51869
0.20495
0.53635
0.12487
0.15909
0.04418
0.50877
0.11432
0.21329
0.23709
0.21358
0.05427
0.18418
0.61928
0.15096
0.07068
0.45651
0.08406
0.08368
0.06571
0.57124
0.34736
0.38268
0.13626
0.14315
0.14968
0.20652
0.42239
0.53911
0.05197
0.14009
0.09620
0.20819
0.07783
0.46612
0.46865
0.43325
0.58277
0.06268
0.52085
0.47345
0.09266
0.09794
0.05796
0.16275
0.09471
0.11704
0.07988
0.09872
0.39354
0.07765
0.13346
0.21467
0.53876
0.22067
0.18269
0.10175
0.14390
0.34146
0.59352
0.14647
0.23102
0.11240
0.13686
0.15542
0.20849
0.15865
0.22688
0.18102
0.25250
0.19256
0.09621
0.17835
0.13198
0.46127
0.14891
0.61198
0.22122
0.46781
0.19254
0.51461
0.10640
0.05841
0.07728
0.18340
0.06552
0.57388
0.23961
0.05025
0.34766
0.59183
0.37136
0.53462
0.10020
0.39051
0.47961
0.56431
0.59662
0.06011
0.17412
0.41205
0.51192
0.17917
0.42516
0.22967
0.06094
0.48448
0.19900
0.52750
0.05315
0.25742
0.50666
0.15802
0.42638
0.45148
0.45841
0.46301
0.57728
0.46099
0.06089
0.06128
0.22271
0.42516
0.24082
0.43290
0.08581
0.58482
0.58664
0.18597
0.21039
0.51401
0.51741
0.36998
0.08794
0.50870
0.27223
0.14583
0.12857
0.11928
0.06205
0.14596
0.19423
0.21574
0.59273
0.18331
0.16716
0.53064
0.20368
0.24870
0.44618
0.12431
0.31788
0.11090
0.44359
0.32086
0.44961
0.43661
0.09890
0.05922
0.45839
0.22878
0.25415
0.13661
0.41924
0.05615
0.11075
0.50875
0.25053
0.50259
0.12107
0.36939
0.16080
0.42501
0.46589
0.38516
0.11442
0.05503
0.15146
0.42792
0.61441
0.15206
0.16302
0.05211
0.43464
0.46414
0.18130
0.53249
0.29622
0.06119
0.15381
0.19273
0.19000
0.50792
0.26478
0.57908
0.48507
0.25017
0.49959
0.09955
0.10925
0.42080
0.14105
0.05507
0.15315
0.32677
0.44327
0.16693
0.44293
0.16260
0.30952
0.12151
0.46755
0.07510
0.51177
0.12316
0.43082
0.09797
0.51409
0.16486
0.35711
0.08859
0.49981
0.42868
0.36441
0.10452
0.41806
0.15102
0.48250
0.05958
0.49821
0.19341
0.19782
0.12308
0.49708
0.56605
0.17054
0.58500
0.05879
0.20534
0.06249
0.17652
0.05892
0.05934
0.11277
0.26228
0.45409
0.28573
0.46365
0.49534
0.25409
0.30555
0.05542
0.07423
0.31460
0.16325
0.14866
0.15761
0.11068
0.11095
0.48093
0.17480
0.32667
0.11216
0.39509
0.37320
0.53852
0.48882
0.55211
0.60862
0.43137
0.12306
0.49655
0.41051
0.16322
0.10197
0.06777
0.18587
0.43407
0.17242
0.11196
0.05936
0.15423
0.15732
0.12895
0.26359
0.54786
0.50165
0.24229
0.10700
0.11372
0.11302
0.48704
0.08905
0.11361
0.05354
0.62963
0.13225
0.55589
0.11054
0.09909
0.14016
0.25010
0.62820
0.10841
0.23917
0.16259
0.17926
0.10803
0.14227
0.09867
0.05318
0.40230
0.09729
0.14583
0.15429
0.14815
0.14971
0.59465
0.52952
0.42965
0.22548
0.09626
0.16168
0.56250
0.16487
0.18518
0.12180
0.05539
0.14207
0.42939
0.14834
0.53843
0.55176
0.07049
0.27378
0.17349
0.55913
0.24124
0.14177
0.56959
0.54541
0.05735
0.51596
0.08876
0.27105
0.16796
0.40947
0.16176
0.06002
0.12737
0.13311
0.14375
0.16220
0.25518
0.05424
0.17798
0.40601
0.55499
0.16146
0.47252
0.19127
0.21332
0.10255
0.11598
0.12011
0.08928
0.54066
0.10226
0.57777
0.43580
0.19844
0.55161
0.25452
0.07456
0.13420
0.09923
0.17399
0.05238
0.05148
0.45175
0.06382
0.47589
0.04944
0.25817
0.05782
0.57250
0.09981
0.05277
0.58505
0.19869
0.35488
0.48492
0.10813
0.47399
0.49240
0.42962
0.57074
0.11754
0.28072
0.06358
0.54282
0.22383
0.20372
0.06411
0.62226
0.05516
0.05626
0.25144
0.11429
0.10376
0.61390
0.06895
0.14505
0.43092
0.48669
0.14918
0.36661
0.47806
0.09269
0.24283
0.17282
0.09923
0.17413
0.54531
0.09643
0.06987
0.17263
0.25952
0.24297
0.05398
0.10021
0.08162
0.54381
0.16790
0.54531
0.28916
0.23695
0.11108
0.19663
0.19387
0.61945
0.53324
0.13680
0.56783
0.40538
0.05255
0.40242
0.61347
0.45235
0.05836
0.18649
0.17179
0.22482
0.23520
0.44032
0.47507
0.49837
0.13910
0.23695
0.25854
0.32752
0.60431
0.11797
0.18617
0.16511
0.09952
0.18085
0.17138
0.48757
0.22950
0.06485
0.10104
0.09925
0.25832
0.09426
0.43655
0.10522
0.09759
0.48089
0.39083
0.10231
0.13879
0.40582
0.21027
0.10221
0.56071
0.43190
0.36253
0.14649
0.26526
0.56265
0.39390
0.58750
0.19324
0.24287
0.47874
0.31605
0.44093
0.14738
0.21189
0.10677
0.46918
0.28136
0.05240
0.45911
0.23369
0.10148
0.45915
0.10902
0.60287
0.47971
0.43190
0.10872
0.21486
0.49390
0.40756
0.28723
0.06268
0.18414
0.10429
0.08648
0.10341
0.39339
0.14212
0.19466
0.09953
0.15045
0.10263
0.26745
0.16985
0.19356
0.38270
0.56573
0.05188
0.25441
0.57590
0.07590
0.55839
0.05578
0.64137
0.23789
0.41403
0.42130
0.16490
0.49069
0.21378
0.20352
0.52302
0.57039
0.26257
0.38841
0.48837
0.15676
0.21415
0.31356
0.50950
0.16451
0.41419
0.46133
0.40629
0.10519
0.40850
0.10799
0.24005
0.41915
0.05948
0.15408
0.40182
0.11053
0.15912
0.41348
0.42019
0.08990
0.48770
0.40060
0.44243
0.55393
0.49591
0.40782
0.19676
0.41067
0.29626
0.39497
0.40468
0.40624
0.14707
0.10407
0.51140
0.45294
0.17249
0.06311
0.25645
0.24572
0.18230
0.41440
0.17730
0.39647
0.12441
0.41384
0.38684
0.23583
0.18290
0.16402
0.10829
0.62950
0.39723
0.21159
0.43659
0.40520
0.06547
0.15052
0.11221
0.43298
0.39093
0.35072
0.41455
0.44420
0.10745
0.26722
0.31347
0.55678
0.23869
0.06894
0.16909
0.11369
0.50417
0.35736
0.35152
0.26749
0.38389
0.57881
0.39692
0.19640
0.21470
0.41856
0.55615
0.40167
0.39911
0.06099
0.47318
0.08657
0.10044
0.42552
0.16576
0.41189
0.18127
0.49199
0.49849
0.13884
0.54956
0.11279
0.27919
0.42700
0.39605
0.42767
0.41518
0.42775
0.12116
0.44489
0.41782
0.05821
0.32035
0.19187
0.05895
0.57949
0.42844
0.51835
0.12116
0.40977
0.42425
0.50388
0.17788
0.37468
0.39782
0.12739
0.42775
0.18597
0.49203
0.14891
0.18588
0.21725
0.23462
0.49633
0.50271
0.47320
0.41886
0.50745
0.08087
0.09942
0.05604
0.58576
0.55031
0.15155
0.61821
0.14663
0.45838
0.47138
0.29460
0.59422
0.10355
0.43038
0.56698
0.59010
0.05825
0.14820
0.14116
0.42933
0.40530
0.14571
0.27048
0.41717
0.25460
0.45528
0.25039
0.05871
0.24456
0.54630
0.06182
0.16851
0.29089
0.30071
0.53577
0.41914
0.41129
0.43169
0.59563
0.19573
0.29379
0.47236
0.43651
0.11025
0.30239
0.50556
0.40571
0.46296
0.21787
0.41398
0.16366
0.33978
0.06884
0.08761
0.54475
0.09978
0.55231
0.55410
0.38947
0.16413
0.26218
0.21079
0.09264
0.40765
0.42730
0.16554
0.40046
0.20304
0.11998
0.26867
0.38965
0.43709
0.33760
0.49281
0.08282
0.38347
0.14508
0.15049
0.41668
0.34193
0.09632
0.20406
0.47166
0.40607
0.47166
0.14624
0.41997
0.16493
0.18134
0.40919
0.40062
0.38133
0.06049
0.42339
0.23174
0.39568
0.16925
0.15990
0.06589
0.39265
0.17121
0.65944
0.38187
0.44161
0.61588
0.20507
0.22985
0.14577
0.05754
0.15249
0.13844
0.15891
0.12231
0.40935
0.16036
0.18063
0.54990
0.05437
0.39836
0.38947
0.20630
0.16935
0.15971
0.16537
0.20778
0.18596
0.40441
0.39215
0.08560
0.59830
0.40958
0.22186
0.54642
0.23857
0.18677
0.10854
0.16201
0.08021
0.28384
0.30885
0.26517
0.11205
0.17367
0.08151
0.16353
0.65166
0.43033
0.17875
0.17184
0.16769
0.11051
0.16283
0.37211
0.36523
0.09978
0.15863
0.28373
0.19009
0.07691
0.16904
0.14627
0.20513
0.17193
0.41248
0.09970
0.20111
0.15866
0.47567
0.17365
0.24010
0.10887
0.18287
0.47477
0.19158
0.16585
0.23277
0.44093
0.40779
0.17159
0.49009
0.15816
0.39229
0.51487
0.17756
0.28567
0.42553
0.17376
0.16820
0.19303
0.05512
0.16374
0.16364
0.39913
0.19699
0.44807
0.51420
0.09978
0.49514
0.41555
0.58817
0.44032
0.42430
0.40823
0.12807
0.46135
0.46168
0.53263
0.16423
0.15806
0.10118
0.42027
0.18845
0.28638
0.24678
0.22558
0.23521
0.16630
0.08908
0.17901
0.16203
0.39109
0.45050
0.40475
0.09856
0.54223
0.15729
0.16695
0.27869
0.16451
0.17510
0.42081
0.51656
0.49993
0.42936
0.42000
0.09507
0.40677
0.45264
0.22585
0.24188
0.14979
0.18913
0.30951
0.25977
0.10805
0.18796
0.40754
0.30201
0.55115
0.50779
0.18733
0.24656
0.20059
0.10489
0.45368
0.17175
0.42643
0.36375
0.23918
0.40028
0.06553
0.16720
0.45346
0.43877
0.13031
0.10401
0.47420
0.23992
0.15748
0.19677
0.40090
0.16484
0.61091
0.41477
0.13672
0.38118
0.09971
0.14163
0.21842
0.42118
0.31983
0.12190
0.16689
0.53622
0.25518
0.15889
0.16115
0.42640
0.19935
0.13012
0.41791
0.48175
0.14330
0.27004
0.39363
0.50743
0.54976
0.13707
0.09784
0.27252
0.21253
0.19720
0.05833
0.11684
0.15889
0.11614
0.41732
0.41662
0.38185
0.24690
0.10923
0.24536
0.27483
0.61207
0.48514
0.52173
0.49388
0.46824
0.38431
0.40568
0.33264
0.38235
0.50575
0.42827
0.18879
0.13104
0.46644
0.40653
0.37403
0.40586
0.34314
0.36811
0.46606
0.38584
0.37950
0.21467
0.40988
0.41406
0.40629
0.46350
0.39776
0.39322
0.37067
0.39118
0.20621
0.41080
0.29716
0.37628
0.13475
0.31651
0.43705
0.39515
0.33948
0.13352
0.39741
0.47327
0.39217
0.41024
0.42025
0.22772
0.40671
0.41716
0.34827
0.41089
0.23805
0.45945
0.49728
0.36839
0.47299
0.26539
0.39489
0.44419
0.39970
0.39508
0.16668
0.46154
0.10002
0.41830
0.24785
0.40884
0.41078
0.36702
0.50565
0.41831
0.40483
0.47883
0.40458
0.40797
0.06623
0.26577
0.08437
0.08374
0.09428
0.12801
0.13772
0.13474
0.08078
0.08092
0.48735
0.46015
0.55941
0.42520
0.20638
0.07113
0.39657
0.06903
0.30510
0.44209
0.22064
0.50087
0.40609
0.16196
0.39426
0.42886
0.10861
0.36102
0.40970
0.16110
0.44380
0.45528
0.14164
0.41980
0.41019
0.40180
0.52417
0.51077
0.11830
0.09134
0.16106
0.14849
0.36525
0.14621
0.33257
0.20892
0.19898
0.42218
0.38388
0.32358
0.11969
0.09134
0.32958
0.14951
0.37205
0.42218
0.39339
0.47125
0.10018
0.14557
0.37427
0.36836
0.15050
0.36200
0.43236
0.16181
0.16600
0.24512
0.39960
0.13957
0.08830
0.20892
0.21873
0.16375
0.36210
0.04911
0.35607
0.14259
0.09704
0.40622
0.39516
0.25162
0.08657
0.35474
0.21075
0.08308
0.14028
0.36160
0.36956
0.14431
0.42985
0.36332
0.40542
0.38868
0.38944
0.37762
0.43199
0.41830
0.54726
0.12229
0.49089
0.33550
0.45027
0.57950
0.52719
0.08814
0.39021
0.48783
0.48527
0.23951
0.38135
0.42527
0.42527
0.38160
0.39593
0.38065
0.09802
0.14397
0.35801
0.44911
0.40567
0.44460
0.40051
0.44144
0.41237
0.62159
0.22646
0.30693
0.07530
0.41125
0.42276
0.51938
0.41192
0.24364
0.28403
0.53426
0.06302
0.30024
0.17955
0.50825
0.49730
0.54596
0.13311
0.55474
0.44011
0.39337
0.59712
0.45190
0.44405
0.55681
0.42683
0.06468
0.40427
0.41794
0.57384
0.05883
0.50575
0.50130
0.05822
0.42237
0.41436
0.22083
0.19409
0.48429
0.59140
0.05516
0.17564
0.41341
0.40806
0.39054
0.42435
0.20840
0.62370
0.16854
0.51515
0.21216
0.39769
0.42642
0.51738
0.12707
0.05801
0.49721
0.62365
0.50776
0.17652
0.60469
0.58433
0.40959
0.41931
0.18324
0.19253
0.10365
0.41610
0.41835
0.42178
0.24442
0.09870
0.49215
0.61995
0.51729
0.42114
0.51278
0.45128
0.48264
0.23733
0.40353
0.39892
0.42675
0.39206
0.38935
0.40789
0.16306
0.06636
0.11118
0.15382
0.43373
0.13892
0.10743
0.41963
0.29622
0.05966
0.43515
0.05435
0.09229
0.41170
0.43255
0.41622
0.21455
0.23373
0.42016
0.50114
0.43657
0.22737
0.52795
0.42422
0.05813
0.50217
0.18825
0.11703
0.58996
0.56650
0.25614
0.55471
0.43349
0.07159
0.42229
0.22881
0.42445
0.46645
0.43349
0.38790
0.42743
0.19330
0.10336
0.07490
0.26690
0.22014
0.16214
0.18990
0.09931
0.47896
0.22115
0.09925
0.17357
0.27944
0.10700
0.09742
0.15046
0.21989
0.43221
0.14113
0.09943
0.16001
0.43030
0.13245
0.10004
0.40296
0.61361
0.57893
0.49891
0.56985
0.16293
0.09971
0.42958
0.09818
0.40702
0.41710
0.06244
0.13782
0.42830
0.26877
0.40594
0.50248
0.61704
0.44192
0.29802
0.11102
0.18427
0.05833
0.12274
0.24315
0.40470
0.41672
0.22785
0.05305
0.14933
0.20598
0.24315
0.15041
0.18150
0.38781
0.48449
0.14383
0.34342
0.09162
0.11071
0.26873
0.08366
0.11941
0.14963
0.56806
0.48105
0.09790
0.10892
0.05639
0.19204
0.27253
0.10863
0.51058
0.15086
0.08876
0.16479
0.30374
0.18628
0.39056
0.17576
0.16410
0.10225
0.38289
0.21122
0.49488
0.11101
0.15673
0.07767
0.28270
0.26395
0.62384
0.11893
0.27866
0.20532
0.05629
0.39557
0.14715
0.39054
0.10346
0.28153
0.19198
0.05774
0.58981
0.24166
0.07506
0.19549
0.20264
0.12526
0.37530
0.54810
0.05700
0.40055
0.29587
0.13344
0.49926
0.14758
0.56248
0.08921
0.19140
0.18874
0.60728
0.24562
0.08585
0.58035
0.45398
0.61621
0.42364
0.05831
0.24633
0.26797
0.13644
0.54498
0.37852
0.29971
0.06143
0.07244
0.15793
0.40676
0.18588
0.54883
0.43499
0.05651
0.13778
0.23716
0.24833
0.13959
0.06795
0.18214
0.50034
0.56087
0.22437
0.08266
0.45018
0.47900
0.07400
0.17826
0.61915
0.15660
0.44444
0.52542
0.11637
0.40718
0.06404
0.12883
0.37703
0.10485
0.42451
0.05780
0.12798
0.62932
0.15451
0.09219
0.55345
0.10243
0.43520
0.55566
0.12018
0.47150
0.14963
0.55144
0.04963
0.54617
0.15500
0.18807
0.19147
0.42030
0.21905
0.36421
0.36555
0.56276
0.58008
0.44393
0.20512
0.22437
0.23757
0.09282
0.52367
0.59504
0.35860
0.40451
0.20675
0.22274
0.14283
0.27794
0.57294
0.05923
0.18330
0.16998
0.51045
0.11922
0.13198
0.50255
0.25205
0.40962
0.41585
0.59503
0.27302
0.06558
0.08162
0.08899
0.28393
0.51388
0.09180
0.50035
0.54411
0.21850
0.61524
0.50869
0.23711
0.25448
0.53436
0.17692
0.13260
0.55656
0.17810
0.05778
0.19668
0.45068
0.05411
0.15171
0.27031
0.29022
0.08664
0.07999
0.21342
0.22215
0.67755
0.17049
0.16777
0.42742
0.52671
0.18882
0.41098
0.48006
0.22972
0.14843
0.19248
0.40869
0.06479
0.61808
0.24324
0.05662
0.18575
0.39369
0.29777
0.36391
0.39004
0.05366
0.12531
0.51236
0.41191
0.36445
0.21399
0.20369
0.20774
0.15761
0.14605
0.38462
0.37869
0.17554
0.39422
0.41708
0.47337
0.10490
0.42145
0.44128
0.24324
0.09666
0.40637
0.37726
0.10408
0.42179
0.37697
0.38862
0.19680
0.39106
0.48688
0.14644
0.06107
0.40440
0.22626
0.05273
0.51089
0.61603
0.14177
0.55762
0.14258
0.40675
0.12991
0.19680
0.39715
0.40047
0.48781
0.39322
0.23363
0.08016
0.43550
0.45764
0.38792
0.05766
0.08050
0.14903
0.40684
0.14929
0.08628
0.13783
0.08659
0.09866
0.55634
0.40203
0.44587
0.27478
0.39921
0.09075
0.36861
0.10499
0.25718
0.40001
0.21774
0.42259
0.52550
0.53968
0.18510
0.48335
0.12237
0.10182
0.52556
0.41646
0.05716
0.08390
0.12827
0.52163
0.21324
0.40228
0.12076
0.39830
0.12693
0.39802
0.36812
0.15196
0.15321
0.07968
0.18469
0.28125
0.51966
0.17998
0.37867
0.29626
0.11376
0.40125
0.40865
0.13421
0.12839
0.12775
0.09861
0.57405
0.57881
0.21388
0.42058
0.60766
0.36585
0.45288
0.40341
0.29381
0.07172
0.08177
0.51846
0.08082
0.58228
0.05744
0.44176
0.61519
0.66923
0.05282
0.09770
0.39546
0.49885
0.41233
0.43455
0.48179
0.40137
0.50990
0.10179
0.10833
0.06143
0.51454
0.42130
0.45186
0.45877
0.50108
0.13834
0.29888
0.21578
0.15899
0.14455
0.50508
0.13464
0.41984
0.05611
0.25377
0.40000
0.53785
0.05913
0.05631
0.23922
0.05765
0.09721
0.09345
0.57058
0.09336
0.42915
0.07172
0.49929
0.40782
0.40267
0.36555
0.50361
0.08723
0.42615
0.37804
0.10903
0.49271
0.08753
0.41703
0.20878
0.05317
0.09396
0.08322
0.24275
0.14452
0.36551
0.42411
0.41167
0.11649
0.14961
0.06147
0.06733
0.16107
0.39803
0.60088
0.05563
0.42374
0.05770
0.05779
0.41561
0.37853
0.20318
0.39934
0.49766
0.13910
0.16564
0.23934
0.12676
0.10659
0.20830
0.41034
0.16135
0.11698
0.48504
0.09078
0.30052
0.20572
0.41724
0.17119
0.47906
0.18635
0.11640
0.41518
0.59216
0.14967
0.09078
0.42276
0.35936
0.30223
0.12928
0.41597
0.43758
0.05541
0.14571
0.16317
0.44689
0.41518
0.44549
0.16533
0.12293
0.41799
0.23751
0.41626
0.46296
0.17003
0.42248
0.09560
0.43534
0.08701
0.61457
0.21024
0.26940
0.31963
0.11002
0.17157
0.40978
0.60355
0.13085
0.47713
0.24693
0.61835
0.50508
0.05331
0.41843
0.37162
0.43875
0.58955
0.43045
0.46411
0.11355
0.06603
0.46970
0.41141
0.16505
0.50391
0.18197
0.51804
0.40977
0.52034
0.41518
0.42164
0.20072
0.49373
0.42460
0.10822
0.44146
0.14927
0.40904
0.16310
0.41865
0.15742
0.06330
0.16796
0.11803
0.51944
0.42847
0.32661
0.28357
0.58559
0.50450
0.40904
0.13649
0.18661
0.18662
0.42975
0.51169
0.54777
0.55497
0.47738
0.11422
0.17580
0.16131
0.43255
0.09113
0.18847
0.32481
0.39546
0.17062
0.34895
0.54887
0.12725
0.38516
0.15471
0.33755
0.36465
0.10649
0.14912
0.32177
0.22054
0.22215
0.05607
0.15208
0.19350
0.12150
0.50916
0.14651
0.47874
0.54363
0.08415
0.57425
0.16856
0.61543
0.05732
0.19102
0.10854
0.40412
0.05428
0.17189
0.55410
0.39185
0.08041
0.57147
0.07414
0.13201
0.16254
0.09861
0.11966
0.07854
0.29853
0.11827
0.40151
0.41746
0.06011
0.34754
0.40488
0.40829
0.42681
0.56448
0.42988
0.56254
0.28504
0.17197
0.16418
0.32959
0.40039
0.37875
0.56346
0.27785
0.18738
0.14979
0.54764
0.31206
0.39113
0.31391
0.06749
0.24987
0.54385
0.25067
0.12514
0.10226
0.41501
0.48463
0.51722
0.07627
0.10228
0.50812
0.31000
0.42081
0.25437
0.47667
0.25010
0.23833
0.16185
0.09820
0.15981
0.28256
0.07627
0.13223
0.63446
0.38571
0.50360
0.06628
0.05329
0.35132
0.19760
0.24628
0.42815
0.16717
0.36918
0.30839
0.06581
0.56020
0.40825
0.18695
0.16836
0.55591
0.23801
0.22204
0.10720
0.39710
0.27079
0.42120
0.05633
0.08572
0.35637
0.39703
0.15774
0.42206
0.14012
0.37970
0.44208
0.42827
0.39259
0.17021
0.43512
0.41804
0.21060
0.13342
0.13498
0.21125
0.59307
0.15173
0.14233
0.14942
0.42752
0.15818
0.43021
0.15335
0.39741
0.62695
0.19802
0.50842
0.64655
0.44501
0.11002
0.44808
0.09098
0.15295
0.41012
0.16844
0.17296
0.05692
0.63562
0.57211
0.24856
0.60487
0.41604
0.44322
0.16021
0.47238
0.44241
0.45066
0.53140
0.12871
0.42012
0.42934
0.42457
0.45864
0.23575
0.40605
0.08129
0.40487
0.18360
0.41448
0.42979
0.46065
0.31628
0.41350
0.23639
0.40906
0.26898
0.41114
0.05634
0.42310
0.19258
0.11324
0.09128
0.30103
0.05559
0.50140
0.25647
0.44414
0.44306
0.21693
0.52161
0.20355
0.28405
0.21278
0.46099
0.38666
0.19739
0.39322
0.53184
0.42286
0.40656
0.24523
0.41791
0.29438
0.05851
0.41204
0.26209
0.36891
0.44451
0.28542
0.61499
0.57329
0.18114
0.41391
0.10401
0.40131
0.50404
0.13962
0.45675
0.47999
0.43582
0.23552
0.56723
0.37913
0.41791
0.51806
0.24407
0.18772
0.28329
0.21652
0.44844
0.34184
0.23938
0.49854
0.08728
0.39661
0.16479
0.57935
0.09622
0.15187
0.43631
0.05110
0.05575
0.51052
0.55560
0.16799
0.06354
0.48175
0.05927
0.51371
0.43846
0.49783
0.05110
0.12552
0.05074
0.41425
0.47884
0.40771
0.12249
0.25715
0.49752
0.38236
0.41164
0.40569
0.07716
0.17291
0.29372
0.19767
0.38857
0.08048
0.48939
0.17578
0.19767
0.50410
0.08668
0.21325
0.22340
0.14622
0.18391
0.39305
0.37292
0.29052
0.10136
0.22618
0.18241
0.11366
0.55395
0.14941
0.41944
0.15685
0.52159
0.22284
0.25566
0.37708
0.20956
0.49963
0.48328
0.17609
0.56601
0.26064
0.08833
0.09591
0.48959
0.14734
0.42209
0.37526
0.40535
0.13490
0.19110
0.41188
0.31982
0.37835
0.18798
0.46813
0.19418
0.17504
0.40337
0.45357
0.48190
0.19339
0.15225
0.43461
0.40392
0.41669
0.43711
0.38633
0.38935
0.10797
0.23484
0.21672
0.39885
0.33832
0.37878
0.38766
0.41606
0.40003
0.37160
0.48114
0.10167
0.38693
0.38086
0.40412
0.31111
0.40074
0.43582
0.10307
0.15836
0.12211
0.41821
0.10963
0.35488
0.41044
0.46932
0.45420
0.35184
0.40795
0.18890
0.40626
0.43867
0.37620
0.40030
0.24599
0.41922
0.41690
0.44825
0.18580
0.57731
0.40138
0.18912
0.42308
0.45743
0.55638
0.14708
0.51467
0.41924
0.39624
0.40675
0.39028
0.44838
0.55811
0.48054
0.46024
0.39089
0.40472
0.40969
0.22086
0.45343
0.40276
0.39998
0.41938
0.40308
0.35869
0.11758
0.42571
0.38680
0.41360
0.41693
0.44146
0.20629
0.15879
0.39508
0.11094
0.12873
0.44880
0.41139
0.40386
0.47733
0.39023
0.37074
0.25991
0.37784
0.39504
0.15862
0.13670
0.45086
0.39602
0.42086
0.40534
0.23091
0.05186
0.39566
0.31381
0.25626
0.46639
0.38728
0.30348
0.14714
0.34647
0.38973
0.21039
0.39446
0.17493
0.36837
0.44513
0.10929
0.45480
0.43123
0.46402
0.37756
0.38535
0.38931
0.45658
0.08799
0.49441
0.38276
0.43681
0.37089
0.40754
0.38920
0.07840
0.39943
0.44243
0.41871
0.42338
0.20807
0.43948
0.26301
0.37203
0.21705
0.37984
0.43219
0.42536
0.15142
0.57989
0.47534
0.39838
0.45813
0.49649
0.17539
0.38656
0.41542
0.62526
0.17332
0.38590
0.19483
0.41484
0.40473
0.08781
0.09660
0.35732
0.16890
0.37063
0.32399
0.48113
0.36787
0.56694
0.59243
0.40931
0.39671
0.14661
0.11062
0.40321
0.19398
0.21312
0.47146
0.39055
0.40010
0.07540
0.35832
0.38208
0.43093
0.48158
0.40807
0.37844
0.35853
0.41071
0.10455
0.44449
0.39248
0.09470
0.38952
0.37685
0.51231
0.37052
0.10649
0.39897
0.34543
0.38446
0.39357
0.23053
0.32915
0.16190
0.35735
0.48458
0.42972
0.53027
0.47584
0.16373
0.18202
0.38868
0.42384
0.13107
0.20100
0.41809
0.46764
0.48477
0.44374
0.06363
0.39310
0.38515
0.12275
0.55389
0.51173
0.13410
0.42384
0.07428
0.38645
0.10497
0.20738
0.08355
0.16300
0.33337
0.15422
0.60173
0.39375
0.22235
0.41862
0.04429
0.45891
0.50424
0.28439
0.39939
0.06324
0.17045
0.05989
0.37036
0.07956
0.10347
0.40159
0.39737
0.38346
0.21014
0.50365
0.31876
0.27371
0.06179
0.50624
0.51173
0.37678
0.42770
0.16611
0.19938
0.40117
0.15175
0.55639
0.05574
0.62919
0.08718
0.28000
0.58849
0.58688
0.40992
0.14492
0.38682
0.40691
0.23458
0.19152
0.59109
0.08297
0.50817
0.43007
0.39738
0.09347
0.53389
0.40822
0.16355
0.10873
0.59908
0.16513
0.14981
0.42771
0.52962
0.59408
0.44714
0.60492
0.19473
0.40254
0.41490
0.55193
0.59762
0.41619
0.20943
0.44714
0.05249
0.42235
0.10569
0.31890
0.09643
0.41706
0.51379
0.54192
0.05294
0.56364
0.06743
0.09867
0.22634
0.21524
0.17132
0.09794
0.12685
0.44332
0.09794
0.56674
0.40396
0.39873
0.39286
0.17818
0.12763
0.17485
0.51319
0.43169
0.44080
0.08126
0.06092
0.28416
0.35946
0.62622
0.60428
0.14673
0.08414
0.36436
0.16602
0.05016
0.36509
0.49780
0.39297
0.55987
0.06315
0.08500
0.09569
0.35651
0.38070
0.58465
0.16504
0.12117
0.54693
0.15278
0.38981
0.13072
0.06075
0.54028
0.21951
0.17170
0.17754
0.05252
0.37458
0.60577
0.57744
0.53910
0.24061
0.10332
0.33391
0.13154
0.16963
0.39751
0.39575
0.16825
0.12880
0.46320
0.09305
0.26072
0.12798
0.07516
0.08606
0.15940
0.09544
0.33257
0.11788
0.07903
0.48227
0.05152
0.16615
0.15074
0.16031
0.19092
0.45392
0.10164
0.13047
0.41639
0.18644
0.05686
0.10594
0.39759
0.12748
0.14294
0.08582
0.53135
0.16173
0.33127
0.45572
0.15367
0.41767
0.13447
0.33001
0.08049
0.58816
0.04806
0.10347
0.14957
0.07652
0.61928
0.40602
0.06031
0.09921
0.14356
0.06354
0.09757
0.53180
0.42400
0.14135
0.05597
0.47787
0.42446
0.10315
0.41031
0.55406
0.56477
0.55166
0.20670
0.27261
0.51458
0.09422
0.11259
0.11991
0.46740
0.39802
0.24321
0.18642
0.08264
0.10387
0.30225
0.09056
0.40885
0.14483
0.28621
0.26266
0.15020
0.37595
0.07329
0.43377
0.05618
0.41117
0.06180
0.30774
0.38388
0.18515
0.54672
0.52419
0.45670
0.10315
0.10600
0.55598
0.45919
0.40259
0.38388
0.63947
0.06075
0.06933
0.43740
0.37304
0.12080
0.05518
0.42877
0.14415
0.16083
0.23118
0.05167
0.20057
0.07363
0.10248
0.15063
0.50318
0.37882
0.21373
0.15453
0.47576
0.15081
0.16595
0.21575
0.13337
0.06879
0.27680
0.51615
0.06171
0.08644
0.42664
0.24563
0.56951
0.15703
0.15844
0.05204
0.24603
0.19717
0.10348
0.22069
0.10782
0.10947
0.43264
0.12323
0.42054
0.06580
0.39800
0.05571
0.18988
0.30283
0.51247
0.19202
0.09991
0.14376
0.42279
0.24429
0.40777
0.10296
0.44473
0.10782
0.06864
0.18477
0.15431
0.22615
0.38373
0.13589
0.14177
0.42623
0.06524
0.05679
0.23178
0.06195
0.06339
0.28217
0.15574
0.54257
0.05377
0.09761
0.05587
0.40297
0.14835
0.45027
0.09340
0.35855
0.24184
0.11455
0.18249
0.17664
0.20349
0.59432
0.42343
0.15516
0.15355
0.48239
0.41963
0.43699
0.20063
0.29889
0.23156
0.15541
0.41610
0.42229
0.40739
0.57933
0.50791
0.05470
0.44601
0.05867
0.05415
0.21448
0.40181
0.35711
0.56710
0.43293
0.18212
0.58719
0.11317
0.64396
0.51195
0.56851
0.55179
0.22301
0.07711
0.16823
0.44921
0.16747
0.05450
0.51864
0.28864
0.45285
0.24429
0.17132
0.19988
0.15117
0.62031
0.40323
0.61446
0.58083
0.50604
0.17137
0.39020
0.20349
0.56987
0.56410
0.08819
0.16458
0.05735
0.15521
0.11128
0.20356
0.58054
0.10937
0.05637
0.06397
0.05491
0.28301
0.18227
0.28313
0.09182
0.05875
0.24286
0.17343
0.15433
0.40096
0.09800
0.48977
0.45092
0.19114
0.23527
0.31407
0.10925
0.54300
0.14709
0.40722
0.56581
0.21332
0.12656
0.26855
0.37780
0.17567
0.10400
0.11284
0.16134
0.18334
0.13533
0.11044
0.16610
0.21544
0.13973
0.06260
0.12172
0.56250
0.25256
0.37482
0.06264
0.11044
0.10721
0.49673
0.09673
0.54569
0.42639
0.58243
0.51393
0.23660
0.42381
0.10259
0.51349
0.50539
0.37436
0.42740
0.41754
0.08127
0.09787
0.19843
0.05360
0.42094
0.55274
0.10896
0.17038
0.31069
0.10088
0.38947
0.20113
0.13100
0.13119
0.22294
0.47792
0.32869
0.21539
0.13650
0.10102
0.10276
0.22038
0.25374
0.57257
0.50280
0.11126
0.47437
0.06887
0.16309
0.56272
0.56619
0.17817
0.41244
0.21557
0.12477
0.08292
0.14156
0.63892
0.08919
0.39384
0.42503
0.39411
0.15669
0.09689
0.17154
0.09689
0.09457
0.07928
0.41294
0.05214
0.13920
0.09639
0.51214
0.14244
0.11342
0.66299
0.36616
0.57662
0.39384
0.41289
0.41107
0.14607
0.43621
0.50298
0.39670
0.40311
0.46494
0.36168
0.05741
0.08804
0.14953
0.27890
0.39944
0.26602
0.34719
0.42345
0.15729
0.41946
0.20789
0.16888
0.39060
0.12280
0.55349
0.55428
0.39865
0.15410
0.16722
0.41482
0.14924
0.44696
0.36213
0.14992
0.39029
0.10988
0.57092
0.19242
0.20330
0.19322
0.18539
0.16596
0.09471
0.08333
0.47602
0.06328
0.09994
0.58016
0.48933
0.05414
0.43111
0.38358
0.41783
0.19022
0.38142
0.55609
0.11029
0.37258
0.05791
0.35941
0.26197
0.48659
0.46263
0.43704
0.13097
0.56692
0.42310
0.40838
0.46861
0.46538
0.23086
0.08191
0.44838
0.23630
0.41348
0.44838
0.37880
0.12810
0.10927
0.39462
0.44966
0.37947
0.09392
0.04994
0.36952
0.41998
0.23486
0.17501
0.06545
0.59139
0.14207
0.09851
0.48818
0.26420
0.15233
0.38419
0.10089
0.13720
0.18288
0.23216
0.40133
0.61162
0.46231
0.12057
0.48227
0.37092
0.38799
0.06569
0.19987
0.09512
0.46428
0.59882
0.41783
0.46415
0.13012
0.38405
0.08047
0.47310
0.11858
0.42542
0.39485
0.11385
0.27570
0.25032
0.22485
0.39439
0.38439
0.38680
0.05376
0.45578
0.41577
0.17332
0.15450
0.39185
0.09162
0.40328
0.14466
0.22919
0.07812
0.15431
0.14115
0.39047
0.09177
0.36152
0.37773
0.19298
0.07777
0.38451
0.48768
0.40909
0.17915
0.58558
0.15533
0.50789
0.08653
0.07918
0.51287
0.57173
0.06290
0.50259
0.51557
0.46157
0.44375
0.40915
0.15052
0.43278
0.40290
0.18144
0.43862
0.32442
0.08146
0.17291
0.41531
0.11174
0.59813
0.42725
0.17540
0.15880
0.07685
0.43753
0.07634
0.58592
0.16868
0.27851
0.41695
0.08933
0.06477
0.42760
0.52760
0.39172
0.60463
0.17395
0.08936
0.45809
0.28727
0.10010
0.09769
0.55928
0.48575
0.16928
0.39932
0.12185
0.48653
0.07489
0.18068
0.41498
0.37532
0.27726
0.43518
0.41788
0.06800
0.06207
0.55864
0.39132
0.16954
0.17565
0.08108
0.20348
0.46512
0.05501
0.41288
0.45297
0.58701
0.44311
0.39365
0.43253
0.45595
0.51451
0.44932
0.57881
0.05803
0.45657
0.09923
0.49025
0.44857
0.45130
0.05944
0.42011
0.42250
0.11514
0.44700
0.42020
0.40847
0.59843
0.07820
0.37140
0.07421
0.25680
0.36672
0.05106
0.37972
0.08936
0.15907
0.21988
0.14797
0.20690
0.40112
0.36242
0.12656
0.04976
0.39604
0.23266
0.40333
0.17032
0.55036
0.13283
0.48708
0.12181
0.56214
0.53462
0.11185
0.13162
0.15452
0.56514
0.39301
0.11415
0.09474
0.56943
0.46890
0.38289
0.10568
0.14002
0.10886
0.15288
0.22330
0.25665
0.35850
0.17296
0.37952
0.39986
0.46989
0.39103
0.36423
0.40368
0.54334
0.27074
0.05261
0.14136
0.05847
0.10231
0.05671
0.05333
0.16000
0.09629
0.15999
0.16899
0.07421
0.58431
0.10208
0.41932
0.06302
0.13411
0.41191
0.39499
0.42183
0.41092
0.38827
0.13366
0.05417
0.08570
0.11212
0.46118
0.47215
0.09408
0.23021
0.36065
0.43813
0.15756
0.40438
0.43813
0.36895
0.43687
0.49699
0.16789
0.10231
0.26237
0.41246
0.43499
0.17645
0.21753
0.39981
0.35667
0.50218
0.58254
0.07509
0.06868
0.08488
0.05777
0.55086
0.29987
0.14791
0.19752
0.25746
0.40873
0.41148
0.26535
0.42460
0.06971
0.12874
0.55520
0.58994
0.13374
0.39101
0.15496
0.49710
0.23285
0.23341
0.08144
0.32381
0.08755
0.10719
0.24581
0.08482
0.37988
0.25487
0.47836
0.20505
0.29521
0.09778
0.06700
0.08854
0.55617
0.05323
0.40267
0.40893
0.38215
0.38352
0.05829
0.14825
0.07383
0.48747
0.55401
0.24472
0.33485
0.14128
0.16557
0.42382
0.32243
0.39358
0.40567
0.58904
0.23367
0.14035
0.42058
0.27066
0.10596
0.56155
0.28698
0.58188
0.50705
0.22705
0.56361
0.17815
0.16313
0.41717
0.51133
0.07425
0.05455
0.30893
0.23444
0.07763
0.19998
0.32091
0.23472
0.42569
0.05589
0.15218
0.14824
0.38326
0.40113
0.49178
0.32527
0.42564
0.17710
0.13229
0.49709
0.09980
0.05377
0.47542
0.56105
0.09846
0.20256
0.08665
0.16878
0.13884
0.16434
0.40486
0.42469
0.08290
0.26833
0.05275
0.60938
0.28461
0.56209
0.08215
0.36346
0.11337
0.41766
0.56264
0.51208
0.64553
0.18976
0.12450
0.14431
0.43935
0.05883
0.52770
0.05973
0.14044
0.12264
0.24462
0.07053
0.50158
0.15498
0.60747
0.62007
0.28259
0.44400
0.28358
0.46811
0.42942
0.17106
0.17598
0.44002
0.09942
0.18086
0.21491
0.14750
0.25639
0.14626
0.16434
0.54761
0.48765
0.28035
0.59009
0.17238
0.13944
0.09754
0.05820
0.34676
0.16687
0.09557
0.41589
0.59129
0.28297
0.58648
0.26229
0.45082
0.14295
0.52093
0.43334
0.45597
0.50300
0.11988
0.16083
0.15042
0.26581
0.06764
0.64057
0.62633
0.38427
0.09078
0.13919
0.60084
0.40207
0.21375
0.58179
0.17446
0.08192
0.56925
0.14892
0.47713
0.15575
0.59730
0.39478
0.13619
0.37041
0.09093
0.24684
0.61652
0.47822
0.07400
0.08975
0.08828
0.15056
0.13204
0.60198
0.09257
0.54864
0.39809
0.58147
0.60610
0.26740
0.47416
0.29165
0.05168
0.05627
0.19566
0.08825
0.49919
0.61654
0.18203
0.36427
0.60348
0.38947
0.22192
0.40162
0.48186
0.44286
0.18049
0.38571
0.54785
0.44278
0.15485
0.16130
0.08528
0.49115
0.38757
0.17812
0.11067
0.48560
0.39612
0.26497
0.49018
0.10622
0.36098
0.13665
0.10060
0.10902
0.16264
0.39950
0.43441
0.47559
0.20650
0.62271
0.26776
0.58720
0.23742
0.18358
0.08993
0.40694
0.24473
0.16035
0.39820
0.13933
0.09422
0.14510
0.43385
0.37189
0.22939
0.46958
0.29259
0.48200
0.58997
0.48652
0.40127
0.12667
0.49863
0.17513
0.08293
0.15818
0.37633
0.19880
0.09860
0.09459
0.08005
0.39703
0.46845
0.25042
0.16216
0.19231
0.29757
0.49830
0.08830
0.59539
0.21420
0.14293
0.09856
0.30235
0.42407
0.08789
0.18838
0.49243
0.15816
0.42541
0.09080
0.22179
0.12004
0.07764
0.11132
0.51725
0.27684
0.14353
0.21450
0.39999
0.17112
0.51365
0.38299
0.52567
0.41586
0.06121
0.14012
0.39969
0.11339
0.10177
0.05718
0.12417
0.19009
0.09860
0.20888
0.16421
0.06842
0.47424
0.29757
0.22207
0.14576
0.15818
0.40841
0.48304
0.24656
0.27369
0.26949
0.40487
0.10777
0.46038
0.17030
0.32100
0.13840
0.46977
0.30410
0.56536
0.57979
0.08493
0.43795
0.42000
0.11929
0.23577
0.49753
0.55141
0.08680
0.24631
0.10573
0.14763
0.27481
0.10220
0.19844
0.17805
0.24110
0.11232
0.10090
0.05568
0.43074
0.48587
0.32577
0.40127
0.38777
0.57906
0.21279
0.46853
0.22342
0.24259
0.16228
0.13707
0.11552
0.24087
0.39146
0.39994
0.58088
0.48336
0.24973
0.43961
0.25887
0.20437
0.05583
0.54329
0.14257
0.21118
0.56105
0.19901
0.10725
0.54862
0.26711
0.44056
0.15854
0.11738
0.59559
0.10384
0.08030
0.17316
0.48990
0.48292
0.15238
0.08606
0.42740
0.12861
0.07711
0.14685
0.64569
0.39959
0.18979
0.45671
0.39333
0.43858
0.57365
0.49315
0.08601
0.39196
0.41816
0.29522
0.18640
0.43239
0.22064
0.59546
0.19923
0.40608
0.11977
0.54371
0.61653
0.13325
0.07932
0.25106
0.25759
0.45784
0.47105
0.44169
0.24107
0.38878
0.16034
0.12010
0.48542
0.05610
0.07866
0.38191
0.18331
0.09139
0.57463
0.15157
0.30809
0.16523
0.34837
0.51503
0.50806
0.13618
0.23172
0.38135
0.45958
0.37277
0.34865
0.38734
0.21745
0.13912
0.20882
0.46899
0.13783
0.41105
0.39279
0.11481
0.42224
0.39668
0.42048
0.57728
0.14172
0.23811
0.17461
0.18374
0.08206
0.14666
0.41792
0.21492
0.13861
0.45714
0.52939
0.42684
0.42672
0.49210
0.13536
0.36142
0.48545
0.24923
0.44475
0.42854
0.40097
0.26183
0.16275
0.38646
0.39189
0.40845
0.42571
0.35291
0.17073
0.37944
0.51469
0.38896
0.56768
0.42896
0.39397
0.12873
0.40651
0.46450
0.40131
0.09788
0.39086
0.38572
0.20488
0.36943
0.37552
0.38810
0.39678
0.16032
0.43958
0.21841
0.41500
0.40477
0.35413
0.15346
0.31813
0.40641
0.45758
0.39626
0.52085
0.55345
0.40884
0.41354
0.35674
0.43963
0.52443
0.24471
0.50319
0.52299
0.40259
0.15798
0.15798
0.45094
0.42740
0.55268
0.51281
0.56583
0.22470
0.11815
0.59094
0.39489
0.34276
0.39815
0.29538
0.41525
0.49402
0.21458
0.55255
0.41582
0.49281
0.40841
0.27612
0.45278
0.40282
0.13240
0.40625
0.10126
0.06516
0.13602
0.40675
0.13886
0.11107
0.16126
0.43191
0.41112
0.16870
0.19569
0.39302
0.20967
0.40651
0.11671
0.17556
0.19225
0.38853
0.23747
0.21183
0.41520
0.17924
0.37678
0.22025
0.18359
0.14153
0.09332
0.41003
0.39523
0.39286
0.55177
0.08200
0.35580
0.08867
0.39772
0.39062
0.34562
0.16227
0.42564
0.38067
0.24609
0.38564
0.27457
0.38661
0.35914
0.57990
0.29676
0.16486
0.49373
0.09699
0.09858
0.38050
0.14153
0.08383
0.51492
0.10606
0.54769
0.40162
0.05269
0.09400
0.55707
0.09059
0.24609
0.12480
0.39736
0.37678
0.09557
0.12558
0.38499
0.13962
0.11362
0.07931
0.17429
0.17956
0.45561
0.37601
0.41553
0.16871
0.40180
0.12807
0.56758
0.48232
0.56783
0.43924
0.20668
0.08924
0.10569
0.57219
0.44008
0.12356
0.40066
0.40396
0.46541
0.52218
0.11407
0.55147
0.10848
0.16369
0.44858
0.20036
0.18313
0.18955
0.08301
0.20113
0.57066
0.42224
0.06682
0.25193
0.40806
0.37439
0.40180
0.19379
0.44858
0.18220
0.53554
0.38238
0.29123
0.46040
0.57303
0.41414
0.31356
0.45633
0.24495
0.33644
0.05729
0.50847
0.18220
0.39511
0.13683
0.10642
0.40204
0.08769
0.15095
0.05574
0.41172
0.41733
0.12379
0.14056
0.43092
0.14493
0.10147
0.16018
0.09086
0.34240
0.49538
0.12278
0.34131
0.11046
0.13746
0.44079
0.20196
0.39281
0.05479
0.18627
0.41115
0.36200
0.19000
0.07551
0.10014
0.32012
0.06943
0.14239
0.05209
0.04730
0.06444
0.35567
0.39011
0.08323
0.42245
0.13537
0.05152
0.09723
0.11274
0.36032
0.08642
0.35651
0.05116
0.46871
0.43432
0.51181
0.09860
0.19126
0.34369
0.36343
0.18705
0.49808
0.10367
0.42480
0.05468
0.12459
0.40513
0.16336
0.15060
0.22840
0.44577
0.18756
0.08758
0.13535
0.56322
0.07074
0.13946
0.23644
0.13682
0.15796
0.11193
0.47818
0.14293
0.05717
0.40623
0.39596
0.43655
0.17379
0.38577
0.56471
0.38488
0.21617
0.46672
0.15870
0.08689
0.41073
0.47937
0.06400
0.42143
0.12124
0.13653
0.16403
0.07989
0.08378
0.40149
0.08926
0.41676
0.54582
0.17130
0.16146
0.15170
0.36933
0.09587
0.40543
0.53876
0.35908
0.44213
0.18119
0.40150
0.05122
0.39878
0.48359
0.46504
0.09556
0.16251
0.38790
0.39123
0.38559
0.07734
0.09517
0.19907
0.52534
0.09657
0.09527
0.63137
0.49012
0.16170
0.08593
0.13350
0.17871
0.20764
0.40197
0.37047
0.15396
0.09627
0.08378
0.21470
0.08628
0.19126
0.21555
0.41539
0.40554
0.39769
0.14269
0.36200
0.08475
0.26380
0.49532
0.27655
0.56328
0.50598
0.09549
0.45880
0.50253
0.12761
0.37477
0.14531
0.49857
0.09945
0.11106
0.19671
0.28862
0.10271
0.18908
0.11409
0.52266
0.10566
0.60245
0.47176
0.15464
0.07119
0.63375
0.42828
0.38286
0.41748
0.40771
0.43911
0.09805
0.23778
0.18437
0.29859
0.17730
0.26419
0.06049
0.42662
0.05658
0.10717
0.37565
0.50671
0.08610
0.05865
0.39459
0.18333
0.19427
0.51307
0.12171
0.42992
0.15598
0.40583
0.50264
0.10681
0.21939
0.08947
0.10151
0.56626
0.16611
0.42467
0.50523
0.18723
0.10681
0.52820
0.21329
0.51147
0.07400
0.43699
0.09053
0.51754
0.43470
0.15439
0.48126
0.18024
0.12233
0.14283
0.32233
0.23384
0.49644
0.09053
0.29313
0.39689
0.32857
0.48116
0.51387
0.54280
0.07997
0.26032
0.48552
0.40102
0.40128
0.24367
0.52645
0.11909
0.08033
0.14772
0.41429
0.21889
0.25011
0.14830
0.27296
0.36139
0.18725
0.27272
0.24970
0.39044
0.41206
0.18341
0.40675
0.24888
0.48869
0.41824
0.62239
0.59002
0.40994
0.43358
0.26106
0.22925
0.27257
0.43732
0.48642
0.46990
0.13636
0.43871
0.13022
0.51178
0.42808
0.17856
0.41634
0.40393
0.15542
0.14577
0.19842
0.12144
0.49616
0.33239
0.22893
0.39019
0.47734
0.41280
0.25406
0.43358
0.25645
0.40994
0.24801
0.28673
0.46557
0.39510
0.40435
0.15758
0.09166
0.18938
0.28773
0.40866
0.44356
0.17962
0.18609
0.45352
0.21904
0.45054
0.45157
0.10963
0.52952
0.08493
0.15201
0.39825
0.13759
0.40778
0.14991
0.16512
0.09255
0.42398
0.48030
0.07354
0.41037
0.21023
0.16067
0.48503
0.42616
0.41323
0.40570
0.51145
0.45050
0.50866
0.10271
0.12218
0.40802
0.11796
0.50696
0.40113
0.42995
0.39275
0.59065
0.36883
0.40105
0.30977
0.21001
0.51906
0.48641
0.48801
0.16508
0.11940
0.39178
0.49381
0.38405
0.19764
0.39594
0.07036
0.41339
0.53362
0.39261
0.38954
0.14721
0.39848
0.17657
0.24455
0.48743
0.15736
0.39231
0.41343
0.09741
0.39744
0.38289
0.40057
0.45657
0.25531
0.26283
0.24889
0.48626
0.15530
0.47530
0.43148
0.43115
0.45847
0.44933
0.50691
0.44375
0.41219
0.39650
0.23076
0.42524
0.40221
0.28246
0.24274
0.44287
0.43805
0.18144
0.47171
0.41551
0.52321
0.56711
0.22542
0.33668
0.20106
0.49771
0.44375
0.41839
0.49278
0.49494
0.56320
0.39668
0.49521
0.51589
0.48949
0.57048
0.08763
0.16146
0.49957
0.39971
0.51012
0.38542
0.47681
0.40656
0.55159
0.26961
0.49979
0.19609
0.14901
0.42047
0.16876
0.49604
0.38247
0.38462
0.25999
0.19904
0.15525
0.22921
0.42179
0.16173
0.15545
0.36265
0.17978
0.14726
0.40151
0.20450
0.40482
0.36248
0.51646
0.41752
0.47426
0.27845
0.28498
0.56313
0.40756
0.42179
0.24227
0.23332
0.42888
0.49014
0.37996
0.15383
0.47547
0.37575
0.12945
0.54911
0.35232
0.16276
0.39369
0.06837
0.39369
0.35966
0.48144
0.46761
0.38462
0.46691
0.22381
0.09222
0.49148
0.39389
0.46836
0.46171
0.54033
0.23623
0.26001
0.15991
0.17382
0.20479
0.23683
0.58445
0.22643
0.06488
0.36895
0.38264
0.41304
0.47467
0.43828
0.37655
0.12823
0.41069
0.39369
0.38674
0.57764
0.39957
0.22374
0.56919
0.48733
0.18730
0.49871
0.56820
0.40548
0.08768
0.09433
0.17177
0.41597
0.63585
0.53644
0.11074
0.39717
0.09480
0.37773
0.10508
0.22462
0.18937
0.38812
0.16127
0.38978
0.55989
0.40680
0.44546
0.40267
0.08990
0.53756
0.43823
0.42243
0.43469
0.19874
0.16506
0.24227
0.14059
0.17508
0.51091
0.39246
0.07506
0.16714
0.47965
0.10807
0.44202
0.43679
0.42752
0.38067
0.44823
0.37902
0.10298
0.13111
0.46345
0.44215
0.11426
0.43659
0.50463
0.43269
0.09329
0.52844
0.47713
0.43968
0.20679
0.17571
0.57845
0.26404
0.45250
0.12021
0.56358
0.42339
0.16227
0.19128
0.46164
0.25614
0.12315
0.15742
0.44565
0.42607
0.62429
0.41876
0.09942
0.25630
0.06948
0.46006
0.41104
0.11396
0.57131
0.53018
0.47713
0.44825
0.43254
0.25768
0.43719
0.56716
0.09554
0.18314
0.28301
0.40207
0.16681
0.11398
0.19525
0.41332
0.10342
0.17014
0.41276
0.49924
0.49475
0.12400
0.41414
0.39113
0.30972
0.15549
0.42616
0.09943
0.44421
0.21479
0.40595
0.48716
0.40770
0.40796
0.09680
0.46237
0.41159
0.24073
0.37997
0.37705
0.11644
0.12852
0.43637
0.20691
0.50186
0.33978
0.39339
0.11103
0.26902
0.50665
0.49981
0.10342
0.23019
0.45276
0.35858
0.20051
0.40681
0.10009
0.38571
0.15259
0.42767
0.39545
0.09507
0.26114
0.49374
0.35277
0.10021
0.50831
0.43428
0.09153
0.49044
0.17532
0.45699
0.20234
0.11106
0.23277
0.43025
0.13033
0.18313
0.09807
0.47660
0.20920
0.14695
0.40841
0.09985
0.40221
0.40318
0.49118
0.18950
0.41774
0.11394
0.25805
0.11710
0.52451
0.42142
0.28733
0.11710
0.13440
0.17603
0.44414
0.41248
0.16509
0.11002
0.21033
0.36877
0.52916
0.12015
0.17769
0.21586
0.19044
0.48577
0.42099
0.52733
0.09527
0.40545
0.15924
0.25438
0.56739
0.25576
0.16804
0.49675
0.16877
0.12894
0.54462
0.43839
0.10942
0.40197
0.42584
0.50487
0.51313
0.43943
0.08571
0.18454
0.15406
0.46938
0.58048
0.09860
0.39244
0.13391
0.39739
0.13732
0.13632
0.38466
0.40683
0.10805
0.41715
0.34642
0.25221
0.16560
0.24613
0.12836
0.08632
0.47029
0.50005
0.16429
0.43097
0.18891
0.22100
0.07104
0.12490
0.42977
0.41056
0.07455
0.49667
0.43783
0.28261
0.41089
0.45557
0.24139
0.60694
0.19687
0.26638
0.38185
0.21105
0.40389
0.50615
0.39645
0.43963
0.14288
0.11845
0.09622
0.49448
0.13082
0.42960
0.14747
0.45413
0.20558
0.07819
0.42331
0.42372
0.11924
0.07072
0.51643
0.34040
0.54191
0.46834
0.40779
0.41391
0.24943
0.47946
0.08932
0.14372
0.09770
0.48222
0.16257
0.17184
0.51078
0.47341
0.42242
0.08386
0.12580
0.45561
0.43358
0.21574
0.10781
0.42620
0.43447
0.34686
0.10754
0.29599
0.48843
0.47088
0.50083
0.20686
0.13092
0.10437
0.39376
0.11991
0.08005
0.08501
0.54396
0.32513
0.37975
0.24382
0.26522
0.08466
0.40976
0.43000
0.55462
0.24628
0.46834
0.16902
0.13735
0.34627
0.46400
0.15743
0.16989
0.43146
0.08992
0.57370
0.41408
0.44288
0.50786
0.09067
0.39252
0.50961
0.36997
0.42865
0.27877
0.39755
0.15110
0.18249
0.50288
0.15446
0.44028
0.41934
0.18411
0.14174
0.07161
0.16278
0.43883
0.26218
0.20310
0.50380
0.50884
0.51659
0.42371
0.37918
0.50178
0.38885
0.23890
0.42736
0.43408
0.16156
0.17224
0.54117
0.52570
0.27085
0.42851
0.49833
0.10200
0.50945
0.42001
0.61695
0.24167
0.51667
0.59053
0.39823
0.50875
0.39619
0.39706
0.51584
0.41932
0.44173
0.50718
0.11602
0.40197
0.38029
0.37402
0.38037
0.26103
0.25774
0.08499
0.36441
0.45295
0.36644
0.45278
0.47061
0.38935
0.48172
0.13023
0.44821
0.39498
0.10876
0.41190
0.38725
0.38627
0.33973
0.13401
0.15709
0.44954
0.40095
0.46166
0.47050
0.16644
0.07125
0.09864
0.28997
0.38528
0.15398
0.37787
0.36389
0.47055
0.23351
0.42575
0.47204
0.39767
0.45260
0.42272
0.38124
0.17125
0.14062
0.42825
0.48725
0.38800
0.47000
0.11574
0.25471
0.41519
0.40746
0.16468
0.37259
0.43650
0.22935
0.19459
0.15977
0.22873
0.44384
0.39860
0.36064
0.40963
0.38862
0.11142
0.40908
0.42147
0.40722
0.49970
0.45889
0.47564
0.45743
0.44077
0.39806
0.13536
0.37911
0.35609
0.48513
0.38826
0.46445
0.39022
0.41530
0.49275
0.41647
0.40257
0.44167
0.40477
0.38165
0.19144
0.33585
0.44455
0.39898
0.25762
0.45290
0.23976
0.25445
0.39291
0.14281
0.37522
0.46048
0.44167
0.22275
0.39309
0.44376
0.30586
0.39124
0.40846
0.50724
0.43012
0.45040
0.38624
0.39229
0.39227
0.16163
0.43703
0.41301
0.33137
0.41487
0.37018
0.15180
0.48243
0.17019
0.09633
0.42291
0.45459
0.14051
0.09182
0.47230
0.52262
0.40631
0.09927
0.36058
0.38213
0.14820
0.46987
0.21043
0.45734
0.45318
0.40477
0.45803
0.38546
0.38176
0.37524
0.38385
0.09475
0.38870
0.22073
0.17604
0.39779
0.37596
0.20852
0.39399
0.38711
0.42249
0.37279
0.39076
0.08837
0.41054
0.40073
0.47870
0.41252
0.48065
0.41298
0.41388
0.39745
0.38352
0.40076
0.42994
0.39717
0.44272
0.43543
0.51199
0.48944
0.49441
0.11538
0.49398
0.21169
0.42536
0.47557
0.11592
0.48805
0.43752
0.21816
0.38276
0.16249
0.21520
0.42536
0.50760
0.22361
0.39918
0.61553
0.28600
0.08601
0.35071
0.44206
0.21148
0.35841
0.31247
0.10683
0.43444
0.27840
0.48430
0.40328
0.53159
0.19746
0.36261
0.09253
0.36992
0.47195
0.20105
0.36362
0.44764
0.07936
0.35329
0.34691
0.12832
0.14445
0.39913
0.26232
0.40297
0.35981
0.19498
0.16191
0.40189
0.39493
0.08601
0.38818
0.35489
0.42794
0.42087
0.15686
0.46117
0.39769
0.38605
0.27085
0.41765
0.39331
0.41116
0.10239
0.23535
0.11301
0.44343
0.14106
0.35454
0.40007
0.31324
0.39819
0.08355
0.39062
0.08471
0.44178
0.41642
0.38396
0.09518
0.39396
0.09121
0.39887
0.39730
0.42660
0.41660
0.39738
0.09942
0.22411
0.08497
0.38176
0.46921
0.41556
0.44665
0.43931
0.39260
0.43232
0.48635
0.41642
0.45222
0.08170
0.47267
0.48064
0.39995
0.35384
0.40738
0.10832
0.61948
0.27362
0.41766
0.13730
0.15525
0.39096
0.37310
0.45198
0.09323
0.25124
0.46707
0.12095
0.57792
0.25137
0.10120
0.49403
0.17461
0.41374
0.42123
0.48857
0.46678
0.41427
0.40924
0.40874
0.39784
0.16140
0.38603
0.55964
0.55631
0.21141
0.09266
0.16920
0.13156
0.13128
0.19768
0.44067
0.26609
0.10932
0.25626
0.42771
0.18998
0.10205
0.15266
0.16714
0.43555
0.12556
0.41986
0.08801
0.10949
0.15506
0.13858
0.40253
0.18789
0.11790
0.40826
0.07878
0.22029
0.08657
0.50947
0.50406
0.42245
0.45651
0.47368
0.11110
0.44304
0.38745
0.47296
0.36289
0.36683
0.45435
0.15672
0.17445
0.36378
0.17185
0.38595
0.14600
0.21267
0.24005
0.07936
0.20149
0.11239
0.17862
0.46948
0.14687
0.10812
0.11714
0.35574
0.10970
0.44983
0.45290
0.10797
0.09779
0.47225
0.34448
0.21864
0.10445
0.11121
0.38078
0.35464
0.39676
0.40557
0.48255
0.18541
0.42500
0.37145
0.18424
0.18926
0.22875
0.11830
0.47959
0.10347
0.11943
0.10678
0.49228
0.11167
0.11081
0.18895
0.12434
0.42400
0.10107
0.28621
0.14532
0.47366
0.13835
0.19119
0.16460
0.13126
0.36241
0.35674
0.11916
0.20246
0.09670
0.12893
0.15651
0.10563
0.19338
0.18392
0.19472
0.08415
0.19531
0.14174
0.11600
0.10347
0.17920
0.12150
0.38922
0.54208
0.12348
0.17835
0.12224
0.51907
0.24667
0.10840
0.07870
0.10761
0.20193
0.41466
0.27853
0.59194
0.20922
0.37255
0.40910
0.12829
0.18791
0.11008
0.14594
0.12881
0.20512
0.08301
0.13007
0.13357
0.13195
0.10606
0.41747
0.11383
0.22072
0.51226
0.15257
0.50632
0.08175
0.57818
0.42762
0.20749
0.46204
0.20107
0.19219
0.16852
0.16747
0.49115
0.19572
0.45738
0.42969
0.16875
0.16153
0.49907
0.25043
0.13797
0.10185
0.38004
0.28323
0.09277
0.10525
0.12140
0.18154
0.50664
0.11912
0.30024
0.13694
0.10700
0.11773
0.15764
0.22507
0.28397
0.13951
0.43008
0.24909
0.11518
0.11074
0.23367
0.19771
0.11880
0.50329
0.19070
0.27884
0.16923
0.12274
0.50347
0.16007
0.13211
0.10412
0.20177
0.49991
0.23418
0.10727
0.19495
0.11576
0.10716
0.21312
0.50613
0.12281
0.10834
0.10139
0.11839
0.18462
0.19575
0.55594
0.20848
0.13064
0.28558
0.22513
0.20728
0.55684
0.51483
0.10400
0.21765
0.13342
0.11690
0.28888
0.48034
0.12727
0.20915
0.15837
0.22006
0.16927
0.16779
0.21970
0.11679
0.12528
0.54383
0.13373
0.11495
0.16844
0.10106
0.12711
0.13408
0.12286
0.22194
0.12056
0.10708
0.27486
0.28967
0.07872
0.41874
0.48451
0.15033
0.10252
0.22918
0.53747
0.11327
0.57813
0.22403
0.52382
0.18686
0.58579
0.08367
0.20269
0.47171
0.49186
0.07225
0.24670
0.59476
0.48334
0.62930
0.13197
0.11921
0.56369
0.58906
0.30770
0.51661
0.12846
0.29151
0.14620
0.52012
0.14466
0.52819
0.18396
0.23046
0.10458
0.11056
0.18091
0.49931
0.56331
0.13022
0.14056
0.32531
0.57427
0.50433
0.24334
0.54826
0.56327
0.08249
0.14306
0.07657
0.54826
0.19184
0.12190
0.21060
0.11720
0.08484
0.10982
0.10606
0.13084
0.11913
0.58887
0.49740
0.12323
0.14596
0.10826
0.10748
0.50660
0.25334
0.10901
0.10266
0.42252
0.27227
0.10603
0.08723
0.07527
0.12110
0.12692
0.16624
0.25688
0.08626
0.10826
0.17229
0.37216
0.47484
0.09298
0.10121
0.24331
0.10529
0.56572
0.24266
0.19705
0.16978
0.60737
0.13509
0.13060
0.58748
0.11124
0.08376
0.19705
0.13417
0.08154
0.51444
0.53954
0.55737
0.10982
0.10550
0.17136
0.44804
0.17208
0.60291
0.22110
0.54733
0.56980
0.12995
0.11666
0.13012
0.28933
0.15006
0.13668
0.11536
0.11829
0.39821
0.15439
0.09961
0.12584
0.13496
0.13130
0.09419
0.22680
0.09928
0.55448
0.12381
0.18096
0.50583
0.10813
0.21111
0.08755
0.48492
0.55609
0.11934
0.08614
0.59026
0.54853
0.07632
0.15467
0.10274
0.12078
0.22184
0.09162
0.42659
0.13070
0.19568
0.27545
0.18715
0.26297
0.58863
0.38451
0.25989
0.57607
0.15100
0.13356
0.09687
0.15735
0.51748
0.16028
0.51712
0.14017
0.57669
0.40746
0.09033
0.42425
0.12188
0.28323
0.12120
0.26804
0.40962
0.52620
0.18515
0.11623
0.21208
0.40538
0.44523
0.10236
0.11517
0.57284
0.13930
0.12786
0.50189
0.17968
0.17933
0.54895
0.12188
0.43869
0.09976
0.16557
0.21822
0.17968
0.46079
0.59543
0.56099
0.24901
0.10274
0.08259
0.14471
0.57030
0.37848
0.11819
0.42325
0.19004
0.10705
0.13039
0.12166
0.58699
0.10666
0.16282
0.09807
0.09925
0.15377
0.15913
0.46524
0.18934
0.09712
0.08894
0.22508
0.11954
0.10079
0.12257
0.53440
0.19006
0.19535
0.12340
0.09161
0.09911
0.55599
0.41355
0.35186
0.18322
0.21182
0.17145
0.59249
0.18619
0.08638
0.09049
0.12332
0.54305
0.52326
0.25955
0.10622
0.40486
0.55057
0.53462
0.12063
0.11769
0.11058
0.10336
0.18069
0.13260
0.36114
0.09838
0.24170
0.53873
0.49481
0.54121
0.42438
0.13560
0.41560
0.40693
0.16230
0.25388
0.12968
0.18291
0.12170
0.39803
0.48473
0.28817
0.10883
0.11530
0.40223
0.09850
0.18701
0.11924
0.18312
0.10240
0.60528
0.10207
0.20831
0.11629
0.22649
0.42679
0.17769
0.50309
0.14024
0.40652
0.14329
0.60602
0.09967
0.14210
0.20280
0.11751
0.28048
0.24921
0.57624
0.49204
0.09298
0.41795
0.10186
0.21363
0.48179
0.17151
0.51908
0.16796
0.13126
0.11040
0.14756
0.12316
0.28469
0.11582
0.21982
0.14508
0.31660
0.14882
0.54885
0.15987
0.20263
0.09298
0.23129
0.12038
0.10905
0.49020
0.48130
0.10538
0.12731
0.10933
0.13265
0.18421
0.13263
0.14651
0.51934
0.58137
0.09343
0.58274
0.13074
0.41129
0.41295
0.58756
0.17685
0.09944
0.34629
0.26448
0.20522
0.46623
0.09866
0.45592
0.12861
0.12784
0.09989
0.45338
0.12975
0.14189
0.11084
0.20738
0.27023
0.38069
0.43109
0.51398
0.42112
0.50958
0.11705
0.28196
0.59404
0.47646
0.43269
0.35158
0.39495
0.09195
0.16131
0.37555
0.10211
0.17051
0.25295
0.18112
0.41161
0.41886
0.15912
0.43263
0.14834
0.39663
0.17483
0.31016
0.41782
0.63251
0.09633
0.16095
0.57739
0.57712
0.45250
0.08967
0.39349
0.20195
0.30462
0.17224
0.16446
0.22447
0.08200
0.28524
0.28435
0.42316
0.09557
0.29543
0.20125
0.46319
0.63647
0.09554
0.10564
0.11926
0.21513
0.10307
0.13729
0.16999
0.10645
0.11281
0.42878
0.18735
0.32429
0.23510
0.53963
0.29543
0.42210
0.09944
0.32475
0.50483
0.17088
0.30522
0.24954
0.12575
0.14540
0.44114
0.10455
0.61528
0.32196
0.09422
0.10875
0.15952
0.39899
0.56881
0.15324
0.39231
0.16674
0.21856
0.39779
0.41666
0.39404
0.17522
0.40942
0.13844
0.25372
0.54571
0.39612
0.56793
0.42339
0.41019
0.40192
0.20375
0.19296
0.10749
0.17163
0.62553
0.41733
0.53103
0.53183
0.41145
0.19202
0.15147
0.26175
0.39812
0.41528
0.43185
0.12584
0.56091
0.30350
0.42614
0.15048
0.41139
0.18851
0.39565
0.56668
0.17749
0.46893
0.42793
0.38965
0.14167
0.24264
0.08205
0.41865
0.39271
0.21117
0.39988
0.42493
0.39484
0.19718
0.39110
0.55712
0.48525
0.44822
0.20400
0.55672
0.38757
0.12131
0.55361
0.37153
0.40503
0.57683
0.14066
0.08798
0.19370
0.14533
0.39614
0.15350
0.58448
0.10469
0.18729
0.16984
0.40751
0.36836
0.16629
0.43363
0.43734
0.44778
0.60881
0.21101
0.10342
0.23439
0.14175
0.39712
0.15265
0.39885
0.39362
0.39647
0.09444
0.58829
0.09154
0.48194
0.40117
0.09476
0.40765
0.55672
0.12302
0.41911
0.36195
0.12164
0.12559
0.26514
0.39062
0.43746
0.35632
0.20917
0.50857
0.11052
0.09184
0.40737
0.09860
0.50558
0.44726
0.10003
0.18647
0.15656
0.59326
0.10805
0.12697
0.13483
0.40197
0.24727
0.09771
0.50332
0.12119
0.22553
0.10540
0.62456
0.56148
0.17588
0.20309
0.31944
0.61824
0.46119
0.20738
0.13134
0.09144
0.09350
0.12430
0.39874
0.21218
0.13857
0.49224
0.09483
0.42918
0.43304
0.42152
0.63715
0.16038
0.59478
0.11166
0.10854
0.36122
0.38141
0.12979
0.10074
0.52949
0.10805
0.40413
0.15823
0.13098
0.12415
0.18353
0.10072
0.12072
0.18713
0.13484
0.56471
0.09978
0.40343
0.09527
0.39391
0.16486
0.13571
0.24491
0.26374
0.09105
0.58817
0.42457
0.22782
0.43433
0.41573
0.08645
0.51971
0.39211
0.14173
0.10125
0.13039
0.25675
0.45155
0.11298
0.28770
0.10695
0.44049
0.11801
0.09622
0.11508
0.10000
0.09283
0.12655
0.25340
0.58472
0.36056
0.25340
0.27674
0.13261
0.09755
0.19649
0.31949
0.22217
0.09107
0.20645
0.53063
0.43041
0.13863
0.15209
0.16135
0.11256
0.19787
0.42154
0.42283
0.18917
0.49313
0.11051
0.43074
0.60508
0.41067
0.38016
0.57699
0.61840
0.11416
0.11845
0.58275
0.53697
0.41527
0.47779
0.56777
0.18294
0.46853
0.07581
0.10072
0.55152
0.25331
0.13970
0.15270
0.17504
0.18828
0.53184
0.11868
0.08680
0.38901
0.09838
0.42968
0.49842
0.54949
0.13413
0.56736
0.11921
0.42075
0.30575
0.23259
0.49877
0.40945
0.39605
0.39028
0.61207
0.40749
0.11083
0.44393
0.27465
0.40795
0.46166
0.42286
0.47789
0.09162
0.17172
0.09654
0.41732
0.15408
0.09680
0.11477
0.08907
0.36229
0.19512
0.07895
0.15807
0.14594
0.43582
0.40916
0.49783
0.15211
0.33403
0.10580
0.42603
0.52039
0.47882
0.50423
0.09294
0.14794
0.40290
0.11788
0.12724
0.51195
0.20186
0.57967
0.52657
0.13763
0.42140
0.15446
0.51918
0.44803
0.61587
0.13262
0.63375
0.62576
0.41537
0.08538
0.56323
0.09064
0.25635
0.43577
0.42509
0.39075
0.43139
0.09529
0.13053
0.10553
0.10673
0.44304
0.15399
0.24975
0.48328
0.56317
0.19727
0.17283
0.06979
0.46983
0.08591
0.13170
0.07602
0.11940
0.09986
0.42022
0.17032
0.16932
0.23638
0.45833
0.22951
0.16702
0.47239
0.47755
0.44160
0.20290
0.36413
0.12575
0.47994
0.13773
0.49192
0.08287
0.39047
0.25830
0.09517
0.41718
0.40692
0.37601
0.52596
0.36644
0.40254
0.13608
0.43470
0.45901
0.12121
0.46365
0.14550
0.46547
0.44109
0.40969
0.08188
0.25281
0.36927
0.39759
0.41182
0.12505
0.45397
0.39590
0.30887
0.08434
0.42606
0.09958
0.50887
0.46959
0.37450
0.14850
0.21738
0.22213
0.11032
0.40731
0.15961
0.20007
0.09842
0.48393
0.39266
0.20347
0.14585
0.12931
0.10058
0.17932
0.45171
0.24826
0.07925
0.50238
0.45708
0.39931
0.39808
0.50044
0.22540
0.12808
0.38553
0.37216
0.36698
0.13593
0.48877
0.48470
0.41810
0.12858
0.35990
0.38555
0.11638
0.42100
0.40198
0.48641
0.41957
0.47534
0.42854
0.40054
0.42379
0.39261
0.19341
0.23722
0.39531
0.39524
0.28137
0.39766
0.35221
0.38277
0.35696
0.19697
0.47408
0.36993
0.35795
0.44506
0.47782
0.44475
0.45032
0.13225
0.44179
0.37180
0.16176
0.45288
0.37671
0.42711
0.11058
0.12531
0.49436
0.11244
0.46807
0.21674
0.09928
0.10803
0.40317
0.29345
0.09968
0.16921
