0.05262
0.05308
0.05012
0.10053
0.05212
0.05209
0.10151
0.21201
0.13038
0.05383
0.05314
0.10151
0.05396
0.12709
0.25234
0.21107
0.13530
0.05009
0.05012
0.05267
0.22694
0.05009
0.25165
0.27027
0.05217
0.05009
0.05288
0.32239
0.27033
0.05396
0.14922
0.05406
0.10477
0.25790
0.05440
0.30302
0.05313
0.21071
0.20597
0.29191
0.05005
0.10538
0.29997
0.05403
0.20744
0.32781
0.05009
0.10079
0.24058
0.05209
0.31890
0.12447
0.05009
0.05372
0.19271
0.25826
0.22892
0.05012
0.05012
0.20276
0.05338
0.28394
0.09765
0.05338
0.05005
0.12578
0.05273
0.05262
0.05308
0.05012
0.10053
0.05212
0.05209
0.10151
0.21201
0.13038
0.05383
0.05314
0.10151
0.05396
0.12709
0.25234
0.21107
0.13530
0.05009
0.05012
0.05267
0.22694
0.05009
0.25165
0.27027
0.05217
0.05009
0.05288
0.32239
0.27033
0.05396
0.14922
0.05406
0.10477
0.25790
0.05440
0.30302
0.05313
0.21071
0.20597
0.29191
0.05005
0.10538
0.29997
0.05403
0.20744
0.32781
0.05009
0.10079
0.24058
0.05209
0.31890
0.12447
0.05009
0.05372
0.19271
0.25826
0.22892
0.05012
0.05012
0.20276
0.05338
0.28394
0.09765
0.05338
0.05005
0.12578
0.05273
0.05262
0.05308
0.05012
0.10053
0.05212
0.05209
0.10151
0.21201
0.13038
0.05383
0.05314
0.10151
0.05396
0.12709
0.25234
0.21107
0.13530
0.05009
0.05012
0.05267
0.22694
0.05009
0.25165
0.27027
0.05217
0.05009
0.05288
0.32239
0.27033
0.05396
0.14922
0.05406
0.10477
0.25790
0.05440
0.30302
0.05313
0.21071
0.20597
0.29191
0.05005
0.10538
0.29997
0.05403
0.20744
0.32781
0.05009
0.10079
0.24058
0.05209
0.31890
0.12447
0.05009
0.05372
0.19271
0.25826
0.22892
0.05012
0.05012
0.20276
0.05338
0.28394
0.09765
0.05338
0.05005
0.12578
0.05273
0.05262
0.05308
0.05012
0.10053
0.05212
0.05209
0.10151
0.21201
0.13038
0.05383
0.05314
0.10151
0.05396
0.12709
0.25234
0.21107
0.13530
0.05009
0.05012
0.05267
0.22694
0.05009
0.25165
0.27027
0.05217
0.05009
0.05288
0.32239
0.27033
0.05396
0.14922
0.05406
0.10477
0.25790
0.05440
0.30302
0.05313
0.21071
0.20597
0.29191
0.05005
0.10538
0.29997
0.05403
0.20744
0.32781
0.05009
0.10079
0.24058
0.05209
0.31890
0.12447
0.05009
0.05372
0.19271
0.25826
0.22892
0.05012
0.05012
0.20276
0.05338
0.28394
0.09765
0.05338
0.05005
0.12578
0.05273
0.05262
0.05308
0.05012
0.10053
0.05212
0.05209
0.10151
0.21201
0.13038
0.05383
0.05314
0.10151
0.05396
0.12709
0.25234
0.21107
0.13530
0.05009
0.05012
0.05267
0.22694
0.05009
0.25165
0.27027
0.05217
0.05009
0.05288
0.32239
0.27033
0.05396
0.14922
0.05406
0.10477
0.25790
0.05440
0.30302
0.05313
0.21071
0.20597
0.29191
0.05005
0.10538
0.29997
0.05403
0.20744
0.32781
0.05009
0.10079
0.24058
0.05209
0.31890
0.12447
0.05009
0.05372
0.19271
0.25826
0.22892
0.05012
0.05012
0.20276
0.05338
0.28394
0.09765
0.05338
0.05005
0.12578
0.05273
0.05262
0.05308
0.05012
0.10053
0.05212
0.05209
0.10151
0.21201
0.13038
0.05383
0.05314
0.10151
0.05396
0.12709
0.25234
0.21107
0.13530
0.05009
0.05012
0.05267
0.22694
0.05009
0.25165
0.27027
0.05217
0.05009
0.05288
0.32239
0.27033
0.05396
0.14922
0.05406
0.10477
0.25790
0.05440
0.30302
0.05313
0.21071
0.20597
0.29191
0.05005
0.10538
0.29997
0.05403
0.20744
0.32781
0.05009
0.10079
0.24058
0.05209
0.31890
0.12447
0.05009
0.05372
0.19271
0.25826
0.22892
0.05012
0.05012
0.20276
0.05338
0.28394
0.09765
0.05338
0.05005
0.12578
0.05273
