0.28319
0.16808
0.10402
0.14073
0.08028
0.12728
0.07769
0.28295
0.30518
0.28732
0.19870
0.17554
0.08407
0.10796
0.45466
0.34236
0.12040
0.02632
0.11892
0.02484
0.32028
0.13499
0.22164
0.02452
0.11179
0.12366
0.26603
0.15066
0.07875
0.05488
0.03804
0.14379
0.13344
0.08955
0.13076
0.32006
0.21754
0.14208
0.02643
0.12123
0.23183
0.19876
0.14159
0.22256
0.12405
0.03576
0.22504
0.14684
0.12663
0.02249
0.23664
0.28185
0.22266
0.12759
0.15804
0.09367
0.14130
0.13510
0.11450
0.33201
0.04449
0.14812
0.20697
0.11571
0.17463
0.15518
0.12796
0.12017
0.18896
0.13797
0.21702
0.23183
0.20530
0.23043
0.11892
0.28207
0.08339
0.02257
0.17386
0.60663
0.19769
0.18315
0.15729
0.13264
0.39673
0.02705
0.19076
0.14147
0.14219
0.09265
0.02417
0.14565
0.10807
0.10221
0.14206
0.16609
0.09732
0.07455
0.14821
0.13065
0.13037
0.07828
0.06276
0.13605
0.14265
0.10768
0.03613
0.22874
0.13689
0.03309
0.21194
0.15066
0.13914
0.07396
0.15474
0.19394
0.26080
0.12544
0.21210
0.12624
0.05165
0.34364
0.05714
0.08032
0.12065
0.16376
0.04040
0.20615
0.13471
0.81593
0.17353
0.78908
0.26401
0.02778
0.18602
0.14084
0.22183
0.11076
0.10830
0.10473
0.16770
0.02452
0.02297
0.84540
0.12339
0.15741
0.35562
0.05083
0.04406
0.10402
0.10817
0.02778
0.26198
0.22212
0.27660
0.85965
0.09945
0.17592
0.02331
0.02778
0.02338
0.26573
0.15025
0.32610
0.16034
0.27089
0.12076
0.22165
0.10956
0.02417
0.06660
0.28023
0.20530
0.16502
0.33573
0.28420
0.15494
0.08673
0.02301
0.05679
0.16650
0.06548
0.16034
0.07788
0.09360
0.10876
0.16034
0.07180
0.09527
0.17088
0.33437
0.02482
0.12815
0.07756
0.09379
0.08984
0.37265
0.29868
0.03114
0.02770
0.14806
0.05971
0.13870
0.05823
0.12558
0.30227
0.20694
0.18569
0.31881
0.25246
0.17841
0.11594
0.16496
0.18219
0.07944
0.15045
0.11865
0.15943
0.12544
0.10876
0.38835
0.02367
0.16821
0.10485
0.14316
0.21653
0.08028
0.10615
0.28021
0.13451
0.57306
0.31158
0.22970
0.12885
0.16077
0.17198
0.08120
0.19754
0.09310
0.12396
0.53444
0.34643
0.11804
0.26752
0.28750
0.13360
0.16235
0.13919
0.07731
0.21993
0.13995
0.08208
0.02452
0.29886
0.20883
0.30016
0.13660
0.15465
0.12644
0.12616
0.30503
0.13510
0.32554
0.21432
0.15283
0.22638
0.82658
0.09945
0.18300
0.14028
0.10622
0.14166
0.04264
0.20774
0.43351
0.13708
0.22230
0.04349
0.19769
0.14506
0.34149
0.26401
0.06332
0.10042
0.02778
0.38167
0.29634
0.08175
0.15596
0.09811
0.13344
0.12807
0.22743
0.25836
0.16362
0.14506
0.22815
0.11001
0.05533
0.16381
0.16515
0.02249
0.50245
0.58890
0.16682
0.11503
0.18324
0.02778
0.10768
0.38743
0.12838
0.12041
0.23705
0.02503
0.21012
0.12102
0.21111
0.08136
0.16362
0.14450
0.08757
0.06068
0.15769
0.14821
0.21520
0.05318
0.06134
0.11457
0.03625
0.03954
0.20863
0.42964
0.77994
0.09516
0.08557
0.02452
0.02452
0.22096
0.04493
0.02749
0.32505
0.05958
0.23950
0.21397
0.12226
0.70435
0.24351
0.16531
0.21564
0.08561
0.03309
0.02659
0.30697
0.20091
0.44002
0.13537
0.18330
0.13109
0.20694
0.02367
0.12505
0.12298
0.13150
0.10930
0.09738
0.25708
0.25836
0.12299
0.11937
0.33648
0.02647
0.20243
0.18504
0.29857
0.28319
0.16808
0.10402
0.14073
0.08028
0.12728
0.07769
0.28295
0.30518
0.28732
0.19870
0.17554
0.08407
0.10796
0.45466
0.34236
0.12040
0.02632
0.11892
0.02484
0.32028
0.13499
0.22164
0.02452
0.11179
0.12366
0.26603
0.15066
0.07875
0.05488
0.03804
0.14379
0.13344
0.08955
0.13076
0.32006
0.21754
0.14208
0.02643
0.12123
0.23183
0.19876
0.14159
0.22256
0.12405
0.03576
0.22504
0.14684
0.12663
0.02249
0.23664
0.28185
0.22266
0.12759
0.15804
0.09367
0.14130
0.13510
0.11450
0.33201
0.04449
0.14812
0.20697
0.11571
0.17463
0.15518
0.12796
0.12017
0.18896
0.13797
0.21702
0.23183
0.20530
0.23043
0.11892
0.28207
0.08339
0.02257
0.17386
0.60663
0.19769
0.18315
0.15729
0.13264
0.39673
0.02705
0.19076
0.14147
0.14219
0.09265
0.02417
0.14565
0.10807
0.10221
0.14206
0.16609
0.09732
0.07455
0.14821
0.13065
0.13037
0.07828
0.06276
0.13605
0.14265
0.10768
0.03613
0.22874
0.13689
0.03309
0.21194
0.15066
0.13914
0.07396
0.15474
0.19394
0.26080
0.12544
0.21210
0.12624
0.05165
0.34364
0.05714
0.08032
0.12065
0.16376
0.04040
0.20615
0.13471
0.81593
0.17353
0.78908
0.26401
0.02778
0.18602
0.14084
0.22183
0.11076
0.10830
0.10473
0.16770
0.02452
0.02297
0.84540
0.12339
0.15741
0.35562
0.05083
0.04406
0.10402
0.10817
0.02778
0.26198
0.22212
0.27660
0.85965
0.09945
0.17592
0.02331
0.02778
0.02338
0.26573
0.15025
0.32610
0.16034
0.27089
0.12076
0.22165
0.10956
0.02417
0.06660
0.28023
0.20530
0.16502
0.33573
0.28420
0.15494
0.08673
0.02301
0.05679
0.16650
0.06548
0.16034
0.07788
0.09360
0.10876
0.16034
0.07180
0.09527
0.17088
0.33437
0.02482
0.12815
0.07756
0.09379
0.08984
0.37265
0.29868
0.03114
0.02770
0.14806
0.05971
0.13870
0.05823
0.12558
0.30227
0.20694
0.18569
0.31881
0.25246
0.17841
0.11594
0.16496
0.18219
0.07944
0.15045
0.11865
0.15943
0.12544
0.10876
0.38835
0.02367
0.16821
0.10485
0.14316
0.21653
0.08028
0.10615
0.28021
0.13451
0.57306
0.31158
0.22970
0.12885
0.16077
0.17198
0.08120
0.19754
0.09310
0.12396
0.53444
0.34643
0.11804
0.26752
0.28750
0.13360
0.16235
0.13919
0.07731
0.21993
0.13995
0.08208
0.02452
0.29886
0.20883
0.30016
0.13660
0.15465
0.12644
0.12616
0.30503
0.13510
0.32554
0.21432
0.15283
0.22638
0.82658
0.09945
0.18300
0.14028
0.10622
0.14166
0.04264
0.20774
0.43351
0.13708
0.22230
0.04349
0.19769
0.14506
0.34149
0.26401
0.06332
0.10042
0.02778
0.38167
0.29634
0.08175
0.15596
0.09811
0.13344
0.12807
0.22743
0.25836
0.16362
0.14506
0.22815
0.11001
0.05533
0.16381
0.16515
0.02249
0.50245
0.58890
0.16682
0.11503
0.18324
0.02778
0.10768
0.38743
0.12838
0.12041
0.23705
0.02503
0.21012
0.12102
0.21111
0.08136
0.16362
0.14450
0.08757
0.06068
0.15769
0.14821
0.21520
0.05318
0.06134
0.11457
0.03625
0.03954
0.20863
0.42964
0.77994
0.09516
0.08557
0.02452
0.02452
0.22096
0.04493
0.02749
0.32505
0.05958
0.23950
0.21397
0.12226
0.70435
0.24351
0.16531
0.21564
0.08561
0.03309
0.02659
0.30697
0.20091
0.44002
0.13537
0.18330
0.13109
0.20694
0.02367
0.12505
0.12298
0.13150
0.10930
0.09738
0.25708
0.25836
0.12299
0.11937
0.33648
0.02647
0.20243
0.18504
0.29857
0.28319
0.16808
0.10402
0.14073
0.08028
0.12728
0.07769
0.28295
0.30518
0.28732
0.19870
0.17554
0.08407
0.10796
0.45466
0.34236
0.12040
0.02632
0.11892
0.02484
0.32028
0.13499
0.22164
0.02452
0.11179
0.12366
0.26603
0.15066
0.07875
0.05488
0.03804
0.14379
0.13344
0.08955
0.13076
0.32006
0.21754
0.14208
0.02643
0.12123
0.23183
0.19876
0.14159
0.22256
0.12405
0.03576
0.22504
0.14684
0.12663
0.02249
0.23664
0.28185
0.22266
0.12759
0.15804
0.09367
0.14130
0.13510
0.11450
0.33201
0.04449
0.14812
0.20697
0.11571
0.17463
0.15518
0.12796
0.12017
0.18896
0.13797
0.21702
0.23183
0.20530
0.23043
0.11892
0.28207
0.08339
0.02257
0.17386
0.60663
0.19769
0.18315
0.15729
0.13264
0.39673
0.02705
0.19076
0.14147
0.14219
0.09265
0.02417
0.14565
0.10807
0.10221
0.14206
0.16609
0.09732
0.07455
0.14821
0.13065
0.13037
0.07828
0.06276
0.13605
0.14265
0.10768
0.03613
0.22874
0.13689
0.03309
0.21194
0.15066
0.13914
0.07396
0.15474
0.19394
0.26080
0.12544
0.21210
0.12624
0.05165
0.34364
0.05714
0.08032
0.12065
0.16376
0.04040
0.20615
0.13471
0.81593
0.17353
0.78908
0.26401
0.02778
0.18602
0.14084
0.22183
0.11076
0.10830
0.10473
0.16770
0.02452
0.02297
0.84540
0.12339
0.15741
0.35562
0.05083
0.04406
0.10402
0.10817
0.02778
0.26198
0.22212
0.27660
0.85965
0.09945
0.17592
0.02331
0.02778
0.02338
0.26573
0.15025
0.32610
0.16034
0.27089
0.12076
0.22165
0.10956
0.02417
0.06660
0.28023
0.20530
0.16502
0.33573
0.28420
0.15494
0.08673
0.02301
0.05679
0.16650
0.06548
0.16034
0.07788
0.09360
0.10876
0.16034
0.07180
0.09527
0.17088
0.33437
0.02482
0.12815
0.07756
0.09379
0.08984
0.37265
0.29868
0.03114
0.02770
0.14806
0.05971
0.13870
0.05823
0.12558
0.30227
0.20694
0.18569
0.31881
0.25246
0.17841
0.11594
0.16496
0.18219
0.07944
0.15045
0.11865
0.15943
0.12544
0.10876
0.38835
0.02367
0.16821
0.10485
0.14316
0.21653
0.08028
0.10615
0.28021
0.13451
0.57306
0.31158
0.22970
0.12885
0.16077
0.17198
0.08120
0.19754
0.09310
0.12396
0.53444
0.34643
0.11804
0.26752
0.28750
0.13360
0.16235
0.13919
0.07731
0.21993
0.13995
0.08208
0.02452
0.29886
0.20883
0.30016
0.13660
0.15465
0.12644
0.12616
0.30503
0.13510
0.32554
0.21432
0.15283
0.22638
0.82658
0.09945
0.18300
0.14028
0.10622
0.14166
0.04264
0.20774
0.43351
0.13708
0.22230
0.04349
0.19769
0.14506
0.34149
0.26401
0.06332
0.10042
0.02778
0.38167
0.29634
0.08175
0.15596
0.09811
0.13344
0.12807
0.22743
0.25836
0.16362
0.14506
0.22815
0.11001
0.05533
0.16381
0.16515
0.02249
0.50245
0.58890
0.16682
0.11503
0.18324
0.02778
0.10768
0.38743
0.12838
0.12041
0.23705
0.02503
0.21012
0.12102
0.21111
0.08136
0.16362
0.14450
0.08757
0.06068
0.15769
0.14821
0.21520
0.05318
0.06134
0.11457
0.03625
0.03954
0.20863
0.42964
0.77994
0.09516
0.08557
0.02452
0.02452
0.22096
0.04493
0.02749
0.32505
0.05958
0.23950
0.21397
0.12226
0.70435
0.24351
0.16531
0.21564
0.08561
0.03309
0.02659
0.30697
0.20091
0.44002
0.13537
0.18330
0.13109
0.20694
0.02367
0.12505
0.12298
0.13150
0.10930
0.09738
0.25708
0.25836
0.12299
0.11937
0.33648
0.02647
0.20243
0.18504
0.29857
0.28319
0.16808
0.10402
0.14073
0.08028
0.12728
0.07769
0.28295
0.30518
0.28732
0.19870
0.17554
0.08407
0.10796
0.45466
0.34236
0.12040
0.02632
0.11892
0.02484
0.32028
0.13499
0.22164
0.02452
0.11179
0.12366
0.26603
0.15066
0.07875
0.05488
0.03804
0.14379
0.13344
0.08955
0.13076
0.32006
0.21754
0.14208
0.02643
0.12123
0.23183
0.19876
0.14159
0.22256
0.12405
0.03576
0.22504
0.14684
0.12663
0.02249
0.23664
0.28185
0.22266
0.12759
0.15804
0.09367
0.14130
0.13510
0.11450
0.33201
0.04449
0.14812
0.20697
0.11571
0.17463
0.15518
0.12796
0.12017
0.18896
0.13797
0.21702
0.23183
0.20530
0.23043
0.11892
0.28207
0.08339
0.02257
0.17386
0.60663
0.19769
0.18315
0.15729
0.13264
0.39673
0.02705
0.19076
0.14147
0.14219
0.09265
0.02417
0.14565
0.10807
0.10221
0.14206
0.16609
0.09732
0.07455
0.14821
0.13065
0.13037
0.07828
0.06276
0.13605
0.14265
0.10768
0.03613
0.22874
0.13689
0.03309
0.21194
0.15066
0.13914
0.07396
0.15474
0.19394
0.26080
0.12544
0.21210
0.12624
0.05165
0.34364
0.05714
0.08032
0.12065
0.16376
0.04040
0.20615
0.13471
0.81593
0.17353
0.78908
0.26401
0.02778
0.18602
0.14084
0.22183
0.11076
0.10830
0.10473
0.16770
0.02452
0.02297
0.84540
0.12339
0.15741
0.35562
0.05083
0.04406
0.10402
0.10817
0.02778
0.26198
0.22212
0.27660
0.85965
0.09945
0.17592
0.02331
0.02778
0.02338
0.26573
0.15025
0.32610
0.16034
0.27089
0.12076
0.22165
0.10956
0.02417
0.06660
0.28023
0.20530
0.16502
0.33573
0.28420
0.15494
0.08673
0.02301
0.05679
0.16650
0.06548
0.16034
0.07788
0.09360
0.10876
0.16034
0.07180
0.09527
0.17088
0.33437
0.02482
0.12815
0.07756
0.09379
0.08984
0.37265
0.29868
0.03114
0.02770
0.14806
0.05971
0.13870
0.05823
0.12558
0.30227
0.20694
0.18569
0.31881
0.25246
0.17841
0.11594
0.16496
0.18219
0.07944
0.15045
0.11865
0.15943
0.12544
0.10876
0.38835
0.02367
0.16821
0.10485
0.14316
0.21653
0.08028
0.10615
0.28021
0.13451
0.57306
0.31158
0.22970
0.12885
0.16077
0.17198
0.08120
0.19754
0.09310
0.12396
0.53444
0.34643
0.11804
0.26752
0.28750
0.13360
0.16235
0.13919
0.07731
0.21993
0.13995
0.08208
0.02452
0.29886
0.20883
0.30016
0.13660
0.15465
0.12644
0.12616
0.30503
0.13510
0.32554
0.21432
0.15283
0.22638
0.82658
0.09945
0.18300
0.14028
0.10622
0.14166
0.04264
0.20774
0.43351
0.13708
0.22230
0.04349
0.19769
0.14506
0.34149
0.26401
0.06332
0.10042
0.02778
0.38167
0.29634
0.08175
0.15596
0.09811
0.13344
0.12807
0.22743
0.25836
0.16362
0.14506
0.22815
0.11001
0.05533
0.16381
0.16515
0.02249
0.50245
0.58890
0.16682
0.11503
0.18324
0.02778
0.10768
0.38743
0.12838
0.12041
0.23705
0.02503
0.21012
0.12102
0.21111
0.08136
0.16362
0.14450
0.08757
0.06068
0.15769
0.14821
0.21520
0.05318
0.06134
0.11457
0.03625
0.03954
0.20863
0.42964
0.77994
0.09516
0.08557
0.02452
0.02452
0.22096
0.04493
0.02749
0.32505
0.05958
0.23950
0.21397
0.12226
0.70435
0.24351
0.16531
0.21564
0.08561
0.03309
0.02659
0.30697
0.20091
0.44002
0.13537
0.18330
0.13109
0.20694
0.02367
0.12505
0.12298
0.13150
0.10930
0.09738
0.25708
0.25836
0.12299
0.11937
0.33648
0.02647
0.20243
0.18504
0.29857
0.28319
0.16808
0.10402
0.14073
0.08028
0.12728
0.07769
0.28295
0.30518
0.28732
0.19870
0.17554
0.08407
0.10796
0.45466
0.34236
0.12040
0.02632
0.11892
0.02484
0.32028
0.13499
0.22164
0.02452
0.11179
0.12366
0.26603
0.15066
0.07875
0.05488
0.03804
0.14379
0.13344
0.08955
0.13076
0.32006
0.21754
0.14208
0.02643
0.12123
0.23183
0.19876
0.14159
0.22256
0.12405
0.03576
0.22504
0.14684
0.12663
0.02249
0.23664
0.28185
0.22266
0.12759
0.15804
0.09367
0.14130
0.13510
0.11450
0.33201
0.04449
0.14812
0.20697
0.11571
0.17463
0.15518
0.12796
0.12017
0.18896
0.13797
0.21702
0.23183
0.20530
0.23043
0.11892
0.28207
0.08339
0.02257
0.17386
0.60663
0.19769
0.18315
0.15729
0.13264
0.39673
0.02705
0.19076
0.14147
0.14219
0.09265
0.02417
0.14565
0.10807
0.10221
0.14206
0.16609
0.09732
0.07455
0.14821
0.13065
0.13037
0.07828
0.06276
0.13605
0.14265
0.10768
0.03613
0.22874
0.13689
0.03309
0.21194
0.15066
0.13914
0.07396
0.15474
0.19394
0.26080
0.12544
0.21210
0.12624
0.05165
0.34364
0.05714
0.08032
0.12065
0.16376
0.04040
0.20615
0.13471
0.81593
0.17353
0.78908
0.26401
0.02778
0.18602
0.14084
0.22183
0.11076
0.10830
0.10473
0.16770
0.02452
0.02297
0.84540
0.12339
0.15741
0.35562
0.05083
0.04406
0.10402
0.10817
0.02778
0.26198
0.22212
0.27660
0.85965
0.09945
0.17592
0.02331
0.02778
0.02338
0.26573
0.15025
0.32610
0.16034
0.27089
0.12076
0.22165
0.10956
0.02417
0.06660
0.28023
0.20530
0.16502
0.33573
0.28420
0.15494
0.08673
0.02301
0.05679
0.16650
0.06548
0.16034
0.07788
0.09360
0.10876
0.16034
0.07180
0.09527
0.17088
0.33437
0.02482
0.12815
0.07756
0.09379
0.08984
0.37265
0.29868
0.03114
0.02770
0.14806
0.05971
0.13870
0.05823
0.12558
0.30227
0.20694
0.18569
0.31881
0.25246
0.17841
0.11594
0.16496
0.18219
0.07944
0.15045
0.11865
0.15943
0.12544
0.10876
0.38835
0.02367
0.16821
0.10485
0.14316
0.21653
0.08028
0.10615
0.28021
0.13451
0.57306
0.31158
0.22970
0.12885
0.16077
0.17198
0.08120
0.19754
0.09310
0.12396
0.53444
0.34643
0.11804
0.26752
0.28750
0.13360
0.16235
0.13919
0.07731
0.21993
0.13995
0.08208
0.02452
0.29886
0.20883
0.30016
0.13660
0.15465
0.12644
0.12616
0.30503
0.13510
0.32554
0.21432
0.15283
0.22638
0.82658
0.09945
0.18300
0.14028
0.10622
0.14166
0.04264
0.20774
0.43351
0.13708
0.22230
0.04349
0.19769
0.14506
0.34149
0.26401
0.06332
0.10042
0.02778
0.38167
0.29634
0.08175
0.15596
0.09811
0.13344
0.12807
0.22743
0.25836
0.16362
0.14506
0.22815
0.11001
0.05533
0.16381
0.16515
0.02249
0.50245
0.58890
0.16682
0.11503
0.18324
0.02778
0.10768
0.38743
0.12838
0.12041
0.23705
0.02503
0.21012
0.12102
0.21111
0.08136
0.16362
0.14450
0.08757
0.06068
0.15769
0.14821
0.21520
0.05318
0.06134
0.11457
0.03625
0.03954
0.20863
0.42964
0.77994
0.09516
0.08557
0.02452
0.02452
0.22096
0.04493
0.02749
0.32505
0.05958
0.23950
0.21397
0.12226
0.70435
0.24351
0.16531
0.21564
0.08561
0.03309
0.02659
0.30697
0.20091
0.44002
0.13537
0.18330
0.13109
0.20694
0.02367
0.12505
0.12298
0.13150
0.10930
0.09738
0.25708
0.25836
0.12299
0.11937
0.33648
0.02647
0.20243
0.18504
0.29857
0.28319
0.16808
0.10402
0.14073
0.08028
0.12728
0.07769
0.28295
0.30518
0.28732
0.19870
0.17554
0.08407
0.10796
0.45466
0.34236
0.12040
0.02632
0.11892
0.02484
0.32028
0.13499
0.22164
0.02452
0.11179
0.12366
0.26603
0.15066
0.07875
0.05488
0.03804
0.14379
0.13344
0.08955
0.13076
0.32006
0.21754
0.14208
0.02643
0.12123
0.23183
0.19876
0.14159
0.22256
0.12405
0.03576
0.22504
0.14684
0.12663
0.02249
0.23664
0.28185
0.22266
0.12759
0.15804
0.09367
0.14130
0.13510
0.11450
0.33201
0.04449
0.14812
0.20697
0.11571
0.17463
0.15518
0.12796
0.12017
0.18896
0.13797
0.21702
0.23183
0.20530
0.23043
0.11892
0.28207
0.08339
0.02257
0.17386
0.60663
0.19769
0.18315
0.15729
0.13264
0.39673
0.02705
0.19076
0.14147
0.14219
0.09265
0.02417
0.14565
0.10807
0.10221
0.14206
0.16609
0.09732
0.07455
0.14821
0.13065
0.13037
0.07828
0.06276
0.13605
0.14265
0.10768
0.03613
0.22874
0.13689
0.03309
0.21194
0.15066
0.13914
0.07396
0.15474
0.19394
0.26080
0.12544
0.21210
0.12624
0.05165
0.34364
0.05714
0.08032
0.12065
0.16376
0.04040
0.20615
0.13471
0.81593
0.17353
0.78908
0.26401
0.02778
0.18602
0.14084
0.22183
0.11076
0.10830
0.10473
0.16770
0.02452
0.02297
0.84540
0.12339
0.15741
0.35562
0.05083
0.04406
0.10402
0.10817
0.02778
0.26198
0.22212
0.27660
0.85965
0.09945
0.17592
0.02331
0.02778
0.02338
0.26573
0.15025
0.32610
0.16034
0.27089
0.12076
0.22165
0.10956
0.02417
0.06660
0.28023
0.20530
0.16502
0.33573
0.28420
0.15494
0.08673
0.02301
0.05679
0.16650
0.06548
0.16034
0.07788
0.09360
0.10876
0.16034
0.07180
0.09527
0.17088
0.33437
0.02482
0.12815
0.07756
0.09379
0.08984
0.37265
0.29868
0.03114
0.02770
0.14806
0.05971
0.13870
0.05823
0.12558
0.30227
0.20694
0.18569
0.31881
0.25246
0.17841
0.11594
0.16496
0.18219
0.07944
0.15045
0.11865
0.15943
0.12544
0.10876
0.38835
0.02367
0.16821
0.10485
0.14316
0.21653
0.08028
0.10615
0.28021
0.13451
0.57306
0.31158
0.22970
0.12885
0.16077
0.17198
0.08120
0.19754
0.09310
0.12396
0.53444
0.34643
0.11804
0.26752
0.28750
0.13360
0.16235
0.13919
0.07731
0.21993
0.13995
0.08208
0.02452
0.29886
0.20883
0.30016
0.13660
0.15465
0.12644
0.12616
0.30503
0.13510
0.32554
0.21432
0.15283
0.22638
0.82658
0.09945
0.18300
0.14028
0.10622
0.14166
0.04264
0.20774
0.43351
0.13708
0.22230
0.04349
0.19769
0.14506
0.34149
0.26401
0.06332
0.10042
0.02778
0.38167
0.29634
0.08175
0.15596
0.09811
0.13344
0.12807
0.22743
0.25836
0.16362
0.14506
0.22815
0.11001
0.05533
0.16381
0.16515
0.02249
0.50245
0.58890
0.16682
0.11503
0.18324
0.02778
0.10768
0.38743
0.12838
0.12041
0.23705
0.02503
0.21012
0.12102
0.21111
0.08136
0.16362
0.14450
0.08757
0.06068
0.15769
0.14821
0.21520
0.05318
0.06134
0.11457
0.03625
0.03954
0.20863
0.42964
0.77994
0.09516
0.08557
0.02452
0.02452
0.22096
0.04493
0.02749
0.32505
0.05958
0.23950
0.21397
0.12226
0.70435
0.24351
0.16531
0.21564
0.08561
0.03309
0.02659
0.30697
0.20091
0.44002
0.13537
0.18330
0.13109
0.20694
0.02367
0.12505
0.12298
0.13150
0.10930
0.09738
0.25708
0.25836
0.12299
0.11937
0.33648
0.02647
0.20243
0.18504
0.29857
