0.35950
0.33754
0.34245
0.32747
0.33666
0.33557
0.35869
0.33367
0.33743
0.34579
0.32908
0.36519
0.36331
0.33693
0.36354
0.32750
0.34299
0.32373
0.32538
0.32405
0.34051
0.35950
0.33754
0.34245
0.32747
0.33666
0.33557
0.35869
0.33367
0.33743
0.34579
0.32908
0.36519
0.36331
0.33693
0.36354
0.32750
0.34299
0.32373
0.32538
0.32405
0.34051
0.35950
0.33754
0.34245
0.32747
0.33666
0.33557
0.35869
0.33367
0.33743
0.34579
0.32908
0.36519
0.36331
0.33693
0.36354
0.32750
0.34299
0.32373
0.32538
0.32405
0.34051
0.35950
0.33754
0.34245
0.32747
0.33666
0.33557
0.35869
0.33367
0.33743
0.34579
0.32908
0.36519
0.36331
0.33693
0.36354
0.32750
0.34299
0.32373
0.32538
0.32405
0.34051
0.35950
0.33754
0.34245
0.32747
0.33666
0.33557
0.35869
0.33367
0.33743
0.34579
0.32908
0.36519
0.36331
0.33693
0.36354
0.32750
0.34299
0.32373
0.32538
0.32405
0.34051
0.35950
0.33754
0.34245
0.32747
0.33666
0.33557
0.35869
0.33367
0.33743
0.34579
0.32908
0.36519
0.36331
0.33693
0.36354
0.32750
0.34299
0.32373
0.32538
0.32405
0.34051
