0.30408
0.32852
0.30654
0.29512
0.25371
0.29687
0.30213
0.28485
0.32355
0.26149
0.34331
0.30836
0.32081
0.33549
0.26953
0.28448
0.25713
0.24122
0.24809
0.28553
0.25947
0.28130
0.28402
0.28909
0.31588
0.28534
0.26441
0.29042
0.28252
0.28240
0.26677
0.35473
0.27620
0.32447
0.37601
0.28804
0.29649
0.30690
0.22924
0.27585
0.26054
0.34539
0.28196
0.25377
0.29406
0.23580
0.30830
0.29310
0.28863
0.26019
0.26471
0.30759
0.25914
0.29139
0.37601
0.29171
0.28021
0.39277
0.25450
0.26515
0.23290
0.29183
0.29000
0.28171
0.30528
0.29731
0.29420
0.26479
0.28079
0.29502
0.29138
0.31647
0.27547
0.32141
0.23580
0.26764
0.37601
0.28021
0.27783
0.22928
0.29077
0.27600
0.27207
0.31021
0.35660
0.25040
0.35660
0.22492
0.27489
0.27201
0.25278
0.30493
0.32590
0.31705
0.26787
0.23843
0.33099
0.29616
0.31258
0.34575
0.27199
0.24450
0.27335
0.24778
0.28210
0.33054
0.37601
0.30464
0.28903
0.34532
0.29588
0.26280
0.22924
0.27694
0.31455
0.29298
0.32477
0.34106
0.29835
0.32675
0.26234
0.30654
0.30049
0.31853
0.27745
0.30141
0.31632
0.26877
0.27950
0.31421
0.32420
0.30464
0.30223
0.30518
0.27339
0.28865
0.28158
0.22982
0.26006
0.27342
0.27998
0.31352
0.29804
0.24731
0.26969
0.31167
0.27600
0.22492
0.25335
0.34852
0.26334
0.24606
0.23312
0.28991
0.27600
0.24898
0.26600
0.27333
0.35660
0.30654
0.25498
0.26897
0.22698
0.30038
0.26718
0.25681
0.26787
0.22924
0.26877
0.29408
0.27648
0.30049
0.33458
0.30654
0.25475
0.26392
0.26931
0.22924
0.33008
0.27642
0.23764
0.28173
0.26533
0.28253
0.27577
0.31167
0.27600
0.28804
0.28381
0.32403
0.28985
0.31251
0.30430
0.27812
0.23735
0.26114
0.28082
0.30348
0.30169
0.28804
0.33188
0.27763
0.25498
0.27600
0.35660
0.29048
0.26461
0.28718
0.25498
0.28670
0.29362
0.25498
0.32420
0.26787
0.26205
0.31251
0.32420
0.26427
0.27823
0.23214
0.33188
0.28735
0.24504
0.25498
0.28231
0.26454
0.35660
0.35660
0.29871
0.28522
0.31251
0.25757
0.29498
0.31632
0.27600
0.22710
0.31588
0.29989
0.26178
0.26648
0.37601
0.32156
0.29239
0.26334
0.24910
0.27399
0.27774
0.24229
0.25748
0.28296
0.29611
0.25796
0.29731
0.28358
0.31690
0.37601
0.28376
0.33066
0.31874
0.32852
0.25907
0.37601
0.25498
0.25085
0.29351
0.28102
0.28704
0.30832
0.25236
0.27895
0.22924
0.28310
0.25869
0.31558
0.28658
0.26283
0.26169
0.37607
0.31632
0.31647
0.26869
0.26169
0.22824
0.29341
0.32598
0.29048
0.31297
0.33009
0.30554
0.27600
0.30122
0.26197
0.26793
0.25498
0.26855
0.27501
0.26892
0.31647
0.31167
0.33009
0.25572
0.27600
0.28383
0.22981
0.26877
0.33398
0.23018
0.26226
0.30242
0.22710
0.28102
0.26991
0.28271
0.28122
0.23810
0.25498
0.33107
0.31105
0.26832
0.31632
0.27763
0.22924
0.32852
0.22294
0.22924
0.33188
0.30528
0.27448
0.26443
0.34539
0.22924
0.32766
0.26869
0.27554
0.30626
0.25094
0.24731
0.25721
0.27763
0.28407
0.25498
0.28407
0.29948
0.24910
0.26461
0.32852
0.26169
0.30654
0.32852
0.29960
0.35687
0.27045
0.23214
0.40977
0.30348
0.30348
0.33185
0.30209
0.28106
0.31297
0.27315
0.30080
0.30299
0.25970
0.37601
0.32749
0.22495
0.28976
0.34806
0.25780
0.29731
0.25726
0.31167
0.28416
0.37601
0.25869
0.33992
0.28787
0.34539
0.22508
0.27890
0.26045
0.28898
0.26169
0.31804
0.28262
0.31632
0.27663
0.26169
0.26381
0.30464
0.34322
0.28985
0.32855
0.35660
0.24576
0.37601
0.37601
0.37601
0.26465
0.31588
0.26169
0.26570
0.33781
0.33992
0.30654
0.27912
0.24640
0.28407
0.26169
0.31588
0.29779
0.32504
0.25233
0.30654
0.30814
0.27798
0.22259
0.27600
0.32410
0.30654
0.24174
0.33188
0.30080
0.25869
0.26477
0.33992
0.27901
0.27694
0.37601
0.24934
0.28467
0.27147
0.25673
0.33194
0.24066
0.27678
0.25353
0.34448
0.27339
0.27427
0.26720
0.30348
0.24073
0.35660
0.35510
0.22924
0.22924
0.30348
0.37601
0.31647
0.31297
0.37601
0.31258
0.28192
0.27008
0.31588
0.31588
0.32636
0.27735
0.28909
0.30582
0.35660
0.37276
0.24371
0.25960
0.28559
0.22924
0.34176
0.37601
0.37607
0.37601
0.27844
0.32739
0.28670
0.35660
0.27111
0.26169
0.34539
0.28328
0.24005
0.31625
0.30141
0.24125
0.27434
0.24600
0.25754
0.27756
0.28009
0.26169
0.25136
0.26787
0.25498
0.31588
0.26632
0.28464
0.26169
0.28161
0.30654
0.25925
0.38425
0.25726
0.25538
0.26169
0.22924
0.29757
0.22924
0.27402
0.25544
0.23836
0.25823
0.25498
0.31337
0.29628
0.31258
0.27904
0.22824
0.22508
0.29628
0.32010
0.33810
0.26169
0.26465
0.25376
0.26549
0.31421
0.25040
0.28407
0.37607
0.37601
0.30654
0.30218
0.27090
0.33810
0.30042
0.25754
0.28335
0.29779
0.28188
0.37601
0.26133
0.29731
0.31647
0.26884
0.28079
0.22924
0.29149
0.25335
0.25204
0.30942
0.37601
0.22978
0.22982
0.25540
0.28303
0.28856
0.25869
0.31954
0.26784
0.27137
0.27600
0.29754
0.26169
0.26169
0.34271
0.26656
0.23502
0.25434
0.22323
0.22666
0.31647
0.27550
0.23989
0.27088
0.31167
0.27288
0.25910
0.30654
0.25263
0.26169
0.26534
0.32749
0.25869
0.28108
0.29950
0.25938
0.26677
0.29339
0.28265
0.25966
0.28614
0.28485
0.25136
0.25925
0.33413
0.21669
0.28476
0.23984
0.32534
0.23978
0.23421
0.23616
0.28680
0.37601
0.27339
0.27069
0.31632
0.29100
0.28635
0.25907
0.27640
0.26257
0.25613
0.25498
0.30554
0.27998
0.23960
0.26169
0.26980
0.29822
0.25822
0.26757
0.22924
0.25538
0.26169
0.25498
0.26915
0.24657
0.22924
0.27700
0.28863
0.32133
0.22508
0.28090
0.28427
0.22924
0.30654
0.22924
0.27166
0.28928
0.25613
0.28339
0.27993
0.25498
0.33786
0.27339
0.27705
0.26169
0.30434
0.26435
0.28063
0.25869
0.29057
0.26773
0.22924
0.25548
0.22924
0.30109
0.31258
0.26169
0.27449
0.24573
0.26885
0.31568
0.33893
0.25576
0.37601
0.34271
0.25811
0.25654
0.34783
0.27531
0.28466
0.26333
0.23777
0.26169
0.25857
0.29973
0.27304
0.30094
0.25684
0.25932
0.31588
0.26999
0.26169
0.26659
0.26333
0.25768
0.30073
0.28657
0.25950
0.26130
0.24982
0.27719
0.23478
0.25415
0.26425
0.37601
0.29658
0.22995
0.23406
0.29855
0.29164
0.24731
0.27130
0.26984
0.26169
0.26867
0.31063
0.24148
0.37601
0.27718
0.32903
0.23018
0.30948
0.22155
0.33095
0.28779
0.28315
0.27304
0.32141
0.23804
0.31258
0.25239
0.26887
0.29694
0.22924
0.33161
0.23775
0.24413
0.26169
0.28409
0.26283
0.24679
0.31604
0.35660
0.25617
0.25234
0.27194
0.37601
0.26048
0.29731
0.33529
0.24731
0.26308
0.30654
0.32410
0.32141
0.37601
0.30654
0.24741
0.37601
0.35660
0.34539
0.32410
0.31647
0.29087
0.30654
0.27280
0.32436
0.29482
0.37110
0.31588
0.30654
0.29731
0.29738
0.30832
0.30654
0.33097
0.31647
0.23552
0.37601
0.31588
0.27365
0.38300
0.27694
0.37601
0.30654
0.26978
0.30348
0.30654
0.39753
0.30075
0.24361
0.30141
0.30654
0.30348
0.31588
0.26342
0.21680
0.34732
0.27506
0.37601
0.25695
0.33067
0.32420
0.26034
0.30403
0.37942
0.29203
0.29162
0.30049
0.27787
0.32338
0.27786
0.35660
0.30583
0.37787
0.30783
0.28863
0.30989
0.29731
0.31954
0.32224
0.25923
0.31954
0.24293
0.26071
0.30654
0.37601
0.35660
0.34539
0.28730
0.34024
0.30348
0.37601
0.30099
0.28672
0.27304
0.35660
0.26333
0.28863
0.28728
0.28655
0.29283
0.26154
0.36313
0.31337
0.34182
0.30759
0.25921
0.28863
0.32420
0.33662
0.24005
0.27390
0.33430
0.27611
0.30654
0.31647
0.25371
0.38431
0.27855
0.34539
0.34539
0.26677
0.26124
0.32141
0.27630
0.29148
0.26990
0.35660
0.26677
0.27304
0.32420
0.35660
0.25926
0.35660
0.28534
0.25150
0.26426
0.26291
0.27377
0.25371
0.31871
0.36662
0.26677
0.27915
0.29028
0.34527
0.27872
0.28915
0.28863
0.34951
0.29542
0.34351
0.29801
0.26163
0.29446
0.29045
0.30783
0.28379
0.29453
0.25752
0.26257
0.28331
0.40428
0.25823
0.27416
0.31128
0.35473
0.27888
0.26221
0.25583
0.28336
0.27382
0.28805
0.27600
0.27926
0.28160
0.34979
0.27295
0.26775
0.34077
0.35473
0.27662
0.25854
0.33629
0.31480
0.36940
0.25498
0.29527
0.25907
0.29283
0.35668
0.26518
0.28664
0.30190
0.28693
0.32057
0.29209
0.31588
0.32282
0.29151
0.27925
0.26991
0.27468
0.29298
0.28010
0.38564
0.30262
0.30898
0.30654
0.32444
0.29324
0.26893
0.23320
0.29574
0.32650
0.29568
0.27948
0.27627
0.29639
0.29075
0.31906
0.34979
0.27951
0.28084
0.27732
0.28998
0.26345
0.28950
0.37601
0.29987
0.25475
0.28285
0.29410
0.29013
0.28668
0.28374
0.33589
0.27116
0.26169
0.28906
0.23685
0.25892
0.26169
0.26494
0.30055
0.29144
0.28898
0.26433
0.25533
0.25888
0.29206
0.29301
0.34716
0.28985
0.34933
0.27871
0.27903
0.32972
0.23864
0.26551
0.36169
0.27510
0.28535
0.27659
0.32291
0.27160
0.25892
0.27611
0.29593
0.22924
0.25681
0.27366
0.30523
0.27053
0.36005
0.26541
0.26169
0.23478
0.27324
0.27279
0.24708
0.27504
0.27053
0.26948
0.28744
0.26762
0.26684
0.28902
0.28863
0.26446
0.27365
0.28479
0.29628
0.30446
0.29906
0.28815
0.27731
0.33607
0.26548
0.26290
0.27632
0.28679
0.30403
0.30048
0.33370
0.27612
0.26155
0.30158
0.30492
0.34033
0.25220
0.27270
0.40667
0.26950
0.31588
0.28924
0.26927
0.29496
0.29093
0.34895
0.29176
0.32655
0.30654
0.27254
0.25538
0.44798
0.27679
0.28808
0.31458
0.24736
0.25227
0.37601
0.25451
0.30122
0.35381
0.25520
0.27860
0.24086
0.28788
0.28069
0.28950
0.33188
0.27916
0.28656
0.25701
0.32972
0.29906
0.27656
0.25263
0.31167
0.29064
0.27714
0.26423
0.26006
0.30348
0.25809
0.22259
0.31410
0.27478
0.29423
0.30134
0.29298
0.27135
0.28605
0.30871
0.28037
0.26578
0.30345
0.30967
0.29278
0.27377
0.26385
0.28936
0.28812
0.29747
0.30704
0.28276
0.30960
0.27552
0.26890
0.31167
0.35381
0.32807
0.26674
0.39133
0.27481
0.25962
0.29373
0.32749
0.28301
0.33073
0.28770
0.38001
0.27530
0.27956
0.23937
0.27689
0.27470
0.25278
0.27075
0.31353
0.29635
0.25953
0.35129
0.37601
0.28652
0.31021
0.31455
0.27446
0.29253
0.26795
0.29193
0.27199
0.28981
0.28971
0.26990
0.28133
0.26508
0.34286
0.27653
0.27879
0.24910
0.29135
0.27371
0.23221
0.29530
0.26990
0.28195
0.29253
0.28918
0.23721
0.29700
0.28102
0.33218
0.29533
0.26764
0.30250
0.33904
0.30675
0.27979
0.32260
0.23073
0.33904
0.26734
0.27195
0.29142
0.27569
0.32761
0.28638
0.37601
0.31469
0.17672
0.32865
0.33067
0.36264
0.29272
0.30066
0.33067
0.27870
0.27304
0.30074
0.29158
0.27666
0.35458
0.27763
0.30258
0.29129
0.24440
0.33165
0.31095
0.27636
0.25097
0.30654
0.32650
0.29265
0.25608
0.33136
0.21601
0.29774
0.30348
0.28301
0.28769
0.33220
0.30654
0.22036
0.32749
0.28456
0.23443
0.28158
0.29735
0.34964
0.25617
0.23462
0.25743
0.28056
0.28803
0.29302
0.25809
0.25753
0.30563
0.22861
0.25430
0.30414
0.26316
0.31410
0.30076
0.27120
0.27666
0.31874
0.26682
0.30654
0.26703
0.24850
0.31588
0.31582
0.27056
0.30224
0.28397
0.37808
0.29776
0.37601
0.28862
0.26466
0.27159
0.30258
0.29306
0.33188
0.28301
0.25802
0.23936
0.29278
0.28402
0.24782
0.30408
0.28681
0.30198
0.35797
0.29422
0.25389
0.26768
0.29044
0.30429
0.27662
0.27858
0.30051
0.27679
0.29897
0.27222
0.25446
0.31958
0.31742
0.29503
0.25802
0.31616
0.26739
0.28711
0.29290
0.30806
0.30469
0.27836
0.26857
0.27910
0.29015
0.30099
0.29137
0.27333
0.28632
0.32729
0.32060
0.27636
0.23260
0.22360
0.29499
0.34322
0.28392
0.27117
0.29205
0.34979
0.28201
0.35381
0.28923
0.34521
0.27015
0.25676
0.33243
0.30843
0.25605
0.28158
0.24545
0.28159
0.26283
0.25680
0.34508
0.28918
0.32495
0.24411
0.26647
0.32852
0.25597
0.38001
0.27293
0.29073
0.23911
0.28863
0.29886
0.30057
0.30076
0.32584
0.27277
0.28906
0.34934
0.30234
0.36171
0.23663
0.33908
0.29574
0.31880
0.27028
0.28416
0.33105
0.28449
0.33460
0.26567
0.30086
0.34024
0.29183
0.34709
0.27534
0.27787
0.29178
0.29333
0.25154
0.29875
0.26289
0.28271
0.27824
0.28416
0.31148
0.29158
0.23712
0.33375
0.29838
0.26034
0.26677
0.25749
0.24803
0.30958
0.31641
0.24968
0.27206
0.24529
0.25848
0.36142
0.28159
0.31719
0.30900
0.30783
0.27077
0.30257
0.30497
0.28416
0.26677
0.25832
0.25409
0.26406
0.28552
0.23602
0.27287
0.32081
0.27390
0.31673
0.25149
0.30076
0.25263
0.33136
0.33194
0.31719
0.24769
0.29809
0.29740
0.28416
0.24373
0.27955
0.23735
0.28079
0.28892
0.39212
0.29821
0.27310
0.25677
0.28839
0.24448
0.31267
0.28416
0.31263
0.27169
0.30843
0.26506
0.28108
0.24968
0.29593
0.28770
0.22706
0.25042
0.30903
0.31397
0.22964
0.24650
0.24897
0.25535
0.23850
0.38807
0.28076
0.23236
0.26541
0.24905
0.26277
0.29593
0.30198
0.28655
0.28932
0.25850
0.28645
0.24606
0.28130
0.36472
0.27967
0.27827
0.33913
0.37828
0.32749
0.33112
0.27117
0.28532
0.35025
0.40453
0.27388
0.30759
0.29669
0.28360
0.30627
0.31331
0.27123
0.28264
0.25372
0.38300
0.31204
0.26912
0.30554
0.33136
0.27192
0.28014
0.30654
0.28118
0.30213
0.26677
0.26821
0.31588
0.36005
0.28159
0.35797
0.28274
0.28642
0.27296
0.26289
0.30049
0.26612
0.31588
0.25427
0.35510
0.27872
0.29339
0.26011
0.30082
0.27647
0.26391
0.29283
0.28360
0.27903
0.37601
0.28026
0.28347
0.23439
0.35220
0.28926
0.26252
0.28166
0.29518
0.31252
0.28528
0.25278
0.28079
0.30011
0.28731
0.30555
0.34979
0.27553
0.30014
0.27849
0.22815
0.34539
0.28162
0.25660
0.30654
0.30852
0.29778
0.29045
0.29021
0.28695
0.33514
0.30224
0.37015
0.22609
0.27518
0.25278
0.26518
0.28655
0.33814
0.27316
0.27130
0.26990
0.34614
0.32142
0.26188
0.22982
0.27761
0.23626
0.28041
0.27176
0.27288
0.28428
0.27478
0.28302
0.34979
0.26743
0.32281
0.27326
0.27001
0.25760
0.27199
0.27927
0.23279
0.25261
0.21295
0.26702
0.31397
0.29307
0.24980
0.34340
0.29521
0.28081
0.25544
0.31588
0.37015
0.37601
0.25982
0.35570
0.27439
0.26618
0.27835
0.24537
0.25350
0.34461
0.26828
0.28607
0.30759
0.22083
0.23816
0.25922
0.34340
0.25359
0.30461
0.27679
0.27339
0.29140
0.29944
0.27923
0.27053
0.24965
0.35388
0.28977
0.30224
0.32907
0.29574
0.27035
0.28477
0.24606
0.30099
0.30442
0.33154
0.33185
0.27743
0.31815
0.25989
0.27224
0.27390
0.24122
0.27904
0.26867
0.37200
0.28067
0.28863
0.32061
0.32809
0.28084
0.27514
0.31100
0.25542
0.31065
0.32061
0.31976
0.31386
0.25598
0.26557
0.27824
0.29080
0.27842
0.25577
0.33494
0.30172
0.31098
0.26034
0.27750
0.32590
0.30702
0.22092
0.25908
0.28306
0.27018
0.35660
0.28615
0.24851
0.31588
0.31588
0.23340
0.29452
0.30654
0.31588
0.40135
0.27294
0.28550
0.26764
0.30348
0.35660
0.25505
0.28358
0.29941
0.28406
0.35660
0.29264
0.30654
0.28084
0.23260
0.32420
0.30582
0.32410
0.32645
0.27390
0.33629
0.30450
0.28863
0.25437
0.27047
0.33446
0.29942
0.26665
0.32749
0.26187
0.28863
0.26730
0.32410
0.26629
0.34539
0.35797
0.33446
0.28655
0.32691
0.34539
0.30654
0.30654
0.33640
0.26601
0.27654
0.27304
0.30654
0.32986
0.27469
0.27268
0.28689
0.37601
0.34979
0.30697
0.25648
0.32691
0.30141
0.31258
0.26677
0.30403
0.25263
0.26269
0.29087
0.28079
0.30517
0.23643
0.23439
0.27154
0.30049
0.27390
0.31647
0.32590
0.31167
0.30250
0.27345
0.26271
0.24947
0.27390
0.30783
0.24246
0.29354
0.28010
0.35411
0.26228
0.29731
0.28822
0.28297
0.27160
0.28841
0.32224
0.25605
0.33398
0.31167
0.24752
0.30392
0.35660
0.30851
0.25157
0.29909
0.33188
0.31647
0.31521
0.27956
0.33085
0.34182
0.27780
0.34456
0.31902
0.27284
0.28405
0.27855
0.34262
0.26969
0.27530
0.29195
0.30348
0.32048
0.33413
0.30348
0.27355
0.34539
0.37607
0.22815
0.26731
0.31174
0.31156
0.28577
0.30654
0.32297
0.32099
0.26350
0.31386
0.26677
0.29271
0.30654
0.30654
0.28981
0.29744
0.25261
0.28226
0.26149
0.33734
0.30654
0.34182
0.30654
0.27829
0.30654
0.34182
0.30697
0.33240
0.28263
0.31292
0.30654
0.31386
0.33343
0.29173
0.34539
0.27649
0.31917
0.34455
0.34094
0.32745
0.33188
0.28789
0.33240
0.30612
0.30654
0.29201
0.32675
0.28090
0.26240
0.27029
0.21450
0.25371
0.36849
0.28485
0.27895
0.29378
0.25400
0.30669
0.28423
0.28171
0.27581
0.31174
0.29928
0.33781
0.28731
0.37601
0.32114
0.32972
0.32410
0.26801
0.25698
0.27997
0.27660
0.27506
0.34094
0.29826
0.27849
0.25901
0.32654
0.31386
0.31599
0.35864
0.29100
0.30345
0.35797
0.29153
0.37015
0.27133
0.28038
0.28097
0.27955
0.29593
0.26254
0.28950
0.31538
0.32420
0.27444
0.30316
0.31719
0.29996
0.23918
0.31059
0.34364
0.25377
0.29909
0.28734
0.32211
0.28754
0.27956
0.30783
0.29074
0.27018
0.26334
0.34108
0.27873
0.31486
0.34462
0.28311
0.27034
0.36662
0.28081
0.29298
0.27100
0.24569
0.33424
0.32987
0.29015
0.36296
0.26927
0.26677
0.38160
0.34613
0.25826
0.30163
0.27464
0.30583
0.34880
0.28184
0.28616
0.26034
0.27872
0.25987
0.26721
0.32929
0.31050
0.32761
0.26798
0.28190
0.29305
0.25759
0.31535
0.28549
0.34738
0.28939
0.30647
0.30569
0.31654
0.25511
0.30078
0.27402
0.25258
0.32082
0.32391
0.29593
0.27679
0.29086
0.19398
0.16805
0.32882
0.31135
0.26954
0.28655
0.21118
0.21395
0.27230
0.24998
0.22036
0.21979
0.28552
0.27903
0.27914
0.31546
0.29221
0.27926
0.25250
0.30349
0.19726
0.28211
0.28304
0.19983
0.23876
0.28127
0.19273
0.25997
0.25469
0.19207
0.29295
0.21885
0.26795
0.27787
0.33908
0.26040
0.18988
0.25683
0.24603
0.25726
0.27428
0.26966
0.27215
0.33943
0.20674
0.19690
0.29171
0.33064
0.29831
0.27271
0.21274
0.21633
0.21601
0.16805
0.28594
0.34291
0.34170
0.30957
0.28998
0.34979
0.27101
0.32055
0.38274
0.25119
0.31756
0.28763
0.30257
0.24192
0.27530
0.34371
0.31894
0.32000
0.26270
0.27713
0.26146
0.35683
0.29974
0.27356
0.23904
0.28335
0.28125
0.29939
0.35166
0.31997
0.28332
0.23819
0.27504
0.26897
0.26391
0.34429
0.27955
0.27970
0.26352
0.32675
0.24864
0.29956
0.26381
0.29500
0.27055
0.37945
0.25481
0.26828
0.32984
0.28654
0.27285
0.33232
0.28808
0.27277
0.31466
0.31806
0.36808
0.29021
0.29786
0.25415
0.28360
0.26367
0.28133
0.25139
0.25526
0.27351
0.28008
0.27918
0.31407
0.24792
0.27911
0.29731
0.31258
0.30089
0.27663
0.24835
0.25850
0.28412
0.30266
0.21918
0.34867
0.26468
0.26966
0.25804
0.27535
0.29056
0.23443
0.27511
0.29242
0.26466
0.23018
0.29298
0.28085
0.28655
0.28601
0.26182
0.32984
0.30783
0.30799
0.28581
0.28079
0.31135
0.29101
0.29241
0.29677
0.29652
0.26085
0.32040
0.27500
0.27260
0.26659
0.26666
0.22242
0.29277
0.33142
0.30152
0.27928
0.37015
0.32013
0.28230
0.32562
0.34979
0.26592
0.33978
0.36224
0.27764
0.27171
0.25992
0.29928
0.27833
0.31338
0.29738
0.29120
0.27116
0.26969
0.26393
0.28345
0.34803
0.27611
0.28022
0.29278
0.25749
0.27608
0.27986
0.31818
0.31189
0.29124
0.28076
0.29405
0.29524
0.33370
0.27987
0.33395
0.26712
0.29418
0.29354
0.25637
0.30745
0.25142
0.28803
0.26346
0.30654
0.27801
0.26290
0.27953
0.29444
0.33913
0.27602
0.25749
0.27826
0.28934
0.28018
0.29243
0.37464
0.33649
0.31369
0.31023
0.28742
0.29338
0.29673
0.24177
0.26034
0.31309
0.29546
0.29304
0.28102
0.26391
0.29699
0.27378
0.28768
0.25080
0.26762
0.27120
0.31942
0.24850
0.34979
0.27492
0.29157
0.35864
0.28401
0.26686
0.29210
0.27453
0.27615
0.26456
0.30865
0.28477
0.25333
0.26541
0.26172
0.28835
0.29576
0.30055
0.30446
0.26292
0.26200
0.26866
0.25915
0.30527
0.28876
0.27123
0.27759
0.26261
0.28120
0.28446
0.27569
0.27498
0.27667
0.29163
0.27679
0.32128
0.28771
0.29173
0.28181
0.38437
0.33875
0.26125
0.26970
0.27165
0.32478
0.27345
0.27235
0.28670
0.27404
0.26172
0.28428
0.29832
0.27863
0.27667
0.31693
0.29523
0.30146
0.28839
0.26716
0.28020
0.34082
0.26172
0.30677
0.26716
0.24621
0.29173
0.26944
0.27905
0.26552
0.43178
0.28851
0.27186
0.32970
0.33290
0.30073
0.31078
0.28820
0.28296
0.23880
0.26172
0.27991
0.27076
0.24844
0.31062
0.26870
0.27146
0.28655
0.27553
0.27092
0.30343
0.26476
0.26742
0.27252
0.27981
0.27404
0.29338
0.28705
0.28020
0.29628
0.24451
0.29196
0.26416
0.31332
0.33708
0.29643
0.26025
0.27834
0.28040
0.26944
0.29773
0.27618
0.26936
0.29253
0.27587
0.25819
0.25898
0.33603
0.26040
0.26982
0.26172
0.29773
0.25637
0.27456
0.24609
0.30027
0.29173
0.30221
0.27075
0.28301
0.29216
0.31234
0.27943
0.27687
0.28714
0.31050
0.30521
0.29079
0.36040
0.27029
0.35388
0.26172
0.27522
0.24621
0.28262
0.31979
0.30546
0.26982
0.35138
0.29628
0.28696
0.29098
0.28151
0.25100
0.26596
0.34082
0.25987
0.26226
0.27890
0.34082
0.29098
0.30396
0.26172
0.29173
0.26374
0.34638
0.27334
0.27746
0.28263
0.26149
0.33880
0.26982
0.28452
0.35043
0.27365
0.29098
0.29055
0.26172
0.28470
0.28160
0.24500
0.26307
0.28026
0.26751
0.33536
0.30991
0.28020
0.28876
0.26650
0.25819
0.31093
0.36135
0.27621
0.26352
0.29668
0.26172
0.28576
0.28937
0.27689
0.28011
0.29248
0.35292
0.31780
0.27842
0.32977
0.27645
0.34082
0.29167
0.29435
0.29347
0.26183
0.29928
0.29248
0.25825
0.34082
0.33529
0.28762
0.27581
0.35449
0.29071
0.25174
0.29640
0.29948
0.25683
0.26748
0.26625
0.28079
0.27305
0.30091
0.28053
0.25130
0.23880
0.28902
0.26673
0.27908
0.29335
0.26172
0.32691
0.26321
0.34082
0.26040
0.29944
0.31059
0.28125
0.29014
0.35800
0.28708
0.25458
0.27448
0.29278
0.27154
0.29650
0.32749
0.27602
0.22560
0.27050
0.29451
0.28568
0.28613
0.26557
0.30546
0.28452
0.30942
0.34308
0.26742
0.31891
0.28226
0.32745
0.26267
0.27175
0.28407
0.30609
0.27787
0.30759
0.36611
0.33161
0.26259
0.26677
0.26805
0.26034
0.28483
0.28934
0.25203
0.27327
0.27175
0.29061
0.25458
0.29537
0.29928
0.26391
0.26743
0.28485
0.29821
0.29948
0.27071
0.34553
0.29747
0.28294
0.36847
0.30312
0.31167
0.28294
0.32209
0.31874
0.27070
0.31024
0.29248
0.29677
0.29137
0.37601
0.37601
0.29101
0.26434
0.25608
0.31297
0.29248
0.29587
0.29659
0.27260
0.29065
0.27390
0.25163
0.28158
0.29472
0.29151
0.37601
0.32447
0.27544
0.28203
0.30627
0.32349
0.31296
0.33483
0.28346
0.25605
0.32171
0.30174
0.28294
0.26378
0.25834
0.32570
0.29944
0.35660
0.27988
0.27337
0.27390
0.28443
0.25991
0.27922
0.27968
0.28672
0.29315
0.33173
0.26883
0.27802
0.32205
0.37464
0.32206
0.32265
0.29414
0.25521
0.31347
0.29797
0.30979
0.23499
0.31632
0.30654
0.28107
0.34024
0.26877
0.28134
0.26955
0.25960
0.27601
0.27652
0.28209
0.30843
0.28160
0.33029
0.26252
0.25139
0.25921
0.26225
0.27739
0.32602
0.28803
0.31588
0.31995
0.26702
0.27847
0.29585
0.33173
0.25681
0.33687
0.34575
0.31258
0.39113
0.32749
0.27769
0.24174
0.32852
0.28194
0.28305
0.34860
0.29298
0.27302
0.31900
0.29909
0.24645
0.30408
0.27450
0.30073
0.26776
0.27926
0.35510
0.37601
0.27566
0.31588
0.27806
0.27028
0.29658
0.23447
0.28855
0.26661
0.28851
0.24306
0.28152
0.28157
0.29215
0.29593
0.31954
0.32410
0.29732
0.28233
0.27315
0.30843
0.24850
0.34539
0.32924
0.28430
0.28373
0.32334
0.34575
0.27215
0.28981
0.27742
0.27581
0.25889
0.33464
0.28671
0.33231
0.33539
0.30772
0.31647
0.27070
0.29347
0.28325
0.32852
0.25120
0.26797
0.28810
0.32895
0.26107
0.23565
0.27078
0.30956
0.27337
0.32410
0.30685
0.28281
0.31325
0.30007
0.29458
0.33240
0.27173
0.27163
0.26546
0.31167
0.28655
0.29014
0.28794
0.24392
0.28084
0.32761
0.32141
0.32141
0.31020
0.26034
0.29059
0.30513
0.28169
0.32478
0.26672
0.30286
0.26944
0.29285
0.33529
0.32127
0.35183
0.30155
0.28056
0.30315
0.23723
0.29303
0.28525
0.26552
0.26068
0.47735
0.27086
0.28949
0.29587
0.30150
0.28969
0.27066
0.26923
0.27510
0.28470
0.26453
0.27802
0.32395
0.29055
0.28596
0.30614
0.28084
0.28014
0.28263
0.27390
0.30363
0.26026
0.28193
0.32478
0.28154
0.27210
0.26367
0.29019
0.27970
0.27938
0.36496
0.26751
0.27581
0.30396
0.25474
0.24734
0.25474
0.25594
0.27404
0.27404
0.28437
0.31617
0.27729
0.31776
0.27733
0.26172
0.28492
0.26172
0.27802
0.47735
0.25309
0.24621
0.27667
0.29307
0.26352
0.38382
0.27162
0.26280
0.27694
0.30545
0.29101
0.27667
0.31986
0.27618
0.24359
0.32478
0.33212
0.27404
0.34082
0.25828
0.26476
0.30387
0.25819
0.27928
0.28384
0.25608
0.34672
0.25804
0.27066
0.26876
0.28892
0.28430
0.37015
0.25166
0.28926
0.25531
0.27115
0.29773
0.25445
0.29776
0.29246
0.26343
0.28426
0.37482
0.27707
0.30654
0.35961
0.28068
0.26944
0.27341
0.27767
0.32471
0.29090
0.28635
0.30643
0.31954
0.28877
0.27585
0.28984
0.28400
0.34082
0.26374
0.25597
0.35280
0.29108
0.29061
0.28734
0.24430
0.27780
0.32827
0.27453
0.27404
0.27998
0.27210
0.28711
0.29773
0.35583
0.25879
0.33212
0.29794
0.29336
0.25766
0.25834
0.27195
0.26057
0.28133
0.37601
0.33237
0.31279
0.25958
0.27760
0.29092
0.28202
0.29649
0.29936
0.27173
0.27842
0.26355
0.27512
0.27574
0.28926
0.39678
0.35647
0.31885
0.28259
0.30832
0.24652
0.32980
0.27133
0.28283
0.27004
0.29152
0.26677
0.28621
0.27956
0.32737
0.37601
0.25772
0.38927
0.34539
0.29053
0.27429
0.27529
0.27903
0.33302
0.32080
0.26464
0.28656
0.30654
0.34539
0.24750
0.27140
0.23667
0.28988
0.27812
0.27713
0.30843
0.34024
0.31207
0.29048
0.26470
0.25395
0.29738
0.27279
0.25921
0.30938
0.24005
0.35660
0.32053
0.25685
0.28215
0.27537
0.28185
0.25027
0.27159
0.27007
0.34539
0.30905
0.30905
0.33992
0.30448
0.28892
0.27460
0.31401
0.28449
0.28485
0.27780
0.29348
0.29307
0.30654
0.33913
0.28684
0.31564
0.26990
0.32127
0.28758
0.28852
0.28079
0.27424
0.39212
0.27250
0.31258
0.26476
0.27956
0.28881
0.27828
0.27444
0.29904
0.38067
0.30113
0.27836
0.30109
0.27390
0.27812
0.28284
0.27390
0.31647
0.26034
0.28190
0.27679
0.26059
0.27004
0.38446
0.28949
0.24175
0.25039
0.31202
0.32584
0.32852
0.27963
0.30152
0.28655
0.30654
0.28026
0.36103
0.28465
0.26413
0.28727
0.25139
0.29444
0.29065
0.30032
0.28855
0.34634
0.31647
0.27648
0.26265
0.24904
0.26700
0.28802
0.27302
0.27871
0.26172
0.36553
0.25919
0.30832
0.27302
0.30654
0.34271
0.29009
0.35660
0.26289
0.34079
0.29246
0.25501
0.28056
0.30656
0.27390
0.34742
0.25975
0.28161
0.27334
0.30654
0.26283
0.30295
0.29636
0.23567
0.31386
0.35019
0.30759
0.26413
0.27696
0.28392
0.28993
0.26987
0.27615
0.32852
0.26440
0.29553
0.30654
0.28934
0.26578
0.26383
0.30978
0.27291
0.28203
0.28256
0.29979
0.27680
0.27675
0.29615
0.31337
0.26901
0.30618
0.27905
0.29278
0.26465
0.26881
0.30202
0.28730
0.24797
0.27948
0.29288
0.34979
0.28052
0.27948
0.29437
0.37601
0.28041
0.28863
0.28397
0.32852
0.28950
0.29667
0.29370
0.25921
0.28957
0.33827
0.32268
0.31332
0.32427
0.33341
0.26120
0.29281
0.37087
0.25688
0.29593
0.32155
0.31213
0.32091
0.36264
0.26073
0.32262
0.30783
0.30172
0.35660
0.29326
0.29453
0.27108
0.27309
0.28772
0.29195
0.29298
0.39028
0.28655
0.25854
0.29168
0.30408
0.32355
0.36662
0.29906
0.25883
0.39788
0.35111
0.27297
0.29125
0.35069
0.24842
0.35961
0.38001
0.38431
0.31719
0.28317
0.26793
0.29047
0.29246
0.24291
0.30956
0.31104
0.29338
0.26828
0.38300
0.29291
0.27774
0.30983
0.30654
0.28223
0.30654
0.26927
0.31647
0.25622
0.26291
0.31097
0.28938
0.26471
0.27101
0.27159
0.28102
0.27979
0.37503
0.29765
0.30560
0.26323
0.27979
0.28119
0.28597
0.32807
0.30429
0.29161
0.26413
0.27966
0.29532
0.26978
0.29542
0.29136
0.35680
0.29875
0.28765
0.21861
0.29556
0.32686
0.29011
0.28530
0.30403
0.28499
0.36136
0.26668
0.29760
0.19844
0.28997
0.29698
0.26994
0.27708
0.21288
0.29446
0.28700
0.25739
0.26976
0.29042
0.29331
0.25970
0.30796
0.28450
0.25428
0.29148
0.29628
0.29593
0.31086
0.28084
0.31167
0.32046
0.32229
0.27673
0.26749
0.25313
0.28863
0.29757
0.25393
0.29574
0.27611
0.31484
0.27597
0.26688
0.26168
0.31588
0.28779
0.29209
0.31719
0.25115
0.33552
0.31771
0.27511
0.27890
0.29740
0.27499
0.30205
0.28863
0.27373
0.27548
0.29298
0.26716
0.26145
0.28133
0.26948
0.34462
0.29114
0.28186
0.27950
0.30523
0.31771
0.32749
0.27675
0.29263
0.35044
0.28981
0.27687
0.34539
0.29845
0.31538
0.25786
0.26402
0.29113
0.25510
0.26006
0.27840
0.30759
0.31771
0.24542
0.29628
0.28863
0.26464
0.32410
0.24451
0.37601
0.29298
0.28741
0.26074
0.28091
0.27911
0.26974
0.27230
0.27552
0.28950
0.32972
0.31647
0.26998
0.30654
0.31588
0.25527
0.34527
0.22166
0.33987
0.27655
0.28581
0.29298
0.31167
0.34212
0.28641
0.27250
0.30272
0.28948
0.34539
0.32420
0.26860
0.32855
0.31664
0.28881
0.24195
0.27337
0.30423
0.33809
0.26935
0.31703
0.31719
0.30654
0.25898
0.31422
0.28672
0.25322
0.27458
0.31625
0.30624
0.28413
0.27620
0.27665
0.32991
0.26786
0.35660
0.33188
0.33541
0.37601
0.27225
0.25294
0.34539
0.27088
0.30654
0.34928
0.31647
0.27869
0.31496
0.29838
0.27514
0.30967
0.28176
0.29968
0.36045
0.28510
0.25310
0.32838
0.34874
0.28805
0.27249
0.24448
0.29227
0.39322
0.32852
0.29873
0.29756
0.37601
0.31242
0.32681
0.32420
0.24903
0.29593
0.28634
0.32504
0.26481
0.27657
0.29158
0.27877
0.28479
0.28413
0.27417
0.30258
0.28672
0.28607
0.37275
0.34038
0.27667
0.29731
0.27532
0.31719
0.27713
0.28710
0.32379
0.28407
0.33844
0.31132
0.28177
0.32146
0.30360
0.29812
0.26464
0.33442
0.29298
0.29085
0.29375
0.32146
0.35797
0.32741
0.24911
0.33478
0.27483
0.31647
0.28588
0.30654
0.29058
0.32729
0.27220
0.28693
0.34715
0.35980
0.28655
0.27857
0.28426
0.25418
0.29816
0.28104
0.25682
0.27390
0.26654
0.32140
0.25893
0.25614
0.31647
0.37212
0.27383
0.31702
0.26205
0.30946
0.29219
0.28328
0.32704
0.27016
0.26694
0.32055
0.26430
0.27962
0.28062
0.27458
0.28878
0.28079
0.25555
0.32980
0.28853
0.28336
0.28305
0.27015
0.26625
0.31386
0.26535
0.32142
0.30654
0.29831
0.30371
0.35660
0.30524
0.28165
0.32937
0.28264
0.26625
0.35366
0.32285
0.34364
0.33892
0.26983
0.23557
0.27801
0.28663
0.28396
0.32508
0.27794
0.26420
0.31128
0.29333
0.27910
0.26677
0.36315
0.31167
0.37456
0.30822
0.29647
0.30258
0.27709
0.27236
0.30528
0.29593
0.26286
0.30654
0.28674
0.27390
0.28350
0.30843
0.32468
0.34322
0.30967
0.32650
0.34490
0.32420
0.29298
0.29456
0.38838
0.28507
0.27230
0.25371
0.32126
0.35660
0.31588
0.34874
0.29640
0.27463
0.28657
0.27948
0.28525
0.28886
0.25539
0.26454
0.36746
0.27827
0.26775
0.29140
0.29966
0.35473
0.28981
0.36314
0.29209
0.27752
0.28471
0.28453
0.32620
0.30956
0.39521
0.33477
0.32057
0.27964
0.30141
0.28173
0.41508
0.27230
0.27889
0.24977
0.33401
0.28674
0.26034
0.29405
0.38976
0.31305
0.30654
0.32410
0.39524
0.24556
0.25479
0.29017
0.31588
0.32174
0.28637
0.33100
0.30555
0.32271
0.35660
0.27638
0.26277
0.30109
0.25595
0.31745
0.24819
0.30956
0.26413
0.43753
0.30163
0.28207
0.26893
0.27390
0.25740
0.36296
0.28079
0.26006
0.27269
0.25488
0.25606
0.27355
0.31167
0.32412
0.41508
0.30456
0.37601
0.31167
0.34539
0.28655
0.24606
0.29395
0.32765
0.27082
0.25285
0.28895
0.28284
0.24155
0.30843
0.37601
0.30348
0.27922
0.32590
0.30843
0.29334
0.31732
0.30843
0.31653
0.29912
0.30790
0.29272
0.33198
0.28224
0.29814
0.29593
0.31647
0.32761
0.30296
0.36662
0.28863
0.27269
0.28026
0.27679
0.33364
0.26238
0.27727
0.31588
0.33188
0.33188
0.34794
0.25322
0.28134
0.32079
0.27563
0.27390
0.31647
0.28597
0.26251
0.29002
0.26312
0.30236
0.37601
0.29299
0.28748
0.21553
0.32745
0.30654
0.31574
0.37960
0.26982
0.27802
0.33438
0.26120
0.30654
0.21440
0.26223
0.31167
0.30396
0.27914
0.30348
0.28657
0.37601
0.31171
0.29732
0.28326
0.30885
0.31518
0.30917
0.31850
0.32852
0.33282
0.27621
0.27082
0.22547
0.26622
0.27129
0.29271
0.20515
0.24816
0.33282
0.35742
0.29215
0.28069
0.26893
0.26016
0.27304
0.34539
0.30800
0.28452
0.28321
0.29260
0.37600
0.28645
0.19098
0.32590
0.26413
0.27994
0.30403
0.29341
0.28025
0.29897
0.28687
0.25938
0.26074
0.29295
0.30654
0.26006
0.28863
0.28863
0.29772
0.32287
0.18622
0.24795
0.29202
0.37601
0.27720
0.26620
0.19267
0.30654
0.27114
0.32447
0.19062
0.28804
0.28186
0.24538
0.28045
0.27806
0.19098
0.29108
0.35797
0.28166
0.22752
0.22476
0.28201
0.28328
0.32654
0.26260
0.28329
0.25826
0.22419
0.35238
0.26887
0.25249
0.27458
0.29593
0.29086
0.23126
0.21443
0.25616
0.30790
0.30265
0.28079
0.26787
0.33300
0.26026
0.31647
0.31588
0.26994
0.35660
0.27962
0.30654
0.22179
0.20411
0.31748
0.30080
0.21553
0.35660
0.31279
0.32447
0.30654
0.20353
0.20128
0.20952
0.30554
0.21725
0.27172
0.25557
0.22893
0.25490
0.25683
0.20273
0.25371
0.21513
0.28330
0.30654
0.18852
0.35660
0.22231
0.31676
0.27082
0.33740
0.22630
0.28352
0.24229
0.31674
0.27274
0.26635
0.31434
0.30898
0.26034
0.20952
0.34872
0.27679
0.26867
0.33218
0.29009
0.30654
0.33300
0.31167
0.18917
0.27916
0.27391
0.34539
0.27748
0.29593
0.30265
0.28849
0.34539
0.27518
0.32852
0.21626
0.30582
0.27669
0.32142
0.33195
0.32205
0.28531
0.31641
0.30654
0.28807
0.21824
0.37015
0.31588
0.30261
0.37607
0.26945
0.28357
0.29000
0.29020
0.33195
0.30387
0.26850
0.37601
0.37601
0.27988
0.35473
0.19062
0.26840
0.26488
0.19481
0.28079
0.27062
0.27982
0.26688
0.25606
0.38300
0.39212
0.30843
0.26168
0.21446
0.25983
0.23111
0.27504
0.23295
0.24816
0.27428
0.29086
0.22419
0.23452
0.37601
0.28863
0.30967
0.37601
0.20339
0.18999
0.25285
0.22776
0.28745
0.20745
0.20025
0.27739
0.19898
0.28084
0.28863
0.30139
0.18755
0.28863
0.19887
0.27446
0.19668
0.20043
0.27727
0.20411
0.22644
0.16855
0.23887
0.20385
0.21519
0.28360
0.19014
0.19327
0.32410
0.30227
0.17298
0.22054
0.27504
0.20873
0.29589
0.23536
0.28095
0.19062
0.20920
0.28765
0.32905
0.29292
0.18999
0.20873
0.16855
0.19481
0.24835
0.19062
0.26882
0.34432
0.26957
0.31472
0.31167
0.37601
0.22474
0.30654
0.23993
0.16855
0.37601
0.22526
0.33106
0.21253
0.24448
0.22092
0.21347
0.29133
0.33458
0.27386
0.35660
0.17841
0.31105
0.29768
0.20570
0.19887
0.20854
0.27189
0.26459
0.25892
0.21802
0.20189
0.22934
0.33240
0.22384
0.28779
0.29593
0.26084
0.30654
0.32211
0.21802
0.27275
0.27071
0.24835
0.20144
0.27740
0.30517
0.30702
0.37439
0.22782
0.22297
0.21626
0.18383
0.21446
0.35035
0.30661
0.28435
0.33240
0.23830
0.29673
0.28452
0.20579
0.32891
0.27705
0.19835
0.25095
0.32209
0.28651
0.34539
0.30654
0.27822
0.32504
0.24130
0.34351
0.30264
0.31954
0.26299
0.29453
0.32658
0.33240
0.23853
0.27076
0.27173
0.32447
0.35534
0.26984
0.30956
0.28524
0.26824
0.30654
0.28686
0.27097
0.27204
0.28475
0.33188
0.28275
0.37601
0.26990
0.30768
0.30654
0.26834
0.28447
0.34539
0.33398
0.31588
0.31258
0.23237
0.31167
0.37607
0.38425
0.37601
0.33398
0.30348
0.34539
0.28079
0.28730
0.36771
0.31297
0.31954
0.27047
0.37601
0.31258
0.28039
0.36340
0.32590
0.35660
0.30654
0.30654
0.31167
0.29783
0.31258
0.31167
0.30956
0.30654
0.32205
0.27906
0.32410
0.32141
0.37601
0.28267
0.26877
0.31588
0.30005
0.30654
0.23396
0.36340
0.26729
0.32852
0.32234
0.26130
0.28892
0.38211
0.27369
0.35510
0.33398
0.30843
0.27827
0.27197
0.22576
0.31020
0.34539
0.26138
0.26879
0.36693
0.25957
0.32650
0.29731
0.25758
0.28568
0.30049
0.31525
0.31258
0.31450
0.26522
0.25542
0.33510
0.30464
0.29732
0.27667
0.32410
0.30076
0.26575
0.29295
0.28906
0.35660
0.31167
0.30348
0.37601
0.34351
0.28471
0.26600
0.26279
0.26401
0.30843
0.30076
0.30654
0.35660
0.32410
0.31958
0.23844
0.30403
0.26864
0.24940
0.30141
0.27728
0.32446
0.30654
0.32737
0.31167
0.31167
0.28216
0.31297
0.27080
0.27107
0.27853
0.29744
0.30843
0.26870
0.33067
0.30654
0.34462
0.31167
0.27327
0.28084
0.34539
0.28804
0.25956
0.34575
0.30654
0.37601
0.35980
0.27631
0.31167
0.32410
0.31647
0.30049
0.25684
0.27521
0.28085
0.33819
0.30654
0.25409
0.34539
0.34238
0.28851
0.32059
0.26290
0.26988
0.38287
0.32447
0.26227
0.31954
0.30654
0.37601
0.29221
0.28865
0.32420
0.26454
0.34102
0.30141
0.37601
0.30654
0.26978
0.33698
0.31588
0.27390
0.32410
0.28684
0.29520
0.26795
0.30595
0.29146
0.36662
0.36002
0.27448
0.28657
0.30654
0.30654
0.31647
0.29114
0.31647
0.37607
0.28479
0.31588
0.31149
0.35797
0.30654
0.31258
0.34539
0.36662
0.34102
0.30654
0.32141
0.32410
0.30654
0.30670
0.30654
0.31588
0.30654
0.28837
0.27874
0.29731
0.30336
0.33913
0.27413
0.30956
0.32749
0.32141
0.37601
0.28060
0.24669
0.25677
0.28079
0.31337
0.28881
0.28389
0.29764
0.30141
0.28253
0.31588
0.34539
0.34644
0.35980
0.27801
0.30346
0.28657
0.36634
0.29731
0.32420
0.35697
0.28194
0.30303
0.28859
0.27646
0.32142
0.31647
0.27181
0.32749
0.29746
0.25274
0.30956
0.37601
0.37601
0.27472
0.33188
0.34614
0.26902
0.44153
0.30161
0.26721
0.35660
0.28794
0.32420
0.32801
0.27932
0.36662
0.34539
0.31336
0.31897
0.31123
0.28872
0.28590
0.30654
0.31370
0.31874
0.27983
0.30741
0.30654
0.37601
0.30761
0.27075
0.26924
0.32749
0.32021
0.25541
0.40135
0.26960
0.21088
0.30654
0.28244
0.32250
0.31588
0.28330
0.28863
0.34539
0.23108
0.24799
0.28810
0.23304
0.21444
0.28973
0.37607
0.31386
0.34539
0.28584
0.31931
0.37601
0.29215
0.36662
0.27237
0.28274
0.32852
0.28261
0.28839
0.32410
0.31167
0.30443
0.21145
0.30433
0.28804
0.27448
0.19675
0.32410
0.32335
0.27975
0.30403
0.33067
0.27983
0.34874
0.32767
0.41508
0.27085
0.33693
0.27390
0.28943
0.28561
0.29738
0.31647
0.30403
0.33680
0.27972
0.27956
0.30211
0.30654
0.30209
0.31365
0.31837
0.32352
0.37601
0.31775
0.27956
0.28362
0.25244
0.30811
0.29948
0.26601
0.27108
0.30914
0.30022
0.30348
0.20411
0.30141
0.35850
0.28923
0.30224
0.20655
0.33494
0.24653
0.27217
0.28115
0.31583
0.24169
0.30348
0.26556
0.34987
0.35510
0.44028
0.28222
0.28912
0.27036
0.30654
0.34539
0.26654
0.30031
0.26111
0.25956
0.32529
0.17841
0.26732
0.36662
0.28010
0.23433
0.30654
0.27076
0.32542
0.26680
0.32256
0.31167
0.19062
0.27936
0.31386
0.20846
0.30654
0.35660
0.27932
0.32658
0.27028
0.30036
0.37601
0.31478
0.26948
0.28191
0.21179
0.32645
0.22551
0.31361
0.28234
0.28956
0.28399
0.26119
0.28149
0.29756
0.28234
0.36662
0.35682
0.27795
0.31952
0.35660
0.32937
0.34979
0.27467
0.25042
0.29087
0.24468
0.25398
0.27687
0.31588
0.30654
0.28007
0.26601
0.34354
0.22419
0.20515
0.27933
0.22698
0.31251
0.28088
0.29731
0.25688
0.28890
0.30239
0.28655
0.37787
0.28251
0.36662
0.38736
0.34979
0.31120
0.31647
0.19739
0.28298
0.29298
0.27598
0.28741
0.27298
0.21446
0.28234
0.32442
0.30348
0.23476
0.32410
0.24659
0.27012
0.22297
0.20411
0.31625
0.28572
0.32404
0.26409
0.26333
0.27631
0.38300
0.30967
0.32410
0.22958
0.27857
0.26390
0.30967
0.37601
0.32079
0.27739
0.26845
0.26162
0.23340
0.22550
0.32547
0.34152
0.20792
0.34539
0.30582
0.20846
0.30464
0.28717
0.31392
0.30838
0.21340
0.34539
0.26246
0.27259
0.32567
0.25992
0.27729
0.18917
0.30595
0.30654
0.30088
0.28078
0.26521
0.31167
0.25095
0.32410
0.32780
0.28655
0.22241
0.33161
0.27262
0.30654
0.20078
0.19924
0.34539
0.27451
0.25229
0.27827
0.32959
0.20126
0.20128
0.32502
0.29111
0.30327
0.19814
0.23280
0.28205
0.23914
0.31480
0.21903
0.37601
0.20232
0.29628
0.34979
0.37601
0.31167
0.32590
0.32410
0.31533
0.24258
0.30914
0.29717
0.34442
0.31167
0.26107
0.20515
0.30654
0.28804
0.37601
0.16855
0.30654
0.30654
0.31588
0.27672
0.22376
0.21113
0.19014
0.28890
0.30536
0.26715
0.24705
0.34888
0.26205
0.32937
0.23111
0.26254
0.17841
0.25640
0.28837
0.26771
0.26333
0.31864
0.34979
0.34500
0.32298
0.25378
0.22241
0.32972
0.27053
0.32598
0.37601
0.28434
0.26542
0.22909
0.20952
0.32645
0.23772
0.16855
0.27407
0.29810
0.37697
0.33809
0.30348
0.26543
0.19679
0.27446
0.29047
0.25474
0.25274
0.26428
0.31054
0.26717
0.39133
0.26194
0.19062
0.26983
0.24606
0.27053
0.26897
0.30654
0.26861
0.29785
0.33240
0.27284
0.19477
0.27512
0.20128
0.28079
0.31167
0.32745
0.31812
0.29603
0.20886
0.28396
0.27053
0.29219
0.32852
0.25793
0.30654
0.18755
0.30517
0.28372
0.26564
0.27956
0.27199
0.23582
0.30941
0.28187
0.22890
0.30654
0.25921
0.18917
0.31167
0.22797
0.26308
0.19327
0.33188
0.33188
0.30073
0.31020
0.27262
0.29525
0.25573
0.32271
0.28449
0.30179
0.35660
0.31167
0.27338
0.19690
0.22693
0.17841
0.30843
0.36662
0.27346
0.22387
0.17747
0.32922
0.21327
0.22075
0.26333
0.34539
0.32076
0.18622
0.23267
0.20385
0.26377
0.32584
0.32271
0.26156
0.31297
0.23023
0.23053
0.28855
0.27230
0.26814
0.26096
0.32852
0.33893
0.30832
0.37601
0.29221
0.31167
0.26301
0.17841
0.32585
0.30457
0.29158
0.32749
0.30956
0.32053
0.25905
0.26698
0.20323
0.32420
0.16855
0.20493
0.18917
0.31455
0.30654
0.35660
0.26791
0.32598
0.28689
0.16855
0.28655
0.31421
0.16855
0.31167
0.21253
0.26951
0.25442
0.44245
0.28479
0.37601
0.29298
0.20873
0.26801
0.31207
0.18999
0.27576
0.32976
0.29665
0.26674
0.26264
0.28397
0.21626
0.29873
0.24835
0.21325
0.28078
0.28760
0.26292
0.26532
0.28078
0.26790
0.26755
0.24036
0.28045
0.21556
0.18795
0.28069
0.21929
0.31588
0.28159
0.30444
0.32598
0.28079
0.33095
0.19668
0.28670
0.35682
0.28244
0.29290
0.20005
0.38564
0.27891
0.30654
0.30654
0.28086
0.30554
0.30799
0.26061
0.28525
0.31258
0.17841
0.26990
0.37601
0.27700
0.22089
0.34539
0.27949
0.29171
0.21341
0.30141
0.18917
0.32420
0.24168
0.32749
0.26755
0.32128
0.30037
0.30348
0.31258
0.34539
0.37289
0.24078
0.33992
0.29221
0.26053
0.28604
0.19679
0.23091
0.22620
0.32669
0.28657
0.31183
0.30838
0.21301
0.22587
0.27955
0.30654
0.34539
0.26512
0.20309
0.25801
0.37601
0.30498
0.33485
0.34575
0.29221
0.24525
0.30654
0.31034
0.30654
0.37601
0.30738
0.34539
0.33136
0.25139
0.37601
0.32508
0.28666
0.26453
0.20756
0.26333
0.37601
0.25254
0.35473
0.29289
0.27797
0.30348
0.30049
0.19477
0.26647
0.29221
0.33188
0.28589
0.30843
0.28617
0.39133
0.30287
0.28914
0.28505
0.37601
0.29593
0.31167
0.35660
0.25791
0.33992
0.34539
0.32852
0.26367
0.34539
0.31055
0.27390
0.32592
0.25139
0.28365
0.33860
0.41508
0.31755
0.34539
0.21868
0.30601
0.34539
0.28796
0.24763
0.35510
0.28133
0.32523
0.31167
0.33989
0.28024
0.22785
0.32852
0.28629
0.39113
0.21083
0.37601
0.32592
0.32224
0.27139
0.30354
0.37601
0.29221
0.32590
0.30049
0.26793
0.34539
0.26529
0.37601
0.25653
0.23396
0.17841
0.30690
0.28675
0.33006
0.26928
0.31258
0.29774
0.21824
0.32410
0.34979
0.30697
0.18941
0.26377
0.23269
0.22812
0.32074
0.28649
0.27262
0.25953
0.25095
0.31105
0.28202
0.22387
0.31588
0.29247
0.27075
0.25921
0.33111
0.35139
0.37601
0.30654
0.28747
0.28053
0.21553
0.34539
0.32423
0.27998
0.31647
0.35510
0.25836
0.30517
0.29186
0.28130
0.32749
0.26321
0.29841
0.28863
0.31815
0.30200
0.32669
0.21048
0.19671
0.20251
0.25095
0.30464
0.32590
0.32688
0.35797
0.22376
0.21626
0.30563
0.26080
0.19668
0.37601
0.19887
0.29283
0.30464
0.25564
0.30654
0.30089
0.27772
0.28047
0.32410
0.30654
0.22637
0.20515
0.21296
0.32852
0.34529
0.26006
0.31258
0.35660
0.33686
0.37601
0.32504
0.25357
0.25854
0.29738
0.37601
0.31924
0.28125
0.29559
0.38838
0.20579
0.25501
0.27262
0.21778
0.33218
0.21903
0.16855
0.33343
0.30401
0.32048
0.27209
0.33621
0.28305
0.31604
0.24399
0.33843
0.20516
0.28658
0.37601
0.16855
0.31647
0.34088
0.27304
0.31588
0.22870
0.26629
0.30049
0.25838
0.33843
0.28251
0.27129
0.17841
0.30905
0.31167
0.24808
0.21451
0.18795
0.27610
0.29888
0.26672
0.29286
0.22497
0.31258
0.26355
0.27053
0.26801
0.22294
0.37607
0.24962
0.31588
0.34539
0.34539
0.30174
0.31167
0.28890
0.22242
0.35660
0.34539
0.25557
0.24659
0.26887
0.27840
0.31386
0.32745
0.30238
0.20128
0.30320
0.31588
0.27494
0.28226
0.27253
0.27956
0.19373
0.31958
0.34403
0.26066
0.26413
0.29298
0.31258
0.27337
0.27955
0.28863
0.22955
0.37601
0.33006
0.30654
0.25274
0.29887
0.31167
0.28000
0.29703
0.31183
0.30654
0.37607
0.28688
0.22376
0.27633
0.35660
0.37601
0.27687
0.30150
0.33159
0.30654
0.31055
0.28259
0.23383
0.27207
0.27043
0.26443
0.28180
0.23920
0.32749
0.22073
0.28452
0.27170
0.29975
0.32190
0.27127
0.28310
0.40935
0.30595
0.31386
0.27587
0.23500
0.34979
0.29873
0.36189
0.22200
0.21443
0.26462
0.25658
0.29286
0.32691
0.28645
0.20254
0.26059
0.32865
0.30408
0.28903
0.25373
0.30856
0.31533
0.29802
0.31906
0.28091
0.29766
0.30420
0.33141
0.32410
0.32410
0.28324
0.35856
0.25110
0.26887
0.25931
0.27328
0.32590
0.31258
0.27390
0.30741
0.33141
0.34835
0.31587
0.32885
0.32692
0.27611
0.29298
0.27899
0.32914
0.30858
0.28603
0.30776
0.28452
0.41851
0.27205
0.26390
0.28303
0.31815
0.30795
0.27773
0.32242
0.34260
0.26901
0.31089
0.25313
0.33375
0.28264
0.26809
0.27440
0.26887
0.23467
0.30443
0.33341
0.29767
0.32224
0.27069
0.27620
0.28389
0.28201
0.34914
0.31415
0.30654
0.30582
0.26951
0.29559
0.35660
0.31167
0.35660
0.28494
0.31167
0.31603
0.37601
0.26591
0.37601
0.27538
0.28938
0.27724
0.29080
0.34539
0.33611
0.28863
0.33740
0.30096
0.32792
0.21061
0.30499
0.31588
0.26913
0.33548
0.31781
0.30322
0.28018
0.26914
0.29361
0.35660
0.26037
0.31599
0.34539
0.26166
0.28932
0.25753
0.33973
0.26905
0.33083
0.27934
0.37607
0.28851
0.28757
0.31097
0.30141
0.31258
0.30956
0.30348
0.33188
0.30832
0.31588
0.30261
0.31297
0.33218
0.37601
0.25757
0.28013
0.25973
0.34432
0.26987
0.33291
0.30654
0.25813
0.28331
0.29860
0.23251
0.29847
0.32990
0.35660
0.35660
0.36441
0.26037
0.30654
0.30654
0.26100
0.33067
0.33264
0.34539
0.31466
0.26454
0.33098
0.25242
0.31892
0.34922
0.35660
0.30654
0.29798
0.31708
0.32590
0.29897
0.37601
0.34979
0.26120
0.25665
0.33864
0.30654
0.24827
0.33740
0.25221
0.35660
0.26766
0.32021
0.28881
0.31643
0.27947
0.37601
0.29810
0.27806
0.28302
0.27872
0.31167
0.27404
0.30524
0.32048
0.25980
0.30582
0.32354
0.30654
0.33485
0.36713
0.33827
0.27363
0.26220
0.28256
0.29013
0.30654
0.32590
0.28580
0.34182
0.32480
0.23376
0.30654
0.31954
0.31444
0.30360
0.29015
0.33529
0.35660
0.26657
0.37607
0.31649
0.30654
0.30654
0.27545
0.31318
0.26835
0.28336
0.29298
0.31167
0.30141
0.35660
0.26766
0.31647
0.31167
0.34529
0.38287
0.31258
0.30654
0.37601
0.29298
0.31688
0.28250
0.29088
0.29731
0.29298
0.28099
0.36698
0.31512
0.33240
0.34539
0.26787
0.30654
0.23877
0.32012
0.27027
0.31167
0.31337
0.31450
0.27756
0.29941
0.31438
0.34054
0.33240
0.29975
0.37601
0.29593
0.26377
0.31167
0.27459
0.31721
0.24749
0.25481
0.32504
0.31599
0.37601
0.25374
0.25593
0.37607
0.25811
0.25660
0.35445
0.30360
0.37601
0.45601
0.31599
0.28130
0.28684
0.26914
0.35149
0.35445
0.30322
0.27508
0.29862
0.28286
0.27215
0.28804
0.34539
0.31090
0.27679
0.25386
0.27347
0.27779
0.31589
0.30956
0.30109
0.33475
0.34539
0.31588
0.32707
0.28614
0.32852
0.25619
0.27287
0.24630
0.29339
0.28804
0.28699
0.25082
0.31719
0.26238
0.31167
0.33188
0.31167
0.32420
0.35660
0.30654
0.30360
0.25726
0.28302
0.30654
0.31588
0.31167
0.27743
0.29738
0.33284
0.30028
0.34088
0.31241
0.32852
0.34539
0.25593
0.35660
0.30348
0.32483
0.27445
0.27521
0.33064
0.31397
0.32334
0.29593
0.31647
0.26860
0.26404
0.34382
0.31020
0.31647
0.24844
0.30654
0.33218
0.36482
0.32093
0.31167
0.32707
0.24829
0.31925
0.33385
0.33240
0.25254
0.30139
0.27832
0.29137
0.26758
0.26497
0.27728
0.27598
0.23960
0.31258
0.28174
0.31337
0.30348
0.34575
0.22708
0.25880
0.29731
0.27753
0.30898
0.29110
0.26311
0.35797
0.27687
0.36662
0.31395
0.33884
0.35063
0.31383
0.27112
0.29731
0.29731
0.29558
0.28198
0.28440
0.33744
0.25402
0.31167
0.32029
0.27337
0.29377
0.34860
0.31275
0.26889
0.29744
0.31588
0.30654
0.26252
0.31854
0.32726
0.37601
0.36713
0.26152
0.28757
0.37607
0.26812
0.32584
0.30654
0.30843
0.33154
0.32125
0.30654
0.28485
0.31149
0.32852
0.32852
0.25621
0.28564
0.25801
0.31167
0.32959
0.29731
0.28159
0.31647
0.26997
0.37601
0.45542
0.32852
0.34192
0.31588
0.26006
0.31647
0.26311
0.36764
0.30654
0.26220
0.26061
0.35660
0.29449
0.29101
0.32141
0.35660
0.27502
0.28102
0.31421
0.30654
0.26533
0.29116
0.30843
0.30654
0.35660
0.29738
0.31258
0.27269
0.29060
0.33011
0.28348
0.31258
0.26410
0.31386
0.29587
0.26905
0.30368
0.29593
0.29696
0.30555
0.37251
0.31771
0.28699
0.29388
0.28079
0.33434
0.32920
0.29801
0.34979
0.33188
0.31647
0.29048
0.31258
0.28302
0.28981
0.28014
0.32855
0.28333
0.26915
0.30942
0.27256
0.27833
0.28769
0.30163
0.26410
0.24431
0.29912
0.29341
0.28657
0.25983
0.28880
0.33398
0.30672
0.32669
0.24956
0.35660
0.30654
0.23304
0.35660
0.31494
0.30654
0.31421
0.19075
0.31647
0.26196
0.30654
0.21418
0.31800
0.33220
0.30654
0.37601
0.22273
0.34539
0.24696
0.35386
0.37828
0.30008
0.31807
0.33913
0.26634
0.30592
0.32410
0.22073
0.35413
0.35660
0.27175
0.28996
0.29593
0.20389
0.19805
0.30654
0.31258
0.24948
0.30654
0.31395
0.26921
0.30654
0.28608
0.29678
0.26887
0.34539
0.31386
0.28447
0.22419
0.24665
0.34628
0.30654
0.41508
0.27493
0.25741
0.19690
0.29298
0.26371
0.26921
0.27719
0.32410
0.20920
0.29219
0.22619
0.27378
0.30709
0.25371
0.35660
0.23185
0.32141
0.31686
0.31395
0.27816
0.24835
0.29823
0.24221
0.31167
0.25413
0.33295
0.31167
0.30654
0.32852
0.37872
0.27648
0.28499
0.22582
0.35510
0.27075
0.28067
0.20144
0.28251
0.22782
0.27601
0.20920
0.30369
0.27383
0.27655
0.16855
0.21145
0.28702
0.37601
0.25557
0.31633
0.27341
0.30205
0.30225
0.25757
0.30348
0.31588
0.31574
0.25593
0.33295
0.26850
0.29048
0.30005
0.34342
0.26912
0.31625
0.28241
0.32224
0.20778
0.30009
0.30654
0.29807
0.39814
0.32972
0.21347
0.29698
0.30654
0.35660
0.25931
0.28272
0.35275
0.31719
0.21358
0.32658
0.25042
0.25684
0.27859
0.35660
0.33398
0.19062
0.27964
0.27691
0.25974
0.31167
0.32019
0.31167
0.33750
0.22708
0.31588
0.28129
0.23092
0.31337
0.18917
0.27151
0.25806
0.29048
0.30348
0.23878
0.29666
0.32749
0.24301
0.30645
0.30824
0.27667
0.37607
0.21253
0.22387
0.33505
0.26626
0.30654
0.25684
0.33067
0.37607
0.31355
0.32446
0.31533
0.31167
0.31588
0.20920
0.33105
0.28122
0.28639
0.24903
0.27397
0.27615
0.19327
0.21931
0.32240
0.27163
0.32976
0.29731
0.29817
0.31770
0.38431
0.31167
0.31167
0.19062
0.24002
0.25920
0.32654
0.22294
0.31588
0.31625
0.25097
0.29027
0.29455
0.33755
0.30348
0.35660
0.25095
0.27326
0.31647
0.30916
0.19062
0.31016
0.19895
0.29585
0.30443
0.35660
0.28252
0.22231
0.37607
0.26753
0.25771
0.34353
0.26915
0.30654
0.30654
0.31588
0.31167
0.20830
0.27291
0.30931
0.18622
0.25932
0.28863
0.28607
0.25373
0.25772
0.19014
0.31770
0.37601
0.29038
0.30654
0.28439
0.22273
0.33121
0.19573
0.29526
0.28586
0.31647
0.30049
0.30403
0.20579
0.19739
0.44382
0.29731
0.22785
0.32281
0.29089
0.31020
0.38431
0.37601
0.26246
0.27840
0.31167
0.32443
0.32852
0.30956
0.33188
0.30163
0.27697
0.25581
0.26732
0.27985
0.30083
0.28835
0.31588
0.31167
0.23092
0.32793
0.22231
0.33398
0.32852
0.30076
0.32420
0.30037
0.30141
0.28189
0.22231
0.21821
0.33304
0.31588
0.24844
0.25766
0.30582
0.27955
0.16855
0.34539
0.26014
0.20925
0.31100
0.33913
0.37601
0.27360
0.33098
0.19973
0.34083
0.27845
0.31888
0.36662
0.31353
0.31719
0.32280
0.26329
0.31647
0.31167
0.25963
0.28586
0.27312
0.28863
0.29732
0.29738
0.34539
0.27287
0.27598
0.32852
0.34539
0.30360
0.30654
0.31318
0.37601
0.21220
0.22259
0.28423
0.30654
0.34214
0.31526
0.27390
0.27893
0.25149
0.20674
0.35900
0.32410
0.30464
0.28663
0.26675
0.19327
0.31970
0.27182
0.26921
0.33067
0.27304
0.25581
0.32305
0.31411
0.31588
0.21054
0.30654
0.20411
0.19557
0.28564
0.27390
0.16855
0.21214
0.35187
0.28171
0.31100
0.30403
0.26103
0.28883
0.26960
0.18622
0.26785
0.27394
0.16855
0.37607
0.28947
0.33105
0.27931
0.28130
0.21972
0.24941
0.36698
0.31758
0.28835
0.35980
0.22271
0.34539
0.19895
0.31588
0.26589
0.32863
0.31588
0.21972
0.34539
0.30036
0.30029
0.22241
0.26367
0.22644
0.26677
0.34539
0.31647
0.37601
0.32852
0.28673
0.26799
0.25565
0.18622
0.19278
0.27107
0.22900
0.31588
0.38170
0.34539
0.30141
0.29174
0.24377
0.28337
0.29298
0.33008
0.35275
0.36662
0.30049
0.35063
0.30654
0.27720
0.32884
0.20830
0.35706
0.26487
0.31167
0.19397
0.32410
0.26215
0.32690
0.22429
0.26269
0.26575
0.27022
0.31258
0.37601
0.26915
0.18917
0.32884
0.37601
0.30654
0.26913
0.26994
0.22785
0.19835
0.30790
0.21903
0.31588
0.19403
0.25947
0.26881
0.31365
0.28619
0.38431
0.21591
0.25438
0.18941
0.29139
0.27286
0.31047
0.29731
0.20893
0.34575
0.30654
0.34091
0.16855
0.30683
0.30654
0.19267
0.27210
0.20873
0.33188
0.32221
0.26897
0.28499
0.30464
0.34091
0.34540
0.29114
0.35660
0.35660
0.30464
0.16855
0.28804
0.25951
0.31954
0.28385
0.20260
0.40428
0.32209
0.25962
0.30049
0.32103
0.32410
0.21265
0.26006
0.37601
0.30639
0.34539
0.26086
0.23374
0.23596
0.27835
0.33529
0.21341
0.22079
0.31167
0.36662
0.35660
0.21458
0.23838
0.30654
0.33240
0.29593
0.27448
0.28171
0.29551
0.28607
0.31760
0.32262
0.36847
0.18999
0.29521
0.21185
0.28278
0.20260
0.26797
0.26247
0.19821
0.22695
0.21819
0.28466
0.19889
0.22419
0.27859
0.29593
0.25921
0.26498
0.29332
0.21684
0.28947
0.31770
0.28137
0.28015
0.27005
0.25633
0.27116
0.28152
0.28085
0.28191
0.27243
0.26758
0.27035
0.29014
0.26560
0.19097
0.29270
0.26647
0.30783
0.29772
0.17841
0.28485
0.30945
0.28672
0.31274
0.27374
0.25496
0.21368
0.26404
0.32413
0.22288
0.21253
0.23260
0.23521
0.25255
0.22329
0.26952
0.29907
0.26648
0.34221
0.27184
0.29239
0.26156
0.25269
0.24630
0.20922
0.25578
0.28429
0.29403
0.34221
0.27047
0.33545
0.28863
0.31573
0.28708
0.28537
0.25623
0.26907
0.19481
0.28305
0.29246
0.29811
0.26828
0.25533
0.38249
0.20411
0.19679
0.23730
0.22973
0.19889
0.21659
0.37826
0.29146
0.22670
0.25618
0.25644
0.27361
0.29048
0.20018
0.20515
0.26860
0.30408
0.31771
0.20260
0.28485
0.27468
0.20830
0.24659
0.25341
0.20688
0.21079
0.29028
0.30314
0.22890
0.21394
0.34975
0.25771
0.26677
0.17841
0.27915
0.23689
0.34979
0.24002
0.20260
0.26781
0.18999
0.28806
0.34979
0.29283
0.31982
0.26807
0.22955
0.33105
0.21793
0.35256
0.28659
0.22329
0.26677
0.21441
0.27104
0.18622
0.27662
0.25371
0.19062
0.22036
0.22288
0.25380
0.23838
0.27703
0.20967
0.22583
0.20616
0.19722
0.22602
0.29008
0.21626
0.29982
0.22979
0.31771
0.25988
0.21906
0.22766
0.16855
0.21626
0.19062
0.27511
0.37607
0.33225
0.32882
0.27051
0.20832
0.31370
0.21350
0.28872
0.29292
0.27520
0.26925
0.27580
0.37942
0.28906
0.27407
0.39133
0.23818
0.28196
0.28666
0.27903
0.30670
0.28621
0.25957
0.26433
0.34979
0.24921
0.35300
0.33792
0.27608
0.32726
0.31947
0.27694
0.25680
0.36111
0.26307
0.37942
0.26945
0.29017
0.30540
0.27410
0.26729
0.26687
0.30224
0.29593
0.30788
0.30213
0.25263
0.34961
0.25263
0.32860
0.29635
0.28731
0.31146
0.31050
0.26875
0.28271
0.30654
0.30109
0.35111
0.27958
0.34024
0.37601
0.25831
0.34979
0.28645
0.37015
0.31167
0.31167
0.26034
0.29558
0.29506
0.28452
0.32129
0.25808
0.32749
0.27685
0.30654
0.31588
0.29901
0.29298
0.30654
0.30348
0.32504
0.28166
0.32410
0.25914
0.28250
0.37601
0.32852
0.35682
0.30654
0.28255
0.32179
0.32590
0.31386
0.37601
0.34539
0.32081
0.31588
0.31703
0.30403
0.30582
0.28101
0.29204
0.26095
0.31742
0.33067
0.28687
0.26797
0.29409
0.31258
0.24724
0.31371
0.30654
0.37601
0.35797
0.31050
0.30654
0.33218
0.26290
0.23440
0.32972
0.28013
0.29524
0.32914
0.31669
0.30654
0.27738
0.37601
0.27842
0.27108
0.32691
0.29241
0.35660
0.30654
0.28426
0.37601
0.34979
0.26928
0.34539
0.32590
0.26103
0.32590
0.33216
0.32491
0.29810
0.25083
0.30654
0.30589
0.28232
0.37601
0.26020
0.30639
0.30582
0.29738
0.32749
0.30654
0.30814
0.37601
0.28447
0.31779
0.30443
0.28591
0.34539
0.37601
0.32980
0.32590
0.28521
0.31599
0.32420
0.31588
0.34979
0.27205
0.29731
0.33378
0.30403
0.28356
0.24534
0.32410
0.25644
0.29116
0.37601
0.29819
0.30656
0.31258
0.37601
0.27519
0.30079
0.30348
0.28957
0.26149
0.30524
0.29731
0.26573
0.30956
0.29706
0.33240
0.29087
0.30654
0.32980
0.34539
0.30654
0.33240
0.25935
0.30403
0.34539
0.30348
0.31647
0.27806
0.25701
0.34539
0.29849
0.41508
0.31221
0.32749
0.30654
0.40135
0.27478
0.31588
0.33356
0.26199
0.30956
0.34618
0.31779
0.27181
0.30049
0.37601
0.28973
0.34539
0.35660
0.31647
0.25217
0.28564
0.28804
0.32029
0.25263
0.36735
0.32749
0.30563
0.32669
0.29199
0.29298
0.30654
0.32852
0.34038
0.32410
0.28163
0.35660
0.33730
0.25914
0.30215
0.25969
0.39322
0.25890
0.30654
0.31974
0.26891
0.29084
0.29135
0.25042
0.28581
0.30109
0.33240
0.28079
0.30049
0.29310
0.32761
0.26721
0.27069
0.29524
0.28079
0.28175
0.30560
0.25633
0.25668
0.28191
0.33243
0.31958
0.28292
0.28621
0.25652
0.29005
0.29116
0.26913
0.26413
0.28950
0.29210
0.30582
0.25219
0.33794
0.26677
0.29491
0.33110
0.32972
0.22901
0.33067
0.26413
0.26635
0.27679
0.26677
0.28402
0.26913
0.32972
0.27254
0.29339
0.28506
0.29559
0.38148
0.29521
0.31293
0.28522
0.26263
0.27390
0.25371
0.27304
0.32761
0.29298
0.34979
0.25176
0.29209
0.23260
0.26049
0.26677
0.26977
0.31521
0.31647
0.28241
0.26390
0.30843
0.28863
0.33781
0.35660
0.28147
0.25963
0.33494
0.29259
0.31538
0.31954
0.31625
0.29428
0.26921
0.32852
0.28950
0.28305
0.27806
0.27380
0.35343
0.37601
0.36359
0.34059
0.27704
0.32590
0.34779
0.33126
0.35660
0.31258
0.26860
0.37601
0.23960
0.31258
0.34539
0.27337
0.29162
0.24228
0.32645
0.36662
0.28409
0.37601
0.30654
0.27955
0.37601
0.26812
0.34979
0.31258
0.31727
0.29283
0.28091
0.28546
0.30996
0.33077
0.29720
0.31647
0.31588
0.37601
0.28396
0.37601
0.33183
0.27836
0.27305
0.26995
0.25263
0.30802
0.28863
0.32420
0.37607
0.33240
0.25506
0.32209
0.31167
0.30654
0.25850
0.27649
0.33188
0.28026
0.28292
0.27647
0.25154
0.31168
0.24515
0.29270
0.31258
0.30810
0.29731
0.38287
0.26807
0.28804
0.30654
0.32972
0.31647
0.28531
0.31588
0.26982
0.37601
0.31258
0.30654
0.32590
0.30873
0.31632
0.33188
0.27839
0.27923
0.30654
0.26069
0.31167
0.26965
0.37601
0.30654
0.37601
0.28485
0.28657
0.31167
0.32075
0.25811
0.32972
0.30898
0.31167
0.32410
0.32654
0.27035
0.27761
0.25360
0.27589
0.28130
0.30654
0.26304
0.37601
0.27997
0.30654
0.26483
0.28479
0.36693
0.25254
0.31258
0.28679
0.31982
0.31368
0.35660
0.28079
0.30049
0.28652
0.27765
0.23914
0.30843
0.36472
0.26177
0.32141
0.31020
0.31337
0.22842
0.33240
0.26921
0.34539
0.28704
0.31020
0.30004
0.31625
0.35660
0.29952
0.32590
0.26377
0.30795
0.29138
0.32852
0.30654
0.31647
0.32420
0.30474
0.30654
0.28576
0.29366
0.36662
0.29047
0.34539
0.29847
0.36662
0.27903
0.37601
0.27507
0.37607
0.34860
0.33959
0.31353
0.26424
0.30403
0.30654
0.25320
0.28024
0.30348
0.37601
0.32922
0.32014
0.30675
0.26619
0.28826
0.32852
0.32224
0.35660
0.25263
0.27556
0.27866
0.34539
0.30654
0.32778
0.27675
0.32852
0.34979
0.31167
0.28267
0.31459
0.31956
0.28863
0.31167
0.34539
0.32138
0.31167
0.34280
0.30403
0.30929
0.35473
0.30348
0.28564
0.30654
0.38736
0.26037
0.31167
0.37601
0.30348
0.25898
0.31167
0.34024
0.30141
0.25989
0.27186
0.27704
0.27756
0.32462
0.27328
0.29731
0.28757
0.37601
0.26755
0.32947
0.27773
0.27116
0.29501
0.28714
0.25514
0.31167
0.32093
0.31421
0.28109
0.30426
0.30250
0.31719
0.35797
0.31167
0.35660
0.34527
0.27658
0.24893
0.35660
0.31647
0.37601
0.30654
0.34539
0.32447
0.33658
0.30686
0.32590
0.33188
0.31647
0.37601
0.32590
0.25758
0.38736
0.31647
0.32420
0.32852
0.31779
0.35660
0.30654
0.33067
0.28947
0.30759
0.31365
0.37601
0.28245
0.25758
0.29453
0.30339
0.30213
0.31588
0.31372
0.27746
0.27446
0.33218
0.27937
0.27679
0.27139
0.32410
0.25249
0.30654
0.31258
0.31167
0.28139
0.29553
0.25833
0.27839
0.32852
0.33188
0.31450
0.26316
0.40932
0.36713
0.35660
0.27383
0.30348
0.23260
0.32420
0.28305
0.31020
0.25292
0.31588
0.32385
0.30843
0.30654
0.32590
0.30654
0.31647
0.29731
0.28395
0.30654
0.30394
0.28441
0.29370
0.27960
0.27928
0.31167
0.26461
0.28940
0.27679
0.26259
0.26995
0.38838
0.30654
0.25440
0.23944
0.30654
0.31258
0.26938
0.31183
0.25947
0.27568
0.28773
0.29178
0.30759
0.26828
0.37082
0.28863
0.33218
0.26034
0.28298
0.28323
0.28645
0.30029
0.30262
0.31386
0.28613
0.32645
0.31588
0.32420
0.32420
0.30861
0.31588
0.31058
0.31588
0.30654
0.31221
0.31588
0.37787
0.31647
0.26886
0.35149
0.27670
0.32959
0.33218
0.32224
0.28206
0.26113
0.32432
0.31167
0.24947
0.30843
0.33141
0.30074
0.27075
0.29779
0.27518
0.30088
0.28485
0.33188
0.31258
0.30654
0.31938
0.28152
0.31167
0.27920
0.35660
0.34024
0.28777
0.37601
0.32309
0.27631
0.27085
0.32521
0.30388
0.25328
0.26677
0.29162
0.28196
0.27491
0.27069
0.26828
0.32506
0.26789
0.30956
0.29335
0.31647
0.29307
0.34979
0.28640
0.28026
0.33913
0.26814
0.28714
0.30408
0.32907
0.26034
0.26409
0.28962
0.40428
0.35682
0.37601
0.26125
0.27679
0.31815
0.30960
0.28970
0.29381
0.31167
0.28224
0.25997
0.31599
0.31167
0.28342
0.26034
0.28651
0.27448
0.35660
0.27456
0.31992
0.30654
0.40135
0.28406
0.28019
0.31777
0.29234
0.25642
0.30348
0.38928
0.27790
0.26789
0.26034
0.30049
0.26578
0.27910
0.35771
0.27986
0.29156
0.27319
0.32746
0.28645
0.29315
0.30942
0.26034
0.26279
0.29156
0.33462
0.24274
0.35798
0.27915
0.28517
0.25967
0.24820
0.30790
0.32737
0.38564
0.31588
0.35706
0.29152
0.31459
0.27586
0.32752
0.24177
0.33236
0.36760
0.28201
0.27163
0.29115
0.27302
0.34041
0.26772
0.27429
0.31906
0.27937
0.26034
0.28084
0.28069
0.32729
0.28686
0.35753
0.23436
0.27547
0.27630
0.32761
0.26003
0.26672
0.27609
0.30566
0.28103
0.27554
0.25168
0.33526
0.30979
0.29836
0.22743
0.29404
0.26895
0.27852
0.40199
0.32907
0.28014
0.28165
0.34806
0.28029
0.31588
0.28863
0.26960
0.33188
0.28247
0.26959
0.28009
0.28084
0.31170
0.28950
0.30020
0.22092
0.28385
0.31876
0.26034
0.35660
0.27518
0.26034
0.37601
0.35660
0.30654
0.31771
0.32590
0.32141
0.26663
0.25264
0.27779
0.28913
0.27504
0.27830
0.30908
0.27965
0.28051
0.28608
0.25617
0.24675
0.31486
0.27371
0.25964
0.32063
0.28175
0.27953
0.34192
0.26409
0.28062
0.26602
0.29008
0.28071
0.27545
0.31743
0.33487
0.28657
0.29543
0.31501
0.30408
0.27106
0.33658
0.28907
0.27390
0.28246
0.46949
0.33627
0.46511
0.27189
0.26135
0.33627
0.26351
0.27619
0.35660
0.25209
0.32440
0.25880
0.29219
0.27187
0.23671
0.24947
0.25172
0.30783
0.27726
0.27318
0.26805
0.26783
0.27278
0.33156
0.33392
0.39322
0.26620
0.34027
0.32293
0.27621
0.34993
0.27293
0.33147
0.29421
0.28894
0.27976
0.30555
0.36693
0.27621
0.28133
0.32747
0.24710
0.27542
0.27990
0.29593
0.27721
0.26800
0.27117
0.27801
0.31062
0.31345
0.28738
0.25772
0.35660
0.33050
0.29935
0.27611
0.27397
0.32430
0.36489
0.31167
0.33633
0.33196
0.25981
0.33398
0.29130
0.28234
0.31271
0.30654
0.32865
0.30348
0.28129
0.32590
0.34979
0.29028
0.25713
0.26641
0.27545
0.32055
0.27775
0.28256
0.34996
0.24188
0.28526
0.29880
0.24312
0.30549
0.28125
0.27215
0.28698
0.30876
0.29756
0.23326
0.29339
0.39133
0.26566
0.34933
0.26159
0.30820
0.31463
0.25708
0.26626
0.24260
0.31569
0.29596
0.23324
0.29538
0.34027
0.28973
0.29298
0.31415
0.25840
0.28330
0.27631
0.29444
0.26325
0.27648
0.22948
0.29041
0.29092
0.29826
0.34027
0.29298
0.31539
0.29072
0.33358
0.34529
0.33243
0.30919
0.28401
0.27924
0.27608
0.27770
0.35980
0.28688
0.22785
0.36896
0.26612
0.29281
0.29283
0.31677
0.33225
0.26641
0.29593
0.32616
0.28651
0.35632
0.26194
0.28584
0.27611
0.28863
0.26034
0.27803
0.27325
0.27229
0.33275
0.29783
0.29691
0.28336
0.27285
0.28323
0.32761
0.25004
0.28023
0.29281
0.25593
0.25198
0.32599
0.31217
0.27134
0.31433
0.28234
0.28932
0.22948
0.26847
0.27001
0.25754
0.23399
0.28645
0.30508
0.34140
0.26028
0.33392
0.28671
0.27755
0.29593
0.31059
0.29259
0.28561
0.28863
0.26077
0.32150
0.26858
0.27797
0.30576
0.29058
0.27117
0.28494
0.28412
0.26809
0.26709
0.27003
0.35256
0.25274
0.30454
0.29122
0.32354
0.29963
0.25792
0.27689
0.29584
0.27679
0.24956
0.33489
0.29009
0.26921
0.34979
0.33017
0.25921
0.31369
0.29180
0.27575
0.26844
0.34140
0.33421
0.28023
0.27552
0.29733
0.29313
0.24718
0.26809
0.25974
0.25932
0.28023
0.30788
0.29755
0.33341
0.29357
0.28037
0.23252
0.26194
0.31658
0.29241
0.27350
0.29146
0.28309
0.27655
0.28113
0.27740
0.30649
0.30302
0.34953
0.31815
0.29433
0.28322
0.28283
0.29521
0.32747
0.28556
0.29146
0.28863
0.27425
0.27999
0.27551
0.27825
0.28021
0.27830
0.27172
0.27648
0.26776
0.26936
0.29259
0.26452
0.27821
0.27625
0.34140
0.30418
0.29772
0.31486
0.28256
0.29092
0.31438
0.27230
0.26430
0.28950
0.31151
0.25879
0.30582
0.29080
0.29521
0.27282
0.37994
0.27584
0.36160
0.27230
0.34140
0.29011
0.28562
0.28832
0.27267
0.28551
0.28094
0.32192
0.28920
0.22477
0.27229
0.30044
0.26844
0.27229
0.36292
0.30198
0.26914
0.28965
0.31698
0.28094
0.28458
0.27625
0.28450
0.28130
0.31109
0.25979
0.24229
0.27461
0.31398
0.27740
0.25999
0.26915
0.23324
0.28479
0.36693
0.28071
0.30403
0.27267
0.29995
0.29959
0.33156
0.32868
0.27623
0.29963
0.26476
0.27172
0.26847
0.28687
0.26194
0.30876
0.28216
0.25128
0.34368
0.25879
0.25798
0.24452
0.29963
0.25164
0.29313
0.29085
0.30408
0.32504
0.29279
0.26715
0.21373
0.30386
0.30388
0.30445
0.30386
0.28808
0.25848
0.28251
0.30476
0.29345
0.28023
0.29096
0.26848
0.27331
0.32967
0.29716
0.27364
0.28681
0.27075
0.29588
0.27917
0.33316
0.26977
0.27210
0.28857
0.28307
0.26061
0.27625
0.34327
0.30403
0.29392
0.27695
0.25274
0.27947
0.30197
0.29993
0.34140
0.35591
0.31398
0.25300
0.27409
0.27408
0.27736
0.28504
0.29335
0.26492
0.27211
0.29866
0.27011
0.27848
0.27096
0.27229
0.27868
0.29011
0.25533
0.26758
0.31835
0.26899
0.28888
0.29313
0.29298
0.27267
0.28047
0.32076
0.28614
0.21489
0.27464
0.26861
0.28106
0.28328
0.25950
0.27282
0.28973
0.38564
0.29822
0.27230
0.27538
0.27558
0.27736
0.26435
0.24056
0.27642
0.27627
0.23177
0.28391
0.28077
0.32972
0.34484
0.28057
0.26432
0.27683
0.28359
0.37031
0.30611
0.27976
0.27664
0.31698
0.31081
0.26644
0.30388
0.22948
0.29341
0.27953
0.35131
0.27683
0.31050
0.29650
0.28422
0.29065
0.28575
0.29630
0.26034
0.28353
0.30451
0.26341
0.26080
0.27458
0.31398
0.27246
0.33263
0.34258
0.35473
0.28965
0.28657
0.24852
0.29357
0.31370
0.28190
0.29122
0.24573
0.26787
0.29813
0.26290
0.31378
0.22775
0.26431
0.28806
0.24321
0.28751
0.35980
0.32281
0.31386
0.24616
0.26149
0.28040
0.28658
0.34140
0.30847
0.31698
0.29418
0.25657
0.39133
0.27478
0.28906
0.28523
0.32232
0.31243
0.25491
0.27801
0.35300
0.29593
0.27339
0.31053
0.28477
0.28402
0.27957
0.27327
0.36441
0.33013
0.30641
0.30876
0.29979
0.26797
0.31883
0.31501
0.30396
0.27860
0.26247
0.29209
0.32749
0.30793
0.27866
0.27169
0.28330
0.29563
0.29985
0.33883
0.23603
0.30783
0.26847
0.28886
0.29274
0.31450
0.27940
0.33617
0.27770
0.27298
0.24260
0.27545
0.28589
0.28687
0.26784
0.26266
0.27181
0.29774
0.33214
0.26107
0.26644
0.22948
0.37567
0.26934
0.29054
0.25371
0.23671
0.27368
0.27187
0.24386
0.27588
0.34405
0.30285
0.27972
0.25016
0.23671
0.29548
0.23525
0.34455
0.31369
0.24454
0.29563
0.28132
0.35733
0.22948
0.28479
0.37015
0.33309
0.32936
0.30624
0.28279
0.28474
0.29844
0.25489
0.30463
0.26994
0.23440
0.32937
0.26928
0.27589
0.25759
0.29300
0.33156
0.26960
0.24980
0.32999
0.28133
0.25059
0.25420
0.27690
0.22762
0.32079
0.27328
0.27865
0.27229
0.27584
0.30224
0.26738
0.27893
0.29648
0.28734
0.26755
0.35436
0.27046
0.29547
0.27137
0.27274
0.30721
0.33659
0.25746
0.29766
0.22948
0.22948
0.24476
0.27304
0.26875
0.27229
0.31212
0.33642
0.31677
0.24454
0.27763
0.28449
0.27825
0.24747
0.31815
0.25375
0.34979
0.28575
0.34979
0.26477
0.30091
0.26522
0.25879
0.31868
0.37777
0.33243
0.27206
0.29756
0.29125
0.32655
0.24229
0.28993
0.28832
0.30343
0.29560
0.34225
0.29917
0.40004
0.29580
0.29071
0.29436
0.28575
0.27597
0.31243
0.28262
0.33380
0.29593
0.29811
0.26420
0.32615
0.28330
0.28110
0.26675
0.23324
0.36081
0.31685
0.27783
0.28452
0.26423
0.25455
0.26094
0.27243
0.30544
0.26809
0.26432
0.32647
0.29298
0.31277
0.26586
0.28401
0.25114
0.25754
0.25371
0.24744
0.27429
0.29281
0.31158
0.27080
0.27238
0.29563
0.27243
0.26603
0.26049
0.26887
0.28362
0.25808
0.27859
0.28585
0.30975
0.26733
0.29319
0.26644
0.24859
0.28227
0.27361
0.32170
0.24903
0.25921
0.29593
0.30344
0.28597
0.29214
0.24408
0.31219
0.24004
0.34189
0.28376
0.23552
0.24750
0.26884
0.25731
0.28921
0.26238
0.34953
0.32334
0.28370
0.34000
0.31847
0.27327
0.27214
0.24452
0.27719
0.35177
0.33518
0.25159
0.28479
0.33589
0.26161
0.27498
0.32675
0.31815
0.33193
0.25371
0.29015
0.25921
0.27061
0.30996
0.25815
0.27934
0.28903
0.27214
0.26193
0.27207
0.26646
0.32926
0.31398
0.32644
0.24027
0.26174
0.29560
0.32671
0.26797
0.26035
0.27003
0.34140
0.31378
0.25977
0.28295
0.31042
0.35525
0.31466
0.29543
0.31815
0.28832
0.32898
0.28371
0.28338
0.31911
0.28326
0.26806
0.26034
0.33529
0.31284
0.27558
0.26222
0.32654
0.37994
0.28406
0.27589
0.33514
0.27545
0.27802
0.26965
0.35285
0.25678
0.32273
0.33305
0.28318
0.29810
0.25988
0.25217
0.31969
0.27553
0.32696
0.28981
0.28587
0.29298
0.26721
0.28863
0.25083
0.26224
0.26247
0.24940
0.27608
0.26809
0.28125
0.33020
0.27667
0.31067
0.25755
0.36160
0.28890
0.32665
0.27974
0.26539
0.28201
0.29521
0.31658
0.25516
0.28318
0.24792
0.30122
0.28907
0.28095
0.25578
0.27255
0.30055
0.28770
0.26072
0.28684
0.24600
0.32745
0.32807
0.25556
0.27172
0.28907
0.27068
0.26091
0.27180
0.37147
0.26859
0.30344
0.31792
0.24980
0.38229
0.27172
0.34260
0.31386
0.28130
0.34118
0.29648
0.27157
0.31658
0.27932
0.28575
0.25879
0.25192
0.24947
0.29340
0.28263
0.30099
0.32434
0.25605
0.25274
0.34804
0.28464
0.35158
0.37665
0.29732
0.30774
0.27910
0.27937
0.26413
0.23876
0.27130
0.31620
0.31306
0.29743
0.26194
0.30265
0.34484
0.33218
0.28840
0.27611
0.22948
0.29277
0.31574
0.31055
0.32293
0.30774
0.30604
0.26432
0.24620
0.33156
0.31698
0.33225
0.28858
0.28167
0.35909
0.31097
0.31874
0.33518
0.29740
0.31232
0.31293
0.25239
0.32219
0.27928
0.28125
0.27267
0.31698
0.27468
0.26957
0.28649
0.27825
0.27374
0.29097
0.24215
0.32671
0.39133
0.28401
0.26859
0.33156
0.30674
0.25787
0.28972
0.32079
0.28661
0.31921
0.23748
0.27545
0.28651
0.39753
0.22694
0.31724
0.26091
0.26351
0.28417
0.34818
0.22948
0.27750
0.25118
0.30790
0.26161
0.34484
0.34140
0.37994
0.26764
0.26282
0.27987
0.32991
0.29696
0.28681
0.32203
0.29298
0.30890
0.42227
0.28026
0.31012
0.30628
0.27958
0.26578
0.29302
0.22948
0.27050
0.32354
0.23399
0.24792
0.26982
0.26922
0.37994
0.33214
0.31815
0.24751
0.28479
0.31719
0.26990
0.24183
0.23580
0.27457
0.32328
0.35065
0.27619
0.29152
0.28608
0.28125
0.24842
0.37862
0.30386
0.30774
0.28360
0.26933
0.26677
0.25277
0.29092
0.25968
0.40203
0.22948
0.37015
0.29762
0.25426
0.27234
0.27043
0.31043
0.34850
0.24664
0.28575
0.27960
0.28380
0.30777
0.25879
0.27825
0.34484
0.26546
0.27825
0.26850
0.27280
0.25101
0.25758
0.29399
0.30569
0.28069
0.34953
0.28734
0.34024
0.27584
0.32079
0.31150
0.29063
0.27383
0.27468
0.31124
0.23877
0.37200
0.27536
0.26589
0.27678
0.28488
0.26416
0.32071
0.34504
0.31378
0.25879
0.26762
0.30393
0.30774
0.27611
0.28450
0.24454
0.34024
0.33243
0.32444
0.23671
0.27671
0.27499
0.29283
0.27230
0.30891
0.28833
0.33861
0.26034
0.28602
0.25277
0.41300
0.33243
0.22274
0.27396
0.29626
0.33681
0.28106
0.31691
0.24597
0.26765
0.34484
0.23479
0.29802
0.23914
0.33524
0.27926
0.29792
0.28174
0.25372
0.28560
0.26660
0.25175
0.29633
0.21149
0.26238
0.29543
0.30152
0.29068
0.24174
0.28881
0.27861
0.28932
0.28974
0.26149
0.31658
0.25250
0.26488
0.35644
0.25277
0.27254
0.28598
0.28647
0.29897
0.32357
0.27700
0.29390
0.28130
0.24280
0.29008
0.32807
0.30505
0.27734
0.32483
0.22615
0.24850
0.28675
0.29568
0.27333
0.32370
0.30022
0.27850
0.27003
0.25932
0.23085
0.27114
0.33388
0.27825
0.25446
0.26650
0.25141
0.23358
0.28210
0.25879
0.27849
0.32704
0.26919
0.24454
0.27265
0.28681
0.27669
0.29281
0.26417
0.28241
0.22785
0.27336
0.27300
0.28686
0.28780
0.30324
0.32599
0.28657
0.32671
0.30774
0.25340
0.26644
0.28147
0.32993
0.27072
0.28575
0.30386
0.26781
0.28575
0.29593
0.26194
0.28541
0.25277
0.23671
0.22694
0.36160
0.33801
0.22948
0.34804
0.31217
0.28222
0.26828
0.26826
0.31527
0.34260
0.28907
0.28026
0.27345
0.28213
0.26509
0.28326
0.39325
0.28906
0.28188
0.31312
0.34559
0.34484
0.27575
0.29446
0.22785
0.27341
0.24300
0.30944
0.25705
0.33193
0.26644
0.30747
0.31911
0.31698
0.26644
0.28450
0.28880
0.28575
0.28881
0.32354
0.27801
0.27712
0.32807
0.27050
0.28491
0.33913
0.31727
0.34880
0.27406
0.26769
0.24976
0.28981
0.26266
0.26228
0.34199
0.32807
0.29281
0.24872
0.26045
0.25371
0.29552
0.30530
0.26769
0.27655
0.26161
0.25638
0.29453
0.25407
0.26839
0.29521
0.23847
0.36171
0.31229
0.32462
0.28734
0.28681
0.32011
0.26129
0.33548
0.27234
0.25356
0.29979
0.31698
0.35925
0.32922
0.28575
0.26334
0.30392
0.28575
0.24803
0.26828
0.27825
0.32281
0.32502
0.31150
0.30859
0.26014
0.29543
0.26034
0.32011
0.32080
0.27172
0.32675
0.34953
0.28364
0.26644
0.34028
0.27234
0.27801
0.29180
0.27423
0.27392
0.25315
0.36167
0.27390
0.28485
0.27497
0.27953
0.24452
0.31632
0.27451
0.33214
0.25997
0.27419
0.29593
0.26990
0.26887
0.25984
0.28084
0.26871
0.26781
0.32092
0.31836
