0.17837
0.17346
0.03010
0.09470
0.04926
0.07095
0.08949
0.44585
0.41842
0.39160
0.20818
0.19747
0.12917
0.04437
0.04203
0.51255
0.37660
0.05379
0.01825
0.05714
0.01109
0.46488
0.04676
0.17540
0.01809
0.03812
0.06850
0.48902
0.20620
0.04718
0.04201
0.02013
0.10491
0.06175
0.04082
0.84002
0.05533
0.34564
0.18844
0.07787
0.01470
0.33747
0.31007
0.14272
0.04612
0.19572
0.04861
0.01094
0.21975
0.09934
0.08070
0.00861
0.36484
0.18779
0.27549
0.07682
0.07925
0.07678
0.13840
0.09696
0.07385
0.31537
0.01523
0.25852
0.27649
0.04330
0.22849
0.12510
0.53342
0.07761
0.04054
0.29955
0.06518
0.18284
0.31007
0.18598
0.39523
0.05714
0.23465
0.02477
0.00878
0.10158
0.80760
0.34324
0.17657
0.14846
0.13992
0.68675
0.01715
0.35598
0.10609
0.14812
0.07678
0.01077
0.07705
0.04242
0.03518
0.11439
0.74272
0.13570
0.18585
0.02733
0.07236
0.14235
0.07505
0.15537
0.06888
0.03988
0.18001
0.12580
0.05413
0.01115
0.20655
0.04710
0.74272
0.00995
0.18728
0.20620
0.13146
0.05932
0.13564
0.11402
0.44938
0.10800
0.19448
0.05383
0.02588
0.40068
0.02656
0.05367
0.10337
0.39719
0.01392
0.59764
0.12375
0.20762
0.05939
0.93180
0.10464
0.90295
0.85209
0.40753
0.02871
0.09901
0.15084
0.30651
0.05032
0.08275
0.04548
0.10631
0.01809
0.01076
0.97878
0.05891
0.13378
0.43166
0.01949
0.01498
0.03010
0.17719
0.02871
0.18392
0.19529
0.40559
0.95226
0.10848
0.03186
0.07119
0.01046
0.02871
0.01043
0.47101
0.14976
0.31897
0.11635
0.15100
0.13752
0.19940
0.02952
0.01077
0.62410
0.06159
0.52026
0.18598
0.19380
0.35257
0.42729
0.16038
0.02679
0.01032
0.03335
0.12564
0.02854
0.11635
0.02434
0.03359
0.04571
0.11635
0.06875
0.04809
0.07686
0.45203
0.01068
0.06336
0.05448
0.07165
0.09131
0.34892
0.21927
0.00683
0.01620
0.45098
0.02606
0.13610
0.04308
0.09741
0.19784
0.21611
0.10862
0.42855
0.23930
0.20858
0.04395
0.15092
0.12560
0.07634
0.08114
0.15760
0.06138
0.09363
0.10800
0.04571
0.57101
0.01692
0.07541
0.04383
0.09028
0.21298
0.04926
0.04913
0.47587
0.08405
0.70428
0.54562
0.28357
0.06819
0.24540
0.27705
0.02510
0.12155
0.04157
0.05122
0.62627
0.26195
0.08632
0.44002
0.34029
0.06992
0.22057
0.06609
0.08558
0.19291
0.05370
0.08389
0.01094
0.67097
0.19396
0.38680
0.09173
0.12132
0.08984
0.07386
0.23005
0.09696
0.31928
0.20026
0.10690
0.41020
0.92502
0.03186
0.09863
0.13939
0.03215
0.09115
0.01416
0.23916
0.61275
0.03402
0.39831
0.01676
0.84002
0.34324
0.10692
0.69918
0.18975
0.09001
0.21180
0.02871
0.53973
0.33051
0.04844
0.14365
0.04180
0.85209
0.06175
0.07024
0.33962
0.43857
0.12212
0.32778
0.14786
0.35616
0.04758
0.04436
0.09054
0.10157
0.00861
0.68456
0.79021
0.15831
0.11223
0.23954
0.02871
0.05413
0.72133
0.04221
0.04273
0.36211
0.01061
0.18761
0.04154
0.10653
0.02963
0.12212
0.09129
0.03042
0.04239
0.10793
0.14235
0.22243
0.03919
0.05492
0.05530
0.01121
0.01443
0.18958
0.58975
0.89052
0.13724
0.06085
0.01809
0.01809
0.16757
0.01584
0.01750
0.26588
0.04433
0.19481
0.21571
0.14038
0.63059
0.13749
0.39662
0.19998
0.02892
0.00629
0.01848
0.63867
0.28550
0.18929
0.52341
0.11846
0.27595
0.06583
0.21611
0.01692
0.04694
0.05731
0.07333
0.23355
0.03710
0.17911
0.43857
0.11435
0.11540
0.36918
0.01472
0.11729
0.16186
0.19960
0.17837
0.17346
0.03010
0.09470
0.04926
0.07095
0.08949
0.44585
0.41842
0.39160
0.20818
0.19747
0.12917
0.04437
0.04203
0.51255
0.37660
0.05379
0.01825
0.05714
0.01109
0.46488
0.04676
0.17540
0.01809
0.03812
0.06850
0.48902
0.20620
0.04718
0.04201
0.02013
0.10491
0.06175
0.04082
0.84002
0.05533
0.34564
0.18844
0.07787
0.01470
0.33747
0.31007
0.14272
0.04612
0.19572
0.04861
0.01094
0.21975
0.09934
0.08070
0.00861
0.36484
0.18779
0.27549
0.07682
0.07925
0.07678
0.13840
0.09696
0.07385
0.31537
0.01523
0.25852
0.27649
0.04330
0.22849
0.12510
0.53342
0.07761
0.04054
0.29955
0.06518
0.18284
0.31007
0.18598
0.39523
0.05714
0.23465
0.02477
0.00878
0.10158
0.80760
0.34324
0.17657
0.14846
0.13992
0.68675
0.01715
0.35598
0.10609
0.14812
0.07678
0.01077
0.07705
0.04242
0.03518
0.11439
0.74272
0.13570
0.18585
0.02733
0.07236
0.14235
0.07505
0.15537
0.06888
0.03988
0.18001
0.12580
0.05413
0.01115
0.20655
0.04710
0.74272
0.00995
0.18728
0.20620
0.13146
0.05932
0.13564
0.11402
0.44938
0.10800
0.19448
0.05383
0.02588
0.40068
0.02656
0.05367
0.10337
0.39719
0.01392
0.59764
0.12375
0.20762
0.05939
0.93180
0.10464
0.90295
0.85209
0.40753
0.02871
0.09901
0.15084
0.30651
0.05032
0.08275
0.04548
0.10631
0.01809
0.01076
0.97878
0.05891
0.13378
0.43166
0.01949
0.01498
0.03010
0.17719
0.02871
0.18392
0.19529
0.40559
0.95226
0.10848
0.03186
0.07119
0.01046
0.02871
0.01043
0.47101
0.14976
0.31897
0.11635
0.15100
0.13752
0.19940
0.02952
0.01077
0.62410
0.06159
0.52026
0.18598
0.19380
0.35257
0.42729
0.16038
0.02679
0.01032
0.03335
0.12564
0.02854
0.11635
0.02434
0.03359
0.04571
0.11635
0.06875
0.04809
0.07686
0.45203
0.01068
0.06336
0.05448
0.07165
0.09131
0.34892
0.21927
0.00683
0.01620
0.45098
0.02606
0.13610
0.04308
0.09741
0.19784
0.21611
0.10862
0.42855
0.23930
0.20858
0.04395
0.15092
0.12560
0.07634
0.08114
0.15760
0.06138
0.09363
0.10800
0.04571
0.57101
0.01692
0.07541
0.04383
0.09028
0.21298
0.04926
0.04913
0.47587
0.08405
0.70428
0.54562
0.28357
0.06819
0.24540
0.27705
0.02510
0.12155
0.04157
0.05122
0.62627
0.26195
0.08632
0.44002
0.34029
0.06992
0.22057
0.06609
0.08558
0.19291
0.05370
0.08389
0.01094
0.67097
0.19396
0.38680
0.09173
0.12132
0.08984
0.07386
0.23005
0.09696
0.31928
0.20026
0.10690
0.41020
0.92502
0.03186
0.09863
0.13939
0.03215
0.09115
0.01416
0.23916
0.61275
0.03402
0.39831
0.01676
0.84002
0.34324
0.10692
0.69918
0.18975
0.09001
0.21180
0.02871
0.53973
0.33051
0.04844
0.14365
0.04180
0.85209
0.06175
0.07024
0.33962
0.43857
0.12212
0.32778
0.14786
0.35616
0.04758
0.04436
0.09054
0.10157
0.00861
0.68456
0.79021
0.15831
0.11223
0.23954
0.02871
0.05413
0.72133
0.04221
0.04273
0.36211
0.01061
0.18761
0.04154
0.10653
0.02963
0.12212
0.09129
0.03042
0.04239
0.10793
0.14235
0.22243
0.03919
0.05492
0.05530
0.01121
0.01443
0.18958
0.58975
0.89052
0.13724
0.06085
0.01809
0.01809
0.16757
0.01584
0.01750
0.26588
0.04433
0.19481
0.21571
0.14038
0.63059
0.13749
0.39662
0.19998
0.02892
0.00629
0.01848
0.63867
0.28550
0.18929
0.52341
0.11846
0.27595
0.06583
0.21611
0.01692
0.04694
0.05731
0.07333
0.23355
0.03710
0.17911
0.43857
0.11435
0.11540
0.36918
0.01472
0.11729
0.16186
0.19960
0.17837
0.17346
0.03010
0.09470
0.04926
0.07095
0.08949
0.44585
0.41842
0.39160
0.20818
0.19747
0.12917
0.04437
0.04203
0.51255
0.37660
0.05379
0.01825
0.05714
0.01109
0.46488
0.04676
0.17540
0.01809
0.03812
0.06850
0.48902
0.20620
0.04718
0.04201
0.02013
0.10491
0.06175
0.04082
0.84002
0.05533
0.34564
0.18844
0.07787
0.01470
0.33747
0.31007
0.14272
0.04612
0.19572
0.04861
0.01094
0.21975
0.09934
0.08070
0.00861
0.36484
0.18779
0.27549
0.07682
0.07925
0.07678
0.13840
0.09696
0.07385
0.31537
0.01523
0.25852
0.27649
0.04330
0.22849
0.12510
0.53342
0.07761
0.04054
0.29955
0.06518
0.18284
0.31007
0.18598
0.39523
0.05714
0.23465
0.02477
0.00878
0.10158
0.80760
0.34324
0.17657
0.14846
0.13992
0.68675
0.01715
0.35598
0.10609
0.14812
0.07678
0.01077
0.07705
0.04242
0.03518
0.11439
0.74272
0.13570
0.18585
0.02733
0.07236
0.14235
0.07505
0.15537
0.06888
0.03988
0.18001
0.12580
0.05413
0.01115
0.20655
0.04710
0.74272
0.00995
0.18728
0.20620
0.13146
0.05932
0.13564
0.11402
0.44938
0.10800
0.19448
0.05383
0.02588
0.40068
0.02656
0.05367
0.10337
0.39719
0.01392
0.59764
0.12375
0.20762
0.05939
0.93180
0.10464
0.90295
0.85209
0.40753
0.02871
0.09901
0.15084
0.30651
0.05032
0.08275
0.04548
0.10631
0.01809
0.01076
0.97878
0.05891
0.13378
0.43166
0.01949
0.01498
0.03010
0.17719
0.02871
0.18392
0.19529
0.40559
0.95226
0.10848
0.03186
0.07119
0.01046
0.02871
0.01043
0.47101
0.14976
0.31897
0.11635
0.15100
0.13752
0.19940
0.02952
0.01077
0.62410
0.06159
0.52026
0.18598
0.19380
0.35257
0.42729
0.16038
0.02679
0.01032
0.03335
0.12564
0.02854
0.11635
0.02434
0.03359
0.04571
0.11635
0.06875
0.04809
0.07686
0.45203
0.01068
0.06336
0.05448
0.07165
0.09131
0.34892
0.21927
0.00683
0.01620
0.45098
0.02606
0.13610
0.04308
0.09741
0.19784
0.21611
0.10862
0.42855
0.23930
0.20858
0.04395
0.15092
0.12560
0.07634
0.08114
0.15760
0.06138
0.09363
0.10800
0.04571
0.57101
0.01692
0.07541
0.04383
0.09028
0.21298
0.04926
0.04913
0.47587
0.08405
0.70428
0.54562
0.28357
0.06819
0.24540
0.27705
0.02510
0.12155
0.04157
0.05122
0.62627
0.26195
0.08632
0.44002
0.34029
0.06992
0.22057
0.06609
0.08558
0.19291
0.05370
0.08389
0.01094
0.67097
0.19396
0.38680
0.09173
0.12132
0.08984
0.07386
0.23005
0.09696
0.31928
0.20026
0.10690
0.41020
0.92502
0.03186
0.09863
0.13939
0.03215
0.09115
0.01416
0.23916
0.61275
0.03402
0.39831
0.01676
0.84002
0.34324
0.10692
0.69918
0.18975
0.09001
0.21180
0.02871
0.53973
0.33051
0.04844
0.14365
0.04180
0.85209
0.06175
0.07024
0.33962
0.43857
0.12212
0.32778
0.14786
0.35616
0.04758
0.04436
0.09054
0.10157
0.00861
0.68456
0.79021
0.15831
0.11223
0.23954
0.02871
0.05413
0.72133
0.04221
0.04273
0.36211
0.01061
0.18761
0.04154
0.10653
0.02963
0.12212
0.09129
0.03042
0.04239
0.10793
0.14235
0.22243
0.03919
0.05492
0.05530
0.01121
0.01443
0.18958
0.58975
0.89052
0.13724
0.06085
0.01809
0.01809
0.16757
0.01584
0.01750
0.26588
0.04433
0.19481
0.21571
0.14038
0.63059
0.13749
0.39662
0.19998
0.02892
0.00629
0.01848
0.63867
0.28550
0.18929
0.52341
0.11846
0.27595
0.06583
0.21611
0.01692
0.04694
0.05731
0.07333
0.23355
0.03710
0.17911
0.43857
0.11435
0.11540
0.36918
0.01472
0.11729
0.16186
0.19960
0.17837
0.17346
0.03010
0.09470
0.04926
0.07095
0.08949
0.44585
0.41842
0.39160
0.20818
0.19747
0.12917
0.04437
0.04203
0.51255
0.37660
0.05379
0.01825
0.05714
0.01109
0.46488
0.04676
0.17540
0.01809
0.03812
0.06850
0.48902
0.20620
0.04718
0.04201
0.02013
0.10491
0.06175
0.04082
0.84002
0.05533
0.34564
0.18844
0.07787
0.01470
0.33747
0.31007
0.14272
0.04612
0.19572
0.04861
0.01094
0.21975
0.09934
0.08070
0.00861
0.36484
0.18779
0.27549
0.07682
0.07925
0.07678
0.13840
0.09696
0.07385
0.31537
0.01523
0.25852
0.27649
0.04330
0.22849
0.12510
0.53342
0.07761
0.04054
0.29955
0.06518
0.18284
0.31007
0.18598
0.39523
0.05714
0.23465
0.02477
0.00878
0.10158
0.80760
0.34324
0.17657
0.14846
0.13992
0.68675
0.01715
0.35598
0.10609
0.14812
0.07678
0.01077
0.07705
0.04242
0.03518
0.11439
0.74272
0.13570
0.18585
0.02733
0.07236
0.14235
0.07505
0.15537
0.06888
0.03988
0.18001
0.12580
0.05413
0.01115
0.20655
0.04710
0.74272
0.00995
0.18728
0.20620
0.13146
0.05932
0.13564
0.11402
0.44938
0.10800
0.19448
0.05383
0.02588
0.40068
0.02656
0.05367
0.10337
0.39719
0.01392
0.59764
0.12375
0.20762
0.05939
0.93180
0.10464
0.90295
0.85209
0.40753
0.02871
0.09901
0.15084
0.30651
0.05032
0.08275
0.04548
0.10631
0.01809
0.01076
0.97878
0.05891
0.13378
0.43166
0.01949
0.01498
0.03010
0.17719
0.02871
0.18392
0.19529
0.40559
0.95226
0.10848
0.03186
0.07119
0.01046
0.02871
0.01043
0.47101
0.14976
0.31897
0.11635
0.15100
0.13752
0.19940
0.02952
0.01077
0.62410
0.06159
0.52026
0.18598
0.19380
0.35257
0.42729
0.16038
0.02679
0.01032
0.03335
0.12564
0.02854
0.11635
0.02434
0.03359
0.04571
0.11635
0.06875
0.04809
0.07686
0.45203
0.01068
0.06336
0.05448
0.07165
0.09131
0.34892
0.21927
0.00683
0.01620
0.45098
0.02606
0.13610
0.04308
0.09741
0.19784
0.21611
0.10862
0.42855
0.23930
0.20858
0.04395
0.15092
0.12560
0.07634
0.08114
0.15760
0.06138
0.09363
0.10800
0.04571
0.57101
0.01692
0.07541
0.04383
0.09028
0.21298
0.04926
0.04913
0.47587
0.08405
0.70428
0.54562
0.28357
0.06819
0.24540
0.27705
0.02510
0.12155
0.04157
0.05122
0.62627
0.26195
0.08632
0.44002
0.34029
0.06992
0.22057
0.06609
0.08558
0.19291
0.05370
0.08389
0.01094
0.67097
0.19396
0.38680
0.09173
0.12132
0.08984
0.07386
0.23005
0.09696
0.31928
0.20026
0.10690
0.41020
0.92502
0.03186
0.09863
0.13939
0.03215
0.09115
0.01416
0.23916
0.61275
0.03402
0.39831
0.01676
0.84002
0.34324
0.10692
0.69918
0.18975
0.09001
0.21180
0.02871
0.53973
0.33051
0.04844
0.14365
0.04180
0.85209
0.06175
0.07024
0.33962
0.43857
0.12212
0.32778
0.14786
0.35616
0.04758
0.04436
0.09054
0.10157
0.00861
0.68456
0.79021
0.15831
0.11223
0.23954
0.02871
0.05413
0.72133
0.04221
0.04273
0.36211
0.01061
0.18761
0.04154
0.10653
0.02963
0.12212
0.09129
0.03042
0.04239
0.10793
0.14235
0.22243
0.03919
0.05492
0.05530
0.01121
0.01443
0.18958
0.58975
0.89052
0.13724
0.06085
0.01809
0.01809
0.16757
0.01584
0.01750
0.26588
0.04433
0.19481
0.21571
0.14038
0.63059
0.13749
0.39662
0.19998
0.02892
0.00629
0.01848
0.63867
0.28550
0.18929
0.52341
0.11846
0.27595
0.06583
0.21611
0.01692
0.04694
0.05731
0.07333
0.23355
0.03710
0.17911
0.43857
0.11435
0.11540
0.36918
0.01472
0.11729
0.16186
0.19960
0.17837
0.17346
0.03010
0.09470
0.04926
0.07095
0.08949
0.44585
0.41842
0.39160
0.20818
0.19747
0.12917
0.04437
0.04203
0.51255
0.37660
0.05379
0.01825
0.05714
0.01109
0.46488
0.04676
0.17540
0.01809
0.03812
0.06850
0.48902
0.20620
0.04718
0.04201
0.02013
0.10491
0.06175
0.04082
0.84002
0.05533
0.34564
0.18844
0.07787
0.01470
0.33747
0.31007
0.14272
0.04612
0.19572
0.04861
0.01094
0.21975
0.09934
0.08070
0.00861
0.36484
0.18779
0.27549
0.07682
0.07925
0.07678
0.13840
0.09696
0.07385
0.31537
0.01523
0.25852
0.27649
0.04330
0.22849
0.12510
0.53342
0.07761
0.04054
0.29955
0.06518
0.18284
0.31007
0.18598
0.39523
0.05714
0.23465
0.02477
0.00878
0.10158
0.80760
0.34324
0.17657
0.14846
0.13992
0.68675
0.01715
0.35598
0.10609
0.14812
0.07678
0.01077
0.07705
0.04242
0.03518
0.11439
0.74272
0.13570
0.18585
0.02733
0.07236
0.14235
0.07505
0.15537
0.06888
0.03988
0.18001
0.12580
0.05413
0.01115
0.20655
0.04710
0.74272
0.00995
0.18728
0.20620
0.13146
0.05932
0.13564
0.11402
0.44938
0.10800
0.19448
0.05383
0.02588
0.40068
0.02656
0.05367
0.10337
0.39719
0.01392
0.59764
0.12375
0.20762
0.05939
0.93180
0.10464
0.90295
0.85209
0.40753
0.02871
0.09901
0.15084
0.30651
0.05032
0.08275
0.04548
0.10631
0.01809
0.01076
0.97878
0.05891
0.13378
0.43166
0.01949
0.01498
0.03010
0.17719
0.02871
0.18392
0.19529
0.40559
0.95226
0.10848
0.03186
0.07119
0.01046
0.02871
0.01043
0.47101
0.14976
0.31897
0.11635
0.15100
0.13752
0.19940
0.02952
0.01077
0.62410
0.06159
0.52026
0.18598
0.19380
0.35257
0.42729
0.16038
0.02679
0.01032
0.03335
0.12564
0.02854
0.11635
0.02434
0.03359
0.04571
0.11635
0.06875
0.04809
0.07686
0.45203
0.01068
0.06336
0.05448
0.07165
0.09131
0.34892
0.21927
0.00683
0.01620
0.45098
0.02606
0.13610
0.04308
0.09741
0.19784
0.21611
0.10862
0.42855
0.23930
0.20858
0.04395
0.15092
0.12560
0.07634
0.08114
0.15760
0.06138
0.09363
0.10800
0.04571
0.57101
0.01692
0.07541
0.04383
0.09028
0.21298
0.04926
0.04913
0.47587
0.08405
0.70428
0.54562
0.28357
0.06819
0.24540
0.27705
0.02510
0.12155
0.04157
0.05122
0.62627
0.26195
0.08632
0.44002
0.34029
0.06992
0.22057
0.06609
0.08558
0.19291
0.05370
0.08389
0.01094
0.67097
0.19396
0.38680
0.09173
0.12132
0.08984
0.07386
0.23005
0.09696
0.31928
0.20026
0.10690
0.41020
0.92502
0.03186
0.09863
0.13939
0.03215
0.09115
0.01416
0.23916
0.61275
0.03402
0.39831
0.01676
0.84002
0.34324
0.10692
0.69918
0.18975
0.09001
0.21180
0.02871
0.53973
0.33051
0.04844
0.14365
0.04180
0.85209
0.06175
0.07024
0.33962
0.43857
0.12212
0.32778
0.14786
0.35616
0.04758
0.04436
0.09054
0.10157
0.00861
0.68456
0.79021
0.15831
0.11223
0.23954
0.02871
0.05413
0.72133
0.04221
0.04273
0.36211
0.01061
0.18761
0.04154
0.10653
0.02963
0.12212
0.09129
0.03042
0.04239
0.10793
0.14235
0.22243
0.03919
0.05492
0.05530
0.01121
0.01443
0.18958
0.58975
0.89052
0.13724
0.06085
0.01809
0.01809
0.16757
0.01584
0.01750
0.26588
0.04433
0.19481
0.21571
0.14038
0.63059
0.13749
0.39662
0.19998
0.02892
0.00629
0.01848
0.63867
0.28550
0.18929
0.52341
0.11846
0.27595
0.06583
0.21611
0.01692
0.04694
0.05731
0.07333
0.23355
0.03710
0.17911
0.43857
0.11435
0.11540
0.36918
0.01472
0.11729
0.16186
0.19960
0.17837
0.17346
0.03010
0.09470
0.04926
0.07095
0.08949
0.44585
0.41842
0.39160
0.20818
0.19747
0.12917
0.04437
0.04203
0.51255
0.37660
0.05379
0.01825
0.05714
0.01109
0.46488
0.04676
0.17540
0.01809
0.03812
0.06850
0.48902
0.20620
0.04718
0.04201
0.02013
0.10491
0.06175
0.04082
0.84002
0.05533
0.34564
0.18844
0.07787
0.01470
0.33747
0.31007
0.14272
0.04612
0.19572
0.04861
0.01094
0.21975
0.09934
0.08070
0.00861
0.36484
0.18779
0.27549
0.07682
0.07925
0.07678
0.13840
0.09696
0.07385
0.31537
0.01523
0.25852
0.27649
0.04330
0.22849
0.12510
0.53342
0.07761
0.04054
0.29955
0.06518
0.18284
0.31007
0.18598
0.39523
0.05714
0.23465
0.02477
0.00878
0.10158
0.80760
0.34324
0.17657
0.14846
0.13992
0.68675
0.01715
0.35598
0.10609
0.14812
0.07678
0.01077
0.07705
0.04242
0.03518
0.11439
0.74272
0.13570
0.18585
0.02733
0.07236
0.14235
0.07505
0.15537
0.06888
0.03988
0.18001
0.12580
0.05413
0.01115
0.20655
0.04710
0.74272
0.00995
0.18728
0.20620
0.13146
0.05932
0.13564
0.11402
0.44938
0.10800
0.19448
0.05383
0.02588
0.40068
0.02656
0.05367
0.10337
0.39719
0.01392
0.59764
0.12375
0.20762
0.05939
0.93180
0.10464
0.90295
0.85209
0.40753
0.02871
0.09901
0.15084
0.30651
0.05032
0.08275
0.04548
0.10631
0.01809
0.01076
0.97878
0.05891
0.13378
0.43166
0.01949
0.01498
0.03010
0.17719
0.02871
0.18392
0.19529
0.40559
0.95226
0.10848
0.03186
0.07119
0.01046
0.02871
0.01043
0.47101
0.14976
0.31897
0.11635
0.15100
0.13752
0.19940
0.02952
0.01077
0.62410
0.06159
0.52026
0.18598
0.19380
0.35257
0.42729
0.16038
0.02679
0.01032
0.03335
0.12564
0.02854
0.11635
0.02434
0.03359
0.04571
0.11635
0.06875
0.04809
0.07686
0.45203
0.01068
0.06336
0.05448
0.07165
0.09131
0.34892
0.21927
0.00683
0.01620
0.45098
0.02606
0.13610
0.04308
0.09741
0.19784
0.21611
0.10862
0.42855
0.23930
0.20858
0.04395
0.15092
0.12560
0.07634
0.08114
0.15760
0.06138
0.09363
0.10800
0.04571
0.57101
0.01692
0.07541
0.04383
0.09028
0.21298
0.04926
0.04913
0.47587
0.08405
0.70428
0.54562
0.28357
0.06819
0.24540
0.27705
0.02510
0.12155
0.04157
0.05122
0.62627
0.26195
0.08632
0.44002
0.34029
0.06992
0.22057
0.06609
0.08558
0.19291
0.05370
0.08389
0.01094
0.67097
0.19396
0.38680
0.09173
0.12132
0.08984
0.07386
0.23005
0.09696
0.31928
0.20026
0.10690
0.41020
0.92502
0.03186
0.09863
0.13939
0.03215
0.09115
0.01416
0.23916
0.61275
0.03402
0.39831
0.01676
0.84002
0.34324
0.10692
0.69918
0.18975
0.09001
0.21180
0.02871
0.53973
0.33051
0.04844
0.14365
0.04180
0.85209
0.06175
0.07024
0.33962
0.43857
0.12212
0.32778
0.14786
0.35616
0.04758
0.04436
0.09054
0.10157
0.00861
0.68456
0.79021
0.15831
0.11223
0.23954
0.02871
0.05413
0.72133
0.04221
0.04273
0.36211
0.01061
0.18761
0.04154
0.10653
0.02963
0.12212
0.09129
0.03042
0.04239
0.10793
0.14235
0.22243
0.03919
0.05492
0.05530
0.01121
0.01443
0.18958
0.58975
0.89052
0.13724
0.06085
0.01809
0.01809
0.16757
0.01584
0.01750
0.26588
0.04433
0.19481
0.21571
0.14038
0.63059
0.13749
0.39662
0.19998
0.02892
0.00629
0.01848
0.63867
0.28550
0.18929
0.52341
0.11846
0.27595
0.06583
0.21611
0.01692
0.04694
0.05731
0.07333
0.23355
0.03710
0.17911
0.43857
0.11435
0.11540
0.36918
0.01472
0.11729
0.16186
0.19960
