0.17318
0.14376
0.26484
0.18867
0.30962
0.17660
0.25491
0.07729
0.23679
0.23509
0.30645
0.24149
0.09006
0.29925
0.09825
0.17861
0.21611
0.16291
0.16796
0.23130
0.20159
0.16720
0.23535
0.07915
0.08013
0.08912
0.11929
0.17351
0.11926
0.28328
0.12813
0.18049
0.11501
0.17003
0.26691
0.09076
0.28828
0.18157
0.07876
0.11419
0.21816
0.18152
0.09825
0.20305
0.23406
0.19155
0.15525
0.18726
0.24045
0.10303
0.17825
0.07916
0.22255
0.24656
0.09040
0.24452
0.21813
0.07911
0.16830
0.07729
0.10471
0.17318
0.14376
0.26484
0.18867
0.30962
0.17660
0.25491
0.07729
0.23679
0.23509
0.30645
0.24149
0.09006
0.29925
0.09825
0.17861
0.21611
0.16291
0.16796
0.23130
0.20159
0.16720
0.23535
0.07915
0.08013
0.08912
0.11929
0.17351
0.11926
0.28328
0.12813
0.18049
0.11501
0.17003
0.26691
0.09076
0.28828
0.18157
0.07876
0.11419
0.21816
0.18152
0.09825
0.20305
0.23406
0.19155
0.15525
0.18726
0.24045
0.10303
0.17825
0.07916
0.22255
0.24656
0.09040
0.24452
0.21813
0.07911
0.16830
0.07729
0.10471
0.17318
0.14376
0.26484
0.18867
0.30962
0.17660
0.25491
0.07729
0.23679
0.23509
0.30645
0.24149
0.09006
0.29925
0.09825
0.17861
0.21611
0.16291
0.16796
0.23130
0.20159
0.16720
0.23535
0.07915
0.08013
0.08912
0.11929
0.17351
0.11926
0.28328
0.12813
0.18049
0.11501
0.17003
0.26691
0.09076
0.28828
0.18157
0.07876
0.11419
0.21816
0.18152
0.09825
0.20305
0.23406
0.19155
0.15525
0.18726
0.24045
0.10303
0.17825
0.07916
0.22255
0.24656
0.09040
0.24452
0.21813
0.07911
0.16830
0.07729
0.10471
0.17318
0.14376
0.26484
0.18867
0.30962
0.17660
0.25491
0.07729
0.23679
0.23509
0.30645
0.24149
0.09006
0.29925
0.09825
0.17861
0.21611
0.16291
0.16796
0.23130
0.20159
0.16720
0.23535
0.07915
0.08013
0.08912
0.11929
0.17351
0.11926
0.28328
0.12813
0.18049
0.11501
0.17003
0.26691
0.09076
0.28828
0.18157
0.07876
0.11419
0.21816
0.18152
0.09825
0.20305
0.23406
0.19155
0.15525
0.18726
0.24045
0.10303
0.17825
0.07916
0.22255
0.24656
0.09040
0.24452
0.21813
0.07911
0.16830
0.07729
0.10471
0.17318
0.14376
0.26484
0.18867
0.30962
0.17660
0.25491
0.07729
0.23679
0.23509
0.30645
0.24149
0.09006
0.29925
0.09825
0.17861
0.21611
0.16291
0.16796
0.23130
0.20159
0.16720
0.23535
0.07915
0.08013
0.08912
0.11929
0.17351
0.11926
0.28328
0.12813
0.18049
0.11501
0.17003
0.26691
0.09076
0.28828
0.18157
0.07876
0.11419
0.21816
0.18152
0.09825
0.20305
0.23406
0.19155
0.15525
0.18726
0.24045
0.10303
0.17825
0.07916
0.22255
0.24656
0.09040
0.24452
0.21813
0.07911
0.16830
0.07729
0.10471
0.17318
0.14376
0.26484
0.18867
0.30962
0.17660
0.25491
0.07729
0.23679
0.23509
0.30645
0.24149
0.09006
0.29925
0.09825
0.17861
0.21611
0.16291
0.16796
0.23130
0.20159
0.16720
0.23535
0.07915
0.08013
0.08912
0.11929
0.17351
0.11926
0.28328
0.12813
0.18049
0.11501
0.17003
0.26691
0.09076
0.28828
0.18157
0.07876
0.11419
0.21816
0.18152
0.09825
0.20305
0.23406
0.19155
0.15525
0.18726
0.24045
0.10303
0.17825
0.07916
0.22255
0.24656
0.09040
0.24452
0.21813
0.07911
0.16830
0.07729
0.10471
