0.05098
0.10870
0.07324
0.09193
0.43585
0.05003
0.06261
0.09245
0.07004
0.06128
0.08302
0.05029
0.09385
0.08370
0.04990
0.08459
0.05062
0.07124
0.06206
0.10155
0.08061
0.08340
0.10213
0.08888
0.06315
0.05229
0.07747
0.05021
0.08916
0.08323
0.09609
0.07221
0.07380
0.43684
0.05111
0.05938
0.13206
0.07969
0.06618
0.06152
0.07056
0.06219
0.09111
0.07486
0.10482
0.08486
0.05029
0.08533
0.05098
0.10870
0.07324
0.09193
0.43585
0.05003
0.06261
0.09245
0.07004
0.06128
0.08302
0.05029
0.09385
0.08370
0.04990
0.08459
0.05062
0.07124
0.06206
0.10155
0.08061
0.08340
0.10213
0.08888
0.06315
0.05229
0.07747
0.05021
0.08916
0.08323
0.09609
0.07221
0.07380
0.43684
0.05111
0.05938
0.13206
0.07969
0.06618
0.06152
0.07056
0.06219
0.09111
0.07486
0.10482
0.08486
0.05029
0.08533
0.05098
0.10870
0.07324
0.09193
0.43585
0.05003
0.06261
0.09245
0.07004
0.06128
0.08302
0.05029
0.09385
0.08370
0.04990
0.08459
0.05062
0.07124
0.06206
0.10155
0.08061
0.08340
0.10213
0.08888
0.06315
0.05229
0.07747
0.05021
0.08916
0.08323
0.09609
0.07221
0.07380
0.43684
0.05111
0.05938
0.13206
0.07969
0.06618
0.06152
0.07056
0.06219
0.09111
0.07486
0.10482
0.08486
0.05029
0.08533
0.05098
0.10870
0.07324
0.09193
0.43585
0.05003
0.06261
0.09245
0.07004
0.06128
0.08302
0.05029
0.09385
0.08370
0.04990
0.08459
0.05062
0.07124
0.06206
0.10155
0.08061
0.08340
0.10213
0.08888
0.06315
0.05229
0.07747
0.05021
0.08916
0.08323
0.09609
0.07221
0.07380
0.43684
0.05111
0.05938
0.13206
0.07969
0.06618
0.06152
0.07056
0.06219
0.09111
0.07486
0.10482
0.08486
0.05029
0.08533
0.05098
0.10870
0.07324
0.09193
0.43585
0.05003
0.06261
0.09245
0.07004
0.06128
0.08302
0.05029
0.09385
0.08370
0.04990
0.08459
0.05062
0.07124
0.06206
0.10155
0.08061
0.08340
0.10213
0.08888
0.06315
0.05229
0.07747
0.05021
0.08916
0.08323
0.09609
0.07221
0.07380
0.43684
0.05111
0.05938
0.13206
0.07969
0.06618
0.06152
0.07056
0.06219
0.09111
0.07486
0.10482
0.08486
0.05029
0.08533
0.05098
0.10870
0.07324
0.09193
0.43585
0.05003
0.06261
0.09245
0.07004
0.06128
0.08302
0.05029
0.09385
0.08370
0.04990
0.08459
0.05062
0.07124
0.06206
0.10155
0.08061
0.08340
0.10213
0.08888
0.06315
0.05229
0.07747
0.05021
0.08916
0.08323
0.09609
0.07221
0.07380
0.43684
0.05111
0.05938
0.13206
0.07969
0.06618
0.06152
0.07056
0.06219
0.09111
0.07486
0.10482
0.08486
0.05029
0.08533
