0.02768
0.03116
0.03116
0.04044
0.02768
0.02768
0.03116
0.02768
0.03116
0.03116
0.03116
0.02768
0.02768
0.03116
0.03051
0.03074
0.02768
0.03179
0.03074
0.03051
0.04216
0.03179
0.02768
0.03179
0.02825
0.02552
0.02877
0.02877
0.02552
0.02811
0.02811
0.02877
0.03138
0.02552
0.02877
0.02552
0.02811
0.03003
0.02811
0.02811
0.02927
0.02877
0.02877
0.02877
0.03277
0.02552
0.02927
0.03769
0.02811
0.02552
0.02811
0.06868
0.02552
0.02811
0.02503
0.02876
0.02371
0.06043
0.02626
0.06150
0.06662
0.03587
0.02371
0.02661
0.02371
0.03279
0.06150
0.03357
0.02995
0.02791
0.03225
0.02839
0.02791
0.03188
0.03135
0.03289
0.03245
0.03294
0.03245
0.03357
0.03341
0.04155
0.03327
0.03357
0.03136
0.02791
0.03358
0.03294
0.03070
0.03801
0.03070
0.03738
0.03195
0.03539
0.03135
0.02995
0.03294
0.06987
0.03292
0.03413
0.02929
0.03151
0.03251
0.02956
0.03294
0.02816
0.03056
0.03729
0.03505
0.02870
0.03341
0.02702
0.01847
0.01107
0.01354
0.01727
0.01392
0.01890
0.01406
0.01351
0.01151
0.03688
0.01299
0.01641
0.01586
0.01283
0.01384
0.01359
0.01523
0.01528
0.01155
0.01352
0.01702
0.01541
0.01476
0.01680
0.04242
0.01874
0.01595
0.01718
0.02179
0.01417
0.01964
0.01672
0.02130
0.01598
0.01825
0.01856
0.02149
0.01489
0.04852
0.01977
0.01843
0.02756
0.02022
0.01720
0.01804
0.02480
0.02148
0.01613
0.02313
0.01613
0.02624
0.02234
0.01475
0.01914
0.02081
0.01676
0.01267
0.03754
0.02214
0.03032
0.01620
0.01442
0.01832
0.02047
0.01480
0.01891
0.01803
0.01301
0.02192
0.01921
0.01562
0.01803
0.01847
0.01932
0.01306
0.04398
0.02127
0.01586
0.01477
0.01792
0.01735
0.01641
0.03472
0.01667
0.01972
0.01792
0.02439
0.02235
0.01553
0.02055
0.02052
0.01842
0.01746
0.01718
0.01501
0.01934
0.01741
0.01884
0.01723
0.01990
0.01876
0.02091
0.01878
0.01792
0.01625
0.01559
0.01257
0.01962
0.01990
0.01682
0.01699
0.01716
0.01319
0.01645
0.02025
0.01214
0.01792
0.02027
0.03655
0.01309
0.01464
0.01382
0.01825
0.01686
0.01595
0.01370
0.02466
0.01686
0.01807
0.02203
0.01207
0.02282
0.01646
0.01692
0.01944
0.01497
0.02021
0.01290
0.01933
0.03279
0.01986
0.01292
0.01843
0.01911
0.01480
0.02066
0.01826
0.01802
0.01844
0.01480
0.01699
0.02013
0.01566
0.01699
0.01543
0.01884
0.01477
0.01493
0.01414
0.01548
0.02023
0.01833
0.01681
0.02232
0.01949
0.04751
0.01920
0.01579
0.01436
0.02833
0.03028
0.03246
0.01286
0.05553
0.01405
0.01479
0.02077
0.02910
0.01615
0.02547
0.01587
0.01991
0.01624
0.01595
0.01587
0.01448
0.03543
0.04161
0.01544
0.03045
0.01301
0.02886
0.01647
0.02169
0.01746
0.01855
0.01585
0.01770
0.03761
0.02486
0.01572
0.01510
0.01846
0.01966
0.02244
0.01253
0.01138
0.01408
0.01770
0.03194
0.03018
0.01435
0.04064
0.01283
0.01830
0.02642
0.01470
0.01539
0.02821
0.01464
0.02635
0.02608
0.02469
0.01279
0.02502
0.01771
0.01548
0.02642
0.02054
0.07527
0.01612
0.01324
0.01388
0.01467
0.01367
0.01647
0.01846
0.02723
0.02488
0.03143
0.02396
0.01843
0.03708
0.01808
0.02757
0.01601
0.01564
0.05553
0.03364
0.01647
0.03118
0.03169
0.02135
0.01618
0.03927
0.03328
0.01564
0.02729
0.02666
0.02346
0.01990
0.02596
0.01797
0.01363
0.02794
0.03031
0.01281
0.02822
0.04349
0.02826
0.02407
0.02193
0.02781
0.02154
0.02218
0.02366
0.01875
0.01830
0.02918
0.01413
0.01803
0.01789
0.01788
0.02801
0.03473
0.01533
0.01427
0.01643
0.01469
0.02300
0.01394
0.01891
0.01891
0.03493
0.02243
0.01942
0.01692
0.02801
0.01366
0.01552
0.02437
0.01678
0.02342
0.01323
0.01828
0.04219
0.01421
0.01980
0.01792
0.01824
0.01727
0.03086
0.02267
0.01463
0.01579
0.01884
0.01351
0.03765
0.01351
0.02583
0.01455
0.02045
0.03226
0.01781
0.03402
0.02032
0.01604
0.01563
0.01297
0.03214
0.01873
0.01837
0.01684
0.01580
0.01408
0.03521
0.01651
0.04009
0.02349
0.03433
0.01946
0.01997
0.01530
0.01478
0.01040
0.01680
0.01087
0.01351
0.02961
0.01646
0.03806
0.01552
0.01579
0.02497
0.01758
0.01226
0.01832
0.01611
0.01644
0.01675
0.01351
0.02225
0.02111
0.01972
0.02041
0.01787
0.01823
0.01851
0.01715
0.01747
0.01878
0.01766
0.02223
0.01647
0.01770
0.02098
0.01834
0.03927
0.01726
0.02018
0.01547
0.01364
0.01942
0.01788
0.01923
0.02041
0.01629
0.01362
0.01981
0.01851
0.02051
0.04734
0.01741
0.01961
0.01734
0.01745
0.01413
0.01526
0.01839
0.02402
0.01940
0.04232
0.02263
0.01226
0.01940
0.01537
0.02566
0.02092
0.01749
0.01974
0.02416
0.01600
0.01883
0.01514
0.01560
0.02493
0.04111
0.02514
0.02047
0.02033
0.01547
0.01774
0.02208
0.02163
0.01351
0.01756
0.01708
0.01930
0.01826
0.02700
0.01172
0.02073
0.01543
0.01217
0.01799
0.01799
0.01175
0.03359
0.01539
0.01501
0.01324
0.01444
0.03507
0.01652
0.01549
0.02039
0.01679
0.01867
0.02085
0.01461
0.01629
0.02129
0.02030
0.01867
0.01574
0.01881
0.01876
0.02108
0.01538
0.01719
0.01350
0.01618
0.01659
0.01382
0.01306
0.02018
0.01188
0.01820
0.01684
0.01565
0.01631
0.01562
0.01511
0.01411
0.02085
0.01529
0.02523
0.02039
0.01680
0.01257
0.01631
0.02732
0.01645
0.02443
0.01309
0.02174
0.02135
0.02239
0.02036
0.02595
0.02375
0.04762
0.05191
0.02208
0.02248
0.02124
0.01802
0.01948
0.05105
0.02156
0.02066
0.01429
0.02266
0.02471
0.01819
0.04572
0.02135
0.02350
0.01729
0.01566
0.01556
0.01513
0.01626
0.02117
0.01645
0.01810
0.01599
0.01343
0.01591
0.01384
0.01984
0.03368
0.01626
0.01739
0.04703
0.01721
0.01168
0.01610
0.03977
0.01812
0.01647
0.01810
0.01524
0.01746
0.01781
0.01898
0.01382
0.01766
0.01122
0.03219
0.01547
0.01632
0.03879
0.01230
0.01355
0.01814
0.01984
0.01008
0.01616
0.01806
0.03647
0.01714
0.01365
0.01767
0.01636
0.01524
0.01470
0.01298
0.01763
0.01646
0.01228
0.01568
0.01503
0.01498
0.01528
0.01930
0.01759
0.01461
0.01746
0.01054
0.01878
0.01938
0.01627
0.01515
0.01439
0.01918
0.01655
0.02180
0.01320
0.02035
0.02076
0.04157
0.01964
0.02152
0.01524
0.01835
0.01389
0.01849
0.01982
0.01499
0.03642
0.02943
0.01568
0.01889
0.01122
0.01265
0.01490
0.01247
0.01616
0.01524
0.01374
0.01591
0.01698
0.01789
0.01481
0.01704
0.01632
0.01241
0.01540
0.01593
0.01702
0.01225
0.01649
0.02159
0.01455
0.01514
0.01354
0.01874
0.01416
0.01465
0.01757
0.01358
0.01490
0.03417
0.01322
0.01405
0.01514
0.01391
0.01553
0.01401
0.01553
0.01311
0.02159
0.01419
0.01653
0.01325
0.01390
0.01300
0.01771
0.01687
0.02052
0.01355
0.01762
0.01524
0.01352
0.01358
0.04170
0.01672
0.01920
0.01225
0.01548
0.01213
0.01456
0.01345
0.01234
0.01832
0.01540
0.01476
0.01610
0.01553
0.01610
0.01856
0.01680
0.01383
0.01368
0.01030
0.01382
0.01514
0.01649
0.01396
0.01887
0.01524
0.01672
0.01581
0.01480
0.01478
0.01810
0.03727
0.03874
0.01223
0.01552
0.01698
0.02068
0.01727
0.01500
0.04170
0.01516
0.01884
0.01526
0.01740
0.01459
0.01662
0.01500
0.01997
0.01448
0.01376
0.01112
0.01455
0.01600
0.01145
0.01368
0.01376
0.01558
0.01358
0.01605
0.01649
0.01698
0.01593
0.01586
0.01525
0.01549
0.01902
0.01150
0.01422
0.01479
0.01730
0.01766
0.01645
0.01901
0.01606
0.01362
0.01566
0.01121
0.04363
0.01946
0.01637
0.01633
0.01302
0.03859
0.03902
0.01335
0.01797
0.01487
0.02245
0.01782
0.01322
0.01240
0.01071
0.01233
0.01593
0.01626
0.01571
0.01279
0.01871
0.02043
0.02016
0.01218
0.01368
0.01195
0.01536
0.01333
0.01953
0.01563
0.01935
0.01690
0.01607
0.01496
0.01662
0.01296
0.01151
0.01569
0.01296
0.01491
0.01564
0.01259
0.01487
0.01344
0.01700
0.01298
0.01298
0.01597
0.01435
0.03498
0.01643
0.01372
0.01088
0.01569
0.01645
0.02129
0.01700
0.01584
0.01427
0.01229
0.01512
0.01700
0.01487
0.01645
0.01536
0.01118
0.01462
0.01512
0.01776
0.01681
0.01790
0.01336
0.01429
0.01230
0.01160
0.04271
0.01927
0.01553
0.01933
0.01360
0.03680
0.01690
0.01434
0.01759
0.01336
0.01151
0.04016
0.01733
0.03912
0.01218
0.01532
0.01115
0.01972
0.01576
0.01638
0.01571
0.01544
0.01550
0.01681
0.01832
0.01571
0.01163
0.01645
0.01723
0.01387
0.01512
0.01696
0.03316
0.01433
0.01950
0.01248
0.02307
0.02470
0.01520
0.03292
0.03877
0.02597
0.02392
0.02966
0.01291
0.02191
0.04267
0.01515
0.01780
0.01293
0.01673
0.01563
0.02030
0.01393
0.01610
0.01664
0.02556
0.01809
0.01340
0.01834
0.04588
0.01849
0.02106
0.01722
0.01993
0.01683
0.02979
0.01708
0.01746
0.01734
0.01678
0.06661
0.01842
0.01292
0.01466
0.05046
0.01337
0.01625
0.01934
0.01313
0.01661
0.01346
0.01547
0.02579
0.01443
0.01689
0.01669
0.01495
0.02216
0.01697
0.03294
0.01163
0.01722
0.01863
0.03703
0.01626
0.02349
0.03656
0.01697
0.01448
0.02080
0.02010
0.01680
0.12369
0.01412
0.01887
0.01678
0.03862
0.02096
0.01319
0.01949
0.02556
0.01285
0.01696
0.03875
0.01646
0.01443
0.01653
0.01752
0.02305
0.01520
0.01934
0.01671
0.01662
0.01283
0.02219
0.01563
0.05114
0.01994
0.01572
0.01416
0.01881
0.01644
0.01790
0.02068
0.01666
0.01138
0.02186
0.01574
0.01845
0.01514
0.01851
0.01794
0.01275
0.01881
0.01206
0.01904
0.01561
0.01644
0.01752
0.01559
0.01483
0.01791
0.04226
0.01711
0.02335
0.01701
0.01631
0.01904
0.01727
0.04769
0.01379
0.01454
0.01936
0.01388
0.01481
0.01574
0.01401
0.01700
0.01164
0.01678
0.01904
0.01711
0.01816
0.01518
0.01597
0.01710
0.01836
0.02365
0.01586
0.02081
0.01514
0.01395
0.01777
0.02349
0.01629
0.01710
0.01925
0.02026
0.01678
0.01509
0.03929
0.01741
0.03483
0.01476
0.01454
0.02408
0.01795
0.01592
0.01468
0.01441
0.01620
0.02057
0.01822
0.01799
0.01865
0.04192
0.01656
0.01616
0.01093
0.01773
0.01430
0.01550
0.01647
0.01397
0.01837
0.01707
0.02065
0.01146
0.02098
0.01393
0.01350
0.01450
0.01790
0.01146
0.03724
0.01697
0.01385
0.01430
0.02186
0.01514
0.02019
0.01617
0.01729
0.01743
0.04115
0.03129
0.01877
0.01530
0.01518
0.01424
0.01590
0.01443
0.03949
0.01248
0.01241
0.01914
0.01742
0.01364
0.01675
0.01513
0.01337
0.01560
0.01590
0.03223
0.01790
0.01743
0.01668
0.01241
0.01427
0.01447
0.01668
0.03129
0.01350
0.03731
0.01228
0.01880
0.03955
0.01635
0.01399
0.08257
0.01355
0.01621
0.01794
0.01945
0.02038
0.01724
0.01550
0.01233
0.01632
0.01729
0.02008
0.01314
0.01790
0.01437
0.01790
0.01636
0.01708
0.01237
0.01692
0.03223
0.01729
0.04226
0.01785
0.01545
0.01708
0.01536
0.01095
0.01355
0.01399
0.01516
0.01724
0.02233
0.01356
0.01399
0.01563
0.01659
0.01842
0.02112
0.01609
0.01643
0.01742
0.01590
0.01558
0.04051
0.04534
0.01573
0.03152
0.01245
0.01655
0.01532
0.03298
0.01754
0.01512
0.01153
0.03608
0.01563
0.01206
0.03109
0.01427
0.01915
0.01079
0.01915
0.01175
0.01704
0.01962
0.01326
0.01430
0.01467
0.01524
0.01773
0.01389
0.01111
0.01332
0.01302
0.04192
0.02096
0.01612
0.01097
0.03184
0.01321
0.03326
0.01799
0.01485
0.01576
0.01749
0.01369
0.01682
0.01590
0.01368
0.01426
0.01552
0.01598
0.01948
0.01714
0.01297
0.01552
0.01704
0.01489
0.01531
0.01209
0.01898
0.01853
0.01545
0.01653
0.01661
0.01787
0.05484
0.04309
0.02014
0.01576
0.01892
0.04680
0.01825
0.01832
0.02010
0.01928
0.01652
0.01442
0.02083
0.01437
0.01555
0.01828
0.02270
0.01372
0.01458
0.04024
0.01679
0.04337
0.01116
0.01653
0.02184
0.01264
0.02439
0.01482
0.01630
0.01880
0.01858
0.02409
0.01948
0.01296
0.03425
0.01533
0.01827
0.04055
0.04401
0.02027
0.01359
0.01723
0.01830
0.01310
0.02155
0.04239
0.02150
0.01590
0.01624
0.01740
0.02210
0.01540
0.02013
0.01115
0.01891
0.02124
0.01839
0.01202
0.04364
0.01798
0.01198
0.01449
0.01937
0.01830
0.01620
0.01351
0.01351
0.01207
0.01525
0.01115
0.01708
0.01260
0.01393
0.01362
0.01637
0.02213
0.01726
0.01607
0.01720
0.01652
0.01999
0.02146
0.01237
0.01513
0.01767
0.01678
0.01630
0.04554
0.01905
0.01899
0.01980
0.01427
0.01462
0.01707
0.02004
0.01363
0.01547
0.01851
0.01976
0.02169
0.01711
0.04257
0.01784
0.02080
0.01406
0.03559
0.02442
0.02460
0.01971
0.01813
0.01341
0.02086
0.04928
0.02158
0.01746
0.02007
0.01766
0.01591
0.01892
0.01802
0.01556
0.01413
0.01749
0.01725
0.01322
0.01948
0.01399
0.01674
0.01976
0.01726
0.02784
0.02133
0.04782
0.01406
0.01594
0.02117
0.01749
0.01743
0.01415
0.01947
0.01852
0.01452
0.01299
0.01602
0.02056
0.01788
0.01811
0.02018
0.01628
0.01424
0.01743
0.01958
0.01894
0.01855
0.01788
0.02039
0.02176
0.01413
0.01572
0.01662
0.01855
0.02562
0.01790
0.01547
0.01467
0.01446
0.01385
0.01770
0.01860
0.02086
0.01458
0.02176
0.01725
0.01678
0.01486
0.01596
0.01555
0.01324
0.02091
0.01659
0.01289
0.01211
0.03972
0.02065
0.01871
0.01263
0.01732
0.01451
0.01763
0.01596
0.01924
0.01459
0.01321
0.01672
0.01196
0.01387
0.02193
0.01239
0.02097
0.01965
0.01374
0.01539
0.02061
0.01435
0.01229
0.02210
0.01373
0.02159
0.01786
0.01501
0.01211
0.01571
0.01751
0.01574
0.03270
0.01808
0.02119
0.01899
0.01912
0.01152
0.01461
0.02309
0.03329
0.01694
0.01535
0.01591
0.01711
0.01778
0.02084
0.01862
0.01397
0.01451
0.01711
0.01947
0.01550
0.01468
0.01596
0.01828
0.01306
0.01629
0.01751
0.02339
0.02153
0.01913
0.01370
0.02097
0.03858
0.01486
0.01619
0.02036
0.01725
0.02193
0.01492
0.01231
0.01706
0.01435
0.01596
0.01449
0.01768
0.01867
0.01631
0.01732
0.04469
0.01693
0.01614
0.01684
0.01928
0.01737
0.01650
0.02446
0.04678
0.02537
0.03060
0.01969
0.01811
0.01647
0.01934
0.01734
0.02274
0.01693
0.01477
0.01861
0.02266
0.01626
0.01684
0.01684
0.02251
0.02135
0.01483
0.02067
0.02156
0.02301
0.02048
0.02044
0.02768
0.02044
0.04596
0.02318
0.02206
0.01677
0.01432
0.01949
0.03177
0.02368
0.02274
0.04704
0.01553
0.01487
0.02064
0.02118
0.01828
0.01811
0.01955
0.01806
0.02446
0.01519
0.01942
0.02020
0.01614
0.02206
0.02471
0.02107
0.01761
0.01708
0.02587
0.01927
0.01444
0.02208
0.02156
0.01783
0.01958
0.01762
0.01986
0.02514
0.02274
0.02152
0.01383
0.03995
0.01858
0.02431
0.02262
0.02351
0.02096
0.01761
0.01985
0.01636
0.02307
0.02048
0.01761
0.02243
0.02111
0.03325
0.05272
0.02274
0.02541
0.03164
0.02365
0.01957
0.01777
0.02626
0.02445
0.02274
0.01693
0.04766
0.02243
0.01641
0.04181
0.02385
0.02111
0.01985
0.01620
0.02087
0.01559
0.01890
0.01672
0.01687
0.01560
0.01762
0.01591
0.01721
0.01368
0.01692
0.01862
0.01595
0.01343
0.01391
0.01651
0.02035
0.01510
0.01917
0.01404
0.01810
0.01889
0.01504
0.01722
0.01433
0.02192
0.01889
0.01622
0.01382
0.01641
0.01413
0.01755
0.01330
0.01194
0.01413
0.01763
0.01382
0.01736
0.02256
0.01247
0.01476
0.01241
0.01657
0.01794
0.01706
0.01320
0.01687
0.01355
0.01230
0.01950
0.04173
0.03801
0.01318
0.01733
0.01653
0.01712
0.01646
0.02931
0.01337
0.01616
0.01812
0.01400
0.01721
0.01706
0.01416
0.01536
0.01621
0.01616
0.01300
0.01767
0.01984
0.01075
0.01515
0.01751
0.01424
0.01374
0.01323
0.01687
0.01233
0.01714
0.01228
0.01524
0.01158
0.02235
0.01696
0.01861
0.01194
0.01680
0.02973
0.01500
0.03878
0.01529
0.01514
0.01634
0.01372
0.01371
0.02239
0.01607
0.01540
0.01871
0.01740
0.01790
0.02076
0.02126
0.01913
0.05065
0.01698
0.01204
0.01774
0.01464
0.01294
0.01043
0.01605
0.03012
0.01436
0.01757
0.01145
0.01740
0.03251
0.01891
0.01450
0.01902
0.01204
0.01595
0.01708
0.01568
0.01385
0.01413
0.01784
0.01693
0.01385
0.01425
0.01774
0.01276
0.01225
0.01540
0.01440
0.01418
0.02293
0.01209
0.01340
0.01352
0.01459
0.01598
0.03036
0.01300
0.01688
0.01720
0.01600
0.01352
0.01727
0.01528
0.02745
0.01837
0.01586
0.01479
0.01478
0.01445
0.01509
0.01723
0.01862
0.01352
0.01399
0.02745
0.01030
0.01043
0.01562
0.01285
0.01690
0.01944
0.01136
0.01864
0.01162
0.01563
0.01500
0.01615
0.01358
0.01390
0.01888
0.01479
0.01372
0.01521
0.01337
0.01416
0.01600
0.01788
0.02933
0.01581
0.01605
0.01390
0.01867
0.01672
0.01354
0.01670
0.01112
0.01225
0.01607
0.01762
0.01785
0.01702
0.01645
0.01189
0.01694
0.02913
0.01872
0.01399
0.01175
0.01362
0.01903
0.01510
0.01384
0.01474
0.01474
0.01210
0.01738
0.01362
0.01756
0.01343
0.01646
0.03559
0.01559
0.01322
0.01343
0.01660
0.04383
0.01995
0.01230
0.01535
0.02760
0.01308
0.04001
0.01433
0.01607
0.01434
0.01362
0.01469
0.01004
0.01762
0.01291
0.01909
0.01686
0.01903
0.01605
0.01121
0.01537
0.01254
0.01851
0.01901
0.03680
0.01633
0.01690
0.01402
0.01427
0.02760
0.01367
0.01514
0.01760
0.01544
0.01513
0.01785
0.01740
0.01550
0.01468
0.01884
0.01189
0.01852
0.01564
0.01329
0.03217
0.01542
0.01279
0.01510
0.01510
0.01336
0.01957
0.01048
0.01450
0.01492
0.01794
0.01336
0.01491
0.01626
0.01473
0.01566
0.01635
0.01525
0.01738
0.01380
0.01254
0.01238
0.01740
0.01004
0.01884
0.01341
0.01961
0.01782
0.01614
0.01311
0.01448
0.01926
0.01325
0.02111
0.01447
0.01566
0.01392
0.01681
0.01437
0.04826
0.01798
0.05038
0.01746
0.02020
0.01503
0.01845
0.01798
0.01337
0.02276
0.01621
0.01705
0.03915
0.01534
0.01781
0.03233
0.01248
0.01825
0.01682
0.01365
0.01285
0.01401
0.01926
0.01476
0.01977
0.01758
0.04052
0.01889
0.01938
0.01645
0.04958
0.01706
0.01889
0.01513
0.01733
0.02351
0.01636
0.01380
0.01731
0.01678
0.01967
0.02255
0.01642
0.01587
0.04159
0.01573
0.01117
0.01984
0.01591
0.01809
0.01421
0.01330
0.01746
0.01495
0.01234
0.01380
0.02068
0.03325
0.04909
0.04052
0.01828
0.01825
0.02205
0.02084
0.01550
0.01761
0.01878
0.01369
0.02336
0.04330
0.01428
0.01802
0.01740
0.01828
0.01137
0.03182
0.01610
0.03980
0.01439
0.02000
0.01471
0.01972
0.01798
0.01665
0.01950
0.01164
0.02321
0.01536
0.01760
0.01690
0.01120
0.01851
0.02319
0.01275
0.01881
0.01592
0.02192
0.01516
0.01870
0.01881
0.01736
0.02419
0.01799
0.02059
0.01925
0.01516
0.01633
0.02236
0.01778
0.01697
0.01317
0.01471
0.01291
0.01799
0.01507
0.01428
0.01974
0.01710
0.01711
0.01481
0.02015
0.01799
0.03371
0.01606
0.01756
0.01799
0.01644
0.01580
0.04020
0.01415
0.01580
0.05066
0.01737
0.01794
0.01799
0.01573
0.01648
0.02217
0.01708
0.01846
0.01337
0.01904
0.01833
0.01474
0.02004
0.01516
0.01516
0.01268
0.01481
0.02234
0.01728
0.02069
0.01164
0.01481
0.01655
0.01672
0.01765
0.01708
0.03090
0.01723
0.01236
0.01332
0.01366
0.01413
0.01571
0.01129
0.01211
0.01609
0.01352
0.01517
0.01318
0.01553
0.01697
0.01163
0.01178
0.01373
0.01344
0.01565
0.01433
0.01318
0.04048
0.01439
0.01707
0.01794
0.01027
0.01583
0.01190
0.01509
0.01764
0.01822
0.01664
0.01645
0.01637
0.01862
0.01435
0.01697
0.01857
0.01565
0.01647
0.01316
0.01590
0.01740
0.01793
0.01560
0.03843
0.01561
0.01297
0.01282
0.01794
0.01251
0.01621
0.01707
0.01099
0.01660
0.01829
0.01207
0.01382
0.01503
0.01526
0.01175
0.01906
0.01630
0.02079
0.01576
0.01915
0.01907
0.01744
0.01506
0.01964
0.01293
0.01304
0.01565
0.01708
0.01209
0.01876
0.01252
0.01405
0.01632
0.01922
0.01511
0.01892
0.01358
0.01554
0.03065
0.01304
0.01554
0.01610
0.01826
0.01553
0.04351
0.01673
0.01685
0.04011
0.01591
0.01651
0.01506
0.01886
0.01242
0.01493
0.01703
0.01276
0.01511
0.01559
0.01749
0.01522
0.01640
0.01489
0.01789
0.01534
0.01234
0.01563
0.04626
0.01610
0.01428
0.01328
0.01079
0.01250
0.01297
0.01468
0.01585
0.03725
0.01724
0.01856
0.03007
0.01358
0.01752
0.01519
0.01585
0.01704
0.02131
0.01713
0.01372
0.01988
0.01500
0.02146
0.01393
0.01970
0.02498
0.02011
0.01488
0.01457
0.02052
0.01355
0.01171
0.01515
0.02325
0.01669
0.05497
0.01943
0.01777
0.01399
0.01887
0.01869
0.01994
0.01827
0.01900
0.01460
0.01485
0.01515
0.01510
0.01759
0.01465
0.01296
0.04390
0.01515
0.02296
0.01325
0.02287
0.01887
0.02436
0.01260
0.01925
0.01582
0.04902
0.01656
0.01402
0.01829
0.03638
0.01568
0.01647
0.01685
0.02523
0.01911
0.01803
0.01526
0.01674
0.01457
0.01355
0.01737
0.01558
0.01837
0.02012
0.01576
0.01905
0.02047
0.01964
0.01773
0.04513
0.01594
0.02024
0.01661
0.02107
0.02077
0.01532
0.02026
0.01506
0.05129
0.01596
0.01823
0.01872
0.02535
0.02211
0.01593
0.01740
0.01907
0.01602
0.01836
0.01836
0.02002
0.01443
0.01711
0.01950
0.01976
0.03316
0.01892
0.02227
0.01633
0.01623
0.01418
0.01717
0.02188
0.02310
0.02537
0.02117
0.01428
0.01267
0.01646
0.01724
0.02250
0.02190
0.02348
0.03909
0.01622
0.01531
0.01943
0.01466
0.01881
0.02311
0.01661
0.02240
0.01832
0.01319
0.02645
0.01857
0.01560
0.01936
0.01799
0.01854
0.02284
0.05152
0.01736
0.01716
0.02001
0.04986
0.04071
0.02100
0.01517
0.02479
0.01700
0.04813
0.01342
0.01996
0.02097
0.01539
0.01667
0.02022
0.01722
0.01955
0.01796
0.01945
0.01877
0.02385
0.01992
0.01898
0.04873
0.01261
0.01341
0.01832
0.01608
0.02014
0.01940
0.01716
0.01641
0.02534
0.03385
0.01373
0.01526
0.01364
0.02831
0.01517
0.04756
0.01992
0.05339
0.04778
0.02123
0.02047
0.02078
0.02016
0.01754
0.02044
0.02163
0.01466
0.01965
0.01710
0.01551
0.02429
0.01820
0.02189
0.01706
0.01762
0.02078
0.01917
0.04299
0.01294
0.01478
0.01466
0.01844
0.03215
0.01456
0.01555
0.01590
0.01346
0.01875
0.04359
0.01242
0.02190
0.02334
0.01491
0.02053
0.01155
0.01322
0.01895
0.03660
0.01520
0.02184
0.01711
0.01394
0.01875
0.01713
0.01399
0.01660
0.01683
0.02021
0.02000
0.01503
0.01776
0.01463
0.01692
0.02121
0.01902
0.01188
0.01992
0.01984
0.01614
0.01777
0.01832
0.02002
0.01584
0.01229
0.01772
0.02138
0.01679
0.01517
0.01188
0.02157
0.01838
0.01309
0.01294
0.02112
0.01843
0.01880
0.01617
0.01917
0.01597
0.01518
0.01844
0.01753
0.01949
0.01469
0.01930
0.04018
0.01993
0.01729
0.01400
0.01898
0.04471
0.01854
0.02004
0.01912
0.01753
0.01699
0.01683
0.01729
0.01969
0.01953
0.02134
0.01517
0.04733
0.01305
0.05123
0.02059
0.01600
0.01474
0.01821
0.01482
0.01419
0.02006
0.01641
0.04302
0.03276
0.01549
0.01475
0.01613
0.01962
0.01482
0.02028
0.01400
0.01858
0.01919
0.01374
0.01807
0.02075
0.01614
0.01383
0.02591
0.02080
0.02541
0.01644
0.01548
0.01885
0.02006
0.01828
0.01766
0.01468
0.01776
0.01905
0.01378
0.01433
0.01523
0.01559
0.01830
0.01640
0.01716
0.01524
0.01983
0.01983
0.01238
0.01879
0.02081
0.01711
0.01715
0.02054
0.01582
0.01193
0.01239
0.01011
0.02046
0.02097
0.01543
0.01761
0.02223
0.01875
0.01538
0.01668
0.01199
0.02007
0.01265
0.01328
0.01876
0.01442
0.01626
0.01566
0.01767
0.01537
0.01426
0.01541
0.01947
0.01609
0.01575
0.01801
0.01472
0.01828
0.01739
0.01937
0.01785
0.02657
0.01235
0.01697
0.01388
0.01665
0.01946
0.01784
0.01858
0.01818
0.01607
0.01253
0.01448
0.01400
0.02132
0.01439
0.01587
0.01699
0.01898
0.01453
0.01990
0.04275
0.01968
0.01251
0.01307
0.01995
0.04528
0.01977
0.01804
0.01281
0.01436
0.01820
0.01815
0.01578
0.03647
0.01883
0.02314
0.01602
0.01591
0.01115
0.01273
0.02013
0.01603
0.01597
0.01421
0.03306
0.01645
0.01421
0.01329
0.01712
0.01899
0.01974
0.01552
0.01796
0.02104
0.01585
0.02013
0.01570
0.01733
0.01836
0.01411
0.02120
0.03799
0.01727
0.01852
0.05316
0.01607
0.01978
0.01948
0.01678
0.01383
0.03799
0.01628
0.01226
0.01742
0.01644
0.01609
0.01851
0.01851
0.02061
0.01954
0.01570
0.01299
0.02220
0.03184
0.01788
0.01906
0.04620
0.01962
0.01773
0.01464
0.01813
0.01446
0.02115
0.01418
0.01832
0.01834
0.01700
0.01536
0.01251
0.01940
0.01362
0.02030
0.01810
0.01575
0.01456
0.01862
0.01846
0.04158
0.01661
0.01688
0.02063
0.03605
0.01423
0.01869
0.01672
0.04490
0.01808
0.01285
0.01711
0.01475
0.01442
0.01408
0.05231
0.01589
0.01679
0.01320
0.01257
0.01196
0.01930
0.01456
0.02898
0.01673
0.01618
0.01604
0.01239
0.01485
0.01513
0.03193
0.02057
0.02262
0.04190
0.01595
0.03241
0.01441
0.01980
0.01631
0.03161
0.01408
0.03621
0.01662
0.02197
0.01618
0.01976
0.01596
0.01529
0.01770
0.01486
0.01977
0.01754
0.01763
0.01776
0.01629
0.01768
0.01372
0.01236
0.02251
0.01818
0.01239
0.01643
0.01420
0.01456
0.01267
0.04111
0.01751
0.01631
0.01591
0.01620
0.02088
0.03455
0.01620
0.01710
0.01604
0.01629
0.04152
0.01805
0.01808
0.01764
0.01808
0.01423
0.01817
0.02350
0.02121
0.02393
0.02206
0.02274
0.01708
0.02213
0.01876
0.01484
0.01906
0.02354
0.02699
0.01862
0.02048
0.01804
0.01765
0.01477
0.01660
0.01769
0.01948
0.01957
0.02044
0.01677
0.02464
0.01869
0.02266
0.02055
0.02311
0.01525
0.02208
0.01818
0.01580
0.02208
0.01668
0.02031
0.02208
0.01955
0.01530
0.04732
0.02514
0.02204
0.01641
0.01790
0.01992
0.02152
0.02044
0.01957
0.01561
0.02476
0.02471
0.02059
0.02141
0.01812
0.01911
0.01769
0.02369
0.01620
0.01985
0.01634
0.02047
0.02123
0.02514
0.02266
0.01811
0.02106
0.01577
0.01565
0.01948
0.01761
0.01309
0.01838
0.02467
0.02570
0.02831
0.02285
0.01487
0.01998
0.01765
0.02459
0.01761
0.02295
0.01641
0.02471
0.01712
0.01527
0.04810
0.03796
0.01886
0.04548
0.01708
0.01963
0.01921
0.01614
0.01553
0.01810
0.01241
0.01524
0.01556
0.01737
0.01733
0.01543
0.03225
0.01168
0.02897
0.01424
0.01595
0.01668
0.01413
0.01761
0.01702
0.01478
0.01528
0.01357
0.01371
0.03111
0.01132
0.01698
0.01440
0.01826
0.01499
0.01513
0.01576
0.01298
0.01702
0.01290
0.01516
0.01704
0.01528
0.01976
0.01416
0.01220
0.01557
0.01528
0.01860
0.01847
0.01179
0.01515
0.01992
0.01726
0.01169
0.01560
0.01704
0.01320
0.01806
0.01661
0.01457
0.01389
0.01385
0.01382
0.02612
0.01221
0.01317
0.01510
0.01934
0.02169
0.02051
0.01172
0.01377
0.01687
0.01782
0.02009
0.01728
0.01971
0.01793
0.01541
0.01241
0.01714
0.01635
0.01656
0.01707
0.01502
0.01524
0.01445
0.01235
0.01528
0.01301
0.01514
0.01566
0.01456
0.03596
0.01517
0.01672
0.03564
0.01654
0.01482
0.01204
0.02106
0.01278
0.01930
0.01852
0.01562
0.01550
0.01179
0.01730
0.01209
0.01204
0.01283
0.01521
0.01534
0.01489
0.03226
0.01812
0.01857
0.01788
0.01553
0.03589
0.01358
0.01232
0.01203
0.01348
0.01887
0.01145
0.01345
0.01747
0.01704
0.01043
0.01227
0.01217
0.01201
0.01528
0.01482
0.01107
0.04356
0.01600
0.01285
0.04378
0.01479
0.03309
0.01715
0.01698
0.01384
0.01348
0.01645
0.01642
0.01678
0.01500
0.01525
0.01832
0.01554
0.01300
0.01799
0.01920
0.01679
0.01661
0.01524
0.01770
0.01717
0.01480
0.03596
0.01593
0.01552
0.01948
0.01569
0.01354
0.02334
0.02159
0.01595
0.01718
0.01193
0.01179
0.01615
0.01672
0.01430
0.01172
0.01553
0.03755
0.01904
0.01306
0.01594
0.01730
0.01004
0.01314
0.01549
0.01878
0.01532
0.02119
0.01892
0.01364
0.01298
0.01530
0.01151
0.01566
0.01544
0.01870
0.01276
0.01363
0.01481
0.01851
0.01543
0.01142
0.01504
0.01195
0.01210
0.01288
0.01727
0.01993
0.01189
0.01463
0.01566
0.01824
0.02730
0.01340
0.01366
0.01279
0.01298
0.01386
0.01566
0.01487
0.01387
0.01445
0.01816
0.01343
0.01685
0.03901
0.01912
0.01207
0.01317
0.01621
0.01399
0.01659
0.01662
0.01645
0.01487
0.01264
0.01566
0.01397
0.01685
0.01543
0.01368
0.01479
0.01279
0.01618
0.01298
0.01903
0.01581
0.01816
0.04174
0.01559
0.01721
0.01204
0.01685
0.01566
0.01490
0.01409
0.01564
0.01688
0.01584
0.01745
0.01492
0.01220
0.01559
0.04222
0.01828
0.02155
0.04391
0.01479
0.02010
0.01882
0.02259
0.01513
0.01564
0.01829
0.01285
0.04030
0.01479
0.01587
0.01524
0.01392
0.01996
0.01731
0.01513
0.01800
0.01673
0.01722
0.01969
0.01787
0.02287
0.03492
0.01682
0.01833
0.01232
0.01871
0.02164
0.01722
0.01694
0.01774
0.01865
0.01931
0.03612
0.01430
0.02251
0.01734
0.01882
0.02222
0.03597
0.02030
0.01365
0.01232
0.01697
0.01471
0.01906
0.01926
0.02636
0.01598
0.01882
0.01694
0.02161
0.01513
0.01282
0.01684
0.01895
0.01652
0.02197
0.01652
0.01714
0.01644
0.01644
0.01886
0.01608
0.01491
0.02059
0.01955
0.01530
0.01904
0.01907
0.02166
0.01822
0.01669
0.01965
0.01410
0.01508
0.03690
0.01690
0.01138
0.01579
0.01164
0.01574
0.01508
0.01138
0.01415
0.04887
0.01644
0.01401
0.04599
0.01471
0.01955
0.01649
0.01710
0.01619
0.01808
0.01491
0.01517
0.01710
0.03337
0.01493
0.01792
0.01597
0.01093
0.01320
0.01496
0.01534
0.02104
0.01428
0.01820
0.01786
0.04360
0.04070
0.01518
0.01767
0.01589
0.05132
0.04606
0.05283
0.01824
0.01867
0.01776
0.01550
0.01391
0.01573
0.01408
0.01481
0.04086
0.05096
0.05238
0.01369
0.01385
0.01783
0.05297
0.03342
0.01550
0.01812
0.01550
0.01931
0.01812
0.01954
0.05089
0.01389
0.10075
0.01484
0.01996
0.05284
0.05155
0.01822
0.01945
0.03906
0.01520
0.01513
0.05419
0.02280
0.01857
0.01740
0.05155
0.04362
0.04576
0.01634
0.01558
0.01437
0.01129
0.01465
0.05254
0.01545
0.01697
0.01793
0.01633
0.01933
0.01743
0.01190
0.01209
0.06733
0.01906
0.01330
0.01604
0.01646
0.03376
0.01808
0.01358
0.01179
0.03134
0.03084
0.01361
0.01426
0.03877
0.01426
0.01773
0.01530
0.01241
0.04776
0.02187
0.01798
0.01179
0.01669
0.01305
0.01668
0.01296
0.01361
0.01531
0.01968
0.01526
0.01472
0.02614
0.01242
0.01514
0.03957
0.01236
0.01503
0.03259
0.01632
0.03087
0.01547
0.01704
0.01772
0.01584
0.01590
0.01428
0.01512
0.01959
0.01750
0.01389
0.01781
0.01432
0.01553
0.01964
0.01456
0.02146
0.01398
0.01874
0.01534
0.01598
0.02146
0.01803
0.01461
0.01441
0.01336
0.02052
0.01552
0.04105
0.02011
0.02437
0.01726
0.01674
0.01825
0.01900
0.01607
0.03639
0.01964
0.01737
0.01932
0.02466
0.01724
0.01546
0.01908
0.01714
0.01336
0.01892
0.01408
0.01398
0.01858
0.02145
0.03044
0.01711
0.01315
0.02057
0.01892
0.01803
0.01334
0.02346
0.02045
0.01355
0.01961
0.01737
0.01783
0.03865
0.03646
0.01873
0.02132
0.02029
0.01946
0.01567
0.01843
0.01620
0.03616
0.02472
0.04607
0.05272
0.01843
0.01843
0.01439
0.02057
0.02179
0.02190
0.02135
0.01931
0.02450
0.01439
0.02071
0.02192
0.01443
0.01588
0.01836
0.01752
0.02166
0.01664
0.01475
0.02255
0.01646
0.01561
0.01532
0.01273
0.01711
0.02170
0.02221
0.04954
0.05527
0.01431
0.01803
0.02024
0.01701
0.01710
0.01425
0.01564
0.01354
0.01937
0.01991
0.01806
0.01936
0.02068
0.01557
0.02177
0.01474
0.01757
0.01974
0.01753
0.01342
0.01701
0.01341
0.01867
0.01373
0.01478
0.02170
0.01700
0.01806
0.04503
0.01539
0.01382
0.04142
0.04759
0.01914
0.01742
0.07048
0.01974
0.01470
0.01283
0.01228
0.01781
0.01611
0.01344
0.01359
0.01606
0.01756
0.02237
0.01345
0.01229
0.05034
0.01430
0.01699
0.01541
0.04374
0.03507
0.01997
0.01575
0.02000
0.01705
0.02031
0.01728
0.01715
0.01968
0.01692
0.01965
0.01896
0.01607
0.01990
0.01917
0.01749
0.01888
0.01980
0.02455
0.01537
0.01364
0.05070
0.01410
0.01346
0.02162
0.01273
0.01871
0.04291
0.01551
0.01893
0.01364
0.01704
0.01713
0.01535
0.02144
0.01807
0.02190
0.01476
0.01513
0.01385
0.01521
0.01472
0.01620
0.01771
0.01249
0.03706
0.01847
0.01475
0.01405
0.01770
0.01319
0.02401
0.01778
0.01353
0.01786
0.01235
0.02072
0.01612
0.03240
0.01921
0.07290
0.03083
0.03326
0.02888
0.02132
0.02206
0.01688
0.04565
0.05282
0.05125
0.04129
0.01855
0.04810
0.01527
0.02013
0.05492
0.01251
0.02053
0.01328
0.01886
0.01648
0.01438
0.02058
0.01455
0.04528
0.01605
0.04685
0.04048
0.04480
0.02508
0.01378
0.04565
0.01884
0.04730
0.02221
0.01510
0.01408
0.01820
0.01151
0.05535
0.01456
0.01611
0.01623
0.01853
0.01719
0.04504
0.01846
0.01837
0.01103
0.01709
0.01641
0.01888
0.01538
0.01647
0.02060
0.02281
0.01479
0.01846
0.01856
0.04523
0.01990
0.01590
0.04856
0.03493
0.01510
0.01217
0.01279
0.01453
0.01528
0.01623
0.04008
0.01808
0.01374
0.01411
0.01704
0.01282
0.01363
0.04383
0.01919
0.04706
0.01573
0.01606
0.01808
0.01540
0.01592
0.01651
0.01806
0.01711
0.01559
0.01436
0.01826
0.01916
0.01517
0.02344
0.01775
0.01832
0.01823
0.01284
0.01626
0.01226
0.01254
0.01776
0.01761
0.01409
0.01884
0.01777
0.01726
0.01409
0.01137
0.01384
0.02613
0.01741
0.01421
0.01249
0.01383
0.01972
0.01576
0.01862
0.01421
0.01933
0.01579
0.04610
0.01680
0.02912
0.01917
0.01858
0.02963
0.04535
0.01469
0.01409
0.01652
0.01826
0.01393
0.01578
0.01847
0.01846
0.01687
0.04482
0.01722
0.02049
0.01294
0.01623
0.01087
0.01747
0.01920
0.01356
0.04342
0.01847
0.01449
0.04802
0.01453
0.01396
0.01780
0.01760
0.02114
0.02262
0.01800
0.01580
0.01897
0.01788
0.01411
0.01930
0.03784
0.01436
0.01807
0.02394
0.01746
0.01547
0.01915
0.01388
0.01662
0.01507
0.01883
0.01555
0.02316
0.02423
0.01172
0.01848
0.02039
0.01986
0.02153
0.01700
0.02270
0.01560
0.01575
0.02218
0.02230
0.01766
0.01692
0.01755
0.01472
0.01985
0.02106
0.01962
0.04093
0.01763
0.01790
0.01548
0.02341
0.01308
0.01628
0.01452
0.02018
0.01622
0.01971
0.01974
0.01299
0.01679
0.01251
0.01965
0.01251
0.03515
0.02268
0.01770
0.01834
0.02049
0.01927
0.02186
0.01901
0.01955
0.01418
0.02844
0.01575
0.03008
0.02541
0.01460
0.01359
0.01940
0.02028
0.01243
0.01481
0.01576
0.01596
0.02043
0.01557
0.01492
0.01291
0.01618
0.01576
0.01629
0.01522
0.01324
0.01420
0.01846
0.01453
0.01291
0.01781
0.01977
0.01476
0.01619
0.01376
0.04450
0.01453
0.01732
0.01450
0.01481
0.01752
0.03302
0.01298
0.01784
0.01501
0.01784
0.01784
0.01283
0.01375
0.02219
0.02475
0.02333
0.01644
0.01309
0.02329
0.02124
0.02311
0.01688
0.01790
0.01754
0.01968
0.04598
0.02255
0.02266
0.02008
0.02109
0.02011
0.04172
0.01856
0.05514
0.05082
0.05652
0.02157
0.02265
0.01860
0.01790
0.02169
0.02312
0.02579
0.01970
0.02031
0.02048
0.01839
0.01769
0.02082
0.01383
0.02475
0.02587
0.02276
0.01687
0.01808
0.01383
0.02793
0.04193
0.02345
0.01856
0.02109
0.02446
0.02249
0.02311
0.02423
0.01880
0.02045
0.02471
0.03339
0.02135
0.01886
0.01964
0.02315
0.02206
0.01948
0.02096
0.01649
0.02245
0.04998
0.02329
0.01416
0.01828
0.01928
0.01527
0.01762
0.01221
0.01657
0.01847
0.01165
0.02186
0.04350
0.01712
0.06145
0.01336
0.01169
0.01733
0.01917
0.01673
0.01771
0.03559
0.01483
0.01383
0.01568
0.01510
0.01122
0.01947
0.01524
0.01898
0.01627
0.01481
0.01533
0.01847
0.01546
0.01184
0.01580
0.01528
0.01330
0.03707
0.08033
0.01721
0.01230
0.01524
0.01655
0.01510
0.01635
0.01733
0.01844
0.04981
0.01511
0.01767
0.01767
0.01478
0.01702
0.01424
0.05068
0.01400
0.01667
0.01419
0.05274
0.01657
0.01845
0.01506
0.01298
0.04277
0.01413
0.01524
0.01546
0.01158
0.01169
0.01637
0.01950
0.10610
0.04981
0.01580
0.04784
0.01330
0.01251
0.01262
0.01351
0.01620
0.04784
0.01246
0.01509
0.04035
0.04981
0.01246
0.01918
0.01457
0.01721
0.01817
0.01655
0.01123
0.01541
0.06948
0.01372
0.01852
0.01458
0.01375
0.01760
0.01282
0.02094
0.01608
0.01357
0.02053
0.01449
0.01352
0.01756
0.04141
0.01424
0.01553
0.01150
0.01358
0.03360
0.01688
0.01641
0.01698
0.01732
0.01363
0.01300
0.03849
0.01358
0.01114
0.01500
0.01201
0.01702
0.01476
0.01383
0.01649
0.01179
0.01456
0.01172
0.01552
0.01566
0.01484
0.01560
0.01874
0.01649
0.01570
0.01223
0.01285
0.01426
0.03549
0.01774
0.01719
0.01854
0.03360
0.01500
0.01702
0.01213
0.01521
0.01669
0.01186
0.01549
0.01799
0.01552
0.01352
0.01151
0.01479
0.01460
0.01553
0.03589
0.01316
0.03102
0.01066
0.01396
0.01669
0.01514
0.01875
0.01887
0.03903
0.01489
0.01283
0.01372
0.03647
0.01540
0.01145
0.01610
0.01452
0.01487
0.01684
0.01816
0.01200
0.01490
0.02987
0.01754
0.03314
0.01403
0.02154
0.01325
0.01691
0.01513
0.01740
0.04445
0.01199
0.01345
0.04338
0.01683
0.01849
0.01513
0.02127
0.04812
0.01678
0.01399
0.01665
0.01398
0.01538
0.01648
0.01722
0.01660
0.01710
0.01755
0.01623
0.01268
0.01364
0.03198
0.01845
0.01477
0.02305
0.02859
0.01927
0.01447
0.01528
0.01442
0.03471
0.01164
0.01595
0.01930
0.01608
0.01447
0.01734
0.01535
0.04758
0.01455
0.01710
0.01523
0.01496
0.01288
0.01619
0.01299
0.04344
0.01675
0.02126
0.04242
0.01697
0.01758
0.01903
0.02038
0.03375
0.01812
0.03911
0.04707
0.01960
0.01722
0.02197
0.03796
0.01713
0.01732
0.01274
0.01539
0.01827
0.01391
0.01521
0.01279
0.01867
0.02220
0.01243
0.01629
0.02391
0.01912
0.02038
0.01467
0.01399
0.04274
0.01793
0.01615
0.01383
0.02993
0.01385
0.01325
0.01715
0.01997
0.01655
0.01858
0.01645
0.01580
0.01375
0.01419
0.01210
0.01582
0.01878
0.01520
0.01498
0.03375
0.01678
0.01854
0.04538
0.01248
0.01450
0.01099
0.01553
0.01623
0.01960
0.01727
0.01493
0.01297
0.01492
0.01591
0.01603
0.01660
0.01571
0.01348
0.03547
0.04099
0.01369
0.01669
0.03547
0.01392
0.01511
0.01159
0.01749
0.01598
0.01705
0.01161
0.01799
0.01180
0.01503
0.01361
0.01643
0.01579
0.01179
0.01643
0.03626
0.01754
0.01511
0.01907
0.01915
0.01531
0.02124
0.03696
0.01426
0.01512
0.01864
0.01648
0.01384
0.01498
0.01361
0.01571
0.01248
0.01339
0.01976
0.01207
0.01356
0.01629
0.01321
0.01232
0.03603
0.03737
0.01511
0.01293
0.01565
0.01493
0.01468
0.01574
0.01776
0.01479
0.01361
0.01938
0.01285
0.01462
0.01675
0.01978
0.01175
0.01553
0.02588
0.01569
0.01959
0.01330
0.01200
0.01946
0.01525
0.02032
0.01582
0.01648
0.01358
0.01296
0.02209
0.01937
0.01674
0.01858
0.01874
0.01490
0.02191
0.01390
0.01336
0.01731
0.01481
0.01515
0.01616
0.02049
0.01669
0.01417
0.01660
0.01859
0.04422
0.01526
0.02287
0.02011
0.01294
0.01456
0.01901
0.01683
0.02073
0.01641
0.01572
0.04806
0.02195
0.04198
0.01881
0.01253
0.01891
0.01836
0.01479
0.01914
0.01867
0.01794
0.02415
0.01641
0.03783
0.01726
0.01803
0.01888
0.04136
0.02090
0.01526
0.01544
0.04457
0.02065
0.01814
0.02089
0.01692
0.01122
0.01774
0.01296
0.01580
0.01554
0.01371
0.01413
0.02052
0.01299
0.01633
0.01567
0.01569
0.01995
0.02030
0.01354
0.01890
0.01222
0.01908
0.01585
0.02062
0.01354
0.02081
0.01836
0.01827
0.01921
0.01767
0.01952
0.01683
0.02314
0.01786
0.01960
0.01578
0.02118
0.03705
0.01921
0.02047
0.01410
0.01441
0.01410
0.02114
0.01815
0.01728
0.01664
0.03794
0.02223
0.04266
0.02240
0.02151
0.01608
0.01937
0.01443
0.01741
0.01547
0.01480
0.01823
0.02117
0.01762
0.02386
0.02192
0.02118
0.01673
0.02154
0.01787
0.02214
0.01436
0.01529
0.02022
0.01702
0.01843
0.05630
0.02044
0.01261
0.01918
0.03882
0.01701
0.02177
0.02189
0.02158
0.01796
0.01895
0.04793
0.01446
0.02429
0.01753
0.03546
0.01940
0.01953
0.02069
0.04678
0.01700
0.01992
0.01576
0.01749
0.01517
0.01192
0.01888
0.01364
0.02171
0.01836
0.01513
0.01385
0.02289
0.03500
0.01214
0.04626
0.01968
0.01811
0.02125
0.02053
0.01382
0.03167
0.02269
0.05484
0.01956
0.01948
0.03777
0.01945
0.02354
0.01930
0.01662
0.01486
0.02115
0.02253
0.03415
0.03300
0.01111
0.02148
0.01844
0.01843
0.01452
0.01551
0.01499
0.01807
0.01866
0.01496
0.01417
0.01465
0.01938
0.01972
0.01858
0.01843
0.02048
0.01331
0.05262
0.01527
0.01228
0.04626
0.04302
0.01553
0.01292
0.01683
0.02123
0.02010
0.01865
0.04605
0.01895
0.01807
0.01775
0.01895
0.01430
0.01623
0.01569
0.01283
0.02008
0.01738
0.01876
0.01770
0.01606
0.01322
0.01933
0.03550
0.01373
0.06418
0.01437
0.01704
0.01523
0.02028
0.01827
0.01859
0.01888
0.02088
0.03167
0.01687
0.01683
0.01498
0.02330
0.01400
0.01652
0.01663
0.01308
0.01432
0.01305
0.02335
0.01899
0.06418
0.01406
0.01464
0.01636
0.03662
0.01594
0.02433
0.07007
0.01679
0.01419
0.01170
0.01745
0.02133
0.01652
0.01801
0.01601
0.01495
0.01786
0.01586
0.02043
0.01734
0.02218
0.01521
0.01955
0.01641
0.01567
0.01768
0.01606
0.02017
0.01329
0.01890
0.01464
0.01188
0.01238
0.02019
0.01522
0.02097
0.04669
0.01376
0.04537
0.04069
0.04720
0.04276
0.04434
0.04069
0.04537
0.04276
0.04704
0.04537
0.04336
0.04546
0.04336
0.04434
0.04537
0.04410
0.04276
0.04537
0.01692
0.04537
0.04602
0.04720
0.03958
0.04709
0.04546
0.04720
0.04602
0.04629
0.04434
0.04434
0.01385
0.04069
0.04434
0.03568
0.04546
0.04546
0.04434
0.04069
0.04537
0.04069
0.04302
0.04434
0.01537
0.04546
0.04602
0.11386
0.01582
0.04276
0.08809
0.04336
0.04040
0.01679
0.04546
0.11386
0.04069
0.04546
0.04546
0.01885
0.04564
0.01272
0.01295
0.01679
0.01549
0.01116
0.01238
0.01585
0.01585
0.01249
0.01891
0.01832
0.01616
0.01641
0.03479
0.01908
0.01629
0.01921
0.01613
0.01929
0.01315
0.01590
0.01324
0.01736
0.01835
0.01939
0.01533
0.01615
0.01587
0.02036
0.01830
0.01830
0.04247
0.01830
0.01830
0.01776
0.02665
0.01519
0.01721
0.02012
0.01286
0.02046
0.01269
0.01348
0.01363
0.02015
0.01606
0.01224
0.01906
0.01793
0.01453
0.01878
0.01235
0.01901
0.02220
0.01579
0.04904
0.01608
0.01832
0.01605
0.01574
0.01413
0.01837
0.02067
0.02024
0.01579
0.01743
0.01427
0.01383
0.01394
0.03806
0.01790
0.01831
0.01664
0.01552
0.02984
0.01080
0.04411
0.01743
0.01593
0.01351
0.01974
0.01256
0.01743
0.01735
0.02140
0.01565
0.01856
0.01946
0.01794
0.01575
0.01854
0.01249
0.01626
0.01832
0.01824
0.01726
0.01918
0.02383
0.01747
0.01656
0.01574
0.01832
0.01421
0.01608
0.01561
0.01409
0.01514
0.01916
0.01683
0.01827
0.02116
0.02002
0.01569
0.01449
0.01832
0.02047
0.02239
0.01579
0.01158
0.02112
0.01574
0.01560
0.01964
0.02218
0.01464
0.01577
0.04122
0.04553
0.01851
0.01695
0.01363
0.02043
0.01993
0.01594
0.02033
0.01419
0.02033
0.01927
0.02035
0.02276
0.01383
0.01749
0.01550
0.01834
0.02270
0.02039
0.02863
0.01658
0.02470
0.02106
0.01829
0.02059
0.01860
0.01533
0.01769
0.01511
0.01442
0.01940
0.01351
0.02033
0.01792
0.01575
0.01764
0.01678
0.04478
0.01666
0.01873
0.01834
0.01674
0.01679
0.01851
0.02150
0.01741
0.01744
0.02088
0.01308
0.04463
0.01776
0.01459
0.01666
0.02091
0.01830
0.01808
0.01598
0.01580
0.01596
0.01694
0.02006
0.01604
0.01283
0.01809
0.01971
0.03234
0.01229
0.01871
0.01617
0.01679
0.01838
0.01679
0.01784
0.01574
0.01458
0.01786
0.01567
0.01629
0.01977
0.01398
0.01425
0.01175
0.01289
0.01431
0.01712
0.01601
0.01461
0.01730
0.01840
0.01645
0.01619
0.01374
0.01061
0.01313
0.01303
0.01381
0.01899
0.01801
0.01397
0.01529
0.01481
0.02231
0.01456
0.01948
0.01832
0.01684
0.02311
0.02174
0.02274
0.02255
0.02179
0.01553
0.02245
0.02081
0.02135
0.04771
0.01761
0.02731
0.01648
0.04686
0.01487
0.01790
0.02154
0.01503
0.01790
0.01577
0.02274
0.01802
0.01477
0.02037
0.02048
0.02001
0.01684
0.02143
0.01948
0.01886
0.01660
0.02255
0.01758
0.01836
0.02156
0.02713
0.01761
0.01758
0.02216
0.02464
0.02443
0.01711
0.01565
0.01775
0.02342
0.02237
0.01948
0.01754
0.02018
0.01693
0.01687
0.01916
0.02044
0.05109
0.01281
0.01762
0.01794
0.02556
0.01525
0.01391
0.01247
0.01543
0.01474
0.01590
0.01528
0.04664
0.02014
0.01218
0.01767
0.01478
0.01643
0.01350
0.01457
0.01370
0.01473
0.01791
0.01499
0.01054
0.01844
0.01528
0.02873
0.01595
0.01722
0.04289
0.01054
0.01557
0.01568
0.01601
0.01793
0.01491
0.01961
0.01746
0.01626
0.01430
0.01505
0.01621
0.01054
0.01847
0.01290
0.01703
0.01355
0.01339
0.01054
0.01539
0.01427
0.01247
0.01568
0.01806
0.01848
0.03411
0.01413
0.01758
0.01374
0.01918
0.01171
0.01261
0.01478
0.01847
0.01108
0.01524
0.01766
0.01609
0.01736
0.01556
0.01616
0.02185
0.03158
0.01526
0.01687
0.02680
0.01424
0.01364
0.01322
0.01764
0.01304
0.01621
0.04051
0.01964
0.01386
0.01287
0.01760
0.01242
0.03927
0.04242
0.01478
0.01069
0.01669
0.03062
0.01472
0.01432
0.01727
0.01922
0.03482
0.01201
0.01296
0.02851
0.03128
0.01472
0.03007
0.01368
0.01352
0.01921
0.01383
0.03188
0.02670
0.01197
0.01217
0.01345
0.02670
0.03719
0.01508
0.01562
0.01954
0.03062
0.01435
0.01217
0.01236
0.01358
0.02007
0.01881
0.01300
0.03062
0.02703
0.05988
0.01500
0.04036
0.01718
0.03027
0.03055
0.01574
0.01536
0.01476
0.02851
0.03861
0.01663
0.03146
0.04188
0.04486
0.01449
0.01752
0.02437
0.01217
0.01521
0.03524
0.01283
0.01578
0.01959
0.01913
0.01491
0.01846
0.03353
0.01377
0.03692
0.03007
0.01445
0.01283
0.02881
0.01351
0.01273
0.01465
0.05886
0.01150
0.06048
0.03691
0.01774
0.02782
0.01523
0.01564
0.02237
0.02782
0.01530
0.01740
0.03587
0.03103
0.03523
0.01230
0.01277
0.02685
0.02782
0.02919
0.01912
0.01362
0.03861
0.02505
0.01656
0.02505
0.01276
0.02040
0.01395
0.03697
0.03139
0.01702
0.01566
0.01773
0.01004
0.01048
0.01609
0.01428
0.01262
0.01507
0.01528
0.01678
0.04163
0.03722
0.01933
0.01510
0.01375
0.01946
0.01368
0.01925
0.01240
0.01932
0.01459
0.01976
0.01878
0.03264
0.01721
0.01765
0.02505
0.02782
0.01575
0.01399
0.01311
0.01317
0.02782
0.01609
0.01329
0.03064
0.01594
0.01377
0.01893
0.01882
0.01421
0.01892
0.01327
0.01741
0.02111
0.01337
0.01887
0.01882
0.02206
0.01792
0.01627
0.01587
0.04628
0.01491
0.02005
0.01950
0.03999
0.02049
0.02096
0.04863
0.01972
0.01495
0.01938
0.02150
0.03858
0.01825
0.01941
0.01695
0.02231
0.03427
0.01987
0.02570
0.01627
0.01622
0.01491
0.01495
0.01782
0.01889
0.01462
0.01476
0.01734
0.01930
0.04744
0.01784
0.01828
0.04705
0.01450
0.01729
0.01407
0.01652
0.02010
0.02026
0.01886
0.01734
0.01348
0.01319
0.01428
0.01547
0.01581
0.01203
0.01752
0.01798
0.01882
0.02460
0.01792
0.01740
0.02080
0.01606
0.01291
0.03566
0.01893
0.01942
0.01647
0.01572
0.01772
0.01415
0.02125
0.01138
0.01727
0.01677
0.01802
0.01328
0.04259
0.01574
0.02108
0.01564
0.04259
0.01446
0.01659
0.04487
0.01900
0.01771
0.01763
0.02050
0.02104
0.03931
0.04490
0.03784
0.04571
0.01722
0.01502
0.01424
0.01222
0.01138
0.01771
0.01268
0.01616
0.01851
0.01837
0.03299
0.01904
0.01866
0.01506
0.01747
0.01754
0.01632
0.01756
0.02359
0.01498
0.01837
0.04599
0.01538
0.01818
0.01904
0.01272
0.01851
0.01750
0.01812
0.01721
0.01423
0.01211
0.01932
0.01563
0.01615
0.01742
0.01342
0.01774
0.01068
0.04193
0.01383
0.01750
0.01692
0.01668
0.01352
0.01578
0.02099
0.01590
0.01794
0.01211
0.01819
0.01997
0.03248
0.02143
0.01609
0.01417
0.02082
0.01712
0.02027
0.01561
0.01184
0.01511
0.01699
0.01129
0.01399
0.01672
0.01531
0.01450
0.01488
0.01945
0.01979
0.01755
0.03797
0.03436
0.01511
0.01623
0.01592
0.01717
0.01570
0.01742
0.03802
0.01789
0.01509
0.01280
0.01443
0.01379
0.01615
0.01518
0.01434
0.01318
0.01383
0.01880
0.01565
0.01424
0.01400
0.01394
0.01836
0.01524
0.01565
0.02038
0.01562
0.01399
0.01350
0.01185
0.01478
0.01841
0.01783
0.01523
0.01668
0.01507
0.02197
0.01489
0.01367
0.01530
0.01446
0.01583
0.01518
0.01615
0.03603
0.01513
0.01280
0.01707
0.01399
0.01697
0.01652
0.01811
0.03835
0.04377
0.02019
0.01305
0.01453
0.01531
0.01431
0.01591
0.01293
0.01865
0.01798
0.01576
0.02002
0.08589
0.01511
0.01280
0.01853
0.01695
0.02030
0.01569
0.01773
0.01209
0.01632
0.01203
0.01693
0.01745
0.01411
0.02182
0.03052
0.01367
0.01591
0.01336
0.01465
0.01687
0.01493
0.01511
0.04085
0.02034
0.01394
0.01611
0.01103
0.01856
0.02714
0.01362
0.01297
0.01460
0.01754
0.01290
0.01610
0.01593
0.04085
0.03365
0.03004
0.01397
0.01512
0.01627
0.01598
0.01199
0.01333
0.01732
0.01040
0.01905
0.01330
0.01468
0.01455
0.01152
0.01348
0.01467
0.01358
0.01519
0.01040
0.01358
0.01872
0.01697
0.01970
0.01759
0.01153
0.02714
0.01511
0.01526
0.01660
0.01175
0.01333
0.01511
0.01703
0.01824
0.01207
0.01655
0.01668
0.01607
0.01503
0.01803
0.01776
0.01355
0.01711
0.01439
0.02174
0.01783
0.01836
0.01776
0.02244
0.01532
0.01858
0.01674
0.01964
0.01482
0.03388
0.01692
0.01398
0.01580
0.01698
0.01723
0.02161
0.02141
0.02042
0.02196
0.02052
0.04368
0.01482
0.02551
0.01303
0.02098
0.01515
0.01638
0.01325
0.02417
0.01858
0.01260
0.01970
0.01692
0.01394
0.01552
0.01444
0.01908
0.01767
0.02268
0.01171
0.01943
0.01399
0.02237
0.01741
0.01887
0.01737
0.01481
0.01784
0.01336
0.01488
0.01970
0.01629
0.01486
0.01803
0.01171
0.02017
0.01340
0.01633
0.01791
0.01964
0.02010
0.01994
0.01856
0.01701
0.02052
0.01641
0.01633
0.01677
0.02090
0.04629
0.01688
0.01858
0.01794
0.01552
0.02204
0.01206
0.02245
0.02123
0.01918
0.02204
0.02175
0.02738
0.01672
0.01845
0.01583
0.05349
0.02136
0.01864
0.01764
0.01982
0.01943
0.02366
0.01526
0.01669
0.01661
0.01992
0.02024
0.01489
0.01622
0.02227
0.01699
0.01428
0.02363
0.01532
0.02013
0.01522
0.01892
0.01890
0.02107
0.01762
0.02451
0.01702
0.02147
0.02597
0.02107
0.04037
0.02320
0.01418
0.02136
0.01843
0.02277
0.01843
0.01530
0.01561
0.02527
0.01410
0.01860
0.01541
0.01995
0.03540
0.01684
0.01443
0.02200
0.03760
0.02314
0.01843
0.04401
0.02183
0.01945
0.02047
0.02033
0.01742
0.01867
0.02067
0.02245
0.01960
0.04524
0.01370
0.01284
0.01838
0.02104
0.01693
0.01695
0.03845
0.01581
0.01940
0.02182
0.02044
0.02161
0.02001
0.01487
0.02177
0.01918
0.01811
0.01619
0.04064
0.01736
0.01406
0.04678
0.01903
0.01466
0.01821
0.01496
0.02473
0.01551
0.01425
0.01570
0.04873
0.03744
0.01793
0.01885
0.02922
0.01400
0.01390
0.01992
0.03663
0.01315
0.01432
0.01772
0.02021
0.01281
0.01945
0.01464
0.01364
0.01786
0.01840
0.01696
0.01646
0.04998
0.01136
0.01485
0.01741
0.01646
0.01480
0.01521
0.02076
0.01551
0.02356
0.02323
0.01823
0.01691
0.01608
0.04094
0.01354
0.02069
0.03624
0.01792
0.01294
0.01517
0.03380
0.01564
0.02008
0.01683
0.01724
0.01427
0.01733
0.01637
0.01517
0.01565
0.02010
0.01371
0.02011
0.04392
0.01422
0.01550
0.01744
0.01692
0.02126
0.01986
0.04853
0.03211
0.01745
0.01715
0.01273
0.01862
0.01569
0.01514
0.03179
0.01896
0.01847
0.03818
0.01771
0.01564
0.01582
0.01691
0.01558
0.01731
0.04683
0.01657
0.01646
0.02056
0.01774
0.01421
0.01579
0.01643
0.01402
0.01157
0.01521
0.01807
0.01397
